#
# A fatal error has been detected by the Java Runtime Environment:
#
#  EXCEPTION_ACCESS_VIOLATION (0xc0000005) at pc=0x722c7739, pid=4064, tid=0x00002070
#
# JRE version: Java(TM) SE Runtime Environment (8.0_171-b11) (build 1.8.0_171-b11)
# Java VM: Java HotSpot(TM) Client VM (25.171-b11 mixed mode windows-x86 )
# Problematic frame:
# V  [jvm.dll+0xd7739]
#
# Failed to write core dump. Minidumps are not enabled by default on client versions of Windows
#
# If you would like to submit a bug report, please visit:
#   http://bugreport.java.com/bugreport/crash.jsp
#

---------------  T H R E A D  ---------------

Current thread (0x168c1000):  JavaThread "Thread-252" [_thread_in_vm, id=8304, stack(0x15cc0000,0x15d10000)]

siginfo: ExceptionCode=0xc0000005, reading address 0x00000000

Registers:
EAX=0x00000000, EBX=0x154b4401, ECX=0x00000000, EDX=0x00000000
ESP=0x15d0ef3c, EBP=0x15d0ef48, ESI=0x154b4448, EDI=0x168c1000
EIP=0x722c7739, EFLAGS=0x00010206

Top of Stack: (sp=0x15d0ef3c)
0x15d0ef3c:   15d0f030 00000000 154b4448 15d0f238
0x15d0ef4c:   1ab54228 168c1140 154b4448 00000000
0x15d0ef5c:   02d8daf1 168c1140 04fc4648 02d8ddc1
0x15d0ef6c:   0000027f 00000000 0000ffff 00000030
0x15d0ef7c:   1ab541b7 15d0efac 14f0fa48 00000000
0x15d0ef8c:   14ea4b78 00000000 15d0efa8 15d0efd8
0x15d0ef9c:   02d847c4 04fc4648 02d8a1e6 00000030
0x15d0efac:   1ab541a3 00000005 00000000 15d0efb0 

Instructions: (pc=0x722c7739)
0x722c7719:   1a 0a 00 33 ff eb 02 8b f9 6a 06 57 e8 b6 fc f2
0x722c7729:   ff 8b 75 0c 83 c4 08 b3 01 85 f6 74 39 8b 45 10
0x722c7739:   8b 00 50 32 db e8 1d b0 f6 ff 83 c4 04 85 c0 74
0x722c7749:   25 8b 0e 8b 49 04 8b 50 08 39 04 0a 75 04 b0 01 


Register to memory mapping:

EAX=0x00000000 is an unknown value
EBX=0x154b4401 is an unknown value
ECX=0x00000000 is an unknown value
EDX=0x00000000 is an unknown value
ESP=0x15d0ef3c is pointing into the stack for thread: 0x168c1000
EBP=0x15d0ef48 is pointing into the stack for thread: 0x168c1000
ESI=0x154b4448 is an unknown value
EDI=0x168c1000 is a thread


Stack: [0x15cc0000,0x15d10000],  sp=0x15d0ef3c,  free space=315k
Native frames: (J=compiled Java code, j=interpreted, Vv=VM code, C=native code)
V  [jvm.dll+0xd7739]
C  [jna2119099418349993025.dll+0x4228]
C  [jna2119099418349993025.dll+0x4d0e]
j  com.sun.jna.Native.invokeInt(JI[Ljava/lang/Object;)I+0
j  com.sun.jna.Function.invoke([Ljava/lang/Object;Ljava/lang/Class;Z)Ljava/lang/Object;+333
J 350 C1 com.sun.jna.Function.invoke(Ljava/lang/Class;[Ljava/lang/Object;Ljava/util/Map;)Ljava/lang/Object; (526 bytes) @ 0x02eaa018 [0x02ea9b90+0x488]
j  com.sun.jna.Library$Handler.invoke(Ljava/lang/Object;Ljava/lang/reflect/Method;[Ljava/lang/Object;)Ljava/lang/Object;+341
j  Luxand.$Proxy0.FSDK_LoadImageFromBuffer(Lcom/sun/jna/ptr/IntByReference;[BIIII)I+52
J 302 C1 Luxand.FSDK.LoadImageFromAWTImage(LLuxand/FSDK$HImage;Ljava/awt/Image;I)I (456 bytes) @ 0x02e93a4c [0x02e93100+0x94c]
j  liverecognition.AppFace$12.run()V+28
v  ~StubRoutines::call_stub
V  [jvm.dll+0x15b985]
V  [jvm.dll+0x22262e]
V  [jvm.dll+0x15ba1e]
V  [jvm.dll+0x15bba6]
V  [jvm.dll+0x15bc17]
V  [jvm.dll+0xffb3f]
V  [jvm.dll+0x17eb50]
V  [jvm.dll+0x17f3ca]
V  [jvm.dll+0x1c3fe6]
C  [msvcr100.dll+0x5c556]
C  [msvcr100.dll+0x5c600]
C  [KERNEL32.DLL+0x18484]
C  [ntdll.dll+0x62fea]
C  [ntdll.dll+0x62fba]
C  0x00000000

Java frames: (J=compiled Java code, j=interpreted, Vv=VM code)
j  com.sun.jna.Native.invokeInt(JI[Ljava/lang/Object;)I+0
j  com.sun.jna.Function.invoke([Ljava/lang/Object;Ljava/lang/Class;Z)Ljava/lang/Object;+333
J 350 C1 com.sun.jna.Function.invoke(Ljava/lang/Class;[Ljava/lang/Object;Ljava/util/Map;)Ljava/lang/Object; (526 bytes) @ 0x02eaa018 [0x02ea9b90+0x488]
j  com.sun.jna.Library$Handler.invoke(Ljava/lang/Object;Ljava/lang/reflect/Method;[Ljava/lang/Object;)Ljava/lang/Object;+341
j  Luxand.$Proxy0.FSDK_LoadImageFromBuffer(Lcom/sun/jna/ptr/IntByReference;[BIIII)I+52
J 302 C1 Luxand.FSDK.LoadImageFromAWTImage(LLuxand/FSDK$HImage;Ljava/awt/Image;I)I (456 bytes) @ 0x02e93a4c [0x02e93100+0x94c]
j  liverecognition.AppFace$12.run()V+28
v  ~StubRoutines::call_stub

---------------  P R O C E S S  ---------------

Java Threads: ( => current thread )
=>0x168c1000 JavaThread "Thread-252" [_thread_in_vm, id=8304, stack(0x15cc0000,0x15d10000)]
  0x16745c00 JavaThread "WebSocketTimer" [_thread_blocked, id=6220, stack(0x1ff00000,0x1ff50000)]
  0x16858c00 JavaThread "WebSocketWriteThread-19" [_thread_blocked, id=6628, stack(0x1f570000,0x1f5c0000)]
  0x16802000 JavaThread "WebSocketConnectReadThread-18" [_thread_in_native, id=2308, stack(0x1f460000,0x1f4b0000)]
  0x167f5000 JavaThread "Thread-3" [_thread_in_native, id=9712, stack(0x1f3d0000,0x1f420000)]
  0x02c7d400 JavaThread "DestroyJavaVM" [_thread_blocked, id=9308, stack(0x02b40000,0x02b90000)]
  0x1670b800 JavaThread "AWT-EventQueue-0" [_thread_blocked, id=4048, stack(0x15e40000,0x15e90000)]
  0x154e3800 JavaThread "AWT-Shutdown" [_thread_blocked, id=13008, stack(0x15c30000,0x15c80000)]
  0x154e2c00 JavaThread "Java2D Disposer" daemon [_thread_blocked, id=12252, stack(0x15ba0000,0x15bf0000)]
  0x15322000 JavaThread "Service Thread" daemon [_thread_blocked, id=4392, stack(0x15970000,0x159c0000)]
  0x1532dc00 JavaThread "C1 CompilerThread0" daemon [_thread_blocked, id=7104, stack(0x158e0000,0x15930000)]
  0x1532d000 JavaThread "Attach Listener" daemon [_thread_blocked, id=13128, stack(0x15850000,0x158a0000)]
  0x15329000 JavaThread "Signal Dispatcher" daemon [_thread_blocked, id=7312, stack(0x157c0000,0x15810000)]
  0x1530ac00 JavaThread "Finalizer" daemon [_thread_blocked, id=3300, stack(0x15610000,0x15660000)]
  0x152f6000 JavaThread "Reference Handler" daemon [_thread_blocked, id=1088, stack(0x15580000,0x155d0000)]

Other Threads:
  0x152f0400 VMThread [stack: 0x154f0000,0x15540000] [id=1428]
  0x15325400 WatcherThread [stack: 0x15a00000,0x15a50000] [id=7904]

VM state:not at safepoint (normal execution)

VM Mutex/Monitor currently owned by a thread: None

Heap:
 def new generation   total 4992K, used 2393K [0x04e00000, 0x05360000, 0x0a350000)
  eden space 4480K,  47% used [0x04e00000, 0x05011778, 0x05260000)
  from space 512K,  53% used [0x05260000, 0x052a4f90, 0x052e0000)
  to   space 512K,   0% used [0x052e0000, 0x052e0000, 0x05360000)
 tenured generation   total 10944K, used 9685K [0x0a350000, 0x0ae00000, 0x14e00000)
   the space 10944K,  88% used [0x0a350000, 0x0acc5468, 0x0acc5600, 0x0ae00000)
 Metaspace       used 8633K, capacity 8825K, committed 8960K, reserved 9600K

Card table byte_map: [0x14e00000,0x14e90000] byte_map_base: 0x14dd9000

Polling page: 0x02ac0000

CodeCache: size=32768Kb used=1271Kb max_used=1271Kb free=31496Kb
 bounds [0x02d80000, 0x02ec0000, 0x04d80000]
 total_blobs=641 nmethods=391 adapters=181
 compilation: enabled

Compilation events (10 events):
Event: 8.000 Thread 0x1532dc00  390             java.awt.Toolkit$SelectiveAWTEventListener::eventDispatched (745 bytes)
Event: 8.001 Thread 0x1532dc00 nmethod 390 0x02ebbfc8 code [0x02ebc100, 0x02ebc98c]
Event: 8.258 Thread 0x1532dc00  392             sun.util.logging.PlatformLogger$DefaultLoggerProxy::isLoggable (29 bytes)
Event: 8.258 Thread 0x1532dc00 nmethod 392 0x02ebd108 code [0x02ebd210, 0x02ebd300]
Event: 8.269 Thread 0x1532dc00  393             sun.util.logging.PlatformLogger::isLoggable (38 bytes)
Event: 8.269 Thread 0x1532dc00 nmethod 393 0x02ebd448 code [0x02ebd560, 0x02ebd694]
Event: 8.702 Thread 0x1532dc00  394             java.util.Vector::ensureCapacityHelper (16 bytes)
Event: 8.703 Thread 0x1532dc00 nmethod 394 0x02ebd748 code [0x02ebd850, 0x02ebd8fc]
Event: 8.872 Thread 0x1532dc00  395  s          java.util.Vector::addElement (38 bytes)
Event: 8.872 Thread 0x1532dc00 nmethod 395 0x02ebd988 code [0x02ebdaa0, 0x02ebdd2c]

GC Heap History (10 events):
Event: 8.141 GC heap before
{Heap before GC invocations=45 (full 6):
 def new generation   total 4992K, used 4754K [0x04e00000, 0x05360000, 0x0a350000)
  eden space 4480K,  98% used [0x04e00000, 0x05253f68, 0x05260000)
  from space 512K,  63% used [0x052e0000, 0x05330ba0, 0x05360000)
  to   space 512K,   0% used [0x05260000, 0x05260000, 0x052e0000)
 tenured generation   total 10944K, used 10223K [0x0a350000, 0x0ae00000, 0x14e00000)
   the space 10944K,  93% used [0x0a350000, 0x0ad4bed0, 0x0ad4c000, 0x0ae00000)
 Metaspace       used 8618K, capacity 8793K, committed 8832K, reserved 9600K
Event: 8.142 GC heap after
Heap after GC invocations=46 (full 6):
 def new generation   total 4992K, used 381K [0x04e00000, 0x05360000, 0x0a350000)
  eden space 4480K,   0% used [0x04e00000, 0x04e00000, 0x05260000)
  from space 512K,  74% used [0x05260000, 0x052bf648, 0x052e0000)
  to   space 512K,   0% used [0x052e0000, 0x052e0000, 0x05360000)
 tenured generation   total 10944K, used 10833K [0x0a350000, 0x0ae00000, 0x14e00000)
   the space 10944K,  98% used [0x0a350000, 0x0ade4750, 0x0ade4800, 0x0ae00000)
 Metaspace       used 8618K, capacity 8793K, committed 8832K, reserved 9600K
}
Event: 8.386 GC heap before
{Heap before GC invocations=46 (full 6):
 def new generation   total 4992K, used 4698K [0x04e00000, 0x05360000, 0x0a350000)
  eden space 4480K,  96% used [0x04e00000, 0x05237298, 0x05260000)
  from space 512K,  74% used [0x05260000, 0x052bf648, 0x052e0000)
  to   space 512K,   0% used [0x052e0000, 0x052e0000, 0x05360000)
 tenured generation   total 10944K, used 10833K [0x0a350000, 0x0ae00000, 0x14e00000)
   the space 10944K,  98% used [0x0a350000, 0x0ade4750, 0x0ade4800, 0x0ae00000)
 Metaspace       used 8618K, capacity 8793K, committed 8832K, reserved 9600K
Event: 8.399 GC heap after
Heap after GC invocations=47 (full 7):
 def new generation   total 4992K, used 0K [0x04e00000, 0x05360000, 0x0a350000)
  eden space 4480K,   0% used [0x04e00000, 0x04e00000, 0x05260000)
  from space 512K,   0% used [0x052e0000, 0x052e0000, 0x05360000)
  to   space 512K,   0% used [0x05260000, 0x05260000, 0x052e0000)
 tenured generation   total 10944K, used 6440K [0x0a350000, 0x0ae00000, 0x14e00000)
   the space 10944K,  58% used [0x0a350000, 0x0a99a3a0, 0x0a99a400, 0x0ae00000)
 Metaspace       used 8618K, capacity 8793K, committed 8832K, reserved 9600K
}
Event: 8.474 GC heap before
{Heap before GC invocations=47 (full 7):
 def new generation   total 4992K, used 4480K [0x04e00000, 0x05360000, 0x0a350000)
  eden space 4480K, 100% used [0x04e00000, 0x05260000, 0x05260000)
  from space 512K,   0% used [0x052e0000, 0x052e0000, 0x05360000)
  to   space 512K,   0% used [0x05260000, 0x05260000, 0x052e0000)
 tenured generation   total 10944K, used 6440K [0x0a350000, 0x0ae00000, 0x14e00000)
   the space 10944K,  58% used [0x0a350000, 0x0a99a3a0, 0x0a99a400, 0x0ae00000)
 Metaspace       used 8618K, capacity 8793K, committed 8832K, reserved 9600K
Event: 8.475 GC heap after
Heap after GC invocations=48 (full 7):
 def new generation   total 4992K, used 317K [0x04e00000, 0x05360000, 0x0a350000)
  eden space 4480K,   0% used [0x04e00000, 0x04e00000, 0x05260000)
  from space 512K,  61% used [0x05260000, 0x052af558, 0x052e0000)
  to   space 512K,   0% used [0x052e0000, 0x052e0000, 0x05360000)
 tenured generation   total 10944K, used 7565K [0x0a350000, 0x0ae00000, 0x14e00000)
   the space 10944K,  69% used [0x0a350000, 0x0aab37e0, 0x0aab3800, 0x0ae00000)
 Metaspace       used 8618K, capacity 8793K, committed 8832K, reserved 9600K
}
Event: 8.611 GC heap before
{Heap before GC invocations=48 (full 7):
 def new generation   total 4992K, used 4631K [0x04e00000, 0x05360000, 0x0a350000)
  eden space 4480K,  96% used [0x04e00000, 0x05236a38, 0x05260000)
  from space 512K,  61% used [0x05260000, 0x052af558, 0x052e0000)
  to   space 512K,   0% used [0x052e0000, 0x052e0000, 0x05360000)
 tenured generation   total 10944K, used 7565K [0x0a350000, 0x0ae00000, 0x14e00000)
   the space 10944K,  69% used [0x0a350000, 0x0aab37e0, 0x0aab3800, 0x0ae00000)
 Metaspace       used 8618K, capacity 8793K, committed 8832K, reserved 9600K
Event: 8.612 GC heap after
Heap after GC invocations=49 (full 7):
 def new generation   total 4992K, used 313K [0x04e00000, 0x05360000, 0x0a350000)
  eden space 4480K,   0% used [0x04e00000, 0x04e00000, 0x05260000)
  from space 512K,  61% used [0x052e0000, 0x0532e4c0, 0x05360000)
  to   space 512K,   0% used [0x05260000, 0x05260000, 0x052e0000)
 tenured generation   total 10944K, used 8475K [0x0a350000, 0x0ae00000, 0x14e00000)
   the space 10944K,  77% used [0x0a350000, 0x0ab96e58, 0x0ab97000, 0x0ae00000)
 Metaspace       used 8618K, capacity 8793K, committed 8832K, reserved 9600K
}
Event: 8.872 GC heap before
{Heap before GC invocations=49 (full 7):
 def new generation   total 4992K, used 4793K [0x04e00000, 0x05360000, 0x0a350000)
  eden space 4480K, 100% used [0x04e00000, 0x05260000, 0x05260000)
  from space 512K,  61% used [0x052e0000, 0x0532e4c0, 0x05360000)
  to   space 512K,   0% used [0x05260000, 0x05260000, 0x052e0000)
 tenured generation   total 10944K, used 8475K [0x0a350000, 0x0ae00000, 0x14e00000)
   the space 10944K,  77% used [0x0a350000, 0x0ab96e58, 0x0ab97000, 0x0ae00000)
 Metaspace       used 8631K, capacity 8825K, committed 8960K, reserved 9600K
Event: 8.874 GC heap after
Heap after GC invocations=50 (full 7):
 def new generation   total 4992K, used 275K [0x04e00000, 0x05360000, 0x0a350000)
  eden space 4480K,   0% used [0x04e00000, 0x04e00000, 0x05260000)
  from space 512K,  53% used [0x05260000, 0x052a4f90, 0x052e0000)
  to   space 512K,   0% used [0x052e0000, 0x052e0000, 0x05360000)
 tenured generation   total 10944K, used 9685K [0x0a350000, 0x0ae00000, 0x14e00000)
   the space 10944K,  88% used [0x0a350000, 0x0acc5468, 0x0acc5600, 0x0ae00000)
 Metaspace       used 8631K, capacity 8825K, committed 8960K, reserved 9600K
}

Deoptimization events (0 events):
No events

Classes redefined (0 events):
No events

Internal exceptions (10 events):
Event: 0.294 Thread 0x02c7d400 Exception <a 'java/lang/ClassNotFoundException': ToggleButton> (0x05110aa0) thrown at [C:\re\workspace\8-2-build-windows-i586-cygwin\jdk8u171\10807\hotspot\src\share\vm\classfile\systemDictionary.cpp, line 210]
Event: 0.294 Thread 0x02c7d400 Exception <a 'java/lang/ClassNotFoundException': javax/swing/JToolBarSeparator> (0x05110ea8) thrown at [C:\re\workspace\8-2-build-windows-i586-cygwin\jdk8u171\10807\hotspot\src\share\vm\classfile\systemDictionary.cpp, line 210]
Event: 0.294 Thread 0x02c7d400 Exception <a 'java/lang/ClassNotFoundException': ToolBarSeparator> (0x05111300) thrown at [C:\re\workspace\8-2-build-windows-i586-cygwin\jdk8u171\10807\hotspot\src\share\vm\classfile\systemDictionary.cpp, line 210]
Event: 0.294 Thread 0x02c7d400 Exception <a 'java/lang/ClassNotFoundException': ToolTip> (0x051119a8) thrown at [C:\re\workspace\8-2-build-windows-i586-cygwin\jdk8u171\10807\hotspot\src\share\vm\classfile\systemDictionary.cpp, line 210]
Event: 0.296 Thread 0x02c7d400 Exception <a 'java/lang/ClassNotFoundException': Tree> (0x05112490) thrown at [C:\re\workspace\8-2-build-windows-i586-cygwin\jdk8u171\10807\hotspot\src\share\vm\classfile\systemDictionary.cpp, line 210]
Event: 0.296 Thread 0x02c7d400 Exception <a 'java/lang/ClassNotFoundException': Tree> (0x05112b30) thrown at [C:\re\workspace\8-2-build-windows-i586-cygwin\jdk8u171\10807\hotspot\src\share\vm\classfile\systemDictionary.cpp, line 210]
Event: 0.296 Thread 0x02c7d400 Exception <a 'java/lang/ClassNotFoundException': javax/swing/JTreeCell> (0x05112e68) thrown at [C:\re\workspace\8-2-build-windows-i586-cygwin\jdk8u171\10807\hotspot\src\share\vm\classfile\systemDictionary.cpp, line 210]
Event: 0.296 Thread 0x02c7d400 Exception <a 'java/lang/ClassNotFoundException': TreeCell> (0x051132b0) thrown at [C:\re\workspace\8-2-build-windows-i586-cygwin\jdk8u171\10807\hotspot\src\share\vm\classfile\systemDictionary.cpp, line 210]
Event: 0.296 Thread 0x02c7d400 Exception <a 'java/lang/ClassNotFoundException': RootPane> (0x05113c28) thrown at [C:\re\workspace\8-2-build-windows-i586-cygwin\jdk8u171\10807\hotspot\src\share\vm\classfile\systemDictionary.cpp, line 210]
Event: 0.370 Thread 0x16721c00 Exception <a 'java/io/FileNotFoundException'> (0x05223958) thrown at [C:\re\workspace\8-2-build-windows-i586-cygwin\jdk8u171\10807\hotspot\src\share\vm\prims\jni.cpp, line 709]

Events (10 events):
Event: 8.857 Thread 0x168c1000 Thread added: 0x168c1000
Event: 8.872 Executing VM operation: GenCollectForAllocation
Event: 8.874 Executing VM operation: GenCollectForAllocation done
Event: 8.875 Executing VM operation: RevokeBias
Event: 8.875 Executing VM operation: RevokeBias done
Event: 8.875 Executing VM operation: RevokeBias
Event: 8.875 Executing VM operation: RevokeBias done
Event: 8.877 loading class java/lang/ProcessImpl$2
Event: 8.877 loading class java/lang/ProcessImpl$2 done
Event: 8.878 Thread 0x168c2400 Thread exited: 0x168c2400


Dynamic libraries:
0x000f0000 - 0x00123000 	C:\Program Files (x86)\Java\jdk1.8.0_171\jre\bin\java.exe
0x76f80000 - 0x77110000 	C:\WINDOWS\SYSTEM32\ntdll.dll
0x73860000 - 0x73940000 	C:\WINDOWS\System32\KERNEL32.DLL
0x757e0000 - 0x759c4000 	C:\WINDOWS\System32\KERNELBASE.dll
0x72720000 - 0x727bd000 	C:\WINDOWS\SYSTEM32\apphelp.dll
0x75ac0000 - 0x75b38000 	C:\WINDOWS\System32\ADVAPI32.dll
0x73d70000 - 0x73e2f000 	C:\WINDOWS\System32\msvcrt.dll
0x76450000 - 0x76494000 	C:\WINDOWS\System32\sechost.dll
0x75da0000 - 0x75e60000 	C:\WINDOWS\System32\RPCRT4.dll
0x73840000 - 0x73860000 	C:\WINDOWS\System32\SspiCli.dll
0x73830000 - 0x7383a000 	C:\WINDOWS\System32\CRYPTBASE.dll
0x764a0000 - 0x764f8000 	C:\WINDOWS\System32\bcryptPrimitives.dll
0x75ed0000 - 0x7605d000 	C:\WINDOWS\System32\USER32.dll
0x73c70000 - 0x73c87000 	C:\WINDOWS\System32\win32u.dll
0x76590000 - 0x765b2000 	C:\WINDOWS\System32\GDI32.dll
0x739b0000 - 0x73b14000 	C:\WINDOWS\System32\gdi32full.dll
0x76c70000 - 0x76ced000 	C:\WINDOWS\System32\msvcp_win.dll
0x76060000 - 0x7617e000 	C:\WINDOWS\System32\ucrtbase.dll
0x72d80000 - 0x72f84000 	C:\WINDOWS\WinSxS\x86_microsoft.windows.common-controls_6595b64144ccf1df_6.0.17134.112_none_42ecccf244e44518\COMCTL32.dll
0x75b40000 - 0x75d9c000 	C:\WINDOWS\System32\combase.dll
0x757b0000 - 0x757d6000 	C:\WINDOWS\System32\IMM32.DLL
0x725d0000 - 0x7268f000 	C:\Program Files (x86)\Java\jdk1.8.0_171\jre\bin\msvcr100.dll
0x721f0000 - 0x725c1000 	C:\Program Files (x86)\Java\jdk1.8.0_171\jre\bin\client\jvm.dll
0x759e0000 - 0x759e6000 	C:\WINDOWS\System32\PSAPI.DLL
0x733c0000 - 0x733c8000 	C:\WINDOWS\SYSTEM32\VERSION.dll
0x73740000 - 0x73748000 	C:\WINDOWS\SYSTEM32\WSOCK32.dll
0x721c0000 - 0x721e4000 	C:\WINDOWS\SYSTEM32\WINMM.dll
0x75e60000 - 0x75ec7000 	C:\WINDOWS\System32\WS2_32.dll
0x72190000 - 0x721b3000 	C:\WINDOWS\SYSTEM32\winmmbase.dll
0x76b90000 - 0x76bc9000 	C:\WINDOWS\System32\cfgmgr32.dll
0x72180000 - 0x7218c000 	C:\Program Files (x86)\Java\jdk1.8.0_171\jre\bin\verify.dll
0x72150000 - 0x72172000 	C:\Program Files (x86)\Java\jdk1.8.0_171\jre\bin\java.dll
0x72130000 - 0x72144000 	C:\Program Files (x86)\Java\jdk1.8.0_171\jre\bin\zip.dll
0x74450000 - 0x7579a000 	C:\WINDOWS\System32\SHELL32.dll
0x73e90000 - 0x73f18000 	C:\WINDOWS\System32\shcore.dll
0x765c0000 - 0x76b7a000 	C:\WINDOWS\System32\windows.storage.dll
0x73f20000 - 0x73f65000 	C:\WINDOWS\System32\shlwapi.dll
0x76b80000 - 0x76b8f000 	C:\WINDOWS\System32\kernel.appcore.dll
0x743a0000 - 0x743b8000 	C:\WINDOWS\System32\profapi.dll
0x73e30000 - 0x73e75000 	C:\WINDOWS\System32\powrprof.dll
0x73e80000 - 0x73e88000 	C:\WINDOWS\System32\FLTLIB.DLL
0x71f70000 - 0x720b5000 	C:\Program Files (x86)\Java\jdk1.8.0_171\jre\bin\awt.dll
0x76bd0000 - 0x76c66000 	C:\WINDOWS\System32\OLEAUT32.dll
0x72cf0000 - 0x72d6c000 	C:\WINDOWS\system32\uxtheme.dll
0x73b20000 - 0x73c64000 	C:\WINDOWS\System32\MSCTF.dll
0x71ea0000 - 0x71ec3000 	C:\WINDOWS\system32\dwmapi.dll
0x76350000 - 0x7644c000 	C:\WINDOWS\System32\ole32.dll
0x71c80000 - 0x71cb9000 	C:\Program Files (x86)\Java\jdk1.8.0_171\jre\bin\fontmanager.dll
0x71d90000 - 0x71e69000 	C:\WINDOWS\system32\opengl32.dll
0x71d50000 - 0x71d8f000 	C:\WINDOWS\SYSTEM32\GLU32.dll
0x65a60000 - 0x65a86000 	C:\Program Files (x86)\Java\jdk1.8.0_171\jre\bin\jpeg.dll
0x72110000 - 0x72125000 	C:\Program Files (x86)\Java\jdk1.8.0_171\jre\bin\net.dll
0x736d0000 - 0x73726000 	C:\WINDOWS\system32\mswsock.dll
0x72100000 - 0x7210f000 	C:\Program Files (x86)\Java\jdk1.8.0_171\jre\bin\nio.dll
0x71660000 - 0x71692000 	C:\Program Files (x86)\Java\jdk1.8.0_171\jre\bin\t2k.dll
0x16e40000 - 0x1a602000 	D:\development\App Java\face\facewithRaspberry\appDesktop\facesdk.dll
0x73610000 - 0x73640000 	C:\WINDOWS\SYSTEM32\IPHLPAPI.DLL
0x71f00000 - 0x71f13000 	C:\WINDOWS\SYSTEM32\CRYPTSP.dll
0x71ed0000 - 0x71eff000 	C:\WINDOWS\system32\rsaenh.dll
0x73590000 - 0x735a9000 	C:\WINDOWS\SYSTEM32\bcrypt.dll
0x73390000 - 0x733b1000 	C:\WINDOWS\SYSTEM32\USERENV.dll
0x73940000 - 0x73947000 	C:\WINDOWS\System32\NSI.dll
0x720e0000 - 0x720f3000 	C:\WINDOWS\SYSTEM32\dhcpcsvc6.DLL
0x720c0000 - 0x720d4000 	C:\WINDOWS\SYSTEM32\dhcpcsvc.DLL
0x1ab50000 - 0x1aba5000 	C:\Users\Alex\AppData\Local\Temp\jna2119099418349993025.dll
0x658d0000 - 0x65a52000 	C:\WINDOWS\SYSTEM32\dbghelp.dll
0x71a70000 - 0x71aee000 	C:\WINDOWS\System32\TextInputFramework.dll
0x71810000 - 0x71a6d000 	C:\WINDOWS\System32\CoreUIComponents.dll
0x71780000 - 0x7180b000 	C:\WINDOWS\System32\CoreMessaging.dll
0x72980000 - 0x729a9000 	C:\WINDOWS\SYSTEM32\ntmarta.dll
0x716a0000 - 0x71776000 	C:\WINDOWS\SYSTEM32\wintypes.dll
0x1b480000 - 0x1b487000 	C:\Program Files (x86)\Internet Download Manager\idmmkb.dll
0x714b0000 - 0x714d4000 	C:\Program Files (x86)\Java\jdk1.8.0_171\jre\bin\dcpr.dll

VM Arguments:
jvm_args: -Dfile.encoding=UTF-8 
java_command: liverecognition.AppFace
java_class_path (initial): D:\development\App Java\face\facewithRaspberry\appDesktop\FaceSDK.jar;D:\development\App Java\face\facewithRaspberry\appDesktop\jna.jar;D:\development\App Java\face\facewithRaspberry\appDesktop\lib\mail.jar;D:\development\App Java\face\facewithRaspberry\appDesktop\lib\swingx-1.6.1.jar;D:\development\App Java\face\facewithRaspberry\appDesktop\lib\jfoenix-8.0.4.jar;D:\development\App Java\face\facewithRaspberry\appDesktop\lib\twilio-java-sdk-6.3.0.jar;D:\development\App Java\face\facewithRaspberry\appDesktop\lib\Java-WebSocket-1.3.8.jar;D:\development\App Java\face\facewithRaspberry\appDesktop\build\classes
Launcher Type: SUN_STANDARD

Environment Variables:
PATH=C:\Program Files (x86)\Common Files\Oracle\Java\javapath;C:\Python27\;C:\Python27\Scripts;C:\WINDOWS\system32;C:\WINDOWS;C:\WINDOWS\System32\Wbem;C:\WINDOWS\System32\WindowsPowerShell\v1.0\;C:\Program Files\Git\cmd;C:\Program Files\dotnet\;C:\Program Files\Microsoft SQL Server\130\Tools\Binn\;C:\Program Files\Microsoft SQL Server\Client SDK\ODBC\130\Tools\Binn\;C:\Program Files (x86)\Microsoft SQL Server\130\Tools\Binn\;C:\Program Files\Microsoft SQL Server\130\DTS\Binn\;C:\Program Files (x86)\Microsoft SQL Server\Client SDK\ODBC\130\Tools\Binn\;C:\Program Files (x86)\Microsoft SQL Server\140\Tools\Binn\;C:\Program Files (x86)\Microsoft SQL Server\140\DTS\Binn\;C:\Program Files (x86)\Microsoft SQL Server\140\Tools\Binn\ManagementStudio\;C:\xampp\php;C:\ProgramData\ComposerSetup\bin;C:\Program Files\SlikSvn\bin;C:\Program Files\Java\apache-maven-3.5.3\bin;C:\Program Files (x86)\Java\jdk1.8.0_171;C:\Program Files (x86)\Java\jdk1.8.0_171\bin;C:\Program Files (x86)\Java\jdk1.8.0_171\lib;C:\Program Files (x86)\Java\jdk1.8.0_171\jre;C:\Program Files (x86)\Java\jdk1.8.0_171\jre\bin;C:\Program Files (x86)\Java\jdk1.8.0_171\jre\lib;C:\WINDOWS\System32\OpenSSH\;C:\Program Files (x86)\CMake\bin;C:\Program Files\nodejs\;C:\Users\Alex\AppData\Local\Microsoft\WindowsApps;C:\Users\Alex\AppData\Roaming\Composer\vendor\bin;C:\Program Files\Java\apache-maven-3.5.3\bin;;C:\Program Files\Microsoft VS Code\bin;C:\Users\Alex\AppData\Roaming\npm
USERNAME=Alex
OS=Windows_NT
PROCESSOR_IDENTIFIER=Intel64 Family 6 Model 42 Stepping 7, GenuineIntel



---------------  S Y S T E M  ---------------

OS: Windows 10.0 , 64 bit Build 17134 (10.0.17134.1)

CPU:total 4 (initial active 4) (2 cores per cpu, 2 threads per core) family 6 model 42 stepping 7, cmov, cx8, fxsr, mmx, sse, sse2, sse3, ssse3, sse4.1, sse4.2, popcnt, avx, aes, clmul, ht, tsc, tscinvbit

Memory: 4k page, physical 8294284k(2960984k free), swap 12750732k(4648964k free)

vm_info: Java HotSpot(TM) Client VM (25.171-b11) for windows-x86 JRE (1.8.0_171-b11), built on Mar 28 2018 14:51:22 by "java_re" with MS VC++ 10.0 (VS2010)

time: Wed Jun 27 02:53:23 2018
elapsed time: 8 seconds (0d 0h 0m 8s)

