#
# A fatal error has been detected by the Java Runtime Environment:
#
#  EXCEPTION_ACCESS_VIOLATION (0xc0000005) at pc=0x722c7739, pid=5940, tid=0x00002f50
#
# JRE version: Java(TM) SE Runtime Environment (8.0_171-b11) (build 1.8.0_171-b11)
# Java VM: Java HotSpot(TM) Client VM (25.171-b11 mixed mode, sharing windows-x86 )
# Problematic frame:
# V  [jvm.dll+0xd7739]
#
# Failed to write core dump. Minidumps are not enabled by default on client versions of Windows
#
# If you would like to submit a bug report, please visit:
#   http://bugreport.java.com/bugreport/crash.jsp
#

---------------  T H R E A D  ---------------

Current thread (0x16ccc400):  JavaThread "Thread-3190" [_thread_in_vm, id=12112, stack(0x00510000,0x00560000)]

siginfo: ExceptionCode=0xc0000005, reading address 0x00000000

Registers:
EAX=0x00000000, EBX=0x154ec101, ECX=0x00000000, EDX=0x00000000
ESP=0x0055ec0c, EBP=0x0055ec18, ESI=0x154ec178, EDI=0x16ccc400
EIP=0x722c7739, EFLAGS=0x00010206

Top of Stack: (sp=0x0055ec0c)
0x0055ec0c:   0055ed00 00000000 154ec178 0055ef08
0x0055ec1c:   16154228 16ccc540 154ec178 00000000
0x0055ec2c:   0055ec44 722bd468 00000001 00000001
0x0055ec3c:   7226d1d8 0055f028 0055ec58 00000030
0x0055ec4c:   161541b7 16ccc400 0055f028 0055ec6c
0x0055ec5c:   0055ec6c 0055f028 7233fc89 15642bf8
0x0055ec6c:   0055ec84 723401c2 15642bf8 00000030
0x0055ec7c:   161541a3 15642bf8 0055ec9c 72272ea1 

Instructions: (pc=0x722c7739)
0x722c7719:   1a 0a 00 33 ff eb 02 8b f9 6a 06 57 e8 b6 fc f2
0x722c7729:   ff 8b 75 0c 83 c4 08 b3 01 85 f6 74 39 8b 45 10
0x722c7739:   8b 00 50 32 db e8 1d b0 f6 ff 83 c4 04 85 c0 74
0x722c7749:   25 8b 0e 8b 49 04 8b 50 08 39 04 0a 75 04 b0 01 


Register to memory mapping:

EAX=0x00000000 is an unknown value
EBX=0x154ec101 is an unknown value
ECX=0x00000000 is an unknown value
EDX=0x00000000 is an unknown value
ESP=0x0055ec0c is pointing into the stack for thread: 0x16ccc400
EBP=0x0055ec18 is pointing into the stack for thread: 0x16ccc400
ESI=0x154ec178 is an unknown value
EDI=0x16ccc400 is a thread


Stack: [0x00510000,0x00560000],  sp=0x0055ec0c,  free space=315k
Native frames: (J=compiled Java code, j=interpreted, Vv=VM code, C=native code)
V  [jvm.dll+0xd7739]
C  [jna8246676733223540243.dll+0x4228]
C  [jna8246676733223540243.dll+0x4d0e]
J 529  com.sun.jna.Native.invokeInt(JI[Ljava/lang/Object;)I (0 bytes) @ 0x02461846 [0x024617a0+0xa6]
J 558 C1 com.sun.jna.Function.invoke([Ljava/lang/Object;Ljava/lang/Class;Z)Ljava/lang/Object; (1154 bytes) @ 0x02470e44 [0x0246f270+0x1bd4]
J 401 C1 com.sun.jna.Function.invoke(Ljava/lang/Class;[Ljava/lang/Object;Ljava/util/Map;)Ljava/lang/Object; (526 bytes) @ 0x0242c618 [0x0242c190+0x488]
J 561 C1 com.sun.jna.Library$Handler.invoke(Ljava/lang/Object;Ljava/lang/reflect/Method;[Ljava/lang/Object;)Ljava/lang/Object; (345 bytes) @ 0x02478b0c [0x024782d0+0x83c]
j  Luxand.$Proxy0.FSDK_LoadImageFromBuffer(Lcom/sun/jna/ptr/IntByReference;[BIIII)I+52
J 303 C1 Luxand.FSDK.LoadImageFromAWTImage(LLuxand/FSDK$HImage;Ljava/awt/Image;I)I (456 bytes) @ 0x0240b6cc [0x0240ad80+0x94c]
j  liverecognition.AppFace$12.run()V+28
v  ~StubRoutines::call_stub
V  [jvm.dll+0x15b985]
V  [jvm.dll+0x22262e]
V  [jvm.dll+0x15ba1e]
V  [jvm.dll+0x15bba6]
V  [jvm.dll+0x15bc17]
V  [jvm.dll+0xffb3f]
V  [jvm.dll+0x17eb50]
V  [jvm.dll+0x17f3ca]
V  [jvm.dll+0x1c3fe6]
C  [msvcr100.dll+0x5c556]
C  [msvcr100.dll+0x5c600]
C  [KERNEL32.DLL+0x18484]
C  [ntdll.dll+0x62fea]
C  [ntdll.dll+0x62fba]
C  0x00000000

Java frames: (J=compiled Java code, j=interpreted, Vv=VM code)
J 529  com.sun.jna.Native.invokeInt(JI[Ljava/lang/Object;)I (0 bytes) @ 0x02461802 [0x024617a0+0x62]
J 558 C1 com.sun.jna.Function.invoke([Ljava/lang/Object;Ljava/lang/Class;Z)Ljava/lang/Object; (1154 bytes) @ 0x02470e44 [0x0246f270+0x1bd4]
J 401 C1 com.sun.jna.Function.invoke(Ljava/lang/Class;[Ljava/lang/Object;Ljava/util/Map;)Ljava/lang/Object; (526 bytes) @ 0x0242c618 [0x0242c190+0x488]
J 561 C1 com.sun.jna.Library$Handler.invoke(Ljava/lang/Object;Ljava/lang/reflect/Method;[Ljava/lang/Object;)Ljava/lang/Object; (345 bytes) @ 0x02478b0c [0x024782d0+0x83c]
j  Luxand.$Proxy0.FSDK_LoadImageFromBuffer(Lcom/sun/jna/ptr/IntByReference;[BIIII)I+52
J 303 C1 Luxand.FSDK.LoadImageFromAWTImage(LLuxand/FSDK$HImage;Ljava/awt/Image;I)I (456 bytes) @ 0x0240b6cc [0x0240ad80+0x94c]
j  liverecognition.AppFace$12.run()V+28
v  ~StubRoutines::call_stub

---------------  P R O C E S S  ---------------

Java Threads: ( => current thread )
=>0x16ccc400 JavaThread "Thread-3190" [_thread_in_vm, id=12112, stack(0x00510000,0x00560000)]
  0x16ccbc00 JavaThread "Thread-0" daemon [_thread_in_native, id=960, stack(0x00650000,0x006a0000)]
  0x16cc5000 JavaThread "WebSocketTimer" [_thread_blocked, id=13096, stack(0x1fec0000,0x1ff10000)]
  0x16cac400 JavaThread "WebSocketWriteThread-19" [_thread_blocked, id=2612, stack(0x1f530000,0x1f580000)]
  0x16c9c000 JavaThread "WebSocketConnectReadThread-18" [_thread_in_native, id=10700, stack(0x1f250000,0x1f2a0000)]
  0x16c9bc00 JavaThread "Thread-3" [_thread_in_native, id=13264, stack(0x1f1c0000,0x1f210000)]
  0x021dd400 JavaThread "DestroyJavaVM" [_thread_blocked, id=6196, stack(0x02060000,0x020b0000)]
  0x1550e400 JavaThread "AWT-EventQueue-0" [_thread_blocked, id=9056, stack(0x15f30000,0x15f80000)]
  0x154fc800 JavaThread "AWT-Shutdown" [_thread_blocked, id=9872, stack(0x15d50000,0x15da0000)]
  0x154fbc00 JavaThread "Java2D Disposer" daemon [_thread_blocked, id=1764, stack(0x15cc0000,0x15d10000)]
  0x022ab400 JavaThread "Service Thread" daemon [_thread_blocked, id=8408, stack(0x15320000,0x15370000)]
  0x02284400 JavaThread "C1 CompilerThread0" daemon [_thread_blocked, id=3960, stack(0x15290000,0x152e0000)]
  0x02283400 JavaThread "Attach Listener" daemon [_thread_blocked, id=3640, stack(0x15200000,0x15250000)]
  0x0227f800 JavaThread "Signal Dispatcher" daemon [_thread_blocked, id=11960, stack(0x15170000,0x151c0000)]
  0x02275c00 JavaThread "Finalizer" daemon [_thread_blocked, id=1200, stack(0x14980000,0x149d0000)]
  0x02217c00 JavaThread "Reference Handler" daemon [_thread_blocked, id=8768, stack(0x148f0000,0x14940000)]

Other Threads:
  0x02214800 VMThread [stack: 0x14860000,0x148b0000] [id=12520]
  0x022b9c00 WatcherThread [stack: 0x153b0000,0x15400000] [id=8124]

VM state:not at safepoint (normal execution)

VM Mutex/Monitor currently owned by a thread: None

Heap:
 def new generation   total 4992K, used 3525K [0x04400000, 0x04960000, 0x09950000)
  eden space 4480K,  71% used [0x04400000, 0x04721248, 0x04860000)
  from space 512K,  62% used [0x04860000, 0x048b0230, 0x048e0000)
  to   space 512K,   0% used [0x048e0000, 0x048e0000, 0x04960000)
 tenured generation   total 10944K, used 8066K [0x09950000, 0x0a400000, 0x14400000)
   the space 10944K,  73% used [0x09950000, 0x0a130bf8, 0x0a130c00, 0x0a400000)
 Metaspace       used 2294K, capacity 2951K, committed 3008K, reserved 4480K

Card table byte_map: [0x042f0000,0x04380000] byte_map_base: 0x042ce000

Polling page: 0x020b0000

CodeCache: size=32768Kb used=1967Kb max_used=1967Kb free=30800Kb
 bounds [0x022f0000, 0x024e0000, 0x042f0000]
 total_blobs=968 nmethods=712 adapters=186
 compilation: enabled

Compilation events (10 events):
Event: 159.158 Thread 0x02284400  713   !         java.net.AbstractPlainSocketImpl::close (109 bytes)
Event: 159.159 Thread 0x02284400 nmethod 713 0x024d8e88 code [0x024d8fd0, 0x024d9390]
Event: 160.334 Thread 0x02284400  714   !         java.util.concurrent.LinkedBlockingQueue::take (93 bytes)
Event: 160.336 Thread 0x02284400 nmethod 714 0x024d9588 code [0x024d9760, 0x024d9c28]
Event: 185.872 Thread 0x02284400  715 % !         java.lang.ref.Finalizer$FinalizerThread::run @ 33 (55 bytes)
Event: 185.873 Thread 0x02284400 nmethod 715% 0x024da608 code [0x024da760, 0x024dab14]
Event: 200.710 Thread 0x02284400  716   !         java.awt.Container::getMouseEventTargetImpl (255 bytes)
Event: 200.711 Thread 0x02284400 nmethod 716 0x024dae88 code [0x024db030, 0x024db6f4]
Event: 201.246 Thread 0x02284400  717             java.awt.EventQueue::getNextEventPrivate (76 bytes)
Event: 201.247 Thread 0x02284400 nmethod 717 0x024dbd48 code [0x024dbe50, 0x024dbf7c]

GC Heap History (10 events):
Event: 201.136 GC heap before
{Heap before GC invocations=1303 (full 37):
 def new generation   total 4992K, used 4742K [0x04400000, 0x04960000, 0x09950000)
  eden space 4480K, 100% used [0x04400000, 0x04860000, 0x04860000)
  from space 512K,  51% used [0x048e0000, 0x04921b60, 0x04960000)
  to   space 512K,   0% used [0x04860000, 0x04860000, 0x048e0000)
 tenured generation   total 10944K, used 7436K [0x09950000, 0x0a400000, 0x14400000)
   the space 10944K,  67% used [0x09950000, 0x0a093378, 0x0a093400, 0x0a400000)
 Metaspace       used 2270K, capacity 2951K, committed 3008K, reserved 4480K
Event: 201.136 GC heap after
Heap after GC invocations=1304 (full 37):
 def new generation   total 4992K, used 240K [0x04400000, 0x04960000, 0x09950000)
  eden space 4480K,   0% used [0x04400000, 0x04400000, 0x04860000)
  from space 512K,  46% used [0x04860000, 0x0489c208, 0x048e0000)
  to   space 512K,   0% used [0x048e0000, 0x048e0000, 0x04960000)
 tenured generation   total 10944K, used 7747K [0x09950000, 0x0a400000, 0x14400000)
   the space 10944K,  70% used [0x09950000, 0x0a0e0c78, 0x0a0e0e00, 0x0a400000)
 Metaspace       used 2270K, capacity 2951K, committed 3008K, reserved 4480K
}
Event: 201.274 GC heap before
{Heap before GC invocations=1304 (full 37):
 def new generation   total 4992K, used 4706K [0x04400000, 0x04960000, 0x09950000)
  eden space 4480K,  99% used [0x04400000, 0x0485c910, 0x04860000)
  from space 512K,  46% used [0x04860000, 0x0489c208, 0x048e0000)
  to   space 512K,   0% used [0x048e0000, 0x048e0000, 0x04960000)
 tenured generation   total 10944K, used 7747K [0x09950000, 0x0a400000, 0x14400000)
   the space 10944K,  70% used [0x09950000, 0x0a0e0c78, 0x0a0e0e00, 0x0a400000)
 Metaspace       used 2270K, capacity 2951K, committed 3008K, reserved 4480K
Event: 201.275 GC heap after
Heap after GC invocations=1305 (full 37):
 def new generation   total 4992K, used 320K [0x04400000, 0x04960000, 0x09950000)
  eden space 4480K,   0% used [0x04400000, 0x04400000, 0x04860000)
  from space 512K,  62% used [0x048e0000, 0x04930248, 0x04960000)
  to   space 512K,   0% used [0x04860000, 0x04860000, 0x048e0000)
 tenured generation   total 10944K, used 7747K [0x09950000, 0x0a400000, 0x14400000)
   the space 10944K,  70% used [0x09950000, 0x0a0e0c78, 0x0a0e0e00, 0x0a400000)
 Metaspace       used 2270K, capacity 2951K, committed 3008K, reserved 4480K
}
Event: 201.543 GC heap before
{Heap before GC invocations=1305 (full 37):
 def new generation   total 4992K, used 4800K [0x04400000, 0x04960000, 0x09950000)
  eden space 4480K, 100% used [0x04400000, 0x04860000, 0x04860000)
  from space 512K,  62% used [0x048e0000, 0x04930248, 0x04960000)
  to   space 512K,   0% used [0x04860000, 0x04860000, 0x048e0000)
 tenured generation   total 10944K, used 7747K [0x09950000, 0x0a400000, 0x14400000)
   the space 10944K,  70% used [0x09950000, 0x0a0e0c78, 0x0a0e0e00, 0x0a400000)
 Metaspace       used 2270K, capacity 2951K, committed 3008K, reserved 4480K
Event: 201.543 GC heap after
Heap after GC invocations=1306 (full 37):
 def new generation   total 4992K, used 262K [0x04400000, 0x04960000, 0x09950000)
  eden space 4480K,   0% used [0x04400000, 0x04400000, 0x04860000)
  from space 512K,  51% used [0x04860000, 0x048a19e0, 0x048e0000)
  to   space 512K,   0% used [0x048e0000, 0x048e0000, 0x04960000)
 tenured generation   total 10944K, used 7756K [0x09950000, 0x0a400000, 0x14400000)
   the space 10944K,  70% used [0x09950000, 0x0a0e33a0, 0x0a0e3400, 0x0a400000)
 Metaspace       used 2270K, capacity 2951K, committed 3008K, reserved 4480K
}
Event: 201.636 GC heap before
{Heap before GC invocations=1306 (full 37):
 def new generation   total 4992K, used 4742K [0x04400000, 0x04960000, 0x09950000)
  eden space 4480K, 100% used [0x04400000, 0x04860000, 0x04860000)
  from space 512K,  51% used [0x04860000, 0x048a19e0, 0x048e0000)
  to   space 512K,   0% used [0x048e0000, 0x048e0000, 0x04960000)
 tenured generation   total 10944K, used 7756K [0x09950000, 0x0a400000, 0x14400000)
   the space 10944K,  70% used [0x09950000, 0x0a0e33a0, 0x0a0e3400, 0x0a400000)
 Metaspace       used 2270K, capacity 2951K, committed 3008K, reserved 4480K
Event: 201.636 GC heap after
Heap after GC invocations=1307 (full 37):
 def new generation   total 4992K, used 240K [0x04400000, 0x04960000, 0x09950000)
  eden space 4480K,   0% used [0x04400000, 0x04400000, 0x04860000)
  from space 512K,  46% used [0x048e0000, 0x0491c1b0, 0x04960000)
  to   space 512K,   0% used [0x04860000, 0x04860000, 0x048e0000)
 tenured generation   total 10944K, used 8066K [0x09950000, 0x0a400000, 0x14400000)
   the space 10944K,  73% used [0x09950000, 0x0a130bf8, 0x0a130c00, 0x0a400000)
 Metaspace       used 2270K, capacity 2951K, committed 3008K, reserved 4480K
}
Event: 201.775 GC heap before
{Heap before GC invocations=1307 (full 37):
 def new generation   total 4992K, used 4626K [0x04400000, 0x04960000, 0x09950000)
  eden space 4480K,  97% used [0x04400000, 0x048488b8, 0x04860000)
  from space 512K,  46% used [0x048e0000, 0x0491c1b0, 0x04960000)
  to   space 512K,   0% used [0x04860000, 0x04860000, 0x048e0000)
 tenured generation   total 10944K, used 8066K [0x09950000, 0x0a400000, 0x14400000)
   the space 10944K,  73% used [0x09950000, 0x0a130bf8, 0x0a130c00, 0x0a400000)
 Metaspace       used 2270K, capacity 2951K, committed 3008K, reserved 4480K
Event: 201.775 GC heap after
Heap after GC invocations=1308 (full 37):
 def new generation   total 4992K, used 320K [0x04400000, 0x04960000, 0x09950000)
  eden space 4480K,   0% used [0x04400000, 0x04400000, 0x04860000)
  from space 512K,  62% used [0x04860000, 0x048b0230, 0x048e0000)
  to   space 512K,   0% used [0x048e0000, 0x048e0000, 0x04960000)
 tenured generation   total 10944K, used 8066K [0x09950000, 0x0a400000, 0x14400000)
   the space 10944K,  73% used [0x09950000, 0x0a130bf8, 0x0a130c00, 0x0a400000)
 Metaspace       used 2270K, capacity 2951K, committed 3008K, reserved 4480K
}

Deoptimization events (0 events):
No events

Classes redefined (0 events):
No events

Internal exceptions (10 events):
Event: 0.264 Thread 0x021dd400 Exception <a 'java/lang/ClassNotFoundException': ToolBar> (0x04710d48) thrown at [C:\re\workspace\8-2-build-windows-i586-cygwin\jdk8u171\10807\hotspot\src\share\vm\classfile\systemDictionary.cpp, line 210]
Event: 0.264 Thread 0x021dd400 Exception <a 'java/lang/ClassNotFoundException': ToggleButton> (0x04711290) thrown at [C:\re\workspace\8-2-build-windows-i586-cygwin\jdk8u171\10807\hotspot\src\share\vm\classfile\systemDictionary.cpp, line 210]
Event: 0.264 Thread 0x021dd400 Exception <a 'java/lang/ClassNotFoundException': javax/swing/JToolBarSeparator> (0x04711698) thrown at [C:\re\workspace\8-2-build-windows-i586-cygwin\jdk8u171\10807\hotspot\src\share\vm\classfile\systemDictionary.cpp, line 210]
Event: 0.264 Thread 0x021dd400 Exception <a 'java/lang/ClassNotFoundException': ToolBarSeparator> (0x04711af0) thrown at [C:\re\workspace\8-2-build-windows-i586-cygwin\jdk8u171\10807\hotspot\src\share\vm\classfile\systemDictionary.cpp, line 210]
Event: 0.264 Thread 0x021dd400 Exception <a 'java/lang/ClassNotFoundException': ToolTip> (0x047121c0) thrown at [C:\re\workspace\8-2-build-windows-i586-cygwin\jdk8u171\10807\hotspot\src\share\vm\classfile\systemDictionary.cpp, line 210]
Event: 0.265 Thread 0x021dd400 Exception <a 'java/lang/ClassNotFoundException': Tree> (0x04712ca8) thrown at [C:\re\workspace\8-2-build-windows-i586-cygwin\jdk8u171\10807\hotspot\src\share\vm\classfile\systemDictionary.cpp, line 210]
Event: 0.265 Thread 0x021dd400 Exception <a 'java/lang/ClassNotFoundException': Tree> (0x04713348) thrown at [C:\re\workspace\8-2-build-windows-i586-cygwin\jdk8u171\10807\hotspot\src\share\vm\classfile\systemDictionary.cpp, line 210]
Event: 0.265 Thread 0x021dd400 Exception <a 'java/lang/ClassNotFoundException': javax/swing/JTreeCell> (0x04713680) thrown at [C:\re\workspace\8-2-build-windows-i586-cygwin\jdk8u171\10807\hotspot\src\share\vm\classfile\systemDictionary.cpp, line 210]
Event: 0.265 Thread 0x021dd400 Exception <a 'java/lang/ClassNotFoundException': TreeCell> (0x04713ac8) thrown at [C:\re\workspace\8-2-build-windows-i586-cygwin\jdk8u171\10807\hotspot\src\share\vm\classfile\systemDictionary.cpp, line 210]
Event: 0.265 Thread 0x021dd400 Exception <a 'java/lang/ClassNotFoundException': RootPane> (0x04714440) thrown at [C:\re\workspace\8-2-build-windows-i586-cygwin\jdk8u171\10807\hotspot\src\share\vm\classfile\systemDictionary.cpp, line 210]

Events (10 events):
Event: 201.873 loading class java/lang/ProcessBuilder done
Event: 201.874 loading class java/lang/ProcessImpl
Event: 201.874 loading class java/lang/Process
Event: 201.875 loading class java/lang/Process done
Event: 201.875 loading class java/lang/ProcessImpl done
Event: 201.900 Thread 0x154fd000 Thread exited: 0x154fd000
Event: 201.903 loading class java/lang/ProcessImpl$2
Event: 201.903 loading class java/lang/ProcessImpl$2 done
Event: 201.903 Thread 0x16ccdc00 Thread exited: 0x16ccdc00
Event: 201.914 Thread 0x16ccc400 Thread added: 0x16ccc400


Dynamic libraries:
0x000f0000 - 0x00123000 	C:\Program Files (x86)\Java\jdk1.8.0_171\jre\bin\java.exe
0x76f80000 - 0x77110000 	C:\WINDOWS\SYSTEM32\ntdll.dll
0x73860000 - 0x73940000 	C:\WINDOWS\System32\KERNEL32.DLL
0x757e0000 - 0x759c4000 	C:\WINDOWS\System32\KERNELBASE.dll
0x72720000 - 0x727bd000 	C:\WINDOWS\SYSTEM32\apphelp.dll
0x75ac0000 - 0x75b38000 	C:\WINDOWS\System32\ADVAPI32.dll
0x73d70000 - 0x73e2f000 	C:\WINDOWS\System32\msvcrt.dll
0x76450000 - 0x76494000 	C:\WINDOWS\System32\sechost.dll
0x75da0000 - 0x75e60000 	C:\WINDOWS\System32\RPCRT4.dll
0x73840000 - 0x73860000 	C:\WINDOWS\System32\SspiCli.dll
0x73830000 - 0x7383a000 	C:\WINDOWS\System32\CRYPTBASE.dll
0x764a0000 - 0x764f8000 	C:\WINDOWS\System32\bcryptPrimitives.dll
0x75ed0000 - 0x7605d000 	C:\WINDOWS\System32\USER32.dll
0x73c70000 - 0x73c87000 	C:\WINDOWS\System32\win32u.dll
0x76590000 - 0x765b2000 	C:\WINDOWS\System32\GDI32.dll
0x739b0000 - 0x73b14000 	C:\WINDOWS\System32\gdi32full.dll
0x76c70000 - 0x76ced000 	C:\WINDOWS\System32\msvcp_win.dll
0x76060000 - 0x7617e000 	C:\WINDOWS\System32\ucrtbase.dll
0x72d80000 - 0x72f84000 	C:\WINDOWS\WinSxS\x86_microsoft.windows.common-controls_6595b64144ccf1df_6.0.17134.112_none_42ecccf244e44518\COMCTL32.dll
0x75b40000 - 0x75d9c000 	C:\WINDOWS\System32\combase.dll
0x757b0000 - 0x757d6000 	C:\WINDOWS\System32\IMM32.DLL
0x725d0000 - 0x7268f000 	C:\Program Files (x86)\Java\jdk1.8.0_171\jre\bin\msvcr100.dll
0x721f0000 - 0x725c1000 	C:\Program Files (x86)\Java\jdk1.8.0_171\jre\bin\client\jvm.dll
0x759e0000 - 0x759e6000 	C:\WINDOWS\System32\PSAPI.DLL
0x733c0000 - 0x733c8000 	C:\WINDOWS\SYSTEM32\VERSION.dll
0x721c0000 - 0x721e4000 	C:\WINDOWS\SYSTEM32\WINMM.dll
0x73740000 - 0x73748000 	C:\WINDOWS\SYSTEM32\WSOCK32.dll
0x75e60000 - 0x75ec7000 	C:\WINDOWS\System32\WS2_32.dll
0x72190000 - 0x721b3000 	C:\WINDOWS\SYSTEM32\WINMMBASE.dll
0x76b90000 - 0x76bc9000 	C:\WINDOWS\System32\cfgmgr32.dll
0x72180000 - 0x7218c000 	C:\Program Files (x86)\Java\jdk1.8.0_171\jre\bin\verify.dll
0x72150000 - 0x72172000 	C:\Program Files (x86)\Java\jdk1.8.0_171\jre\bin\java.dll
0x72130000 - 0x72144000 	C:\Program Files (x86)\Java\jdk1.8.0_171\jre\bin\zip.dll
0x74450000 - 0x7579a000 	C:\WINDOWS\System32\SHELL32.dll
0x73e90000 - 0x73f18000 	C:\WINDOWS\System32\shcore.dll
0x765c0000 - 0x76b7a000 	C:\WINDOWS\System32\windows.storage.dll
0x73f20000 - 0x73f65000 	C:\WINDOWS\System32\shlwapi.dll
0x76b80000 - 0x76b8f000 	C:\WINDOWS\System32\kernel.appcore.dll
0x743a0000 - 0x743b8000 	C:\WINDOWS\System32\profapi.dll
0x73e30000 - 0x73e75000 	C:\WINDOWS\System32\powrprof.dll
0x73e80000 - 0x73e88000 	C:\WINDOWS\System32\FLTLIB.DLL
0x71f70000 - 0x720b5000 	C:\Program Files (x86)\Java\jdk1.8.0_171\jre\bin\awt.dll
0x76bd0000 - 0x76c66000 	C:\WINDOWS\System32\OLEAUT32.dll
0x72cf0000 - 0x72d6c000 	C:\WINDOWS\system32\uxtheme.dll
0x73b20000 - 0x73c64000 	C:\WINDOWS\System32\MSCTF.dll
0x71ea0000 - 0x71ec3000 	C:\WINDOWS\system32\dwmapi.dll
0x76350000 - 0x7644c000 	C:\WINDOWS\System32\ole32.dll
0x71c80000 - 0x71cb9000 	C:\Program Files (x86)\Java\jdk1.8.0_171\jre\bin\fontmanager.dll
0x71d90000 - 0x71e69000 	C:\WINDOWS\system32\opengl32.dll
0x71d50000 - 0x71d8f000 	C:\WINDOWS\SYSTEM32\GLU32.dll
0x72110000 - 0x72125000 	C:\Program Files (x86)\Java\jdk1.8.0_171\jre\bin\net.dll
0x736d0000 - 0x73726000 	C:\WINDOWS\system32\mswsock.dll
0x72100000 - 0x7210f000 	C:\Program Files (x86)\Java\jdk1.8.0_171\jre\bin\nio.dll
0x71660000 - 0x71692000 	C:\Program Files (x86)\Java\jdk1.8.0_171\jre\bin\t2k.dll
0x17000000 - 0x1a7c2000 	D:\development\App Java\face\facewithRaspberry\appDesktop\facesdk.dll
0x73610000 - 0x73640000 	C:\WINDOWS\SYSTEM32\IPHLPAPI.DLL
0x71f00000 - 0x71f13000 	C:\WINDOWS\SYSTEM32\CRYPTSP.dll
0x71ed0000 - 0x71eff000 	C:\WINDOWS\system32\rsaenh.dll
0x73590000 - 0x735a9000 	C:\WINDOWS\SYSTEM32\bcrypt.dll
0x73390000 - 0x733b1000 	C:\WINDOWS\SYSTEM32\USERENV.dll
0x73940000 - 0x73947000 	C:\WINDOWS\System32\NSI.dll
0x720e0000 - 0x720f3000 	C:\WINDOWS\SYSTEM32\dhcpcsvc6.DLL
0x720c0000 - 0x720d4000 	C:\WINDOWS\SYSTEM32\dhcpcsvc.DLL
0x16150000 - 0x161a5000 	C:\Users\Alex\AppData\Local\Temp\jna8246676733223540243.dll
0x73200000 - 0x73382000 	C:\WINDOWS\SYSTEM32\dbghelp.dll
0x71a70000 - 0x71aee000 	C:\WINDOWS\System32\TextInputFramework.dll
0x71780000 - 0x7180b000 	C:\WINDOWS\System32\CoreMessaging.dll
0x71810000 - 0x71a6d000 	C:\WINDOWS\System32\CoreUIComponents.dll
0x72980000 - 0x729a9000 	C:\WINDOWS\SYSTEM32\ntmarta.dll
0x716a0000 - 0x71776000 	C:\WINDOWS\SYSTEM32\wintypes.dll
0x15fd0000 - 0x15fd7000 	C:\Program Files (x86)\Internet Download Manager\idmmkb.dll
0x714b0000 - 0x714d4000 	C:\Program Files (x86)\Java\jdk1.8.0_171\jre\bin\dcpr.dll
0x727e0000 - 0x72806000 	C:\Program Files (x86)\Java\jdk1.8.0_171\jre\bin\jpeg.dll

VM Arguments:
jvm_args: -Dfile.encoding=UTF-8 
java_command: liverecognition.AppFace
java_class_path (initial): D:\development\App Java\face\facewithRaspberry\appDesktop\FaceSDK.jar;D:\development\App Java\face\facewithRaspberry\appDesktop\jna.jar;D:\development\App Java\face\facewithRaspberry\appDesktop\lib\mail.jar;D:\development\App Java\face\facewithRaspberry\appDesktop\lib\swingx-1.6.1.jar;D:\development\App Java\face\facewithRaspberry\appDesktop\lib\jfoenix-8.0.4.jar;D:\development\App Java\face\facewithRaspberry\appDesktop\lib\twilio-java-sdk-6.3.0.jar;D:\development\App Java\face\facewithRaspberry\appDesktop\lib\Java-WebSocket-1.3.8.jar;D:\development\App Java\face\facewithRaspberry\appDesktop\build\classes
Launcher Type: SUN_STANDARD

Environment Variables:
PATH=C:\Program Files (x86)\Common Files\Oracle\Java\javapath;C:\Python27\;C:\Python27\Scripts;C:\WINDOWS\system32;C:\WINDOWS;C:\WINDOWS\System32\Wbem;C:\WINDOWS\System32\WindowsPowerShell\v1.0\;C:\Program Files\Git\cmd;C:\Program Files\dotnet\;C:\Program Files\Microsoft SQL Server\130\Tools\Binn\;C:\Program Files\Microsoft SQL Server\Client SDK\ODBC\130\Tools\Binn\;C:\Program Files (x86)\Microsoft SQL Server\130\Tools\Binn\;C:\Program Files\Microsoft SQL Server\130\DTS\Binn\;C:\Program Files (x86)\Microsoft SQL Server\Client SDK\ODBC\130\Tools\Binn\;C:\Program Files (x86)\Microsoft SQL Server\140\Tools\Binn\;C:\Program Files (x86)\Microsoft SQL Server\140\DTS\Binn\;C:\Program Files (x86)\Microsoft SQL Server\140\Tools\Binn\ManagementStudio\;C:\xampp\php;C:\ProgramData\ComposerSetup\bin;C:\Program Files\SlikSvn\bin;C:\Program Files\Java\apache-maven-3.5.3\bin;C:\Program Files (x86)\Java\jdk1.8.0_171;C:\Program Files (x86)\Java\jdk1.8.0_171\bin;C:\Program Files (x86)\Java\jdk1.8.0_171\lib;C:\Program Files (x86)\Java\jdk1.8.0_171\jre;C:\Program Files (x86)\Java\jdk1.8.0_171\jre\bin;C:\Program Files (x86)\Java\jdk1.8.0_171\jre\lib;C:\WINDOWS\System32\OpenSSH\;C:\Program Files (x86)\CMake\bin;C:\Program Files\nodejs\;C:\Users\Alex\AppData\Local\Microsoft\WindowsApps;C:\Users\Alex\AppData\Roaming\Composer\vendor\bin;C:\Program Files\Java\apache-maven-3.5.3\bin;;C:\Program Files\Microsoft VS Code\bin;C:\Users\Alex\AppData\Roaming\npm
USERNAME=Alex
OS=Windows_NT
PROCESSOR_IDENTIFIER=Intel64 Family 6 Model 42 Stepping 7, GenuineIntel



---------------  S Y S T E M  ---------------

OS: Windows 10.0 , 64 bit Build 17134 (10.0.17134.1)

CPU:total 4 (initial active 4) (2 cores per cpu, 2 threads per core) family 6 model 42 stepping 7, cmov, cx8, fxsr, mmx, sse, sse2, sse3, ssse3, sse4.1, sse4.2, popcnt, avx, aes, clmul, ht, tsc, tscinvbit

Memory: 4k page, physical 8294284k(2308388k free), swap 12750732k(4677804k free)

vm_info: Java HotSpot(TM) Client VM (25.171-b11) for windows-x86 JRE (1.8.0_171-b11), built on Mar 28 2018 14:51:22 by "java_re" with MS VC++ 10.0 (VS2010)

time: Wed Jun 27 00:00:17 2018
elapsed time: 201 seconds (0d 0h 3m 21s)

