#
# A fatal error has been detected by the Java Runtime Environment:
#
#  EXCEPTION_ACCESS_VIOLATION (0xc0000005) at pc=0x722c7739, pid=12184, tid=0x00002d08
#
# JRE version: Java(TM) SE Runtime Environment (8.0_171-b11) (build 1.8.0_171-b11)
# Java VM: Java HotSpot(TM) Client VM (25.171-b11 mixed mode, sharing windows-x86 )
# Problematic frame:
# V  [jvm.dll+0xd7739]
#
# Failed to write core dump. Minidumps are not enabled by default on client versions of Windows
#
# If you would like to submit a bug report, please visit:
#   http://bugreport.java.com/bugreport/crash.jsp
#

---------------  T H R E A D  ---------------

Current thread (0x16ebbc00):  JavaThread "Thread-11401" [_thread_in_vm, id=11528, stack(0x008c0000,0x00910000)]

siginfo: ExceptionCode=0xc0000005, reading address 0x00000000

Registers:
EAX=0x00000000, EBX=0x15cad001, ECX=0x00000000, EDX=0x00000000
ESP=0x0090ecbc, EBP=0x0090ecc8, ESI=0x15cad080, EDI=0x16ebbc00
EIP=0x722c7739, EFLAGS=0x00010202

Top of Stack: (sp=0x0090ecbc)
0x0090ecbc:   0090edb0 00000000 15cad080 0090efb8
0x0090eccc:   16364228 16ebbd40 15cad080 00000000
0x0090ecdc:   0090ecf4 722bd468 00000001 00000001
0x0090ecec:   7226d1d8 0090f0d8 0090ed08 00000030
0x0090ecfc:   163641b7 16ebbc00 0090f0d8 0090ed1c
0x0090ed0c:   0090ed1c 0090f0d8 7233fc89 15642bf8
0x0090ed1c:   0090ed34 723401c2 15642bf8 00000030
0x0090ed2c:   163641a3 15642bf8 0090ed4c 72272ea1 

Instructions: (pc=0x722c7739)
0x722c7719:   1a 0a 00 33 ff eb 02 8b f9 6a 06 57 e8 b6 fc f2
0x722c7729:   ff 8b 75 0c 83 c4 08 b3 01 85 f6 74 39 8b 45 10
0x722c7739:   8b 00 50 32 db e8 1d b0 f6 ff 83 c4 04 85 c0 74
0x722c7749:   25 8b 0e 8b 49 04 8b 50 08 39 04 0a 75 04 b0 01 


Register to memory mapping:

EAX=0x00000000 is an unknown value
EBX=0x15cad001 is an unknown value
ECX=0x00000000 is an unknown value
EDX=0x00000000 is an unknown value
ESP=0x0090ecbc is pointing into the stack for thread: 0x16ebbc00
EBP=0x0090ecc8 is pointing into the stack for thread: 0x16ebbc00
ESI=0x15cad080 is an unknown value
EDI=0x16ebbc00 is a thread


Stack: [0x008c0000,0x00910000],  sp=0x0090ecbc,  free space=315k
Native frames: (J=compiled Java code, j=interpreted, Vv=VM code, C=native code)
V  [jvm.dll+0xd7739]
C  [jna5959115050744818983.dll+0x4228]
C  [jna5959115050744818983.dll+0x4d0e]
J 522  com.sun.jna.Native.invokeInt(JI[Ljava/lang/Object;)I (0 bytes) @ 0x025d2a86 [0x025d29e0+0xa6]
J 543 C1 com.sun.jna.Function.invoke([Ljava/lang/Object;Ljava/lang/Class;Z)Ljava/lang/Object; (1154 bytes) @ 0x025de344 [0x025dc770+0x1bd4]
J 394 C1 com.sun.jna.Function.invoke(Ljava/lang/Class;[Ljava/lang/Object;Ljava/util/Map;)Ljava/lang/Object; (526 bytes) @ 0x0259b658 [0x0259b1d0+0x488]
J 546 C1 com.sun.jna.Library$Handler.invoke(Ljava/lang/Object;Ljava/lang/reflect/Method;[Ljava/lang/Object;)Ljava/lang/Object; (345 bytes) @ 0x025e5d4c [0x025e5510+0x83c]
j  Luxand.$Proxy0.FSDK_LoadImageFromBuffer(Lcom/sun/jna/ptr/IntByReference;[BIIII)I+52
J 301 C1 Luxand.FSDK.LoadImageFromAWTImage(LLuxand/FSDK$HImage;Ljava/awt/Image;I)I (456 bytes) @ 0x0257b2cc [0x0257a980+0x94c]
J 1945 C1 liverecognition.AppFace$12.run()V (740 bytes) @ 0x025e7c18 [0x025e7b50+0xc8]
v  ~StubRoutines::call_stub
V  [jvm.dll+0x15b985]
V  [jvm.dll+0x22262e]
V  [jvm.dll+0x15ba1e]
V  [jvm.dll+0x15bba6]
V  [jvm.dll+0x15bc17]
V  [jvm.dll+0xffb3f]
V  [jvm.dll+0x17eb50]
V  [jvm.dll+0x17f3ca]
V  [jvm.dll+0x1c3fe6]
C  [msvcr100.dll+0x5c556]
C  [msvcr100.dll+0x5c600]
C  [KERNEL32.DLL+0x18484]
C  [ntdll.dll+0x62fea]
C  [ntdll.dll+0x62fba]
C  0x00000000

Java frames: (J=compiled Java code, j=interpreted, Vv=VM code)
J 522  com.sun.jna.Native.invokeInt(JI[Ljava/lang/Object;)I (0 bytes) @ 0x025d2a42 [0x025d29e0+0x62]
J 543 C1 com.sun.jna.Function.invoke([Ljava/lang/Object;Ljava/lang/Class;Z)Ljava/lang/Object; (1154 bytes) @ 0x025de344 [0x025dc770+0x1bd4]
J 394 C1 com.sun.jna.Function.invoke(Ljava/lang/Class;[Ljava/lang/Object;Ljava/util/Map;)Ljava/lang/Object; (526 bytes) @ 0x0259b658 [0x0259b1d0+0x488]
J 546 C1 com.sun.jna.Library$Handler.invoke(Ljava/lang/Object;Ljava/lang/reflect/Method;[Ljava/lang/Object;)Ljava/lang/Object; (345 bytes) @ 0x025e5d4c [0x025e5510+0x83c]
j  Luxand.$Proxy0.FSDK_LoadImageFromBuffer(Lcom/sun/jna/ptr/IntByReference;[BIIII)I+52
J 301 C1 Luxand.FSDK.LoadImageFromAWTImage(LLuxand/FSDK$HImage;Ljava/awt/Image;I)I (456 bytes) @ 0x0257b2cc [0x0257a980+0x94c]
J 1945 C1 liverecognition.AppFace$12.run()V (740 bytes) @ 0x025e7c18 [0x025e7b50+0xc8]
v  ~StubRoutines::call_stub

---------------  P R O C E S S  ---------------

Java Threads: ( => current thread )
=>0x16ebbc00 JavaThread "Thread-11401" [_thread_in_vm, id=11528, stack(0x008c0000,0x00910000)]
  0x16ebb400 JavaThread "TimerQueue" daemon [_thread_blocked, id=1232, stack(0x203a0000,0x203f0000)]
  0x16eb9400 JavaThread "WebSocketTimer" [_thread_blocked, id=7616, stack(0x200e0000,0x20130000)]
  0x16eabc00 JavaThread "WebSocketWriteThread-19" [_thread_blocked, id=9640, stack(0x1f750000,0x1f7a0000)]
  0x16e9c800 JavaThread "WebSocketConnectReadThread-18" [_thread_in_native, id=10904, stack(0x1f480000,0x1f4d0000)]
  0x16e99400 JavaThread "Thread-3" [_thread_in_native, id=12140, stack(0x1f3f0000,0x1f440000)]
  0x0234d400 JavaThread "DestroyJavaVM" [_thread_blocked, id=11552, stack(0x022b0000,0x02300000)]
  0x15ccf400 JavaThread "AWT-EventQueue-0" [_thread_blocked, id=10476, stack(0x16180000,0x161d0000)]
  0x15cbc400 JavaThread "AWT-Shutdown" [_thread_blocked, id=8580, stack(0x15fa0000,0x15ff0000)]
  0x15cbb400 JavaThread "Java2D Disposer" daemon [_thread_blocked, id=12716, stack(0x15f10000,0x15f60000)]
  0x02411000 JavaThread "Service Thread" daemon [_thread_blocked, id=11776, stack(0x15540000,0x15590000)]
  0x023f2000 JavaThread "C1 CompilerThread0" daemon [_thread_blocked, id=2236, stack(0x154b0000,0x15500000)]
  0x023f1000 JavaThread "Attach Listener" daemon [_thread_blocked, id=1400, stack(0x149a0000,0x149f0000)]
  0x023ef000 JavaThread "Signal Dispatcher" daemon [_thread_blocked, id=12376, stack(0x14910000,0x14960000)]
  0x023e5c00 JavaThread "Finalizer" daemon [_thread_blocked, id=3276, stack(0x14760000,0x147b0000)]
  0x02387c00 JavaThread "Reference Handler" daemon [_thread_blocked, id=6288, stack(0x146d0000,0x14720000)]

Other Threads:
  0x02384800 VMThread [stack: 0x14640000,0x14690000] [id=10468]
  0x02427400 WatcherThread [stack: 0x15b70000,0x15bc0000] [id=6124]

VM state:not at safepoint (normal execution)

VM Mutex/Monitor currently owned by a thread: None

Heap:
 def new generation   total 7168K, used 5083K [0x04600000, 0x04dc0000, 0x09b50000)
  eden space 6400K,  70% used [0x04600000, 0x04a6ceb0, 0x04c40000)
  from space 768K,  71% used [0x04d00000, 0x04d89ea0, 0x04dc0000)
  to   space 768K,   0% used [0x04c40000, 0x04c40000, 0x04d00000)
 tenured generation   total 15716K, used 12339K [0x09b50000, 0x0aaa9000, 0x14600000)
   the space 15716K,  78% used [0x09b50000, 0x0a75ced8, 0x0a75d000, 0x0aaa9000)
 Metaspace       used 4472K, capacity 4678K, committed 4736K, reserved 5504K

Card table byte_map: [0x044e0000,0x04570000] byte_map_base: 0x044bd000

Polling page: 0x02300000

CodeCache: size=32768Kb used=1879Kb max_used=2368Kb free=30888Kb
 bounds [0x02460000, 0x026c8000, 0x04460000]
 total_blobs=831 nmethods=570 adapters=191
 compilation: enabled

Compilation events (10 events):
Event: 460.404 Thread 0x023f2000 1961             java.io.FileDescriptor::valid (25 bytes)
Event: 460.405 Thread 0x023f2000 nmethod 1961 0x02650e08 code [0x02650f00, 0x02650fc0]
Event: 478.099 Thread 0x023f2000 1962             java.awt.EventQueue::getNextEventPrivate (76 bytes)
Event: 478.099 Thread 0x023f2000 nmethod 1962 0x02652c88 code [0x02652d90, 0x02652ebc]
Event: 478.181 Thread 0x023f2000 1963             java.awt.EventQueue::noEvents (29 bytes)
Event: 478.181 Thread 0x023f2000 nmethod 1963 0x0264ab88 code [0x0264ac80, 0x0264ad60]
Event: 478.317 Thread 0x023f2000 1964             java.lang.String::indexOf (70 bytes)
Event: 478.318 Thread 0x023f2000 nmethod 1964 0x02599448 code [0x02599550, 0x0259967c]
Event: 479.106 Thread 0x023f2000 1965             sun.java2d.pipe.Region::getIntersectionXYXY (108 bytes)
Event: 479.106 Thread 0x023f2000 nmethod 1965 0x0258d808 code [0x0258d960, 0x0258dc38]

GC Heap History (10 events):
Event: 478.811 GC heap before
{Heap before GC invocations=2546 (full 19):
 def new generation   total 7168K, used 6546K [0x04600000, 0x04dc0000, 0x09b50000)
  eden space 6400K,  98% used [0x04600000, 0x04c25a08, 0x04c40000)
  from space 768K,  32% used [0x04c40000, 0x04c7ef30, 0x04d00000)
  to   space 768K,   0% used [0x04d00000, 0x04d00000, 0x04dc0000)
 tenured generation   total 15716K, used 12329K [0x09b50000, 0x0aaa9000, 0x14600000)
   the space 15716K,  78% used [0x09b50000, 0x0a75a618, 0x0a75a800, 0x0aaa9000)
 Metaspace       used 4448K, capacity 4646K, committed 4736K, reserved 5504K
Event: 478.812 GC heap after
Heap after GC invocations=2547 (full 19):
 def new generation   total 7168K, used 46K [0x04600000, 0x04dc0000, 0x09b50000)
  eden space 6400K,   0% used [0x04600000, 0x04600000, 0x04c40000)
  from space 768K,   6% used [0x04d00000, 0x04d0bbe8, 0x04dc0000)
  to   space 768K,   0% used [0x04c40000, 0x04c40000, 0x04d00000)
 tenured generation   total 15716K, used 12329K [0x09b50000, 0x0aaa9000, 0x14600000)
   the space 15716K,  78% used [0x09b50000, 0x0a75a618, 0x0a75a800, 0x0aaa9000)
 Metaspace       used 4448K, capacity 4646K, committed 4736K, reserved 5504K
}
Event: 479.051 GC heap before
{Heap before GC invocations=2547 (full 19):
 def new generation   total 7168K, used 6370K [0x04600000, 0x04dc0000, 0x09b50000)
  eden space 6400K,  98% used [0x04600000, 0x04c2cda8, 0x04c40000)
  from space 768K,   6% used [0x04d00000, 0x04d0bbe8, 0x04dc0000)
  to   space 768K,   0% used [0x04c40000, 0x04c40000, 0x04d00000)
 tenured generation   total 15716K, used 12329K [0x09b50000, 0x0aaa9000, 0x14600000)
   the space 15716K,  78% used [0x09b50000, 0x0a75a618, 0x0a75a800, 0x0aaa9000)
 Metaspace       used 4448K, capacity 4646K, committed 4736K, reserved 5504K
Event: 479.052 GC heap after
Heap after GC invocations=2548 (full 19):
 def new generation   total 7168K, used 382K [0x04600000, 0x04dc0000, 0x09b50000)
  eden space 6400K,   0% used [0x04600000, 0x04600000, 0x04c40000)
  from space 768K,  49% used [0x04c40000, 0x04c9f890, 0x04d00000)
  to   space 768K,   0% used [0x04d00000, 0x04d00000, 0x04dc0000)
 tenured generation   total 15716K, used 12329K [0x09b50000, 0x0aaa9000, 0x14600000)
   the space 15716K,  78% used [0x09b50000, 0x0a75a618, 0x0a75a800, 0x0aaa9000)
 Metaspace       used 4448K, capacity 4646K, committed 4736K, reserved 5504K
}
Event: 479.199 GC heap before
{Heap before GC invocations=2548 (full 19):
 def new generation   total 7168K, used 6517K [0x04600000, 0x04dc0000, 0x09b50000)
  eden space 6400K,  95% used [0x04600000, 0x04bfdd90, 0x04c40000)
  from space 768K,  49% used [0x04c40000, 0x04c9f890, 0x04d00000)
  to   space 768K,   0% used [0x04d00000, 0x04d00000, 0x04dc0000)
 tenured generation   total 15716K, used 12329K [0x09b50000, 0x0aaa9000, 0x14600000)
   the space 15716K,  78% used [0x09b50000, 0x0a75a618, 0x0a75a800, 0x0aaa9000)
 Metaspace       used 4448K, capacity 4646K, committed 4736K, reserved 5504K
Event: 479.200 GC heap after
Heap after GC invocations=2549 (full 19):
 def new generation   total 7168K, used 30K [0x04600000, 0x04dc0000, 0x09b50000)
  eden space 6400K,   0% used [0x04600000, 0x04600000, 0x04c40000)
  from space 768K,   4% used [0x04d00000, 0x04d07bf8, 0x04dc0000)
  to   space 768K,   0% used [0x04c40000, 0x04c40000, 0x04d00000)
 tenured generation   total 15716K, used 12329K [0x09b50000, 0x0aaa9000, 0x14600000)
   the space 15716K,  78% used [0x09b50000, 0x0a75a618, 0x0a75a800, 0x0aaa9000)
 Metaspace       used 4448K, capacity 4646K, committed 4736K, reserved 5504K
}
Event: 479.449 GC heap before
{Heap before GC invocations=2549 (full 19):
 def new generation   total 7168K, used 6430K [0x04600000, 0x04dc0000, 0x09b50000)
  eden space 6400K, 100% used [0x04600000, 0x04c40000, 0x04c40000)
  from space 768K,   4% used [0x04d00000, 0x04d07bf8, 0x04dc0000)
  to   space 768K,   0% used [0x04c40000, 0x04c40000, 0x04d00000)
 tenured generation   total 15716K, used 12329K [0x09b50000, 0x0aaa9000, 0x14600000)
   the space 15716K,  78% used [0x09b50000, 0x0a75a618, 0x0a75a800, 0x0aaa9000)
 Metaspace       used 4448K, capacity 4646K, committed 4736K, reserved 5504K
Event: 479.450 GC heap after
Heap after GC invocations=2550 (full 19):
 def new generation   total 7168K, used 561K [0x04600000, 0x04dc0000, 0x09b50000)
  eden space 6400K,   0% used [0x04600000, 0x04600000, 0x04c40000)
  from space 768K,  73% used [0x04c40000, 0x04ccc648, 0x04d00000)
  to   space 768K,   0% used [0x04d00000, 0x04d00000, 0x04dc0000)
 tenured generation   total 15716K, used 12329K [0x09b50000, 0x0aaa9000, 0x14600000)
   the space 15716K,  78% used [0x09b50000, 0x0a75a618, 0x0a75a800, 0x0aaa9000)
 Metaspace       used 4448K, capacity 4646K, committed 4736K, reserved 5504K
}
Event: 479.701 GC heap before
{Heap before GC invocations=2550 (full 19):
 def new generation   total 7168K, used 6961K [0x04600000, 0x04dc0000, 0x09b50000)
  eden space 6400K, 100% used [0x04600000, 0x04c40000, 0x04c40000)
  from space 768K,  73% used [0x04c40000, 0x04ccc648, 0x04d00000)
  to   space 768K,   0% used [0x04d00000, 0x04d00000, 0x04dc0000)
 tenured generation   total 15716K, used 12329K [0x09b50000, 0x0aaa9000, 0x14600000)
   the space 15716K,  78% used [0x09b50000, 0x0a75a618, 0x0a75a800, 0x0aaa9000)
 Metaspace       used 4448K, capacity 4646K, committed 4736K, reserved 5504K
Event: 479.702 GC heap after
Heap after GC invocations=2551 (full 19):
 def new generation   total 7168K, used 551K [0x04600000, 0x04dc0000, 0x09b50000)
  eden space 6400K,   0% used [0x04600000, 0x04600000, 0x04c40000)
  from space 768K,  71% used [0x04d00000, 0x04d89ea0, 0x04dc0000)
  to   space 768K,   0% used [0x04c40000, 0x04c40000, 0x04d00000)
 tenured generation   total 15716K, used 12339K [0x09b50000, 0x0aaa9000, 0x14600000)
   the space 15716K,  78% used [0x09b50000, 0x0a75ced8, 0x0a75d000, 0x0aaa9000)
 Metaspace       used 4448K, capacity 4646K, committed 4736K, reserved 5504K
}

Deoptimization events (0 events):
No events

Classes redefined (0 events):
No events

Internal exceptions (10 events):
Event: 0.190 Thread 0x0234d400 Exception <a 'java/lang/ClassNotFoundException': Tree> (0x04913210) thrown at [C:\re\workspace\8-2-build-windows-i586-cygwin\jdk8u171\10807\hotspot\src\share\vm\classfile\systemDictionary.cpp, line 210]
Event: 0.190 Thread 0x0234d400 Exception <a 'java/lang/ClassNotFoundException': javax/swing/JTreeCell> (0x04913548) thrown at [C:\re\workspace\8-2-build-windows-i586-cygwin\jdk8u171\10807\hotspot\src\share\vm\classfile\systemDictionary.cpp, line 210]
Event: 0.190 Thread 0x0234d400 Exception <a 'java/lang/ClassNotFoundException': TreeCell> (0x04913990) thrown at [C:\re\workspace\8-2-build-windows-i586-cygwin\jdk8u171\10807\hotspot\src\share\vm\classfile\systemDictionary.cpp, line 210]
Event: 0.190 Thread 0x0234d400 Exception <a 'java/lang/ClassNotFoundException': RootPane> (0x04914308) thrown at [C:\re\workspace\8-2-build-windows-i586-cygwin\jdk8u171\10807\hotspot\src\share\vm\classfile\systemDictionary.cpp, line 210]
Event: 81.184 Thread 0x16ebcc00 Exception <a 'java/io/FileNotFoundException'> (0x048d2398) thrown at [C:\re\workspace\8-2-build-windows-i586-cygwin\jdk8u171\10807\hotspot\src\share\vm\prims\jni.cpp, line 709]
Event: 81.192 Thread 0x16ebcc00 Exception <a 'java/io/FileNotFoundException'> (0x0498aa20) thrown at [C:\re\workspace\8-2-build-windows-i586-cygwin\jdk8u171\10807\hotspot\src\share\vm\prims\jni.cpp, line 709]
Event: 93.217 Thread 0x16ebcc00 Exception <a 'java/io/FileNotFoundException'> (0x04a6ccf0) thrown at [C:\re\workspace\8-2-build-windows-i586-cygwin\jdk8u171\10807\hotspot\src\share\vm\prims\jni.cpp, line 709]
Event: 93.219 Thread 0x16ebcc00 Exception <a 'java/io/FileNotFoundException'> (0x0464b098) thrown at [C:\re\workspace\8-2-build-windows-i586-cygwin\jdk8u171\10807\hotspot\src\share\vm\prims\jni.cpp, line 709]
Event: 93.236 Thread 0x16ebcc00 Exception <a 'java/io/FileNotFoundException'> (0x04713cb0) thrown at [C:\re\workspace\8-2-build-windows-i586-cygwin\jdk8u171\10807\hotspot\src\share\vm\prims\jni.cpp, line 709]
Event: 93.236 Thread 0x16ebcc00 Exception <a 'java/io/FileNotFoundException'> (0x047617b8) thrown at [C:\re\workspace\8-2-build-windows-i586-cygwin\jdk8u171\10807\hotspot\src\share\vm\prims\jni.cpp, line 709]

Events (10 events):
Event: 479.789 loading class java/lang/ProcessBuilder done
Event: 479.789 loading class java/lang/ProcessImpl
Event: 479.790 loading class java/lang/Process
Event: 479.790 loading class java/lang/Process done
Event: 479.790 loading class java/lang/ProcessImpl done
Event: 479.812 loading class java/lang/ProcessImpl$2
Event: 479.812 loading class java/lang/ProcessImpl$2 done
Event: 479.813 Thread 0x16ebc000 Thread exited: 0x16ebc000
Event: 479.819 Thread 0x15cbcc00 Thread exited: 0x15cbcc00
Event: 479.838 Thread 0x16ebbc00 Thread added: 0x16ebbc00


Dynamic libraries:
0x000f0000 - 0x00123000 	C:\Program Files (x86)\Java\jdk1.8.0_171\jre\bin\java.exe
0x76f80000 - 0x77110000 	C:\WINDOWS\SYSTEM32\ntdll.dll
0x73860000 - 0x73940000 	C:\WINDOWS\System32\KERNEL32.DLL
0x757e0000 - 0x759c4000 	C:\WINDOWS\System32\KERNELBASE.dll
0x72720000 - 0x727bd000 	C:\WINDOWS\SYSTEM32\apphelp.dll
0x75ac0000 - 0x75b38000 	C:\WINDOWS\System32\ADVAPI32.dll
0x73d70000 - 0x73e2f000 	C:\WINDOWS\System32\msvcrt.dll
0x76450000 - 0x76494000 	C:\WINDOWS\System32\sechost.dll
0x75da0000 - 0x75e60000 	C:\WINDOWS\System32\RPCRT4.dll
0x73840000 - 0x73860000 	C:\WINDOWS\System32\SspiCli.dll
0x73830000 - 0x7383a000 	C:\WINDOWS\System32\CRYPTBASE.dll
0x764a0000 - 0x764f8000 	C:\WINDOWS\System32\bcryptPrimitives.dll
0x75ed0000 - 0x7605d000 	C:\WINDOWS\System32\USER32.dll
0x73c70000 - 0x73c87000 	C:\WINDOWS\System32\win32u.dll
0x76590000 - 0x765b2000 	C:\WINDOWS\System32\GDI32.dll
0x739b0000 - 0x73b14000 	C:\WINDOWS\System32\gdi32full.dll
0x76c70000 - 0x76ced000 	C:\WINDOWS\System32\msvcp_win.dll
0x76060000 - 0x7617e000 	C:\WINDOWS\System32\ucrtbase.dll
0x72d80000 - 0x72f84000 	C:\WINDOWS\WinSxS\x86_microsoft.windows.common-controls_6595b64144ccf1df_6.0.17134.112_none_42ecccf244e44518\COMCTL32.dll
0x75b40000 - 0x75d9c000 	C:\WINDOWS\System32\combase.dll
0x757b0000 - 0x757d6000 	C:\WINDOWS\System32\IMM32.DLL
0x725d0000 - 0x7268f000 	C:\Program Files (x86)\Java\jdk1.8.0_171\jre\bin\msvcr100.dll
0x721f0000 - 0x725c1000 	C:\Program Files (x86)\Java\jdk1.8.0_171\jre\bin\client\jvm.dll
0x759e0000 - 0x759e6000 	C:\WINDOWS\System32\PSAPI.DLL
0x721c0000 - 0x721e4000 	C:\WINDOWS\SYSTEM32\WINMM.dll
0x73740000 - 0x73748000 	C:\WINDOWS\SYSTEM32\WSOCK32.dll
0x733c0000 - 0x733c8000 	C:\WINDOWS\SYSTEM32\VERSION.dll
0x72190000 - 0x721b3000 	C:\WINDOWS\SYSTEM32\winmmbase.dll
0x76b90000 - 0x76bc9000 	C:\WINDOWS\System32\cfgmgr32.dll
0x75e60000 - 0x75ec7000 	C:\WINDOWS\System32\WS2_32.dll
0x72180000 - 0x7218c000 	C:\Program Files (x86)\Java\jdk1.8.0_171\jre\bin\verify.dll
0x72150000 - 0x72172000 	C:\Program Files (x86)\Java\jdk1.8.0_171\jre\bin\java.dll
0x72130000 - 0x72144000 	C:\Program Files (x86)\Java\jdk1.8.0_171\jre\bin\zip.dll
0x74450000 - 0x7579a000 	C:\WINDOWS\System32\SHELL32.dll
0x73e90000 - 0x73f18000 	C:\WINDOWS\System32\shcore.dll
0x765c0000 - 0x76b7a000 	C:\WINDOWS\System32\windows.storage.dll
0x73f20000 - 0x73f65000 	C:\WINDOWS\System32\shlwapi.dll
0x76b80000 - 0x76b8f000 	C:\WINDOWS\System32\kernel.appcore.dll
0x743a0000 - 0x743b8000 	C:\WINDOWS\System32\profapi.dll
0x73e30000 - 0x73e75000 	C:\WINDOWS\System32\powrprof.dll
0x73e80000 - 0x73e88000 	C:\WINDOWS\System32\FLTLIB.DLL
0x71f70000 - 0x720b5000 	C:\Program Files (x86)\Java\jdk1.8.0_171\jre\bin\awt.dll
0x76bd0000 - 0x76c66000 	C:\WINDOWS\System32\OLEAUT32.dll
0x72cf0000 - 0x72d6c000 	C:\WINDOWS\system32\uxtheme.dll
0x73b20000 - 0x73c64000 	C:\WINDOWS\System32\MSCTF.dll
0x71ea0000 - 0x71ec3000 	C:\WINDOWS\system32\dwmapi.dll
0x76350000 - 0x7644c000 	C:\WINDOWS\System32\ole32.dll
0x71c80000 - 0x71cb9000 	C:\Program Files (x86)\Java\jdk1.8.0_171\jre\bin\fontmanager.dll
0x71d90000 - 0x71e69000 	C:\WINDOWS\system32\opengl32.dll
0x71d50000 - 0x71d8f000 	C:\WINDOWS\SYSTEM32\GLU32.dll
0x72110000 - 0x72125000 	C:\Program Files (x86)\Java\jdk1.8.0_171\jre\bin\net.dll
0x736d0000 - 0x73726000 	C:\WINDOWS\system32\mswsock.dll
0x72100000 - 0x7210f000 	C:\Program Files (x86)\Java\jdk1.8.0_171\jre\bin\nio.dll
0x71660000 - 0x71692000 	C:\Program Files (x86)\Java\jdk1.8.0_171\jre\bin\t2k.dll
0x17200000 - 0x1a9c2000 	D:\development\App Java\face\facewithRaspberry\appDesktop\facesdk.dll
0x73610000 - 0x73640000 	C:\WINDOWS\SYSTEM32\IPHLPAPI.DLL
0x71f00000 - 0x71f13000 	C:\WINDOWS\SYSTEM32\CRYPTSP.dll
0x71ed0000 - 0x71eff000 	C:\WINDOWS\system32\rsaenh.dll
0x73590000 - 0x735a9000 	C:\WINDOWS\SYSTEM32\bcrypt.dll
0x73390000 - 0x733b1000 	C:\WINDOWS\SYSTEM32\USERENV.dll
0x73940000 - 0x73947000 	C:\WINDOWS\System32\NSI.dll
0x720e0000 - 0x720f3000 	C:\WINDOWS\SYSTEM32\dhcpcsvc6.DLL
0x720c0000 - 0x720d4000 	C:\WINDOWS\SYSTEM32\dhcpcsvc.DLL
0x16360000 - 0x163b5000 	C:\Users\Alex\AppData\Local\Temp\jna5959115050744818983.dll
0x73200000 - 0x73382000 	C:\WINDOWS\SYSTEM32\dbghelp.dll
0x71a70000 - 0x71aee000 	C:\WINDOWS\System32\TextInputFramework.dll
0x71810000 - 0x71a6d000 	C:\WINDOWS\System32\CoreUIComponents.dll
0x71780000 - 0x7180b000 	C:\WINDOWS\System32\CoreMessaging.dll
0x72980000 - 0x729a9000 	C:\WINDOWS\SYSTEM32\ntmarta.dll
0x716a0000 - 0x71776000 	C:\WINDOWS\SYSTEM32\wintypes.dll
0x161d0000 - 0x161d7000 	C:\Program Files (x86)\Internet Download Manager\idmmkb.dll
0x714b0000 - 0x714d4000 	C:\Program Files (x86)\Java\jdk1.8.0_171\jre\bin\dcpr.dll
0x727e0000 - 0x72806000 	C:\Program Files (x86)\Java\jdk1.8.0_171\jre\bin\jpeg.dll
0x73640000 - 0x736ce000 	C:\WINDOWS\SYSTEM32\DNSAPI.dll
0x73600000 - 0x73608000 	C:\Windows\System32\rasadhlp.dll
0x735b0000 - 0x735ff000 	C:\WINDOWS\System32\fwpuclnt.dll
0x71d30000 - 0x71d41000 	C:\WINDOWS\system32\napinsp.dll
0x71d10000 - 0x71d26000 	C:\WINDOWS\system32\pnrpnsp.dll
0x71cf0000 - 0x71d03000 	C:\WINDOWS\system32\NLAapi.dll
0x71ce0000 - 0x71cec000 	C:\WINDOWS\System32\winrnr.dll
0x71cc0000 - 0x71cd1000 	C:\WINDOWS\System32\wshbth.dll
0x70ec0000 - 0x70ee0000 	C:\Program Files (x86)\Java\jdk1.8.0_171\jre\bin\sunec.dll
0x71f20000 - 0x71f29000 	C:\Program Files (x86)\Java\jdk1.8.0_171\jre\bin\sunmscapi.dll
0x76cf0000 - 0x76e86000 	C:\WINDOWS\System32\CRYPT32.dll
0x759d0000 - 0x759de000 	C:\WINDOWS\System32\MSASN1.dll
0x743c0000 - 0x74443000 	C:\WINDOWS\System32\clbcatq.dll
0x714e0000 - 0x71651000 	C:\WINDOWS\SYSTEM32\WindowsCodecs.dll

VM Arguments:
jvm_args: -Dfile.encoding=UTF-8 
java_command: liverecognition.AppFace
java_class_path (initial): D:\development\App Java\face\facewithRaspberry\appDesktop\FaceSDK.jar;D:\development\App Java\face\facewithRaspberry\appDesktop\jna.jar;D:\development\App Java\face\facewithRaspberry\appDesktop\lib\mail.jar;D:\development\App Java\face\facewithRaspberry\appDesktop\lib\swingx-1.6.1.jar;D:\development\App Java\face\facewithRaspberry\appDesktop\lib\jfoenix-8.0.4.jar;D:\development\App Java\face\facewithRaspberry\appDesktop\lib\twilio-java-sdk-6.3.0.jar;D:\development\App Java\face\facewithRaspberry\appDesktop\lib\Java-WebSocket-1.3.8.jar;D:\development\App Java\face\facewithRaspberry\appDesktop\build\classes
Launcher Type: SUN_STANDARD

Environment Variables:
PATH=C:\Program Files (x86)\Common Files\Oracle\Java\javapath;C:\Python27\;C:\Python27\Scripts;C:\WINDOWS\system32;C:\WINDOWS;C:\WINDOWS\System32\Wbem;C:\WINDOWS\System32\WindowsPowerShell\v1.0\;C:\Program Files\Git\cmd;C:\Program Files\dotnet\;C:\Program Files\Microsoft SQL Server\130\Tools\Binn\;C:\Program Files\Microsoft SQL Server\Client SDK\ODBC\130\Tools\Binn\;C:\Program Files (x86)\Microsoft SQL Server\130\Tools\Binn\;C:\Program Files\Microsoft SQL Server\130\DTS\Binn\;C:\Program Files (x86)\Microsoft SQL Server\Client SDK\ODBC\130\Tools\Binn\;C:\Program Files (x86)\Microsoft SQL Server\140\Tools\Binn\;C:\Program Files (x86)\Microsoft SQL Server\140\DTS\Binn\;C:\Program Files (x86)\Microsoft SQL Server\140\Tools\Binn\ManagementStudio\;C:\xampp\php;C:\ProgramData\ComposerSetup\bin;C:\Program Files\SlikSvn\bin;C:\Program Files\Java\apache-maven-3.5.3\bin;C:\Program Files (x86)\Java\jdk1.8.0_171;C:\Program Files (x86)\Java\jdk1.8.0_171\bin;C:\Program Files (x86)\Java\jdk1.8.0_171\lib;C:\Program Files (x86)\Java\jdk1.8.0_171\jre;C:\Program Files (x86)\Java\jdk1.8.0_171\jre\bin;C:\Program Files (x86)\Java\jdk1.8.0_171\jre\lib;C:\WINDOWS\System32\OpenSSH\;C:\Program Files (x86)\CMake\bin;C:\Program Files\nodejs\;C:\Users\Alex\AppData\Local\Microsoft\WindowsApps;C:\Users\Alex\AppData\Roaming\Composer\vendor\bin;C:\Program Files\Java\apache-maven-3.5.3\bin;;C:\Program Files\Microsoft VS Code\bin;C:\Users\Alex\AppData\Roaming\npm
USERNAME=Alex
OS=Windows_NT
PROCESSOR_IDENTIFIER=Intel64 Family 6 Model 42 Stepping 7, GenuineIntel



---------------  S Y S T E M  ---------------

OS: Windows 10.0 , 64 bit Build 17134 (10.0.17134.1)

CPU:total 4 (initial active 4) (2 cores per cpu, 2 threads per core) family 6 model 42 stepping 7, cmov, cx8, fxsr, mmx, sse, sse2, sse3, ssse3, sse4.1, sse4.2, popcnt, avx, aes, clmul, ht, tsc, tscinvbit

Memory: 4k page, physical 8294284k(2654800k free), swap 12750732k(5080868k free)

vm_info: Java HotSpot(TM) Client VM (25.171-b11) for windows-x86 JRE (1.8.0_171-b11), built on Mar 28 2018 14:51:22 by "java_re" with MS VC++ 10.0 (VS2010)

time: Wed Jun 27 00:08:20 2018
elapsed time: 479 seconds (0d 0h 7m 59s)

