#
# A fatal error has been detected by the Java Runtime Environment:
#
#  EXCEPTION_ACCESS_VIOLATION (0xc0000005) at pc=0x722c7739, pid=4076, tid=0x00000a30
#
# JRE version: Java(TM) SE Runtime Environment (8.0_171-b11) (build 1.8.0_171-b11)
# Java VM: Java HotSpot(TM) Client VM (25.171-b11 mixed mode windows-x86 )
# Problematic frame:
# V  [jvm.dll+0xd7739]
#
# Failed to write core dump. Minidumps are not enabled by default on client versions of Windows
#
# If you would like to submit a bug report, please visit:
#   http://bugreport.java.com/bugreport/crash.jsp
#

---------------  T H R E A D  ---------------

Current thread (0x15e63c00):  JavaThread "Thread-3034" [_thread_in_vm, id=2608, stack(0x00f20000,0x00f70000)]

siginfo: ExceptionCode=0xc0000005, reading address 0x00000000

Registers:
EAX=0x00000000, EBX=0x15e50b01, ECX=0x00000000, EDX=0x00000000
ESP=0x00f6ec5c, EBP=0x00f6ec68, ESI=0x15e50bd8, EDI=0x15e63c00
EIP=0x722c7739, EFLAGS=0x00010206

Top of Stack: (sp=0x00f6ec5c)
0x00f6ec5c:   00f6ed50 00000000 15e50bd8 00f6ef58
0x00f6ec6c:   1aba4228 15e63d40 15e50bd8 00000000
0x00f6ec7c:   00f6ec94 722bd468 00000001 00000001
0x00f6ec8c:   7226d1d8 00f6f078 00f6eca8 00000030
0x00f6ec9c:   1aba41b7 15e63c00 00f6f078 00f6ecbc
0x00f6ecac:   00f6ecbc 00f6f078 7233fc89 1507f470
0x00f6ecbc:   00f6ecd4 723401c2 1507f470 00000030
0x00f6eccc:   1aba41a3 1507f470 00f6ecec 72272ea1 

Instructions: (pc=0x722c7739)
0x722c7719:   1a 0a 00 33 ff eb 02 8b f9 6a 06 57 e8 b6 fc f2
0x722c7729:   ff 8b 75 0c 83 c4 08 b3 01 85 f6 74 39 8b 45 10
0x722c7739:   8b 00 50 32 db e8 1d b0 f6 ff 83 c4 04 85 c0 74
0x722c7749:   25 8b 0e 8b 49 04 8b 50 08 39 04 0a 75 04 b0 01 


Register to memory mapping:

EAX=0x00000000 is an unknown value
EBX=0x15e50b01 is an unknown value
ECX=0x00000000 is an unknown value
EDX=0x00000000 is an unknown value
ESP=0x00f6ec5c is pointing into the stack for thread: 0x15e63c00
EBP=0x00f6ec68 is pointing into the stack for thread: 0x15e63c00
ESI=0x15e50bd8 is an unknown value
EDI=0x15e63c00 is a thread


Stack: [0x00f20000,0x00f70000],  sp=0x00f6ec5c,  free space=315k
Native frames: (J=compiled Java code, j=interpreted, Vv=VM code, C=native code)
V  [jvm.dll+0xd7739]
C  [jna7882398639662727856.dll+0x4228]
C  [jna7882398639662727856.dll+0x4d0e]
J 879  com.sun.jna.Native.invokeInt(JI[Ljava/lang/Object;)I (0 bytes) @ 0x03156586 [0x031564e0+0xa6]
J 827 C1 com.sun.jna.Function.invoke([Ljava/lang/Object;Ljava/lang/Class;Z)Ljava/lang/Object; (1154 bytes) @ 0x03131b04 [0x0312ff30+0x1bd4]
J 364 C1 com.sun.jna.Function.invoke(Ljava/lang/Class;[Ljava/lang/Object;Ljava/util/Map;)Ljava/lang/Object; (526 bytes) @ 0x0306c3d8 [0x0306bf50+0x488]
J 842 C1 com.sun.jna.Library$Handler.invoke(Ljava/lang/Object;Ljava/lang/reflect/Method;[Ljava/lang/Object;)Ljava/lang/Object; (345 bytes) @ 0x0313c44c [0x0313bc10+0x83c]
j  Luxand.$Proxy0.FSDK_LoadImageFromBuffer(Lcom/sun/jna/ptr/IntByReference;[BIIII)I+52
J 303 C1 Luxand.FSDK.LoadImageFromAWTImage(LLuxand/FSDK$HImage;Ljava/awt/Image;I)I (456 bytes) @ 0x0305d48c [0x0305cb40+0x94c]
j  liverecognition.AppFace$12.run()V+28
v  ~StubRoutines::call_stub
V  [jvm.dll+0x15b985]
V  [jvm.dll+0x22262e]
V  [jvm.dll+0x15ba1e]
V  [jvm.dll+0x15bba6]
V  [jvm.dll+0x15bc17]
V  [jvm.dll+0xffb3f]
V  [jvm.dll+0x17eb50]
V  [jvm.dll+0x17f3ca]
V  [jvm.dll+0x1c3fe6]
C  [msvcr100.dll+0x5c556]
C  [msvcr100.dll+0x5c600]
C  [KERNEL32.DLL+0x18484]
C  [ntdll.dll+0x62fea]
C  [ntdll.dll+0x62fba]
C  0x00000000

Java frames: (J=compiled Java code, j=interpreted, Vv=VM code)
J 879  com.sun.jna.Native.invokeInt(JI[Ljava/lang/Object;)I (0 bytes) @ 0x03156542 [0x031564e0+0x62]
J 827 C1 com.sun.jna.Function.invoke([Ljava/lang/Object;Ljava/lang/Class;Z)Ljava/lang/Object; (1154 bytes) @ 0x03131b04 [0x0312ff30+0x1bd4]
J 364 C1 com.sun.jna.Function.invoke(Ljava/lang/Class;[Ljava/lang/Object;Ljava/util/Map;)Ljava/lang/Object; (526 bytes) @ 0x0306c3d8 [0x0306bf50+0x488]
J 842 C1 com.sun.jna.Library$Handler.invoke(Ljava/lang/Object;Ljava/lang/reflect/Method;[Ljava/lang/Object;)Ljava/lang/Object; (345 bytes) @ 0x0313c44c [0x0313bc10+0x83c]
j  Luxand.$Proxy0.FSDK_LoadImageFromBuffer(Lcom/sun/jna/ptr/IntByReference;[BIIII)I+52
J 303 C1 Luxand.FSDK.LoadImageFromAWTImage(LLuxand/FSDK$HImage;Ljava/awt/Image;I)I (456 bytes) @ 0x0305d48c [0x0305cb40+0x94c]
j  liverecognition.AppFace$12.run()V+28
v  ~StubRoutines::call_stub

---------------  P R O C E S S  ---------------

Java Threads: ( => current thread )
=>0x15e63c00 JavaThread "Thread-3034" [_thread_in_vm, id=2608, stack(0x00f20000,0x00f70000)]
  0x15e64000 JavaThread "Thread-2983" [_thread_in_native, id=9492, stack(0x010a0000,0x010f0000)]
  0x15e47000 JavaThread "WebSocketTimer" [_thread_blocked, id=8860, stack(0x1f820000,0x1f870000)]
  0x15e37000 JavaThread "WebSocketWriteThread-19" [_thread_blocked, id=12820, stack(0x1f790000,0x1f7e0000)]
  0x15e27400 JavaThread "WebSocketConnectReadThread-18" [_thread_in_native, id=3648, stack(0x1f4a0000,0x1f4f0000)]
  0x15e26800 JavaThread "Thread-3" [_thread_in_native, id=6716, stack(0x1f410000,0x1f460000)]
  0x02f3d400 JavaThread "DestroyJavaVM" [_thread_blocked, id=2008, stack(0x01390000,0x013e0000)]
  0x15c69c00 JavaThread "AWT-EventQueue-0" [_thread_blocked, id=6076, stack(0x161e0000,0x16230000)]
  0x15657800 JavaThread "AWT-Shutdown" [_thread_blocked, id=8124, stack(0x160c0000,0x16110000)]
  0x15657000 JavaThread "Java2D Disposer" daemon [_thread_blocked, id=8408, stack(0x16030000,0x16080000)]
  0x154c0400 JavaThread "Service Thread" daemon [_thread_blocked, id=3640, stack(0x15a00000,0x15a50000)]
  0x1549dc00 JavaThread "C1 CompilerThread0" daemon [_thread_blocked, id=11960, stack(0x15970000,0x159c0000)]
  0x1549d000 JavaThread "Attach Listener" daemon [_thread_blocked, id=1200, stack(0x158e0000,0x15930000)]
  0x15499000 JavaThread "Signal Dispatcher" daemon [_thread_blocked, id=8768, stack(0x15850000,0x158a0000)]
  0x1547ac00 JavaThread "Finalizer" daemon [_thread_blocked, id=12520, stack(0x156a0000,0x156f0000)]
  0x15466000 JavaThread "Reference Handler" daemon [_thread_blocked, id=6196, stack(0x04f80000,0x04fd0000)]

Other Threads:
  0x15460400 VMThread [stack: 0x02eb0000,0x02f00000] [id=11932]
  0x15495c00 WatcherThread [stack: 0x15a90000,0x15ae0000] [id=3960]

VM state:not at safepoint (normal execution)

VM Mutex/Monitor currently owned by a thread: None

Heap:
 def new generation   total 6208K, used 1879K [0x05000000, 0x056b0000, 0x0a550000)
  eden space 5568K,  23% used [0x05000000, 0x05145f60, 0x05570000)
  from space 640K,  89% used [0x05610000, 0x0569fed8, 0x056b0000)
  to   space 640K,   0% used [0x05570000, 0x05570000, 0x05610000)
 tenured generation   total 13612K, used 10274K [0x0a550000, 0x0b29b000, 0x15000000)
   the space 13612K,  75% used [0x0a550000, 0x0af589b8, 0x0af58a00, 0x0b29b000)
 Metaspace       used 11677K, capacity 11878K, committed 12032K, reserved 12672K

Card table byte_map: [0x02dc0000,0x02e50000] byte_map_base: 0x02d98000

Polling page: 0x013e0000

CodeCache: size=32768Kb used=1801Kb max_used=2417Kb free=30966Kb
 bounds [0x02f40000, 0x031a0000, 0x04f40000]
 total_blobs=859 nmethods=599 adapters=190
 compilation: enabled

Compilation events (10 events):
Event: 191.156 Thread 0x1549dc00 1294             javax.swing.GroupLayout$ComponentSpring::setSize (24 bytes)
Event: 191.156 Thread 0x1549dc00 nmethod 1294 0x03030f48 code [0x03031040, 0x03031100]
Event: 191.418 Thread 0x1549dc00 1295             sun.awt.AWTAutoShutdown::notifyToolkitThreadBusy (8 bytes)
Event: 191.419 Thread 0x1549dc00 nmethod 1295 0x03030d48 code [0x03030e40, 0x03030ecc]
Event: 191.419 Thread 0x1549dc00 1296             sun.awt.AWTAutoShutdown::notifyToolkitThreadFree (8 bytes)
Event: 191.419 Thread 0x1549dc00 nmethod 1296 0x03030b48 code [0x03030c40, 0x03030ccc]
Event: 191.419 Thread 0x1549dc00 1297             javax.swing.GroupLayout::getComponentInfo (62 bytes)
Event: 191.420 Thread 0x1549dc00 nmethod 1297 0x030458c8 code [0x03045a00, 0x03045bdc]
Event: 191.420 Thread 0x1549dc00 1298             java.awt.Component::getParent (5 bytes)
Event: 191.420 Thread 0x1549dc00 nmethod 1298 0x03030988 code [0x03030a80, 0x03030b00]

GC Heap History (10 events):
Event: 190.965 GC heap before
{Heap before GC invocations=998 (full 5):
 def new generation   total 6208K, used 5942K [0x05000000, 0x056b0000, 0x0a550000)
  eden space 5568K, 100% used [0x05000000, 0x05570000, 0x05570000)
  from space 640K,  58% used [0x05570000, 0x055cd818, 0x05610000)
  to   space 640K,   0% used [0x05610000, 0x05610000, 0x056b0000)
 tenured generation   total 13612K, used 10222K [0x0a550000, 0x0b29b000, 0x15000000)
   the space 13612K,  75% used [0x0a550000, 0x0af4b938, 0x0af4ba00, 0x0b29b000)
 Metaspace       used 11653K, capacity 11878K, committed 12032K, reserved 12672K
Event: 190.966 GC heap after
Heap after GC invocations=999 (full 5):
 def new generation   total 6208K, used 551K [0x05000000, 0x056b0000, 0x0a550000)
  eden space 5568K,   0% used [0x05000000, 0x05000000, 0x05570000)
  from space 640K,  86% used [0x05610000, 0x05699c60, 0x056b0000)
  to   space 640K,   0% used [0x05570000, 0x05570000, 0x05610000)
 tenured generation   total 13612K, used 10232K [0x0a550000, 0x0b29b000, 0x15000000)
   the space 13612K,  75% used [0x0a550000, 0x0af4e3d8, 0x0af4e400, 0x0b29b000)
 Metaspace       used 11653K, capacity 11878K, committed 12032K, reserved 12672K
}
Event: 191.153 GC heap before
{Heap before GC invocations=999 (full 5):
 def new generation   total 6208K, used 5997K [0x05000000, 0x056b0000, 0x0a550000)
  eden space 5568K,  97% used [0x05000000, 0x055518c0, 0x05570000)
  from space 640K,  86% used [0x05610000, 0x05699c60, 0x056b0000)
  to   space 640K,   0% used [0x05570000, 0x05570000, 0x05610000)
 tenured generation   total 13612K, used 10232K [0x0a550000, 0x0b29b000, 0x15000000)
   the space 13612K,  75% used [0x0a550000, 0x0af4e3d8, 0x0af4e400, 0x0b29b000)
 Metaspace       used 11653K, capacity 11878K, committed 12032K, reserved 12672K
Event: 191.154 GC heap after
Heap after GC invocations=1000 (full 5):
 def new generation   total 6208K, used 373K [0x05000000, 0x056b0000, 0x0a550000)
  eden space 5568K,   0% used [0x05000000, 0x05000000, 0x05570000)
  from space 640K,  58% used [0x05570000, 0x055cd7e0, 0x05610000)
  to   space 640K,   0% used [0x05610000, 0x05610000, 0x056b0000)
 tenured generation   total 13612K, used 10243K [0x0a550000, 0x0b29b000, 0x15000000)
   the space 13612K,  75% used [0x0a550000, 0x0af50c48, 0x0af50e00, 0x0b29b000)
 Metaspace       used 11653K, capacity 11878K, committed 12032K, reserved 12672K
}
Event: 191.353 GC heap before
{Heap before GC invocations=1000 (full 5):
 def new generation   total 6208K, used 5941K [0x05000000, 0x056b0000, 0x0a550000)
  eden space 5568K, 100% used [0x05000000, 0x05570000, 0x05570000)
  from space 640K,  58% used [0x05570000, 0x055cd7e0, 0x05610000)
  to   space 640K,   0% used [0x05610000, 0x05610000, 0x056b0000)
 tenured generation   total 13612K, used 10243K [0x0a550000, 0x0b29b000, 0x15000000)
   the space 13612K,  75% used [0x0a550000, 0x0af50c48, 0x0af50e00, 0x0b29b000)
 Metaspace       used 11653K, capacity 11878K, committed 12032K, reserved 12672K
Event: 191.353 GC heap after
Heap after GC invocations=1001 (full 5):
 def new generation   total 6208K, used 551K [0x05000000, 0x056b0000, 0x0a550000)
  eden space 5568K,   0% used [0x05000000, 0x05000000, 0x05570000)
  from space 640K,  86% used [0x05610000, 0x05699c60, 0x056b0000)
  to   space 640K,   0% used [0x05570000, 0x05570000, 0x05610000)
 tenured generation   total 13612K, used 10253K [0x0a550000, 0x0b29b000, 0x15000000)
   the space 13612K,  75% used [0x0a550000, 0x0af536d0, 0x0af53800, 0x0b29b000)
 Metaspace       used 11653K, capacity 11878K, committed 12032K, reserved 12672K
}
Event: 191.547 GC heap before
{Heap before GC invocations=1001 (full 5):
 def new generation   total 6208K, used 6001K [0x05000000, 0x056b0000, 0x0a550000)
  eden space 5568K,  97% used [0x05000000, 0x05552b38, 0x05570000)
  from space 640K,  86% used [0x05610000, 0x05699c60, 0x056b0000)
  to   space 640K,   0% used [0x05570000, 0x05570000, 0x05610000)
 tenured generation   total 13612K, used 10253K [0x0a550000, 0x0b29b000, 0x15000000)
   the space 13612K,  75% used [0x0a550000, 0x0af536d0, 0x0af53800, 0x0b29b000)
 Metaspace       used 11653K, capacity 11878K, committed 12032K, reserved 12672K
Event: 191.548 GC heap after
Heap after GC invocations=1002 (full 5):
 def new generation   total 6208K, used 373K [0x05000000, 0x056b0000, 0x0a550000)
  eden space 5568K,   0% used [0x05000000, 0x05000000, 0x05570000)
  from space 640K,  58% used [0x05570000, 0x055cd7c0, 0x05610000)
  to   space 640K,   0% used [0x05610000, 0x05610000, 0x056b0000)
 tenured generation   total 13612K, used 10263K [0x0a550000, 0x0b29b000, 0x15000000)
   the space 13612K,  75% used [0x0a550000, 0x0af55f50, 0x0af56000, 0x0b29b000)
 Metaspace       used 11653K, capacity 11878K, committed 12032K, reserved 12672K
}
Event: 191.727 GC heap before
{Heap before GC invocations=1002 (full 5):
 def new generation   total 6208K, used 5941K [0x05000000, 0x056b0000, 0x0a550000)
  eden space 5568K, 100% used [0x05000000, 0x05570000, 0x05570000)
  from space 640K,  58% used [0x05570000, 0x055cd7c0, 0x05610000)
  to   space 640K,   0% used [0x05610000, 0x05610000, 0x056b0000)
 tenured generation   total 13612K, used 10263K [0x0a550000, 0x0b29b000, 0x15000000)
   the space 13612K,  75% used [0x0a550000, 0x0af55f50, 0x0af56000, 0x0b29b000)
 Metaspace       used 11677K, capacity 11878K, committed 12032K, reserved 12672K
Event: 191.729 GC heap after
Heap after GC invocations=1003 (full 5):
 def new generation   total 6208K, used 575K [0x05000000, 0x056b0000, 0x0a550000)
  eden space 5568K,   0% used [0x05000000, 0x05000000, 0x05570000)
  from space 640K,  89% used [0x05610000, 0x0569fed8, 0x056b0000)
  to   space 640K,   0% used [0x05570000, 0x05570000, 0x05610000)
 tenured generation   total 13612K, used 10274K [0x0a550000, 0x0b29b000, 0x15000000)
   the space 13612K,  75% used [0x0a550000, 0x0af589b8, 0x0af58a00, 0x0b29b000)
 Metaspace       used 11677K, capacity 11878K, committed 12032K, reserved 12672K
}

Deoptimization events (0 events):
No events

Classes redefined (0 events):
No events

Internal exceptions (10 events):
Event: 0.296 Thread 0x02f3d400 Exception <a 'java/lang/ClassNotFoundException': Tree> (0x05312268) thrown at [C:\re\workspace\8-2-build-windows-i586-cygwin\jdk8u171\10807\hotspot\src\share\vm\classfile\systemDictionary.cpp, line 210]
Event: 0.296 Thread 0x02f3d400 Exception <a 'java/lang/ClassNotFoundException': javax/swing/JTreeCell> (0x053125a0) thrown at [C:\re\workspace\8-2-build-windows-i586-cygwin\jdk8u171\10807\hotspot\src\share\vm\classfile\systemDictionary.cpp, line 210]
Event: 0.296 Thread 0x02f3d400 Exception <a 'java/lang/ClassNotFoundException': TreeCell> (0x053129e8) thrown at [C:\re\workspace\8-2-build-windows-i586-cygwin\jdk8u171\10807\hotspot\src\share\vm\classfile\systemDictionary.cpp, line 210]
Event: 0.296 Thread 0x02f3d400 Exception <a 'java/lang/ClassNotFoundException': RootPane> (0x05313360) thrown at [C:\re\workspace\8-2-build-windows-i586-cygwin\jdk8u171\10807\hotspot\src\share\vm\classfile\systemDictionary.cpp, line 210]
Event: 9.447 Thread 0x15e63400 Exception <a 'java/io/FileNotFoundException'> (0x05438440) thrown at [C:\re\workspace\8-2-build-windows-i586-cygwin\jdk8u171\10807\hotspot\src\share\vm\prims\jni.cpp, line 709]
Event: 9.454 Thread 0x15e63400 Exception <a 'java/io/FileNotFoundException'> (0x0545a068) thrown at [C:\re\workspace\8-2-build-windows-i586-cygwin\jdk8u171\10807\hotspot\src\share\vm\prims\jni.cpp, line 709]
Event: 25.570 Thread 0x15e63400 Exception <a 'java/io/FileNotFoundException'> (0x0508b640) thrown at [C:\re\workspace\8-2-build-windows-i586-cygwin\jdk8u171\10807\hotspot\src\share\vm\prims\jni.cpp, line 709]
Event: 25.571 Thread 0x15e63400 Exception <a 'java/io/FileNotFoundException'> (0x0508c0c8) thrown at [C:\re\workspace\8-2-build-windows-i586-cygwin\jdk8u171\10807\hotspot\src\share\vm\prims\jni.cpp, line 709]
Event: 25.580 Thread 0x15e63400 Exception <a 'java/io/FileNotFoundException'> (0x050b9068) thrown at [C:\re\workspace\8-2-build-windows-i586-cygwin\jdk8u171\10807\hotspot\src\share\vm\prims\jni.cpp, line 709]
Event: 25.580 Thread 0x15e63400 Exception <a 'java/io/FileNotFoundException'> (0x050b9b18) thrown at [C:\re\workspace\8-2-build-windows-i586-cygwin\jdk8u171\10807\hotspot\src\share\vm\prims\jni.cpp, line 709]

Events (10 events):
Event: 191.705 Thread 0x15e65400 Thread added: 0x15e65400
Event: 191.706 Thread 0x15e65400 Thread exited: 0x15e65400
Event: 191.727 Executing VM operation: GenCollectForAllocation
Event: 191.729 Executing VM operation: GenCollectForAllocation done
Event: 191.729 Executing VM operation: RevokeBias
Event: 191.730 Executing VM operation: RevokeBias done
Event: 191.730 Executing VM operation: RevokeBias
Event: 191.730 Executing VM operation: RevokeBias done
Event: 191.730 Executing VM operation: RevokeBias
Event: 191.730 Executing VM operation: RevokeBias done


Dynamic libraries:
0x000f0000 - 0x00123000 	C:\Program Files (x86)\Java\jdk1.8.0_171\jre\bin\java.exe
0x76f80000 - 0x77110000 	C:\WINDOWS\SYSTEM32\ntdll.dll
0x73860000 - 0x73940000 	C:\WINDOWS\System32\KERNEL32.DLL
0x757e0000 - 0x759c4000 	C:\WINDOWS\System32\KERNELBASE.dll
0x72720000 - 0x727bd000 	C:\WINDOWS\SYSTEM32\apphelp.dll
0x75ac0000 - 0x75b38000 	C:\WINDOWS\System32\ADVAPI32.dll
0x73d70000 - 0x73e2f000 	C:\WINDOWS\System32\msvcrt.dll
0x76450000 - 0x76494000 	C:\WINDOWS\System32\sechost.dll
0x75da0000 - 0x75e60000 	C:\WINDOWS\System32\RPCRT4.dll
0x73840000 - 0x73860000 	C:\WINDOWS\System32\SspiCli.dll
0x73830000 - 0x7383a000 	C:\WINDOWS\System32\CRYPTBASE.dll
0x764a0000 - 0x764f8000 	C:\WINDOWS\System32\bcryptPrimitives.dll
0x75ed0000 - 0x7605d000 	C:\WINDOWS\System32\USER32.dll
0x73c70000 - 0x73c87000 	C:\WINDOWS\System32\win32u.dll
0x76590000 - 0x765b2000 	C:\WINDOWS\System32\GDI32.dll
0x739b0000 - 0x73b14000 	C:\WINDOWS\System32\gdi32full.dll
0x76c70000 - 0x76ced000 	C:\WINDOWS\System32\msvcp_win.dll
0x76060000 - 0x7617e000 	C:\WINDOWS\System32\ucrtbase.dll
0x72d80000 - 0x72f84000 	C:\WINDOWS\WinSxS\x86_microsoft.windows.common-controls_6595b64144ccf1df_6.0.17134.112_none_42ecccf244e44518\COMCTL32.dll
0x75b40000 - 0x75d9c000 	C:\WINDOWS\System32\combase.dll
0x757b0000 - 0x757d6000 	C:\WINDOWS\System32\IMM32.DLL
0x725d0000 - 0x7268f000 	C:\Program Files (x86)\Java\jdk1.8.0_171\jre\bin\msvcr100.dll
0x721f0000 - 0x725c1000 	C:\Program Files (x86)\Java\jdk1.8.0_171\jre\bin\client\jvm.dll
0x759e0000 - 0x759e6000 	C:\WINDOWS\System32\PSAPI.DLL
0x73740000 - 0x73748000 	C:\WINDOWS\SYSTEM32\WSOCK32.dll
0x721c0000 - 0x721e4000 	C:\WINDOWS\SYSTEM32\WINMM.dll
0x75e60000 - 0x75ec7000 	C:\WINDOWS\System32\WS2_32.dll
0x733c0000 - 0x733c8000 	C:\WINDOWS\SYSTEM32\VERSION.dll
0x72190000 - 0x721b3000 	C:\WINDOWS\SYSTEM32\winmmbase.dll
0x76b90000 - 0x76bc9000 	C:\WINDOWS\System32\cfgmgr32.dll
0x72180000 - 0x7218c000 	C:\Program Files (x86)\Java\jdk1.8.0_171\jre\bin\verify.dll
0x72150000 - 0x72172000 	C:\Program Files (x86)\Java\jdk1.8.0_171\jre\bin\java.dll
0x72130000 - 0x72144000 	C:\Program Files (x86)\Java\jdk1.8.0_171\jre\bin\zip.dll
0x74450000 - 0x7579a000 	C:\WINDOWS\System32\SHELL32.dll
0x73e90000 - 0x73f18000 	C:\WINDOWS\System32\shcore.dll
0x765c0000 - 0x76b7a000 	C:\WINDOWS\System32\windows.storage.dll
0x73f20000 - 0x73f65000 	C:\WINDOWS\System32\shlwapi.dll
0x76b80000 - 0x76b8f000 	C:\WINDOWS\System32\kernel.appcore.dll
0x743a0000 - 0x743b8000 	C:\WINDOWS\System32\profapi.dll
0x73e30000 - 0x73e75000 	C:\WINDOWS\System32\powrprof.dll
0x73e80000 - 0x73e88000 	C:\WINDOWS\System32\FLTLIB.DLL
0x71f70000 - 0x720b5000 	C:\Program Files (x86)\Java\jdk1.8.0_171\jre\bin\awt.dll
0x76bd0000 - 0x76c66000 	C:\WINDOWS\System32\OLEAUT32.dll
0x72cf0000 - 0x72d6c000 	C:\WINDOWS\system32\uxtheme.dll
0x73b20000 - 0x73c64000 	C:\WINDOWS\System32\MSCTF.dll
0x71ea0000 - 0x71ec3000 	C:\WINDOWS\system32\dwmapi.dll
0x76350000 - 0x7644c000 	C:\WINDOWS\System32\ole32.dll
0x71c80000 - 0x71cb9000 	C:\Program Files (x86)\Java\jdk1.8.0_171\jre\bin\fontmanager.dll
0x71d90000 - 0x71e69000 	C:\WINDOWS\system32\opengl32.dll
0x71d50000 - 0x71d8f000 	C:\WINDOWS\SYSTEM32\GLU32.dll
0x72110000 - 0x72125000 	C:\Program Files (x86)\Java\jdk1.8.0_171\jre\bin\net.dll
0x736d0000 - 0x73726000 	C:\WINDOWS\system32\mswsock.dll
0x72100000 - 0x7210f000 	C:\Program Files (x86)\Java\jdk1.8.0_171\jre\bin\nio.dll
0x71660000 - 0x71692000 	C:\Program Files (x86)\Java\jdk1.8.0_171\jre\bin\t2k.dll
0x16e90000 - 0x1a652000 	D:\development\App Java\face\facewithRaspberry\appDesktop\facesdk.dll
0x73610000 - 0x73640000 	C:\WINDOWS\SYSTEM32\IPHLPAPI.DLL
0x71f00000 - 0x71f13000 	C:\WINDOWS\SYSTEM32\CRYPTSP.dll
0x71ed0000 - 0x71eff000 	C:\WINDOWS\system32\rsaenh.dll
0x73590000 - 0x735a9000 	C:\WINDOWS\SYSTEM32\bcrypt.dll
0x73390000 - 0x733b1000 	C:\WINDOWS\SYSTEM32\USERENV.dll
0x73940000 - 0x73947000 	C:\WINDOWS\System32\NSI.dll
0x720e0000 - 0x720f3000 	C:\WINDOWS\SYSTEM32\dhcpcsvc6.DLL
0x720c0000 - 0x720d4000 	C:\WINDOWS\SYSTEM32\dhcpcsvc.DLL
0x1aba0000 - 0x1abf5000 	C:\Users\Alex\AppData\Local\Temp\jna7882398639662727856.dll
0x73200000 - 0x73382000 	C:\WINDOWS\SYSTEM32\dbghelp.dll
0x714b0000 - 0x714d4000 	C:\Program Files (x86)\Java\jdk1.8.0_171\jre\bin\dcpr.dll
0x727e0000 - 0x72806000 	C:\Program Files (x86)\Java\jdk1.8.0_171\jre\bin\jpeg.dll
0x71a70000 - 0x71aee000 	C:\WINDOWS\System32\TextInputFramework.dll
0x71810000 - 0x71a6d000 	C:\WINDOWS\System32\CoreUIComponents.dll
0x71780000 - 0x7180b000 	C:\WINDOWS\System32\CoreMessaging.dll
0x72980000 - 0x729a9000 	C:\WINDOWS\SYSTEM32\ntmarta.dll
0x716a0000 - 0x71776000 	C:\WINDOWS\SYSTEM32\wintypes.dll
0x1b4d0000 - 0x1b4d7000 	C:\Program Files (x86)\Internet Download Manager\idmmkb.dll
0x73640000 - 0x736ce000 	C:\WINDOWS\SYSTEM32\DNSAPI.dll
0x73600000 - 0x73608000 	C:\Windows\System32\rasadhlp.dll
0x735b0000 - 0x735ff000 	C:\WINDOWS\System32\fwpuclnt.dll
0x71d30000 - 0x71d41000 	C:\WINDOWS\system32\napinsp.dll
0x71d10000 - 0x71d26000 	C:\WINDOWS\system32\pnrpnsp.dll
0x71cf0000 - 0x71d03000 	C:\WINDOWS\system32\NLAapi.dll
0x71ce0000 - 0x71cec000 	C:\WINDOWS\System32\winrnr.dll
0x71cc0000 - 0x71cd1000 	C:\WINDOWS\System32\wshbth.dll
0x70ec0000 - 0x70ee0000 	C:\Program Files (x86)\Java\jdk1.8.0_171\jre\bin\sunec.dll
0x71f20000 - 0x71f29000 	C:\Program Files (x86)\Java\jdk1.8.0_171\jre\bin\sunmscapi.dll
0x76cf0000 - 0x76e86000 	C:\WINDOWS\System32\CRYPT32.dll
0x759d0000 - 0x759de000 	C:\WINDOWS\System32\MSASN1.dll

VM Arguments:
jvm_args: -Dfile.encoding=UTF-8 
java_command: liverecognition.AppFace
java_class_path (initial): D:\development\App Java\face\facewithRaspberry\appDesktop\FaceSDK.jar;D:\development\App Java\face\facewithRaspberry\appDesktop\jna.jar;D:\development\App Java\face\facewithRaspberry\appDesktop\lib\mail.jar;D:\development\App Java\face\facewithRaspberry\appDesktop\lib\swingx-1.6.1.jar;D:\development\App Java\face\facewithRaspberry\appDesktop\lib\jfoenix-8.0.4.jar;D:\development\App Java\face\facewithRaspberry\appDesktop\lib\twilio-java-sdk-6.3.0.jar;D:\development\App Java\face\facewithRaspberry\appDesktop\lib\Java-WebSocket-1.3.8.jar;D:\development\App Java\face\facewithRaspberry\appDesktop\build\classes
Launcher Type: SUN_STANDARD

Environment Variables:
PATH=C:\Program Files (x86)\Common Files\Oracle\Java\javapath;C:\Python27\;C:\Python27\Scripts;C:\WINDOWS\system32;C:\WINDOWS;C:\WINDOWS\System32\Wbem;C:\WINDOWS\System32\WindowsPowerShell\v1.0\;C:\Program Files\Git\cmd;C:\Program Files\dotnet\;C:\Program Files\Microsoft SQL Server\130\Tools\Binn\;C:\Program Files\Microsoft SQL Server\Client SDK\ODBC\130\Tools\Binn\;C:\Program Files (x86)\Microsoft SQL Server\130\Tools\Binn\;C:\Program Files\Microsoft SQL Server\130\DTS\Binn\;C:\Program Files (x86)\Microsoft SQL Server\Client SDK\ODBC\130\Tools\Binn\;C:\Program Files (x86)\Microsoft SQL Server\140\Tools\Binn\;C:\Program Files (x86)\Microsoft SQL Server\140\DTS\Binn\;C:\Program Files (x86)\Microsoft SQL Server\140\Tools\Binn\ManagementStudio\;C:\xampp\php;C:\ProgramData\ComposerSetup\bin;C:\Program Files\SlikSvn\bin;C:\Program Files\Java\apache-maven-3.5.3\bin;C:\Program Files (x86)\Java\jdk1.8.0_171;C:\Program Files (x86)\Java\jdk1.8.0_171\bin;C:\Program Files (x86)\Java\jdk1.8.0_171\lib;C:\Program Files (x86)\Java\jdk1.8.0_171\jre;C:\Program Files (x86)\Java\jdk1.8.0_171\jre\bin;C:\Program Files (x86)\Java\jdk1.8.0_171\jre\lib;C:\WINDOWS\System32\OpenSSH\;C:\Program Files (x86)\CMake\bin;C:\Program Files\nodejs\;C:\Users\Alex\AppData\Local\Microsoft\WindowsApps;C:\Users\Alex\AppData\Roaming\Composer\vendor\bin;C:\Program Files\Java\apache-maven-3.5.3\bin;;C:\Program Files\Microsoft VS Code\bin;C:\Users\Alex\AppData\Roaming\npm
USERNAME=Alex
OS=Windows_NT
PROCESSOR_IDENTIFIER=Intel64 Family 6 Model 42 Stepping 7, GenuineIntel



---------------  S Y S T E M  ---------------

OS: Windows 10.0 , 64 bit Build 17134 (10.0.17134.1)

CPU:total 4 (initial active 4) (2 cores per cpu, 2 threads per core) family 6 model 42 stepping 7, cmov, cx8, fxsr, mmx, sse, sse2, sse3, ssse3, sse4.1, sse4.2, popcnt, avx, aes, clmul, ht, tsc, tscinvbit

Memory: 4k page, physical 8294284k(2767656k free), swap 12750732k(5261948k free)

vm_info: Java HotSpot(TM) Client VM (25.171-b11) for windows-x86 JRE (1.8.0_171-b11), built on Mar 28 2018 14:51:22 by "java_re" with MS VC++ 10.0 (VS2010)

time: Tue Jun 26 23:51:01 2018
elapsed time: 191 seconds (0d 0h 3m 11s)

