#
# A fatal error has been detected by the Java Runtime Environment:
#
#  EXCEPTION_ACCESS_VIOLATION (0xc0000005) at pc=0x72b47739, pid=11352, tid=0x00002728
#
# JRE version: Java(TM) SE Runtime Environment (8.0_171-b11) (build 1.8.0_171-b11)
# Java VM: Java HotSpot(TM) Client VM (25.171-b11 mixed mode windows-x86 )
# Problematic frame:
# V  [jvm.dll+0xd7739]
#
# Failed to write core dump. Minidumps are not enabled by default on client versions of Windows
#
# If you would like to submit a bug report, please visit:
#   http://bugreport.java.com/bugreport/crash.jsp
#

---------------  T H R E A D  ---------------

Current thread (0x15c5c800):  JavaThread "Thread-628" [_thread_in_vm, id=10024, stack(0x20390000,0x203e0000)]

siginfo: ExceptionCode=0xc0000005, reading address 0x00000000

Registers:
EAX=0x00000000, EBX=0x012fe401, ECX=0x00000000, EDX=0x00000000
ESP=0x203def6c, EBP=0x203def78, ESI=0x012fe470, EDI=0x15c5c800
EIP=0x72b47739, EFLAGS=0x00010202

Top of Stack: (sp=0x203def6c)
0x203def6c:   203df060 00000000 012fe470 203df268
0x203def7c:   1a5a4228 15c5c940 012fe470 00000000
0x203def8c:   02bcdaf1 15c5c940 052a6998 02bcddc1
0x203def9c:   0000027f 00000000 0000ffff 00000030
0x203defac:   1a5a41b7 203defdc 14d6fa48 00000000
0x203defbc:   14d04b78 00000000 203defd8 203df008
0x203defcc:   02bc47c4 052a6998 02bca1e6 00000030
0x203defdc:   1a5a41a3 00000005 00000000 203defe0 

Instructions: (pc=0x72b47739)
0x72b47719:   1a 0a 00 33 ff eb 02 8b f9 6a 06 57 e8 b6 fc f2
0x72b47729:   ff 8b 75 0c 83 c4 08 b3 01 85 f6 74 39 8b 45 10
0x72b47739:   8b 00 50 32 db e8 1d b0 f6 ff 83 c4 04 85 c0 74
0x72b47749:   25 8b 0e 8b 49 04 8b 50 08 39 04 0a 75 04 b0 01 


Register to memory mapping:

EAX=0x00000000 is an unknown value
EBX=0x012fe401 is an unknown value
ECX=0x00000000 is an unknown value
EDX=0x00000000 is an unknown value
ESP=0x203def6c is pointing into the stack for thread: 0x15c5c800
EBP=0x203def78 is pointing into the stack for thread: 0x15c5c800
ESI=0x012fe470 is an unknown value
EDI=0x15c5c800 is a thread


Stack: [0x20390000,0x203e0000],  sp=0x203def6c,  free space=315k
Native frames: (J=compiled Java code, j=interpreted, Vv=VM code, C=native code)
V  [jvm.dll+0xd7739]
C  [jna7006049581474232251.dll+0x4228]
C  [jna7006049581474232251.dll+0x4d0e]
j  com.sun.jna.Native.invokeInt(JI[Ljava/lang/Object;)I+0
j  com.sun.jna.Function.invoke([Ljava/lang/Object;Ljava/lang/Class;Z)Ljava/lang/Object;+333
J 379 C1 com.sun.jna.Function.invoke(Ljava/lang/Class;[Ljava/lang/Object;Ljava/util/Map;)Ljava/lang/Object; (526 bytes) @ 0x02cf84d8 [0x02cf8050+0x488]
j  com.sun.jna.Library$Handler.invoke(Ljava/lang/Object;Ljava/lang/reflect/Method;[Ljava/lang/Object;)Ljava/lang/Object;+341
j  Luxand.$Proxy0.FSDK_LoadImageFromBuffer(Lcom/sun/jna/ptr/IntByReference;[BIIII)I+52
J 301 C1 Luxand.FSDK.LoadImageFromAWTImage(LLuxand/FSDK$HImage;Ljava/awt/Image;I)I (456 bytes) @ 0x02cdaa4c [0x02cda100+0x94c]
j  liverecognition.AppFace$13.run()V+28
v  ~StubRoutines::call_stub
V  [jvm.dll+0x15b985]
V  [jvm.dll+0x22262e]
V  [jvm.dll+0x15ba1e]
V  [jvm.dll+0x15bba6]
V  [jvm.dll+0x15bc17]
V  [jvm.dll+0xffb3f]
V  [jvm.dll+0x17eb50]
V  [jvm.dll+0x17f3ca]
V  [jvm.dll+0x1c3fe6]
C  [msvcr100.dll+0x5c556]
C  [msvcr100.dll+0x5c600]
C  [KERNEL32.DLL+0x18484]
C  [ntdll.dll+0x62fea]
C  [ntdll.dll+0x62fba]
C  0x00000000

Java frames: (J=compiled Java code, j=interpreted, Vv=VM code)
j  com.sun.jna.Native.invokeInt(JI[Ljava/lang/Object;)I+0
j  com.sun.jna.Function.invoke([Ljava/lang/Object;Ljava/lang/Class;Z)Ljava/lang/Object;+333
J 379 C1 com.sun.jna.Function.invoke(Ljava/lang/Class;[Ljava/lang/Object;Ljava/util/Map;)Ljava/lang/Object; (526 bytes) @ 0x02cf84d8 [0x02cf8050+0x488]
j  com.sun.jna.Library$Handler.invoke(Ljava/lang/Object;Ljava/lang/reflect/Method;[Ljava/lang/Object;)Ljava/lang/Object;+341
j  Luxand.$Proxy0.FSDK_LoadImageFromBuffer(Lcom/sun/jna/ptr/IntByReference;[BIIII)I+52
J 301 C1 Luxand.FSDK.LoadImageFromAWTImage(LLuxand/FSDK$HImage;Ljava/awt/Image;I)I (456 bytes) @ 0x02cdaa4c [0x02cda100+0x94c]
j  liverecognition.AppFace$13.run()V+28
v  ~StubRoutines::call_stub

---------------  P R O C E S S  ---------------

Java Threads: ( => current thread )
  0x15c5b400 JavaThread "Thread-0" daemon [_thread_in_native, id=4276, stack(0x20420000,0x20470000)]
=>0x15c5c800 JavaThread "Thread-628" [_thread_in_vm, id=10024, stack(0x20390000,0x203e0000)]
  0x15c5a400 JavaThread "Thread-529" [_thread_in_native, id=14340, stack(0x16730000,0x16780000)]
  0x15c47400 JavaThread "WebSocketTimer" [_thread_blocked, id=7440, stack(0x1fef0000,0x1ff40000)]
  0x15c2c400 JavaThread "WebSocketWriteThread-19" [_thread_blocked, id=12820, stack(0x1f4e0000,0x1f530000)]
  0x15c20c00 JavaThread "WebSocketConnectReadThread-18" [_thread_in_native, id=5420, stack(0x1f450000,0x1f4a0000)]
  0x15c20800 JavaThread "Thread-3" [_thread_in_native, id=6396, stack(0x1f3c0000,0x1f410000)]
  0x012fd400 JavaThread "DestroyJavaVM" [_thread_blocked, id=5480, stack(0x01300000,0x01350000)]
  0x15a24000 JavaThread "AWT-EventQueue-0" [_thread_blocked, id=1004, stack(0x166a0000,0x166f0000)]
  0x159c6c00 JavaThread "AWT-Shutdown" [_thread_blocked, id=3180, stack(0x15e90000,0x15ee0000)]
  0x159c6400 JavaThread "Java2D Disposer" daemon [_thread_blocked, id=8120, stack(0x15e00000,0x15e50000)]
  0x151a3400 JavaThread "Service Thread" daemon [_thread_blocked, id=3144, stack(0x157d0000,0x15820000)]
  0x15180c00 JavaThread "C1 CompilerThread0" daemon [_thread_blocked, id=12568, stack(0x15740000,0x15790000)]
  0x1517fc00 JavaThread "Attach Listener" daemon [_thread_blocked, id=11320, stack(0x156b0000,0x15700000)]
  0x1517dc00 JavaThread "Signal Dispatcher" daemon [_thread_blocked, id=9864, stack(0x15620000,0x15670000)]
  0x1516ac00 JavaThread "Finalizer" daemon [_thread_blocked, id=13216, stack(0x15470000,0x154c0000)]
  0x15156000 JavaThread "Reference Handler" daemon [_thread_blocked, id=1256, stack(0x153e0000,0x15430000)]

Other Threads:
  0x15150400 VMThread [stack: 0x15350000,0x153a0000] [id=12192]
  0x151a6c00 WatcherThread [stack: 0x15860000,0x158b0000] [id=2964]

VM state:not at safepoint (normal execution)

VM Mutex/Monitor currently owned by a thread: None

Heap:
 def new generation   total 17920K, used 9327K [0x04c00000, 0x05f70000, 0x0a150000)
  eden space 15936K,  50% used [0x04c00000, 0x053dd2e8, 0x05b90000)
  from space 1984K,  64% used [0x05d80000, 0x05ebec10, 0x05f70000)
  to   space 1984K,   0% used [0x05b90000, 0x05b90000, 0x05d80000)
 tenured generation   total 39728K, used 20184K [0x0a150000, 0x0c81c000, 0x14c00000)
   the space 39728K,  50% used [0x0a150000, 0x0b506280, 0x0b506400, 0x0c81c000)
 Metaspace       used 9653K, capacity 9854K, committed 9984K, reserved 10624K

Card table byte_map: [0x14c00000,0x14c90000] byte_map_base: 0x14bda000

Polling page: 0x01350000

CodeCache: size=32768Kb used=1631Kb max_used=1631Kb free=31136Kb
 bounds [0x02bc0000, 0x02d58000, 0x04bc0000]
 total_blobs=895 nmethods=640 adapters=186
 compilation: enabled

Compilation events (10 events):
Event: 24.709 Thread 0x15180c00  641             javax.imageio.spi.PartialOrderIterator::hasNext (16 bytes)
Event: 24.709 Thread 0x15180c00 nmethod 641 0x02d54d48 code [0x02d54e40, 0x02d54ef0]
Event: 24.978 Thread 0x15180c00  642   !         javax.imageio.stream.ImageInputStreamImpl::mark (35 bytes)
Event: 24.979 Thread 0x15180c00 nmethod 642 0x02d54f88 code [0x02d550e0, 0x02d5539c]
Event: 24.979 Thread 0x15180c00  643             javax.imageio.stream.ImageInputStreamImpl::getBitOffset (9 bytes)
Event: 24.979 Thread 0x15180c00 nmethod 643 0x02d55848 code [0x02d55950, 0x02d55a4c]
Event: 24.980 Thread 0x15180c00  644             javax.imageio.stream.ImageInputStreamImpl::reset (69 bytes)
Event: 24.981 Thread 0x15180c00 nmethod 644 0x02d55b08 code [0x02d55d20, 0x02d56ed8]
Event: 24.981 Thread 0x15180c00  645             javax.imageio.stream.ImageInputStreamImpl::setBitOffset (30 bytes)
Event: 24.981 Thread 0x15180c00 nmethod 645 0x02d57b08 code [0x02d57c20, 0x02d57d98]

GC Heap History (10 events):
Event: 24.543 GC heap before
{Heap before GC invocations=254 (full 40):
 def new generation   total 17920K, used 16565K [0x04c00000, 0x05f70000, 0x0a150000)
  eden space 15936K,  95% used [0x04c00000, 0x05aecbe0, 0x05b90000)
  from space 1984K,  64% used [0x05b90000, 0x05cd0aa8, 0x05d80000)
  to   space 1984K,   0% used [0x05d80000, 0x05d80000, 0x05f70000)
 tenured generation   total 39728K, used 33684K [0x0a150000, 0x0c81c000, 0x14c00000)
   the space 39728K,  84% used [0x0a150000, 0x0c235110, 0x0c235200, 0x0c81c000)
 Metaspace       used 9629K, capacity 9822K, committed 9856K, reserved 10624K
Event: 24.544 GC heap after
Heap after GC invocations=255 (full 40):
 def new generation   total 17920K, used 1288K [0x04c00000, 0x05f70000, 0x0a150000)
  eden space 15936K,   0% used [0x04c00000, 0x04c00000, 0x05b90000)
  from space 1984K,  64% used [0x05d80000, 0x05ec2300, 0x05f70000)
  to   space 1984K,   0% used [0x05b90000, 0x05b90000, 0x05d80000)
 tenured generation   total 39728K, used 33693K [0x0a150000, 0x0c81c000, 0x14c00000)
   the space 39728K,  84% used [0x0a150000, 0x0c2374a0, 0x0c237600, 0x0c81c000)
 Metaspace       used 9629K, capacity 9822K, committed 9856K, reserved 10624K
}
Event: 24.621 GC heap before
{Heap before GC invocations=255 (full 40):
 def new generation   total 17920K, used 17190K [0x04c00000, 0x05f70000, 0x0a150000)
  eden space 15936K,  99% used [0x04c00000, 0x05b87788, 0x05b90000)
  from space 1984K,  64% used [0x05d80000, 0x05ec2300, 0x05f70000)
  to   space 1984K,   0% used [0x05b90000, 0x05b90000, 0x05d80000)
 tenured generation   total 39728K, used 33693K [0x0a150000, 0x0c81c000, 0x14c00000)
   the space 39728K,  84% used [0x0a150000, 0x0c2374a0, 0x0c237600, 0x0c81c000)
 Metaspace       used 9629K, capacity 9822K, committed 9856K, reserved 10624K
Event: 24.623 GC heap after
Heap after GC invocations=256 (full 40):
 def new generation   total 17920K, used 1294K [0x04c00000, 0x05f70000, 0x0a150000)
  eden space 15936K,   0% used [0x04c00000, 0x04c00000, 0x05b90000)
  from space 1984K,  65% used [0x05b90000, 0x05cd3b88, 0x05d80000)
  to   space 1984K,   0% used [0x05d80000, 0x05d80000, 0x05f70000)
 tenured generation   total 39728K, used 36121K [0x0a150000, 0x0c81c000, 0x14c00000)
   the space 39728K,  90% used [0x0a150000, 0x0c4964d8, 0x0c496600, 0x0c81c000)
 Metaspace       used 9629K, capacity 9822K, committed 9856K, reserved 10624K
}
Event: 24.765 GC heap before
{Heap before GC invocations=256 (full 40):
 def new generation   total 17920K, used 17230K [0x04c00000, 0x05f70000, 0x0a150000)
  eden space 15936K, 100% used [0x04c00000, 0x05b90000, 0x05b90000)
  from space 1984K,  65% used [0x05b90000, 0x05cd3b88, 0x05d80000)
  to   space 1984K,   0% used [0x05d80000, 0x05d80000, 0x05f70000)
 tenured generation   total 39728K, used 36121K [0x0a150000, 0x0c81c000, 0x14c00000)
   the space 39728K,  90% used [0x0a150000, 0x0c4964d8, 0x0c496600, 0x0c81c000)
 Metaspace       used 9629K, capacity 9822K, committed 9856K, reserved 10624K
Event: 24.783 GC heap after
Heap after GC invocations=257 (full 41):
 def new generation   total 17920K, used 0K [0x04c00000, 0x05f70000, 0x0a150000)
  eden space 15936K,   0% used [0x04c00000, 0x04c00000, 0x05b90000)
  from space 1984K,   0% used [0x05d80000, 0x05d80000, 0x05f70000)
  to   space 1984K,   0% used [0x05b90000, 0x05b90000, 0x05d80000)
 tenured generation   total 39728K, used 13256K [0x0a150000, 0x0c81c000, 0x14c00000)
   the space 39728K,  33% used [0x0a150000, 0x0ae421d0, 0x0ae42200, 0x0c81c000)
 Metaspace       used 9629K, capacity 9822K, committed 9856K, reserved 10624K
}
Event: 24.877 GC heap before
{Heap before GC invocations=257 (full 41):
 def new generation   total 17920K, used 15222K [0x04c00000, 0x05f70000, 0x0a150000)
  eden space 15936K,  95% used [0x04c00000, 0x05add858, 0x05b90000)
  from space 1984K,   0% used [0x05d80000, 0x05d80000, 0x05f70000)
  to   space 1984K,   0% used [0x05b90000, 0x05b90000, 0x05d80000)
 tenured generation   total 39728K, used 13256K [0x0a150000, 0x0c81c000, 0x14c00000)
   the space 39728K,  33% used [0x0a150000, 0x0ae421d0, 0x0ae42200, 0x0c81c000)
 Metaspace       used 9629K, capacity 9822K, committed 9856K, reserved 10624K
Event: 24.878 GC heap after
Heap after GC invocations=258 (full 41):
 def new generation   total 17920K, used 1288K [0x04c00000, 0x05f70000, 0x0a150000)
  eden space 15936K,   0% used [0x04c00000, 0x04c00000, 0x05b90000)
  from space 1984K,  64% used [0x05b90000, 0x05cd2398, 0x05d80000)
  to   space 1984K,   0% used [0x05d80000, 0x05d80000, 0x05f70000)
 tenured generation   total 39728K, used 14456K [0x0a150000, 0x0c81c000, 0x14c00000)
   the space 39728K,  36% used [0x0a150000, 0x0af6e1e0, 0x0af6e200, 0x0c81c000)
 Metaspace       used 9629K, capacity 9822K, committed 9856K, reserved 10624K
}
Event: 24.996 GC heap before
{Heap before GC invocations=258 (full 41):
 def new generation   total 17920K, used 17224K [0x04c00000, 0x05f70000, 0x0a150000)
  eden space 15936K, 100% used [0x04c00000, 0x05b90000, 0x05b90000)
  from space 1984K,  64% used [0x05b90000, 0x05cd2398, 0x05d80000)
  to   space 1984K,   0% used [0x05d80000, 0x05d80000, 0x05f70000)
 tenured generation   total 39728K, used 14456K [0x0a150000, 0x0c81c000, 0x14c00000)
   the space 39728K,  36% used [0x0a150000, 0x0af6e1e0, 0x0af6e200, 0x0c81c000)
 Metaspace       used 9629K, capacity 9822K, committed 9856K, reserved 10624K
Event: 24.998 GC heap after
Heap after GC invocations=259 (full 41):
 def new generation   total 17920K, used 1275K [0x04c00000, 0x05f70000, 0x0a150000)
  eden space 15936K,   0% used [0x04c00000, 0x04c00000, 0x05b90000)
  from space 1984K,  64% used [0x05d80000, 0x05ebec10, 0x05f70000)
  to   space 1984K,   0% used [0x05b90000, 0x05b90000, 0x05d80000)
 tenured generation   total 39728K, used 20184K [0x0a150000, 0x0c81c000, 0x14c00000)
   the space 39728K,  50% used [0x0a150000, 0x0b506280, 0x0b506400, 0x0c81c000)
 Metaspace       used 9629K, capacity 9822K, committed 9856K, reserved 10624K
}

Deoptimization events (0 events):
No events

Classes redefined (0 events):
No events

Internal exceptions (10 events):
Event: 0.285 Thread 0x012fd400 Exception <a 'java/lang/ClassNotFoundException': javax/swing/JToolBarSeparator> (0x04f0fc70) thrown at [C:\re\workspace\8-2-build-windows-i586-cygwin\jdk8u171\10807\hotspot\src\share\vm\classfile\systemDictionary.cpp, line 210]
Event: 0.285 Thread 0x012fd400 Exception <a 'java/lang/ClassNotFoundException': ToolBarSeparator> (0x04f100c8) thrown at [C:\re\workspace\8-2-build-windows-i586-cygwin\jdk8u171\10807\hotspot\src\share\vm\classfile\systemDictionary.cpp, line 210]
Event: 0.285 Thread 0x012fd400 Exception <a 'java/lang/ClassNotFoundException': ToolTip> (0x04f107d8) thrown at [C:\re\workspace\8-2-build-windows-i586-cygwin\jdk8u171\10807\hotspot\src\share\vm\classfile\systemDictionary.cpp, line 210]
Event: 0.287 Thread 0x012fd400 Exception <a 'java/lang/ClassNotFoundException': Tree> (0x04f112c0) thrown at [C:\re\workspace\8-2-build-windows-i586-cygwin\jdk8u171\10807\hotspot\src\share\vm\classfile\systemDictionary.cpp, line 210]
Event: 0.287 Thread 0x012fd400 Exception <a 'java/lang/ClassNotFoundException': Tree> (0x04f11960) thrown at [C:\re\workspace\8-2-build-windows-i586-cygwin\jdk8u171\10807\hotspot\src\share\vm\classfile\systemDictionary.cpp, line 210]
Event: 0.287 Thread 0x012fd400 Exception <a 'java/lang/ClassNotFoundException': javax/swing/JTreeCell> (0x04f11c98) thrown at [C:\re\workspace\8-2-build-windows-i586-cygwin\jdk8u171\10807\hotspot\src\share\vm\classfile\systemDictionary.cpp, line 210]
Event: 0.287 Thread 0x012fd400 Exception <a 'java/lang/ClassNotFoundException': TreeCell> (0x04f120e0) thrown at [C:\re\workspace\8-2-build-windows-i586-cygwin\jdk8u171\10807\hotspot\src\share\vm\classfile\systemDictionary.cpp, line 210]
Event: 0.287 Thread 0x012fd400 Exception <a 'java/lang/ClassNotFoundException': RootPane> (0x04f12a58) thrown at [C:\re\workspace\8-2-build-windows-i586-cygwin\jdk8u171\10807\hotspot\src\share\vm\classfile\systemDictionary.cpp, line 210]
Event: 21.312 Thread 0x15c5a400 Exception <a 'java/io/FileNotFoundException'> (0x05686bd0) thrown at [C:\re\workspace\8-2-build-windows-i586-cygwin\jdk8u171\10807\hotspot\src\share\vm\prims\jni.cpp, line 709]
Event: 21.320 Thread 0x15c5a400 Exception <a 'java/io/FileNotFoundException'> (0x056c6e68) thrown at [C:\re\workspace\8-2-build-windows-i586-cygwin\jdk8u171\10807\hotspot\src\share\vm\prims\jni.cpp, line 709]

Events (10 events):
Event: 25.026 loading class java/util/WeakHashMap$HashIterator done
Event: 25.026 loading class java/util/WeakHashMap$KeyIterator done
Event: 25.026 Thread 0x15c5d000 Thread exited: 0x15c5d000
Event: 25.029 loading class java/lang/ProcessBuilder
Event: 25.031 loading class java/lang/ProcessBuilder done
Event: 25.032 loading class java/lang/ProcessImpl
Event: 25.032 Thread 0x159c8000 Thread exited: 0x159c8000
Event: 25.033 loading class java/lang/Process
Event: 25.033 loading class java/lang/Process done
Event: 25.033 loading class java/lang/ProcessImpl done


Dynamic libraries:
0x013c0000 - 0x013f3000 	C:\Program Files (x86)\Java\jdk1.8.0_171\jre\bin\java.exe
0x77880000 - 0x77a10000 	C:\WINDOWS\SYSTEM32\ntdll.dll
0x770c0000 - 0x771a0000 	C:\WINDOWS\System32\KERNEL32.DLL
0x76ea0000 - 0x77084000 	C:\WINDOWS\System32\KERNELBASE.dll
0x72fa0000 - 0x7303d000 	C:\WINDOWS\SYSTEM32\apphelp.dll
0x76ac0000 - 0x76b38000 	C:\WINDOWS\System32\ADVAPI32.dll
0x76c10000 - 0x76ccf000 	C:\WINDOWS\System32\msvcrt.dll
0x74340000 - 0x74384000 	C:\WINDOWS\System32\sechost.dll
0x74270000 - 0x74330000 	C:\WINDOWS\System32\RPCRT4.dll
0x74140000 - 0x74160000 	C:\WINDOWS\System32\SspiCli.dll
0x74130000 - 0x7413a000 	C:\WINDOWS\System32\CRYPTBASE.dll
0x74200000 - 0x74258000 	C:\WINDOWS\System32\bcryptPrimitives.dll
0x77450000 - 0x775dd000 	C:\WINDOWS\System32\USER32.dll
0x74600000 - 0x74617000 	C:\WINDOWS\System32\win32u.dll
0x77090000 - 0x770b2000 	C:\WINDOWS\System32\GDI32.dll
0x76d30000 - 0x76e94000 	C:\WINDOWS\System32\gdi32full.dll
0x75bd0000 - 0x75c4d000 	C:\WINDOWS\System32\msvcp_win.dll
0x76560000 - 0x7667e000 	C:\WINDOWS\System32\ucrtbase.dll
0x738d0000 - 0x73ad4000 	C:\WINDOWS\WinSxS\x86_microsoft.windows.common-controls_6595b64144ccf1df_6.0.17134.112_none_42ecccf244e44518\COMCTL32.dll
0x75970000 - 0x75bcc000 	C:\WINDOWS\System32\combase.dll
0x76530000 - 0x76556000 	C:\WINDOWS\System32\IMM32.DLL
0x72e50000 - 0x72f0f000 	C:\Program Files (x86)\Java\jdk1.8.0_171\jre\bin\msvcr100.dll
0x72a70000 - 0x72e41000 	C:\Program Files (x86)\Java\jdk1.8.0_171\jre\bin\client\jvm.dll
0x74330000 - 0x74336000 	C:\WINDOWS\System32\PSAPI.DLL
0x72a40000 - 0x72a64000 	C:\WINDOWS\SYSTEM32\WINMM.dll
0x73b40000 - 0x73b48000 	C:\WINDOWS\SYSTEM32\VERSION.dll
0x73420000 - 0x73428000 	C:\WINDOWS\SYSTEM32\WSOCK32.dll
0x76b40000 - 0x76ba7000 	C:\WINDOWS\System32\WS2_32.dll
0x72a10000 - 0x72a33000 	C:\WINDOWS\SYSTEM32\WINMMBASE.dll
0x76bb0000 - 0x76be9000 	C:\WINDOWS\System32\cfgmgr32.dll
0x72a00000 - 0x72a0c000 	C:\Program Files (x86)\Java\jdk1.8.0_171\jre\bin\verify.dll
0x729d0000 - 0x729f2000 	C:\Program Files (x86)\Java\jdk1.8.0_171\jre\bin\java.dll
0x729b0000 - 0x729c4000 	C:\Program Files (x86)\Java\jdk1.8.0_171\jre\bin\zip.dll
0x74620000 - 0x7596a000 	C:\WINDOWS\System32\SHELL32.dll
0x77670000 - 0x776f8000 	C:\WINDOWS\System32\shcore.dll
0x75f70000 - 0x7652a000 	C:\WINDOWS\System32\windows.storage.dll
0x75f20000 - 0x75f65000 	C:\WINDOWS\System32\shlwapi.dll
0x74390000 - 0x7439f000 	C:\WINDOWS\System32\kernel.appcore.dll
0x771a0000 - 0x771b8000 	C:\WINDOWS\System32\profapi.dll
0x75d30000 - 0x75d75000 	C:\WINDOWS\System32\powrprof.dll
0x76680000 - 0x76688000 	C:\WINDOWS\System32\FLTLIB.DLL
0x727f0000 - 0x72935000 	C:\Program Files (x86)\Java\jdk1.8.0_171\jre\bin\awt.dll
0x74160000 - 0x741f6000 	C:\WINDOWS\System32\OLEAUT32.dll
0x73840000 - 0x738bc000 	C:\WINDOWS\system32\uxtheme.dll
0x744b0000 - 0x745f4000 	C:\WINDOWS\System32\MSCTF.dll
0x72770000 - 0x72793000 	C:\WINDOWS\system32\dwmapi.dll
0x743a0000 - 0x7449c000 	C:\WINDOWS\System32\ole32.dll
0x72550000 - 0x72589000 	C:\Program Files (x86)\Java\jdk1.8.0_171\jre\bin\fontmanager.dll
0x725d0000 - 0x726a9000 	C:\WINDOWS\system32\opengl32.dll
0x72590000 - 0x725cf000 	C:\WINDOWS\SYSTEM32\GLU32.dll
0x6eda0000 - 0x6edc6000 	C:\Program Files (x86)\Java\jdk1.8.0_171\jre\bin\jpeg.dll
0x72990000 - 0x729a5000 	C:\Program Files (x86)\Java\jdk1.8.0_171\jre\bin\net.dll
0x733b0000 - 0x73406000 	C:\WINDOWS\system32\mswsock.dll
0x72980000 - 0x7298f000 	C:\Program Files (x86)\Java\jdk1.8.0_171\jre\bin\nio.dll
0x720c0000 - 0x720f2000 	C:\Program Files (x86)\Java\jdk1.8.0_171\jre\bin\t2k.dll
0x16880000 - 0x1a042000 	C:\Users\Alex\Desktop\facereconigtionWithRaspberry-master\appDesktop\facesdk.dll
0x73f40000 - 0x73f70000 	C:\WINDOWS\SYSTEM32\IPHLPAPI.DLL
0x727d0000 - 0x727e3000 	C:\WINDOWS\SYSTEM32\CRYPTSP.dll
0x727a0000 - 0x727cf000 	C:\WINDOWS\system32\rsaenh.dll
0x73510000 - 0x73529000 	C:\WINDOWS\SYSTEM32\bcrypt.dll
0x73b10000 - 0x73b31000 	C:\WINDOWS\SYSTEM32\USERENV.dll
0x74260000 - 0x74267000 	C:\WINDOWS\System32\NSI.dll
0x72960000 - 0x72973000 	C:\WINDOWS\SYSTEM32\dhcpcsvc6.DLL
0x72940000 - 0x72954000 	C:\WINDOWS\SYSTEM32\dhcpcsvc.DLL
0x1a5a0000 - 0x1a5f5000 	C:\Users\Alex\AppData\Local\Temp\jna7006049581474232251.dll
0x73070000 - 0x731f2000 	C:\WINDOWS\SYSTEM32\dbghelp.dll
0x724d0000 - 0x7254e000 	C:\WINDOWS\System32\TextInputFramework.dll
0x721e0000 - 0x7243d000 	C:\WINDOWS\System32\CoreUIComponents.dll
0x72440000 - 0x724cb000 	C:\WINDOWS\System32\CoreMessaging.dll
0x72100000 - 0x721d6000 	C:\WINDOWS\SYSTEM32\wintypes.dll
0x73200000 - 0x73229000 	C:\WINDOWS\SYSTEM32\ntmarta.dll
0x1aed0000 - 0x1aed7000 	C:\Program Files (x86)\Internet Download Manager\idmmkb.dll
0x70690000 - 0x706b4000 	C:\Program Files (x86)\Java\jdk1.8.0_171\jre\bin\dcpr.dll
0x73320000 - 0x733ae000 	C:\WINDOWS\SYSTEM32\DNSAPI.dll
0x73310000 - 0x73318000 	C:\Windows\System32\rasadhlp.dll
0x732c0000 - 0x7330f000 	C:\WINDOWS\System32\fwpuclnt.dll
0x72750000 - 0x72761000 	C:\WINDOWS\system32\napinsp.dll
0x72730000 - 0x72746000 	C:\WINDOWS\system32\pnrpnsp.dll
0x72710000 - 0x72723000 	C:\WINDOWS\system32\NLAapi.dll
0x72700000 - 0x7270c000 	C:\WINDOWS\System32\winrnr.dll
0x726e0000 - 0x726f1000 	C:\WINDOWS\System32\wshbth.dll

VM Arguments:
jvm_args: -Dfile.encoding=UTF-8 
java_command: liverecognition.AppFace
java_class_path (initial): C:\Users\Alex\Desktop\facereconigtionWithRaspberry-master\appDesktop\FaceSDK.jar;C:\Users\Alex\Desktop\facereconigtionWithRaspberry-master\appDesktop\jna.jar;C:\Users\Alex\Desktop\facereconigtionWithRaspberry-master\appDesktop\lib\mail.jar;C:\Users\Alex\Desktop\facereconigtionWithRaspberry-master\appDesktop\lib\swingx-1.6.1.jar;C:\Users\Alex\Desktop\facereconigtionWithRaspberry-master\appDesktop\lib\jfoenix-8.0.4.jar;C:\Users\Alex\Desktop\facereconigtionWithRaspberry-master\appDesktop\lib\twilio-java-sdk-6.3.0.jar;C:\Users\Alex\Desktop\facereconigtionWithRaspberry-master\appDesktop\lib\Java-WebSocket-1.3.8.jar;C:\Users\Alex\Desktop\facereconigtionWithRaspberry-master\appDesktop\build\classes
Launcher Type: SUN_STANDARD

Environment Variables:
PATH=C:\Program Files (x86)\Common Files\Oracle\Java\javapath;C:\Python27\;C:\Python27\Scripts;C:\WINDOWS\system32;C:\WINDOWS;C:\WINDOWS\System32\Wbem;C:\WINDOWS\System32\WindowsPowerShell\v1.0\;C:\Program Files\Git\cmd;C:\Program Files\dotnet\;C:\Program Files\Microsoft SQL Server\130\Tools\Binn\;C:\Program Files\Microsoft SQL Server\Client SDK\ODBC\130\Tools\Binn\;C:\Program Files (x86)\Microsoft SQL Server\130\Tools\Binn\;C:\Program Files\Microsoft SQL Server\130\DTS\Binn\;C:\Program Files (x86)\Microsoft SQL Server\Client SDK\ODBC\130\Tools\Binn\;C:\Program Files (x86)\Microsoft SQL Server\140\Tools\Binn\;C:\Program Files (x86)\Microsoft SQL Server\140\DTS\Binn\;C:\Program Files (x86)\Microsoft SQL Server\140\Tools\Binn\ManagementStudio\;C:\xampp\php;C:\ProgramData\ComposerSetup\bin;C:\Program Files\SlikSvn\bin;C:\Program Files\Java\apache-maven-3.5.3\bin;C:\Program Files (x86)\Java\jdk1.8.0_171;C:\Program Files (x86)\Java\jdk1.8.0_171\bin;C:\Program Files (x86)\Java\jdk1.8.0_171\lib;C:\Program Files (x86)\Java\jdk1.8.0_171\jre;C:\Program Files (x86)\Java\jdk1.8.0_171\jre\bin;C:\Program Files (x86)\Java\jdk1.8.0_171\jre\lib;C:\WINDOWS\System32\OpenSSH\;C:\Program Files (x86)\CMake\bin;C:\Program Files\nodejs\;C:\Users\Alex\AppData\Local\Microsoft\WindowsApps;C:\Users\Alex\AppData\Roaming\Composer\vendor\bin;C:\Program Files\Java\apache-maven-3.5.3\bin;;C:\Program Files\Microsoft VS Code\bin;C:\Users\Alex\AppData\Roaming\npm
USERNAME=Alex
OS=Windows_NT
PROCESSOR_IDENTIFIER=Intel64 Family 6 Model 42 Stepping 7, GenuineIntel



---------------  S Y S T E M  ---------------

OS: Windows 10.0 , 64 bit Build 17134 (10.0.17134.1)

CPU:total 4 (initial active 4) (2 cores per cpu, 2 threads per core) family 6 model 42 stepping 7, cmov, cx8, fxsr, mmx, sse, sse2, sse3, ssse3, sse4.1, sse4.2, popcnt, avx, aes, clmul, ht, tsc, tscinvbit

Memory: 4k page, physical 8294284k(3077688k free), swap 12488588k(6106940k free)

vm_info: Java HotSpot(TM) Client VM (25.171-b11) for windows-x86 JRE (1.8.0_171-b11), built on Mar 28 2018 14:51:22 by "java_re" with MS VC++ 10.0 (VS2010)

time: Thu Jun 28 08:28:55 2018
elapsed time: 25 seconds (0d 0h 0m 25s)

