#
# A fatal error has been detected by the Java Runtime Environment:
#
#  EXCEPTION_ACCESS_VIOLATION (0xc0000005) at pc=0x722c7739, pid=11996, tid=0x00000068
#
# JRE version: Java(TM) SE Runtime Environment (8.0_171-b11) (build 1.8.0_171-b11)
# Java VM: Java HotSpot(TM) Client VM (25.171-b11 mixed mode, sharing windows-x86 )
# Problematic frame:
# V  [jvm.dll+0xd7739]
#
# Failed to write core dump. Minidumps are not enabled by default on client versions of Windows
#
# If you would like to submit a bug report, please visit:
#   http://bugreport.java.com/bugreport/crash.jsp
#

---------------  T H R E A D  ---------------

Current thread (0x1a42c800):  JavaThread "Thread-588" [_thread_in_vm, id=104, stack(0x16030000,0x16080000)]

siginfo: ExceptionCode=0xc0000005, reading address 0x00000000

Registers:
EAX=0x00000000, EBX=0x15c63601, ECX=0x00000000, EDX=0x00000000
ESP=0x1607f4bc, EBP=0x1607f4c8, ESI=0x15c63670, EDI=0x1a42c800
EIP=0x722c7739, EFLAGS=0x00010202

Top of Stack: (sp=0x1607f4bc)
0x1607f4bc:   1607f5b0 00000000 15c63670 1607f7b8
0x1607f4cc:   16184228 1a42c940 15c63670 00000000
0x1607f4dc:   0228daf1 1a42c940 04678880 0228ddc1
0x1607f4ec:   0000027f 00000000 0000ffff 00000030
0x1607f4fc:   161841b7 1607f52c 156430f0 00000000
0x1607f50c:   1560ac70 00000000 1607f528 1607f558
0x1607f51c:   022847c4 04678880 0228a1e6 00000030
0x1607f52c:   161841a3 00000005 00000000 1607f530 

Instructions: (pc=0x722c7739)
0x722c7719:   1a 0a 00 33 ff eb 02 8b f9 6a 06 57 e8 b6 fc f2
0x722c7729:   ff 8b 75 0c 83 c4 08 b3 01 85 f6 74 39 8b 45 10
0x722c7739:   8b 00 50 32 db e8 1d b0 f6 ff 83 c4 04 85 c0 74
0x722c7749:   25 8b 0e 8b 49 04 8b 50 08 39 04 0a 75 04 b0 01 


Register to memory mapping:

EAX=0x00000000 is an unknown value
EBX=0x15c63601 is an unknown value
ECX=0x00000000 is an unknown value
EDX=0x00000000 is an unknown value
ESP=0x1607f4bc is pointing into the stack for thread: 0x1a42c800
EBP=0x1607f4c8 is pointing into the stack for thread: 0x1a42c800
ESI=0x15c63670 is an unknown value
EDI=0x1a42c800 is a thread


Stack: [0x16030000,0x16080000],  sp=0x1607f4bc,  free space=317k
Native frames: (J=compiled Java code, j=interpreted, Vv=VM code, C=native code)
V  [jvm.dll+0xd7739]
C  [jna4538627728972639698.dll+0x4228]
C  [jna4538627728972639698.dll+0x4d0e]
j  com.sun.jna.Native.invokeInt(JI[Ljava/lang/Object;)I+0
j  com.sun.jna.Function.invoke([Ljava/lang/Object;Ljava/lang/Class;Z)Ljava/lang/Object;+333
J 353 C1 com.sun.jna.Function.invoke(Ljava/lang/Class;[Ljava/lang/Object;Ljava/util/Map;)Ljava/lang/Object; (526 bytes) @ 0x023aae18 [0x023aa990+0x488]
j  com.sun.jna.Library$Handler.invoke(Ljava/lang/Object;Ljava/lang/reflect/Method;[Ljava/lang/Object;)Ljava/lang/Object;+341
j  Luxand.$Proxy0.FSDK_LoadImageFromBuffer(Lcom/sun/jna/ptr/IntByReference;[BIIII)I+52
J 300 C1 Luxand.FSDK.LoadImageFromAWTImage(LLuxand/FSDK$HImage;Ljava/awt/Image;I)I (456 bytes) @ 0x0239390c [0x02392fc0+0x94c]
j  liverecognition.AppFace$12.run()V+28
v  ~StubRoutines::call_stub
V  [jvm.dll+0x15b985]
V  [jvm.dll+0x22262e]
V  [jvm.dll+0x15ba1e]
V  [jvm.dll+0x15bba6]
V  [jvm.dll+0x15bc17]
V  [jvm.dll+0xffb3f]
V  [jvm.dll+0x17eb50]
V  [jvm.dll+0x17f3ca]
V  [jvm.dll+0x1c3fe6]
C  [msvcr100.dll+0x5c556]
C  [msvcr100.dll+0x5c600]
C  [KERNEL32.DLL+0x18484]
C  [ntdll.dll+0x62fea]
C  [ntdll.dll+0x62fba]
C  0x00000000

Java frames: (J=compiled Java code, j=interpreted, Vv=VM code)
j  com.sun.jna.Native.invokeInt(JI[Ljava/lang/Object;)I+0
j  com.sun.jna.Function.invoke([Ljava/lang/Object;Ljava/lang/Class;Z)Ljava/lang/Object;+333
J 353 C1 com.sun.jna.Function.invoke(Ljava/lang/Class;[Ljava/lang/Object;Ljava/util/Map;)Ljava/lang/Object; (526 bytes) @ 0x023aae18 [0x023aa990+0x488]
j  com.sun.jna.Library$Handler.invoke(Ljava/lang/Object;Ljava/lang/reflect/Method;[Ljava/lang/Object;)Ljava/lang/Object;+341
j  Luxand.$Proxy0.FSDK_LoadImageFromBuffer(Lcom/sun/jna/ptr/IntByReference;[BIIII)I+52
J 300 C1 Luxand.FSDK.LoadImageFromAWTImage(LLuxand/FSDK$HImage;Ljava/awt/Image;I)I (456 bytes) @ 0x0239390c [0x02392fc0+0x94c]
j  liverecognition.AppFace$12.run()V+28
v  ~StubRoutines::call_stub

---------------  P R O C E S S  ---------------

Java Threads: ( => current thread )
  0x1a42d000 JavaThread "Thread-0" daemon [_thread_in_native, id=9556, stack(0x1fed0000,0x1ff20000)]
=>0x1a42c800 JavaThread "Thread-588" [_thread_in_vm, id=104, stack(0x16030000,0x16080000)]
  0x1a422000 JavaThread "WebSocketTimer" [_thread_blocked, id=12632, stack(0x1fd60000,0x1fdb0000)]
  0x1a416400 JavaThread "WebSocketWriteThread-19" [_thread_blocked, id=10728, stack(0x1f3d0000,0x1f420000)]
  0x1a3e4400 JavaThread "WebSocketConnectReadThread-18" [_thread_in_native, id=7396, stack(0x1f2c0000,0x1f310000)]
  0x1a3e3c00 JavaThread "Thread-3" [_thread_in_native, id=2176, stack(0x1f230000,0x1f280000)]
  0x020cd400 JavaThread "DestroyJavaVM" [_thread_blocked, id=12404, stack(0x020d0000,0x02120000)]
  0x15c86800 JavaThread "AWT-EventQueue-0" [_thread_blocked, id=1900, stack(0x15fa0000,0x15ff0000)]
  0x15c73800 JavaThread "AWT-Shutdown" [_thread_blocked, id=12392, stack(0x15d70000,0x15dc0000)]
  0x15c73000 JavaThread "Java2D Disposer" daemon [_thread_blocked, id=4160, stack(0x15560000,0x155b0000)]
  0x02238400 JavaThread "Service Thread" daemon [_thread_blocked, id=3772, stack(0x15330000,0x15380000)]
  0x02212000 JavaThread "C1 CompilerThread0" daemon [_thread_blocked, id=13100, stack(0x152a0000,0x152f0000)]
  0x02211000 JavaThread "Attach Listener" daemon [_thread_blocked, id=2940, stack(0x15210000,0x15260000)]
  0x0220f000 JavaThread "Signal Dispatcher" daemon [_thread_blocked, id=9788, stack(0x15180000,0x151d0000)]
  0x02205c00 JavaThread "Finalizer" daemon [_thread_blocked, id=3300, stack(0x15010000,0x15060000)]
  0x021a7c00 JavaThread "Reference Handler" daemon [_thread_blocked, id=4048, stack(0x14930000,0x14980000)]

Other Threads:
  0x021a4800 VMThread [stack: 0x148a0000,0x148f0000] [id=6316]
  0x02248800 WatcherThread [stack: 0x153c0000,0x15410000] [id=1316]

VM state:not at safepoint (normal execution)

VM Mutex/Monitor currently owned by a thread: None

Heap:
 def new generation   total 4992K, used 3218K [0x04400000, 0x04960000, 0x09950000)
  eden space 4480K,  64% used [0x04400000, 0x046d5c80, 0x04860000)
  from space 512K,  61% used [0x04860000, 0x048aeb88, 0x048e0000)
  to   space 512K,   0% used [0x048e0000, 0x048e0000, 0x04960000)
 tenured generation   total 10944K, used 9250K [0x09950000, 0x0a400000, 0x14400000)
   the space 10944K,  84% used [0x09950000, 0x0a258a18, 0x0a258c00, 0x0a400000)
 Metaspace       used 2157K, capacity 2949K, committed 3008K, reserved 4480K

Card table byte_map: [0x04300000,0x04390000] byte_map_base: 0x042de000

Polling page: 0x02120000

CodeCache: size=32768Kb used=1355Kb max_used=1355Kb free=31412Kb
 bounds [0x02280000, 0x023d8000, 0x04280000]
 total_blobs=693 nmethods=441 adapters=183
 compilation: enabled

Compilation events (10 events):
Event: 18.359 Thread 0x02212000  440   !         java.lang.ref.Finalizer::remove (94 bytes)
Event: 18.360 Thread 0x02212000 nmethod 440 0x023d1d08 code [0x023d1e10, 0x023d20b0]
Event: 18.360 Thread 0x02212000  441             java.lang.System$2::invokeFinalize (5 bytes)
Event: 18.360 Thread 0x02212000 nmethod 441 0x023d21c8 code [0x023d22d0, 0x023d236c]
Event: 18.456 Thread 0x02212000  442             java.io.RandomAccessFile::seek (22 bytes)
Event: 18.456 Thread 0x02212000 nmethod 442 0x023d23c8 code [0x023d24e0, 0x023d2608]
Event: 18.953 Thread 0x02212000  443             java.util.LinkedList$Node::<init> (20 bytes)
Event: 18.953 Thread 0x02212000 nmethod 443 0x023d26c8 code [0x023d27c0, 0x023d2870]
Event: 19.365 Thread 0x02212000  445             java.util.HashMap$ValueIterator::next (8 bytes)
Event: 19.365 Thread 0x02212000 nmethod 445 0x023d2b48 code [0x023d2c50, 0x023d2cec]

GC Heap History (10 events):
Event: 18.613 GC heap before
{Heap before GC invocations=110 (full 16):
 def new generation   total 4992K, used 4422K [0x04400000, 0x04960000, 0x09950000)
  eden space 4480K,  98% used [0x04400000, 0x04851a08, 0x04860000)
  from space 512K,   0% used [0x048e0000, 0x048e0000, 0x04960000)
  to   space 512K,   0% used [0x04860000, 0x04860000, 0x048e0000)
 tenured generation   total 10944K, used 5397K [0x09950000, 0x0a400000, 0x14400000)
   the space 10944K,  49% used [0x09950000, 0x09e957e0, 0x09e95800, 0x0a400000)
 Metaspace       used 2133K, capacity 2949K, committed 3008K, reserved 4480K
Event: 18.613 GC heap after
Heap after GC invocations=111 (full 16):
 def new generation   total 4992K, used 312K [0x04400000, 0x04960000, 0x09950000)
  eden space 4480K,   0% used [0x04400000, 0x04400000, 0x04860000)
  from space 512K,  61% used [0x04860000, 0x048ae220, 0x048e0000)
  to   space 512K,   0% used [0x048e0000, 0x048e0000, 0x04960000)
 tenured generation   total 10944K, used 5998K [0x09950000, 0x0a400000, 0x14400000)
   the space 10944K,  54% used [0x09950000, 0x09f2b800, 0x09f2b800, 0x0a400000)
 Metaspace       used 2133K, capacity 2949K, committed 3008K, reserved 4480K
}
Event: 18.849 GC heap before
{Heap before GC invocations=111 (full 16):
 def new generation   total 4992K, used 4600K [0x04400000, 0x04960000, 0x09950000)
  eden space 4480K,  95% used [0x04400000, 0x048300a0, 0x04860000)
  from space 512K,  61% used [0x04860000, 0x048ae220, 0x048e0000)
  to   space 512K,   0% used [0x048e0000, 0x048e0000, 0x04960000)
 tenured generation   total 10944K, used 5998K [0x09950000, 0x0a400000, 0x14400000)
   the space 10944K,  54% used [0x09950000, 0x09f2b800, 0x09f2b800, 0x0a400000)
 Metaspace       used 2133K, capacity 2949K, committed 3008K, reserved 4480K
Event: 18.850 GC heap after
Heap after GC invocations=112 (full 16):
 def new generation   total 4992K, used 338K [0x04400000, 0x04960000, 0x09950000)
  eden space 4480K,   0% used [0x04400000, 0x04400000, 0x04860000)
  from space 512K,  66% used [0x048e0000, 0x049348b8, 0x04960000)
  to   space 512K,   0% used [0x04860000, 0x04860000, 0x048e0000)
 tenured generation   total 10944K, used 6906K [0x09950000, 0x0a400000, 0x14400000)
   the space 10944K,  63% used [0x09950000, 0x0a00eb60, 0x0a00ec00, 0x0a400000)
 Metaspace       used 2133K, capacity 2949K, committed 3008K, reserved 4480K
}
Event: 18.966 GC heap before
{Heap before GC invocations=112 (full 16):
 def new generation   total 4992K, used 4818K [0x04400000, 0x04960000, 0x09950000)
  eden space 4480K, 100% used [0x04400000, 0x04860000, 0x04860000)
  from space 512K,  66% used [0x048e0000, 0x049348b8, 0x04960000)
  to   space 512K,   0% used [0x04860000, 0x04860000, 0x048e0000)
 tenured generation   total 10944K, used 6906K [0x09950000, 0x0a400000, 0x14400000)
   the space 10944K,  63% used [0x09950000, 0x0a00eb60, 0x0a00ec00, 0x0a400000)
 Metaspace       used 2133K, capacity 2949K, committed 3008K, reserved 4480K
Event: 18.967 GC heap after
Heap after GC invocations=113 (full 16):
 def new generation   total 4992K, used 241K [0x04400000, 0x04960000, 0x09950000)
  eden space 4480K,   0% used [0x04400000, 0x04400000, 0x04860000)
  from space 512K,  47% used [0x04860000, 0x0489c610, 0x048e0000)
  to   space 512K,   0% used [0x048e0000, 0x048e0000, 0x04960000)
 tenured generation   total 10944K, used 7816K [0x09950000, 0x0a400000, 0x14400000)
   the space 10944K,  71% used [0x09950000, 0x0a0f20c8, 0x0a0f2200, 0x0a400000)
 Metaspace       used 2133K, capacity 2949K, committed 3008K, reserved 4480K
}
Event: 19.132 GC heap before
{Heap before GC invocations=113 (full 16):
 def new generation   total 4992K, used 4522K [0x04400000, 0x04960000, 0x09950000)
  eden space 4480K,  95% used [0x04400000, 0x0482e3d8, 0x04860000)
  from space 512K,  47% used [0x04860000, 0x0489c610, 0x048e0000)
  to   space 512K,   0% used [0x048e0000, 0x048e0000, 0x04960000)
 tenured generation   total 10944K, used 7816K [0x09950000, 0x0a400000, 0x14400000)
   the space 10944K,  71% used [0x09950000, 0x0a0f20c8, 0x0a0f2200, 0x0a400000)
 Metaspace       used 2133K, capacity 2949K, committed 3008K, reserved 4480K
Event: 19.133 GC heap after
Heap after GC invocations=114 (full 16):
 def new generation   total 4992K, used 321K [0x04400000, 0x04960000, 0x09950000)
  eden space 4480K,   0% used [0x04400000, 0x04400000, 0x04860000)
  from space 512K,  62% used [0x048e0000, 0x049304f8, 0x04960000)
  to   space 512K,   0% used [0x04860000, 0x04860000, 0x048e0000)
 tenured generation   total 10944K, used 8641K [0x09950000, 0x0a400000, 0x14400000)
   the space 10944K,  78% used [0x09950000, 0x0a1c04f8, 0x0a1c0600, 0x0a400000)
 Metaspace       used 2133K, capacity 2949K, committed 3008K, reserved 4480K
}
Event: 19.234 GC heap before
{Heap before GC invocations=114 (full 16):
 def new generation   total 4992K, used 4735K [0x04400000, 0x04960000, 0x09950000)
  eden space 4480K,  98% used [0x04400000, 0x0484f938, 0x04860000)
  from space 512K,  62% used [0x048e0000, 0x049304f8, 0x04960000)
  to   space 512K,   0% used [0x04860000, 0x04860000, 0x048e0000)
 tenured generation   total 10944K, used 8641K [0x09950000, 0x0a400000, 0x14400000)
   the space 10944K,  78% used [0x09950000, 0x0a1c04f8, 0x0a1c0600, 0x0a400000)
 Metaspace       used 2133K, capacity 2949K, committed 3008K, reserved 4480K
Event: 19.234 GC heap after
Heap after GC invocations=115 (full 16):
 def new generation   total 4992K, used 314K [0x04400000, 0x04960000, 0x09950000)
  eden space 4480K,   0% used [0x04400000, 0x04400000, 0x04860000)
  from space 512K,  61% used [0x04860000, 0x048aeb88, 0x048e0000)
  to   space 512K,   0% used [0x048e0000, 0x048e0000, 0x04960000)
 tenured generation   total 10944K, used 9250K [0x09950000, 0x0a400000, 0x14400000)
   the space 10944K,  84% used [0x09950000, 0x0a258a18, 0x0a258c00, 0x0a400000)
 Metaspace       used 2133K, capacity 2949K, committed 3008K, reserved 4480K
}

Deoptimization events (0 events):
No events

Classes redefined (0 events):
No events

Internal exceptions (10 events):
Event: 0.199 Thread 0x020cd400 Exception <a 'java/lang/ClassNotFoundException': ToolBar> (0x04710c70) thrown at [C:\re\workspace\8-2-build-windows-i586-cygwin\jdk8u171\10807\hotspot\src\share\vm\classfile\systemDictionary.cpp, line 210]
Event: 0.199 Thread 0x020cd400 Exception <a 'java/lang/ClassNotFoundException': ToggleButton> (0x047111b8) thrown at [C:\re\workspace\8-2-build-windows-i586-cygwin\jdk8u171\10807\hotspot\src\share\vm\classfile\systemDictionary.cpp, line 210]
Event: 0.199 Thread 0x020cd400 Exception <a 'java/lang/ClassNotFoundException': javax/swing/JToolBarSeparator> (0x047115c0) thrown at [C:\re\workspace\8-2-build-windows-i586-cygwin\jdk8u171\10807\hotspot\src\share\vm\classfile\systemDictionary.cpp, line 210]
Event: 0.199 Thread 0x020cd400 Exception <a 'java/lang/ClassNotFoundException': ToolBarSeparator> (0x04711a18) thrown at [C:\re\workspace\8-2-build-windows-i586-cygwin\jdk8u171\10807\hotspot\src\share\vm\classfile\systemDictionary.cpp, line 210]
Event: 0.199 Thread 0x020cd400 Exception <a 'java/lang/ClassNotFoundException': ToolTip> (0x047120e8) thrown at [C:\re\workspace\8-2-build-windows-i586-cygwin\jdk8u171\10807\hotspot\src\share\vm\classfile\systemDictionary.cpp, line 210]
Event: 0.199 Thread 0x020cd400 Exception <a 'java/lang/ClassNotFoundException': Tree> (0x04712bd0) thrown at [C:\re\workspace\8-2-build-windows-i586-cygwin\jdk8u171\10807\hotspot\src\share\vm\classfile\systemDictionary.cpp, line 210]
Event: 0.199 Thread 0x020cd400 Exception <a 'java/lang/ClassNotFoundException': Tree> (0x04713270) thrown at [C:\re\workspace\8-2-build-windows-i586-cygwin\jdk8u171\10807\hotspot\src\share\vm\classfile\systemDictionary.cpp, line 210]
Event: 0.199 Thread 0x020cd400 Exception <a 'java/lang/ClassNotFoundException': javax/swing/JTreeCell> (0x047135a8) thrown at [C:\re\workspace\8-2-build-windows-i586-cygwin\jdk8u171\10807\hotspot\src\share\vm\classfile\systemDictionary.cpp, line 210]
Event: 0.199 Thread 0x020cd400 Exception <a 'java/lang/ClassNotFoundException': TreeCell> (0x047139f0) thrown at [C:\re\workspace\8-2-build-windows-i586-cygwin\jdk8u171\10807\hotspot\src\share\vm\classfile\systemDictionary.cpp, line 210]
Event: 0.199 Thread 0x020cd400 Exception <a 'java/lang/ClassNotFoundException': RootPane> (0x04714368) thrown at [C:\re\workspace\8-2-build-windows-i586-cygwin\jdk8u171\10807\hotspot\src\share\vm\classfile\systemDictionary.cpp, line 210]

Events (10 events):
Event: 19.374 Thread 0x1a42bc00 Thread added: 0x1a42bc00
Event: 19.374 Thread 0x1a42d000 Thread added: 0x1a42d000
Event: 19.374 Thread 0x1a42b400 Thread added: 0x1a42b400
Event: 19.374 Thread 0x1a42b000 Thread added: 0x1a42b000
Event: 19.374 Thread 0x1a42b400 Thread exited: 0x1a42b400
Event: 19.374 loading class java/util/WeakHashMap$KeyIterator
Event: 19.375 loading class java/util/WeakHashMap$HashIterator
Event: 19.375 loading class java/util/WeakHashMap$HashIterator done
Event: 19.375 loading class java/util/WeakHashMap$KeyIterator done
Event: 19.375 Thread 0x1a42b000 Thread exited: 0x1a42b000


Dynamic libraries:
0x000f0000 - 0x00123000 	C:\Program Files (x86)\Java\jdk1.8.0_171\jre\bin\java.exe
0x76f80000 - 0x77110000 	C:\WINDOWS\SYSTEM32\ntdll.dll
0x73860000 - 0x73940000 	C:\WINDOWS\System32\KERNEL32.DLL
0x757e0000 - 0x759c4000 	C:\WINDOWS\System32\KERNELBASE.dll
0x72720000 - 0x727bd000 	C:\WINDOWS\SYSTEM32\apphelp.dll
0x75ac0000 - 0x75b38000 	C:\WINDOWS\System32\ADVAPI32.dll
0x73d70000 - 0x73e2f000 	C:\WINDOWS\System32\msvcrt.dll
0x76450000 - 0x76494000 	C:\WINDOWS\System32\sechost.dll
0x75da0000 - 0x75e60000 	C:\WINDOWS\System32\RPCRT4.dll
0x73840000 - 0x73860000 	C:\WINDOWS\System32\SspiCli.dll
0x73830000 - 0x7383a000 	C:\WINDOWS\System32\CRYPTBASE.dll
0x764a0000 - 0x764f8000 	C:\WINDOWS\System32\bcryptPrimitives.dll
0x75ed0000 - 0x7605d000 	C:\WINDOWS\System32\USER32.dll
0x73c70000 - 0x73c87000 	C:\WINDOWS\System32\win32u.dll
0x76590000 - 0x765b2000 	C:\WINDOWS\System32\GDI32.dll
0x739b0000 - 0x73b14000 	C:\WINDOWS\System32\gdi32full.dll
0x76c70000 - 0x76ced000 	C:\WINDOWS\System32\msvcp_win.dll
0x76060000 - 0x7617e000 	C:\WINDOWS\System32\ucrtbase.dll
0x72d80000 - 0x72f84000 	C:\WINDOWS\WinSxS\x86_microsoft.windows.common-controls_6595b64144ccf1df_6.0.17134.112_none_42ecccf244e44518\COMCTL32.dll
0x75b40000 - 0x75d9c000 	C:\WINDOWS\System32\combase.dll
0x757b0000 - 0x757d6000 	C:\WINDOWS\System32\IMM32.DLL
0x725d0000 - 0x7268f000 	C:\Program Files (x86)\Java\jdk1.8.0_171\jre\bin\msvcr100.dll
0x721f0000 - 0x725c1000 	C:\Program Files (x86)\Java\jdk1.8.0_171\jre\bin\client\jvm.dll
0x759e0000 - 0x759e6000 	C:\WINDOWS\System32\PSAPI.DLL
0x73740000 - 0x73748000 	C:\WINDOWS\SYSTEM32\WSOCK32.dll
0x721c0000 - 0x721e4000 	C:\WINDOWS\SYSTEM32\WINMM.dll
0x733c0000 - 0x733c8000 	C:\WINDOWS\SYSTEM32\VERSION.dll
0x75e60000 - 0x75ec7000 	C:\WINDOWS\System32\WS2_32.dll
0x72190000 - 0x721b3000 	C:\WINDOWS\SYSTEM32\WINMMBASE.dll
0x76b90000 - 0x76bc9000 	C:\WINDOWS\System32\cfgmgr32.dll
0x72180000 - 0x7218c000 	C:\Program Files (x86)\Java\jdk1.8.0_171\jre\bin\verify.dll
0x72150000 - 0x72172000 	C:\Program Files (x86)\Java\jdk1.8.0_171\jre\bin\java.dll
0x72130000 - 0x72144000 	C:\Program Files (x86)\Java\jdk1.8.0_171\jre\bin\zip.dll
0x74450000 - 0x7579a000 	C:\WINDOWS\System32\SHELL32.dll
0x73e90000 - 0x73f18000 	C:\WINDOWS\System32\shcore.dll
0x765c0000 - 0x76b7a000 	C:\WINDOWS\System32\windows.storage.dll
0x73f20000 - 0x73f65000 	C:\WINDOWS\System32\shlwapi.dll
0x76b80000 - 0x76b8f000 	C:\WINDOWS\System32\kernel.appcore.dll
0x743a0000 - 0x743b8000 	C:\WINDOWS\System32\profapi.dll
0x73e30000 - 0x73e75000 	C:\WINDOWS\System32\powrprof.dll
0x73e80000 - 0x73e88000 	C:\WINDOWS\System32\FLTLIB.DLL
0x71f70000 - 0x720b5000 	C:\Program Files (x86)\Java\jdk1.8.0_171\jre\bin\awt.dll
0x76bd0000 - 0x76c66000 	C:\WINDOWS\System32\OLEAUT32.dll
0x72cf0000 - 0x72d6c000 	C:\WINDOWS\system32\uxtheme.dll
0x73b20000 - 0x73c64000 	C:\WINDOWS\System32\MSCTF.dll
0x71ea0000 - 0x71ec3000 	C:\WINDOWS\system32\dwmapi.dll
0x76350000 - 0x7644c000 	C:\WINDOWS\System32\ole32.dll
0x71c80000 - 0x71cb9000 	C:\Program Files (x86)\Java\jdk1.8.0_171\jre\bin\fontmanager.dll
0x71d90000 - 0x71e69000 	C:\WINDOWS\system32\opengl32.dll
0x71d50000 - 0x71d8f000 	C:\WINDOWS\SYSTEM32\GLU32.dll
0x65a60000 - 0x65a86000 	C:\Program Files (x86)\Java\jdk1.8.0_171\jre\bin\jpeg.dll
0x72110000 - 0x72125000 	C:\Program Files (x86)\Java\jdk1.8.0_171\jre\bin\net.dll
0x736d0000 - 0x73726000 	C:\WINDOWS\system32\mswsock.dll
0x72100000 - 0x7210f000 	C:\Program Files (x86)\Java\jdk1.8.0_171\jre\bin\nio.dll
0x71660000 - 0x71692000 	C:\Program Files (x86)\Java\jdk1.8.0_171\jre\bin\t2k.dll
0x16c00000 - 0x1a3c2000 	D:\development\App Java\face\facewithRaspberry\appDesktop\facesdk.dll
0x73610000 - 0x73640000 	C:\WINDOWS\SYSTEM32\IPHLPAPI.DLL
0x71f00000 - 0x71f13000 	C:\WINDOWS\SYSTEM32\CRYPTSP.dll
0x71ed0000 - 0x71eff000 	C:\WINDOWS\system32\rsaenh.dll
0x73590000 - 0x735a9000 	C:\WINDOWS\SYSTEM32\bcrypt.dll
0x73390000 - 0x733b1000 	C:\WINDOWS\SYSTEM32\USERENV.dll
0x73940000 - 0x73947000 	C:\WINDOWS\System32\NSI.dll
0x720e0000 - 0x720f3000 	C:\WINDOWS\SYSTEM32\dhcpcsvc6.DLL
0x720c0000 - 0x720d4000 	C:\WINDOWS\SYSTEM32\dhcpcsvc.DLL
0x16180000 - 0x161d5000 	C:\Users\Alex\AppData\Local\Temp\jna4538627728972639698.dll
0x658d0000 - 0x65a52000 	C:\WINDOWS\SYSTEM32\dbghelp.dll
0x71a70000 - 0x71aee000 	C:\WINDOWS\System32\TextInputFramework.dll
0x71810000 - 0x71a6d000 	C:\WINDOWS\System32\CoreUIComponents.dll
0x71780000 - 0x7180b000 	C:\WINDOWS\System32\CoreMessaging.dll
0x716a0000 - 0x71776000 	C:\WINDOWS\SYSTEM32\wintypes.dll
0x72980000 - 0x729a9000 	C:\WINDOWS\SYSTEM32\ntmarta.dll
0x161f0000 - 0x161f7000 	C:\Program Files (x86)\Internet Download Manager\idmmkb.dll
0x714b0000 - 0x714d4000 	C:\Program Files (x86)\Java\jdk1.8.0_171\jre\bin\dcpr.dll

VM Arguments:
jvm_args: -Dfile.encoding=UTF-8 
java_command: liverecognition.AppFace
java_class_path (initial): D:\development\App Java\face\facewithRaspberry\appDesktop\FaceSDK.jar;D:\development\App Java\face\facewithRaspberry\appDesktop\jna.jar;D:\development\App Java\face\facewithRaspberry\appDesktop\lib\mail.jar;D:\development\App Java\face\facewithRaspberry\appDesktop\lib\swingx-1.6.1.jar;D:\development\App Java\face\facewithRaspberry\appDesktop\lib\jfoenix-8.0.4.jar;D:\development\App Java\face\facewithRaspberry\appDesktop\lib\twilio-java-sdk-6.3.0.jar;D:\development\App Java\face\facewithRaspberry\appDesktop\lib\Java-WebSocket-1.3.8.jar;D:\development\App Java\face\facewithRaspberry\appDesktop\build\classes
Launcher Type: SUN_STANDARD

Environment Variables:
PATH=C:\Program Files (x86)\Common Files\Oracle\Java\javapath;C:\Python27\;C:\Python27\Scripts;C:\WINDOWS\system32;C:\WINDOWS;C:\WINDOWS\System32\Wbem;C:\WINDOWS\System32\WindowsPowerShell\v1.0\;C:\Program Files\Git\cmd;C:\Program Files\dotnet\;C:\Program Files\Microsoft SQL Server\130\Tools\Binn\;C:\Program Files\Microsoft SQL Server\Client SDK\ODBC\130\Tools\Binn\;C:\Program Files (x86)\Microsoft SQL Server\130\Tools\Binn\;C:\Program Files\Microsoft SQL Server\130\DTS\Binn\;C:\Program Files (x86)\Microsoft SQL Server\Client SDK\ODBC\130\Tools\Binn\;C:\Program Files (x86)\Microsoft SQL Server\140\Tools\Binn\;C:\Program Files (x86)\Microsoft SQL Server\140\DTS\Binn\;C:\Program Files (x86)\Microsoft SQL Server\140\Tools\Binn\ManagementStudio\;C:\xampp\php;C:\ProgramData\ComposerSetup\bin;C:\Program Files\SlikSvn\bin;C:\Program Files\Java\apache-maven-3.5.3\bin;C:\Program Files (x86)\Java\jdk1.8.0_171;C:\Program Files (x86)\Java\jdk1.8.0_171\bin;C:\Program Files (x86)\Java\jdk1.8.0_171\lib;C:\Program Files (x86)\Java\jdk1.8.0_171\jre;C:\Program Files (x86)\Java\jdk1.8.0_171\jre\bin;C:\Program Files (x86)\Java\jdk1.8.0_171\jre\lib;C:\WINDOWS\System32\OpenSSH\;C:\Program Files (x86)\CMake\bin;C:\Program Files\nodejs\;C:\Users\Alex\AppData\Local\Microsoft\WindowsApps;C:\Users\Alex\AppData\Roaming\Composer\vendor\bin;C:\Program Files\Java\apache-maven-3.5.3\bin;;C:\Program Files\Microsoft VS Code\bin;C:\Users\Alex\AppData\Roaming\npm
USERNAME=Alex
OS=Windows_NT
PROCESSOR_IDENTIFIER=Intel64 Family 6 Model 42 Stepping 7, GenuineIntel



---------------  S Y S T E M  ---------------

OS: Windows 10.0 , 64 bit Build 17134 (10.0.17134.1)

CPU:total 4 (initial active 4) (2 cores per cpu, 2 threads per core) family 6 model 42 stepping 7, cmov, cx8, fxsr, mmx, sse, sse2, sse3, ssse3, sse4.1, sse4.2, popcnt, avx, aes, clmul, ht, tsc, tscinvbit

Memory: 4k page, physical 8294284k(2918404k free), swap 12750732k(4676356k free)

vm_info: Java HotSpot(TM) Client VM (25.171-b11) for windows-x86 JRE (1.8.0_171-b11), built on Mar 28 2018 14:51:22 by "java_re" with MS VC++ 10.0 (VS2010)

time: Wed Jun 27 02:46:55 2018
elapsed time: 19 seconds (0d 0h 0m 19s)

