#
# A fatal error has been detected by the Java Runtime Environment:
#
#  EXCEPTION_ACCESS_VIOLATION (0xc0000005) at pc=0x722c7739, pid=1192, tid=0x00003060
#
# JRE version: Java(TM) SE Runtime Environment (8.0_171-b11) (build 1.8.0_171-b11)
# Java VM: Java HotSpot(TM) Client VM (25.171-b11 mixed mode, sharing windows-x86 )
# Problematic frame:
# V  [jvm.dll+0xd7739]
#
# Failed to write core dump. Minidumps are not enabled by default on client versions of Windows
#
# If you would like to submit a bug report, please visit:
#   http://bugreport.java.com/bugreport/crash.jsp
#

---------------  T H R E A D  ---------------

Current thread (0x16eebc00):  JavaThread "Thread-10688" [_thread_in_vm, id=12384, stack(0x00a50000,0x00aa0000)]

siginfo: ExceptionCode=0xc0000005, reading address 0x00000000

Registers:
EAX=0x00000000, EBX=0x16e6e401, ECX=0x00000000, EDX=0x00000000
ESP=0x00a9ef7c, EBP=0x00a9ef88, ESI=0x16e6e4f0, EDI=0x16eebc00
EIP=0x722c7739, EFLAGS=0x00010206

Top of Stack: (sp=0x00a9ef7c)
0x00a9ef7c:   00a9f070 00000000 16e6e4f0 00a9f278
0x00a9ef8c:   1add4228 16eebd40 16e6e4f0 00000000
0x00a9ef9c:   00a9efb4 722bd468 00000001 00000001
0x00a9efac:   7226d1d8 00a9f398 00a9efc8 00000030
0x00a9efbc:   1add41b7 16eebc00 00a9f398 00a9efdc
0x00a9efcc:   00a9efdc 00a9f398 7233fc89 15642bf8
0x00a9efdc:   00a9eff4 723401c2 15642bf8 00000030
0x00a9efec:   1add41a3 15642bf8 00a9f00c 72272ea1 

Instructions: (pc=0x722c7739)
0x722c7719:   1a 0a 00 33 ff eb 02 8b f9 6a 06 57 e8 b6 fc f2
0x722c7729:   ff 8b 75 0c 83 c4 08 b3 01 85 f6 74 39 8b 45 10
0x722c7739:   8b 00 50 32 db e8 1d b0 f6 ff 83 c4 04 85 c0 74
0x722c7749:   25 8b 0e 8b 49 04 8b 50 08 39 04 0a 75 04 b0 01 


Register to memory mapping:

EAX=0x00000000 is an unknown value
EBX=0x16e6e401 is an unknown value
ECX=0x00000000 is an unknown value
EDX=0x00000000 is an unknown value
ESP=0x00a9ef7c is pointing into the stack for thread: 0x16eebc00
EBP=0x00a9ef88 is pointing into the stack for thread: 0x16eebc00
ESI=0x16e6e4f0 is an unknown value
EDI=0x16eebc00 is a thread


Stack: [0x00a50000,0x00aa0000],  sp=0x00a9ef7c,  free space=315k
Native frames: (J=compiled Java code, j=interpreted, Vv=VM code, C=native code)
V  [jvm.dll+0xd7739]
C  [jna6321589936214262570.dll+0x4228]
C  [jna6321589936214262570.dll+0x4d0e]
J 574  com.sun.jna.Native.invokeInt(JI[Ljava/lang/Object;)I (0 bytes) @ 0x028bb306 [0x028bb260+0xa6]
J 580 C1 com.sun.jna.Function.invoke([Ljava/lang/Object;Ljava/lang/Class;Z)Ljava/lang/Object; (1154 bytes) @ 0x028bec84 [0x028bd0b0+0x1bd4]
J 383 C1 com.sun.jna.Function.invoke(Ljava/lang/Class;[Ljava/lang/Object;Ljava/util/Map;)Ljava/lang/Object; (526 bytes) @ 0x02871d98 [0x02871910+0x488]
J 539 C1 com.sun.jna.Library$Handler.invoke(Ljava/lang/Object;Ljava/lang/reflect/Method;[Ljava/lang/Object;)Ljava/lang/Object; (345 bytes) @ 0x028ae94c [0x028ae110+0x83c]
j  Luxand.$Proxy0.FSDK_LoadImageFromBuffer(Lcom/sun/jna/ptr/IntByReference;[BIIII)I+52
J 344 C1 Luxand.FSDK.LoadImageFromAWTImage(LLuxand/FSDK$HImage;Ljava/awt/Image;I)I (456 bytes) @ 0x02865f0c [0x028655c0+0x94c]
J 1594 C1 liverecognition.AppFace$12.run()V (720 bytes) @ 0x0297c5b8 [0x0297c4f0+0xc8]
v  ~StubRoutines::call_stub
V  [jvm.dll+0x15b985]
V  [jvm.dll+0x22262e]
V  [jvm.dll+0x15ba1e]
V  [jvm.dll+0x15bba6]
V  [jvm.dll+0x15bc17]
V  [jvm.dll+0xffb3f]
V  [jvm.dll+0x17eb50]
V  [jvm.dll+0x17f3ca]
V  [jvm.dll+0x1c3fe6]
C  [msvcr100.dll+0x5c556]
C  [msvcr100.dll+0x5c600]
C  [KERNEL32.DLL+0x18484]
C  [ntdll.dll+0x62fea]
C  [ntdll.dll+0x62fba]
C  0x00000000

Java frames: (J=compiled Java code, j=interpreted, Vv=VM code)
J 574  com.sun.jna.Native.invokeInt(JI[Ljava/lang/Object;)I (0 bytes) @ 0x028bb2c2 [0x028bb260+0x62]
J 580 C1 com.sun.jna.Function.invoke([Ljava/lang/Object;Ljava/lang/Class;Z)Ljava/lang/Object; (1154 bytes) @ 0x028bec84 [0x028bd0b0+0x1bd4]
J 383 C1 com.sun.jna.Function.invoke(Ljava/lang/Class;[Ljava/lang/Object;Ljava/util/Map;)Ljava/lang/Object; (526 bytes) @ 0x02871d98 [0x02871910+0x488]
J 539 C1 com.sun.jna.Library$Handler.invoke(Ljava/lang/Object;Ljava/lang/reflect/Method;[Ljava/lang/Object;)Ljava/lang/Object; (345 bytes) @ 0x028ae94c [0x028ae110+0x83c]
j  Luxand.$Proxy0.FSDK_LoadImageFromBuffer(Lcom/sun/jna/ptr/IntByReference;[BIIII)I+52
J 344 C1 Luxand.FSDK.LoadImageFromAWTImage(LLuxand/FSDK$HImage;Ljava/awt/Image;I)I (456 bytes) @ 0x02865f0c [0x028655c0+0x94c]
J 1594 C1 liverecognition.AppFace$12.run()V (720 bytes) @ 0x0297c5b8 [0x0297c4f0+0xc8]
v  ~StubRoutines::call_stub

---------------  P R O C E S S  ---------------

Java Threads: ( => current thread )
  0x16eeb400 JavaThread "Thread-0" daemon [_thread_in_native, id=8644, stack(0x16610000,0x16660000)]
=>0x16eebc00 JavaThread "Thread-10688" [_thread_in_vm, id=12384, stack(0x00a50000,0x00aa0000)]
  0x16eea000 JavaThread "TimerQueue" daemon [_thread_blocked, id=5436, stack(0x205f0000,0x20640000)]
  0x16e55000 JavaThread "Thread-3" [_thread_in_native, id=10936, stack(0x1f640000,0x1f690000)]
  0x0273d400 JavaThread "DestroyJavaVM" [_thread_blocked, id=2376, stack(0x02490000,0x024e0000)]
  0x15f0e000 JavaThread "AWT-EventQueue-0" [_thread_blocked, id=1060, stack(0x16410000,0x16460000)]
  0x15efc400 JavaThread "AWT-Shutdown" [_thread_blocked, id=3104, stack(0x162d0000,0x16320000)]
  0x15efb800 JavaThread "Java2D Disposer" daemon [_thread_blocked, id=3048, stack(0x16150000,0x161a0000)]
  0x0261a800 JavaThread "Service Thread" daemon [_thread_blocked, id=6036, stack(0x15d20000,0x15d70000)]
  0x025f3800 JavaThread "C1 CompilerThread0" daemon [_thread_blocked, id=11236, stack(0x15c90000,0x15ce0000)]
  0x025f2c00 JavaThread "Attach Listener" daemon [_thread_blocked, id=2236, stack(0x15c00000,0x15c50000)]
  0x025f1000 JavaThread "Signal Dispatcher" daemon [_thread_blocked, id=6948, stack(0x15b70000,0x15bc0000)]
  0x025e5c00 JavaThread "Finalizer" daemon [_thread_blocked, id=2240, stack(0x14980000,0x149d0000)]
  0x02587c00 JavaThread "Reference Handler" daemon [_thread_blocked, id=12404, stack(0x148f0000,0x14940000)]

Other Threads:
  0x02584800 VMThread [stack: 0x14860000,0x148b0000] [id=356]
  0x02620800 WatcherThread [stack: 0x15db0000,0x15e00000] [id=9716]

VM state:not at safepoint (normal execution)

VM Mutex/Monitor currently owned by a thread: None

Heap:
 def new generation   total 6336K, used 1453K [0x04800000, 0x04ed0000, 0x09d50000)
  eden space 5696K,  15% used [0x04800000, 0x048dc4d8, 0x04d90000)
  from space 640K,  89% used [0x04e30000, 0x04ebef80, 0x04ed0000)
  to   space 640K,   0% used [0x04d90000, 0x04d90000, 0x04e30000)
 tenured generation   total 13804K, used 7679K [0x09d50000, 0x0aacb000, 0x14800000)
   the space 13804K,  55% used [0x09d50000, 0x0a4cfe38, 0x0a4d0000, 0x0aacb000)
 Metaspace       used 4478K, capacity 4681K, committed 4736K, reserved 5504K

Card table byte_map: [0x04740000,0x047d0000] byte_map_base: 0x0471c000

Polling page: 0x00c90000

CodeCache: size=32768Kb used=1756Kb max_used=2309Kb free=31011Kb
 bounds [0x02740000, 0x02990000, 0x04740000]
 total_blobs=847 nmethods=586 adapters=191
 compilation: enabled

Compilation events (10 events):
Event: 732.202 Thread 0x025f3800 1631             sun.awt.AWTAutoShutdown::isReadyToShutdown (37 bytes)
Event: 732.202 Thread 0x025f3800 nmethod 1631 0x02892748 code [0x02892850, 0x02892948]
Event: 732.202 Thread 0x025f3800 1632             java.awt.Toolkit$SelectiveAWTEventListener::eventDispatched (745 bytes)
Event: 732.204 Thread 0x025f3800 nmethod 1632 0x0297fdc8 code [0x0297ff00, 0x0298078c]
Event: 732.578 Thread 0x025f3800 1633             java.util.IdentityHashMap::isEmpty (13 bytes)
Event: 732.578 Thread 0x025f3800 nmethod 1633 0x02892c48 code [0x02892d40, 0x02892dd0]
Event: 732.624 Thread 0x025f3800 1634             java.security.AccessControlContext::optimize (318 bytes)
Event: 732.625 Thread 0x025f3800 nmethod 1634 0x0291d008 code [0x0291d210, 0x0291db18]
Event: 732.722 Thread 0x025f3800 1635             java.util.EventObject::getSource (5 bytes)
Event: 732.722 Thread 0x025f3800 nmethod 1635 0x027ff088 code [0x027ff180, 0x027ff200]

GC Heap History (10 events):
Event: 732.121 GC heap before
{Heap before GC invocations=3566 (full 24):
 def new generation   total 6336K, used 5748K [0x04800000, 0x04ed0000, 0x09d50000)
  eden space 5696K,  96% used [0x04800000, 0x04d5dfc8, 0x04d90000)
  from space 640K,  39% used [0x04d90000, 0x04dcf2e8, 0x04e30000)
  to   space 640K,   0% used [0x04e30000, 0x04e30000, 0x04ed0000)
 tenured generation   total 13804K, used 7668K [0x09d50000, 0x0aacb000, 0x14800000)
   the space 13804K,  55% used [0x09d50000, 0x0a4cd0e8, 0x0a4cd200, 0x0aacb000)
 Metaspace       used 4453K, capacity 4649K, committed 4736K, reserved 5504K
Event: 732.122 GC heap after
Heap after GC invocations=3567 (full 24):
 def new generation   total 6336K, used 322K [0x04800000, 0x04ed0000, 0x09d50000)
  eden space 5696K,   0% used [0x04800000, 0x04800000, 0x04d90000)
  from space 640K,  50% used [0x04e30000, 0x04e80948, 0x04ed0000)
  to   space 640K,   0% used [0x04d90000, 0x04d90000, 0x04e30000)
 tenured generation   total 13804K, used 7668K [0x09d50000, 0x0aacb000, 0x14800000)
   the space 13804K,  55% used [0x09d50000, 0x0a4cd0e8, 0x0a4cd200, 0x0aacb000)
 Metaspace       used 4453K, capacity 4649K, committed 4736K, reserved 5504K
}
Event: 732.371 GC heap before
{Heap before GC invocations=3567 (full 24):
 def new generation   total 6336K, used 6018K [0x04800000, 0x04ed0000, 0x09d50000)
  eden space 5696K, 100% used [0x04800000, 0x04d90000, 0x04d90000)
  from space 640K,  50% used [0x04e30000, 0x04e80948, 0x04ed0000)
  to   space 640K,   0% used [0x04d90000, 0x04d90000, 0x04e30000)
 tenured generation   total 13804K, used 7668K [0x09d50000, 0x0aacb000, 0x14800000)
   the space 13804K,  55% used [0x09d50000, 0x0a4cd0e8, 0x0a4cd200, 0x0aacb000)
 Metaspace       used 4453K, capacity 4649K, committed 4736K, reserved 5504K
Event: 732.372 GC heap after
Heap after GC invocations=3568 (full 24):
 def new generation   total 6336K, used 561K [0x04800000, 0x04ed0000, 0x09d50000)
  eden space 5696K,   0% used [0x04800000, 0x04800000, 0x04d90000)
  from space 640K,  87% used [0x04d90000, 0x04e1c778, 0x04e30000)
  to   space 640K,   0% used [0x04e30000, 0x04e30000, 0x04ed0000)
 tenured generation   total 13804K, used 7668K [0x09d50000, 0x0aacb000, 0x14800000)
   the space 13804K,  55% used [0x09d50000, 0x0a4cd2d8, 0x0a4cd400, 0x0aacb000)
 Metaspace       used 4453K, capacity 4649K, committed 4736K, reserved 5504K
}
Event: 732.629 GC heap before
{Heap before GC invocations=3568 (full 24):
 def new generation   total 6336K, used 6189K [0x04800000, 0x04ed0000, 0x09d50000)
  eden space 5696K,  98% used [0x04800000, 0x04d7ef90, 0x04d90000)
  from space 640K,  87% used [0x04d90000, 0x04e1c778, 0x04e30000)
  to   space 640K,   0% used [0x04e30000, 0x04e30000, 0x04ed0000)
 tenured generation   total 13804K, used 7668K [0x09d50000, 0x0aacb000, 0x14800000)
   the space 13804K,  55% used [0x09d50000, 0x0a4cd2d8, 0x0a4cd400, 0x0aacb000)
 Metaspace       used 4453K, capacity 4649K, committed 4736K, reserved 5504K
Event: 732.630 GC heap after
Heap after GC invocations=3569 (full 24):
 def new generation   total 6336K, used 252K [0x04800000, 0x04ed0000, 0x09d50000)
  eden space 5696K,   0% used [0x04800000, 0x04800000, 0x04d90000)
  from space 640K,  39% used [0x04e30000, 0x04e6f2d0, 0x04ed0000)
  to   space 640K,   0% used [0x04d90000, 0x04d90000, 0x04e30000)
 tenured generation   total 13804K, used 7679K [0x09d50000, 0x0aacb000, 0x14800000)
   the space 13804K,  55% used [0x09d50000, 0x0a4cfc48, 0x0a4cfe00, 0x0aacb000)
 Metaspace       used 4453K, capacity 4649K, committed 4736K, reserved 5504K
}
Event: 732.750 GC heap before
{Heap before GC invocations=3569 (full 24):
 def new generation   total 6336K, used 5706K [0x04800000, 0x04ed0000, 0x09d50000)
  eden space 5696K,  95% used [0x04800000, 0x04d537d0, 0x04d90000)
  from space 640K,  39% used [0x04e30000, 0x04e6f2d0, 0x04ed0000)
  to   space 640K,   0% used [0x04d90000, 0x04d90000, 0x04e30000)
 tenured generation   total 13804K, used 7679K [0x09d50000, 0x0aacb000, 0x14800000)
   the space 13804K,  55% used [0x09d50000, 0x0a4cfc48, 0x0a4cfe00, 0x0aacb000)
 Metaspace       used 4453K, capacity 4649K, committed 4736K, reserved 5504K
Event: 732.750 GC heap after
Heap after GC invocations=3570 (full 24):
 def new generation   total 6336K, used 322K [0x04800000, 0x04ed0000, 0x09d50000)
  eden space 5696K,   0% used [0x04800000, 0x04800000, 0x04d90000)
  from space 640K,  50% used [0x04d90000, 0x04de0ac8, 0x04e30000)
  to   space 640K,   0% used [0x04e30000, 0x04e30000, 0x04ed0000)
 tenured generation   total 13804K, used 7679K [0x09d50000, 0x0aacb000, 0x14800000)
   the space 13804K,  55% used [0x09d50000, 0x0a4cfc48, 0x0a4cfe00, 0x0aacb000)
 Metaspace       used 4453K, capacity 4649K, committed 4736K, reserved 5504K
}
Event: 733.069 GC heap before
{Heap before GC invocations=3570 (full 24):
 def new generation   total 6336K, used 6018K [0x04800000, 0x04ed0000, 0x09d50000)
  eden space 5696K, 100% used [0x04800000, 0x04d90000, 0x04d90000)
  from space 640K,  50% used [0x04d90000, 0x04de0ac8, 0x04e30000)
  to   space 640K,   0% used [0x04e30000, 0x04e30000, 0x04ed0000)
 tenured generation   total 13804K, used 7679K [0x09d50000, 0x0aacb000, 0x14800000)
   the space 13804K,  55% used [0x09d50000, 0x0a4cfc48, 0x0a4cfe00, 0x0aacb000)
 Metaspace       used 4476K, capacity 4681K, committed 4736K, reserved 5504K
Event: 733.071 GC heap after
Heap after GC invocations=3571 (full 24):
 def new generation   total 6336K, used 571K [0x04800000, 0x04ed0000, 0x09d50000)
  eden space 5696K,   0% used [0x04800000, 0x04800000, 0x04d90000)
  from space 640K,  89% used [0x04e30000, 0x04ebef80, 0x04ed0000)
  to   space 640K,   0% used [0x04d90000, 0x04d90000, 0x04e30000)
 tenured generation   total 13804K, used 7679K [0x09d50000, 0x0aacb000, 0x14800000)
   the space 13804K,  55% used [0x09d50000, 0x0a4cfe38, 0x0a4d0000, 0x0aacb000)
 Metaspace       used 4476K, capacity 4681K, committed 4736K, reserved 5504K
}

Deoptimization events (0 events):
No events

Classes redefined (0 events):
No events

Internal exceptions (10 events):
Event: 0.207 Thread 0x0273d400 Exception <a 'java/lang/ClassNotFoundException': Tree> (0x04b131f8) thrown at [C:\re\workspace\8-2-build-windows-i586-cygwin\jdk8u171\10807\hotspot\src\share\vm\classfile\systemDictionary.cpp, line 210]
Event: 0.207 Thread 0x0273d400 Exception <a 'java/lang/ClassNotFoundException': javax/swing/JTreeCell> (0x04b13530) thrown at [C:\re\workspace\8-2-build-windows-i586-cygwin\jdk8u171\10807\hotspot\src\share\vm\classfile\systemDictionary.cpp, line 210]
Event: 0.207 Thread 0x0273d400 Exception <a 'java/lang/ClassNotFoundException': TreeCell> (0x04b13978) thrown at [C:\re\workspace\8-2-build-windows-i586-cygwin\jdk8u171\10807\hotspot\src\share\vm\classfile\systemDictionary.cpp, line 210]
Event: 0.207 Thread 0x0273d400 Exception <a 'java/lang/ClassNotFoundException': RootPane> (0x04b142f0) thrown at [C:\re\workspace\8-2-build-windows-i586-cygwin\jdk8u171\10807\hotspot\src\share\vm\classfile\systemDictionary.cpp, line 210]
Event: 150.741 Thread 0x16eebc00 Exception <a 'java/io/FileNotFoundException'> (0x049d0260) thrown at [C:\re\workspace\8-2-build-windows-i586-cygwin\jdk8u171\10807\hotspot\src\share\vm\prims\jni.cpp, line 709]
Event: 150.747 Thread 0x16eebc00 Exception <a 'java/io/FileNotFoundException'> (0x04b26548) thrown at [C:\re\workspace\8-2-build-windows-i586-cygwin\jdk8u171\10807\hotspot\src\share\vm\prims\jni.cpp, line 709]
Event: 167.957 Thread 0x16eebc00 Exception <a 'java/io/FileNotFoundException'> (0x04b86698) thrown at [C:\re\workspace\8-2-build-windows-i586-cygwin\jdk8u171\10807\hotspot\src\share\vm\prims\jni.cpp, line 709]
Event: 167.957 Thread 0x16eebc00 Exception <a 'java/io/FileNotFoundException'> (0x04b87118) thrown at [C:\re\workspace\8-2-build-windows-i586-cygwin\jdk8u171\10807\hotspot\src\share\vm\prims\jni.cpp, line 709]
Event: 167.967 Thread 0x16eebc00 Exception <a 'java/io/FileNotFoundException'> (0x04bb3f98) thrown at [C:\re\workspace\8-2-build-windows-i586-cygwin\jdk8u171\10807\hotspot\src\share\vm\prims\jni.cpp, line 709]
Event: 167.968 Thread 0x16eebc00 Exception <a 'java/io/FileNotFoundException'> (0x04bb4a18) thrown at [C:\re\workspace\8-2-build-windows-i586-cygwin\jdk8u171\10807\hotspot\src\share\vm\prims\jni.cpp, line 709]

Events (10 events):
Event: 733.047 Thread 0x16ee9000 Thread exited: 0x16ee9000
Event: 733.051 loading class java/lang/ProcessBuilder
Event: 733.052 loading class java/lang/ProcessBuilder done
Event: 733.053 loading class java/lang/ProcessImpl
Event: 733.053 loading class java/lang/Process
Event: 733.054 loading class java/lang/Process done
Event: 733.054 loading class java/lang/ProcessImpl done
Event: 733.058 Thread 0x15efdc00 Thread exited: 0x15efdc00
Event: 733.069 Executing VM operation: GenCollectForAllocation
Event: 733.071 Executing VM operation: GenCollectForAllocation done


Dynamic libraries:
0x000f0000 - 0x00123000 	C:\Program Files (x86)\Java\jdk1.8.0_171\jre\bin\java.exe
0x76f80000 - 0x77110000 	C:\WINDOWS\SYSTEM32\ntdll.dll
0x73860000 - 0x73940000 	C:\WINDOWS\System32\KERNEL32.DLL
0x757e0000 - 0x759c4000 	C:\WINDOWS\System32\KERNELBASE.dll
0x72720000 - 0x727bd000 	C:\WINDOWS\SYSTEM32\apphelp.dll
0x75ac0000 - 0x75b38000 	C:\WINDOWS\System32\ADVAPI32.dll
0x73d70000 - 0x73e2f000 	C:\WINDOWS\System32\msvcrt.dll
0x76450000 - 0x76494000 	C:\WINDOWS\System32\sechost.dll
0x75da0000 - 0x75e60000 	C:\WINDOWS\System32\RPCRT4.dll
0x73840000 - 0x73860000 	C:\WINDOWS\System32\SspiCli.dll
0x73830000 - 0x7383a000 	C:\WINDOWS\System32\CRYPTBASE.dll
0x764a0000 - 0x764f8000 	C:\WINDOWS\System32\bcryptPrimitives.dll
0x75ed0000 - 0x7605d000 	C:\WINDOWS\System32\USER32.dll
0x73c70000 - 0x73c87000 	C:\WINDOWS\System32\win32u.dll
0x76590000 - 0x765b2000 	C:\WINDOWS\System32\GDI32.dll
0x739b0000 - 0x73b14000 	C:\WINDOWS\System32\gdi32full.dll
0x76c70000 - 0x76ced000 	C:\WINDOWS\System32\msvcp_win.dll
0x76060000 - 0x7617e000 	C:\WINDOWS\System32\ucrtbase.dll
0x72d80000 - 0x72f84000 	C:\WINDOWS\WinSxS\x86_microsoft.windows.common-controls_6595b64144ccf1df_6.0.17134.112_none_42ecccf244e44518\COMCTL32.dll
0x75b40000 - 0x75d9c000 	C:\WINDOWS\System32\combase.dll
0x757b0000 - 0x757d6000 	C:\WINDOWS\System32\IMM32.DLL
0x725d0000 - 0x7268f000 	C:\Program Files (x86)\Java\jdk1.8.0_171\jre\bin\msvcr100.dll
0x721f0000 - 0x725c1000 	C:\Program Files (x86)\Java\jdk1.8.0_171\jre\bin\client\jvm.dll
0x759e0000 - 0x759e6000 	C:\WINDOWS\System32\PSAPI.DLL
0x733c0000 - 0x733c8000 	C:\WINDOWS\SYSTEM32\VERSION.dll
0x73740000 - 0x73748000 	C:\WINDOWS\SYSTEM32\WSOCK32.dll
0x721c0000 - 0x721e4000 	C:\WINDOWS\SYSTEM32\WINMM.dll
0x75e60000 - 0x75ec7000 	C:\WINDOWS\System32\WS2_32.dll
0x72190000 - 0x721b3000 	C:\WINDOWS\SYSTEM32\winmmbase.dll
0x76b90000 - 0x76bc9000 	C:\WINDOWS\System32\cfgmgr32.dll
0x72180000 - 0x7218c000 	C:\Program Files (x86)\Java\jdk1.8.0_171\jre\bin\verify.dll
0x72150000 - 0x72172000 	C:\Program Files (x86)\Java\jdk1.8.0_171\jre\bin\java.dll
0x72130000 - 0x72144000 	C:\Program Files (x86)\Java\jdk1.8.0_171\jre\bin\zip.dll
0x74450000 - 0x7579a000 	C:\WINDOWS\System32\SHELL32.dll
0x73e90000 - 0x73f18000 	C:\WINDOWS\System32\shcore.dll
0x765c0000 - 0x76b7a000 	C:\WINDOWS\System32\windows.storage.dll
0x73f20000 - 0x73f65000 	C:\WINDOWS\System32\shlwapi.dll
0x76b80000 - 0x76b8f000 	C:\WINDOWS\System32\kernel.appcore.dll
0x743a0000 - 0x743b8000 	C:\WINDOWS\System32\profapi.dll
0x73e30000 - 0x73e75000 	C:\WINDOWS\System32\powrprof.dll
0x73e80000 - 0x73e88000 	C:\WINDOWS\System32\FLTLIB.DLL
0x71f70000 - 0x720b5000 	C:\Program Files (x86)\Java\jdk1.8.0_171\jre\bin\awt.dll
0x76bd0000 - 0x76c66000 	C:\WINDOWS\System32\OLEAUT32.dll
0x72cf0000 - 0x72d6c000 	C:\WINDOWS\system32\uxtheme.dll
0x73b20000 - 0x73c64000 	C:\WINDOWS\System32\MSCTF.dll
0x71ea0000 - 0x71ec3000 	C:\WINDOWS\system32\dwmapi.dll
0x76350000 - 0x7644c000 	C:\WINDOWS\System32\ole32.dll
0x71c80000 - 0x71cb9000 	C:\Program Files (x86)\Java\jdk1.8.0_171\jre\bin\fontmanager.dll
0x71d90000 - 0x71e69000 	C:\WINDOWS\system32\opengl32.dll
0x71d50000 - 0x71d8f000 	C:\WINDOWS\SYSTEM32\GLU32.dll
0x72110000 - 0x72125000 	C:\Program Files (x86)\Java\jdk1.8.0_171\jre\bin\net.dll
0x736d0000 - 0x73726000 	C:\WINDOWS\system32\mswsock.dll
0x72100000 - 0x7210f000 	C:\Program Files (x86)\Java\jdk1.8.0_171\jre\bin\nio.dll
0x71660000 - 0x71692000 	C:\Program Files (x86)\Java\jdk1.8.0_171\jre\bin\t2k.dll
0x171c0000 - 0x1a982000 	D:\development\App Java\face\facewithRaspberry\appDesktop\facesdk.dll
0x73610000 - 0x73640000 	C:\WINDOWS\SYSTEM32\IPHLPAPI.DLL
0x71f00000 - 0x71f13000 	C:\WINDOWS\SYSTEM32\CRYPTSP.dll
0x71ed0000 - 0x71eff000 	C:\WINDOWS\system32\rsaenh.dll
0x73590000 - 0x735a9000 	C:\WINDOWS\SYSTEM32\bcrypt.dll
0x73390000 - 0x733b1000 	C:\WINDOWS\SYSTEM32\USERENV.dll
0x73940000 - 0x73947000 	C:\WINDOWS\System32\NSI.dll
0x720e0000 - 0x720f3000 	C:\WINDOWS\SYSTEM32\dhcpcsvc6.DLL
0x720c0000 - 0x720d4000 	C:\WINDOWS\SYSTEM32\dhcpcsvc.DLL
0x1add0000 - 0x1ae25000 	C:\Users\Alex\AppData\Local\Temp\jna6321589936214262570.dll
0x73200000 - 0x73382000 	C:\WINDOWS\SYSTEM32\dbghelp.dll
0x71a70000 - 0x71aee000 	C:\WINDOWS\System32\TextInputFramework.dll
0x71780000 - 0x7180b000 	C:\WINDOWS\System32\CoreMessaging.dll
0x71810000 - 0x71a6d000 	C:\WINDOWS\System32\CoreUIComponents.dll
0x72980000 - 0x729a9000 	C:\WINDOWS\SYSTEM32\ntmarta.dll
0x716a0000 - 0x71776000 	C:\WINDOWS\SYSTEM32\wintypes.dll
0x714b0000 - 0x714d4000 	C:\Program Files (x86)\Java\jdk1.8.0_171\jre\bin\dcpr.dll
0x149d0000 - 0x149d7000 	C:\Program Files (x86)\Internet Download Manager\idmmkb.dll
0x727e0000 - 0x72806000 	C:\Program Files (x86)\Java\jdk1.8.0_171\jre\bin\jpeg.dll
0x73640000 - 0x736ce000 	C:\WINDOWS\SYSTEM32\DNSAPI.dll
0x73600000 - 0x73608000 	C:\Windows\System32\rasadhlp.dll
0x735b0000 - 0x735ff000 	C:\WINDOWS\System32\fwpuclnt.dll
0x71d30000 - 0x71d41000 	C:\WINDOWS\system32\napinsp.dll
0x71d10000 - 0x71d26000 	C:\WINDOWS\system32\pnrpnsp.dll
0x71cf0000 - 0x71d03000 	C:\WINDOWS\system32\NLAapi.dll
0x71ce0000 - 0x71cec000 	C:\WINDOWS\System32\winrnr.dll
0x71cc0000 - 0x71cd1000 	C:\WINDOWS\System32\wshbth.dll
0x70ec0000 - 0x70ee0000 	C:\Program Files (x86)\Java\jdk1.8.0_171\jre\bin\sunec.dll
0x71f20000 - 0x71f29000 	C:\Program Files (x86)\Java\jdk1.8.0_171\jre\bin\sunmscapi.dll
0x76cf0000 - 0x76e86000 	C:\WINDOWS\System32\CRYPT32.dll
0x759d0000 - 0x759de000 	C:\WINDOWS\System32\MSASN1.dll
0x743c0000 - 0x74443000 	C:\WINDOWS\System32\clbcatq.dll
0x714e0000 - 0x71651000 	C:\WINDOWS\SYSTEM32\WindowsCodecs.dll

VM Arguments:
jvm_args: -Dfile.encoding=UTF-8 
java_command: liverecognition.AppFace
java_class_path (initial): D:\development\App Java\face\facewithRaspberry\appDesktop\FaceSDK.jar;D:\development\App Java\face\facewithRaspberry\appDesktop\jna.jar;D:\development\App Java\face\facewithRaspberry\appDesktop\lib\mail.jar;D:\development\App Java\face\facewithRaspberry\appDesktop\lib\swingx-1.6.1.jar;D:\development\App Java\face\facewithRaspberry\appDesktop\lib\jfoenix-8.0.4.jar;D:\development\App Java\face\facewithRaspberry\appDesktop\lib\twilio-java-sdk-6.3.0.jar;D:\development\App Java\face\facewithRaspberry\appDesktop\lib\Java-WebSocket-1.3.8.jar;D:\development\App Java\face\facewithRaspberry\appDesktop\build\classes
Launcher Type: SUN_STANDARD

Environment Variables:
PATH=C:\Program Files (x86)\Common Files\Oracle\Java\javapath;C:\Python27\;C:\Python27\Scripts;C:\WINDOWS\system32;C:\WINDOWS;C:\WINDOWS\System32\Wbem;C:\WINDOWS\System32\WindowsPowerShell\v1.0\;C:\Program Files\Git\cmd;C:\Program Files\dotnet\;C:\Program Files\Microsoft SQL Server\130\Tools\Binn\;C:\Program Files\Microsoft SQL Server\Client SDK\ODBC\130\Tools\Binn\;C:\Program Files (x86)\Microsoft SQL Server\130\Tools\Binn\;C:\Program Files\Microsoft SQL Server\130\DTS\Binn\;C:\Program Files (x86)\Microsoft SQL Server\Client SDK\ODBC\130\Tools\Binn\;C:\Program Files (x86)\Microsoft SQL Server\140\Tools\Binn\;C:\Program Files (x86)\Microsoft SQL Server\140\DTS\Binn\;C:\Program Files (x86)\Microsoft SQL Server\140\Tools\Binn\ManagementStudio\;C:\xampp\php;C:\ProgramData\ComposerSetup\bin;C:\Program Files\SlikSvn\bin;C:\Program Files\Java\apache-maven-3.5.3\bin;C:\Program Files (x86)\Java\jdk1.8.0_171;C:\Program Files (x86)\Java\jdk1.8.0_171\bin;C:\Program Files (x86)\Java\jdk1.8.0_171\lib;C:\Program Files (x86)\Java\jdk1.8.0_171\jre;C:\Program Files (x86)\Java\jdk1.8.0_171\jre\bin;C:\Program Files (x86)\Java\jdk1.8.0_171\jre\lib;C:\WINDOWS\System32\OpenSSH\;C:\Program Files (x86)\CMake\bin;C:\Program Files\nodejs\;C:\Users\Alex\AppData\Local\Microsoft\WindowsApps;C:\Users\Alex\AppData\Roaming\Composer\vendor\bin;C:\Program Files\Java\apache-maven-3.5.3\bin;;C:\Program Files\Microsoft VS Code\bin;C:\Users\Alex\AppData\Roaming\npm
USERNAME=Alex
OS=Windows_NT
PROCESSOR_IDENTIFIER=Intel64 Family 6 Model 42 Stepping 7, GenuineIntel



---------------  S Y S T E M  ---------------

OS: Windows 10.0 , 64 bit Build 17134 (10.0.17134.1)

CPU:total 4 (initial active 4) (2 cores per cpu, 2 threads per core) family 6 model 42 stepping 7, cmov, cx8, fxsr, mmx, sse, sse2, sse3, ssse3, sse4.1, sse4.2, popcnt, avx, aes, clmul, ht, tsc, tscinvbit

Memory: 4k page, physical 8294284k(3371548k free), swap 12750732k(6195896k free)

vm_info: Java HotSpot(TM) Client VM (25.171-b11) for windows-x86 JRE (1.8.0_171-b11), built on Mar 28 2018 14:51:22 by "java_re" with MS VC++ 10.0 (VS2010)

time: Tue Jun 26 23:17:22 2018
elapsed time: 733 seconds (0d 0h 12m 13s)

