#
# A fatal error has been detected by the Java Runtime Environment:
#
#  EXCEPTION_ACCESS_VIOLATION (0xc0000005) at pc=0x59007739, pid=9388, tid=0x00001b14
#
# JRE version: Java(TM) SE Runtime Environment (8.0_171-b11) (build 1.8.0_171-b11)
# Java VM: Java HotSpot(TM) Client VM (25.171-b11 mixed mode windows-x86 )
# Problematic frame:
# V  [jvm.dll+0xd7739]
#
# Failed to write core dump. Minidumps are not enabled by default on client versions of Windows
#
# If you would like to submit a bug report, please visit:
#   http://bugreport.java.com/bugreport/crash.jsp
#

---------------  T H R E A D  ---------------

Current thread (0x16541400):  JavaThread "Thread-101604" [_thread_in_vm, id=6932, stack(0x00c40000,0x00c90000)]

siginfo: ExceptionCode=0xc0000005, reading address 0x00000000

Registers:
EAX=0x00000000, EBX=0x16471201, ECX=0x00000000, EDX=0x00000000
ESP=0x00c8ef1c, EBP=0x00c8ef28, ESI=0x16471268, EDI=0x16541400
EIP=0x59007739, EFLAGS=0x00010202

Top of Stack: (sp=0x00c8ef1c)
0x00c8ef1c:   00c8f010 00000000 16471268 00c8f218
0x00c8ef2c:   1a724228 16541540 16471268 00000000
0x00c8ef3c:   00c8ef54 58ffd468 00000001 00000001
0x00c8ef4c:   58fad1d8 00c8f338 00c8ef68 00000030
0x00c8ef5c:   1a7241b7 16541400 00c8f338 00c8ef7c
0x00c8ef6c:   00c8ef7c 00c8f338 5907fc89 14a7f470
0x00c8ef7c:   00c8ef94 590801c2 14a7f470 00000030
0x00c8ef8c:   1a7241a3 14a7f470 00c8efac 58fb2ea1 

Instructions: (pc=0x59007739)
0x59007719:   1a 0a 00 33 ff eb 02 8b f9 6a 06 57 e8 b6 fc f2
0x59007729:   ff 8b 75 0c 83 c4 08 b3 01 85 f6 74 39 8b 45 10
0x59007739:   8b 00 50 32 db e8 1d b0 f6 ff 83 c4 04 85 c0 74
0x59007749:   25 8b 0e 8b 49 04 8b 50 08 39 04 0a 75 04 b0 01 


Register to memory mapping:

EAX=0x00000000 is an unknown value
EBX=0x16471201 is an unknown value
ECX=0x00000000 is an unknown value
EDX=0x00000000 is an unknown value
ESP=0x00c8ef1c is pointing into the stack for thread: 0x16541400
EBP=0x00c8ef28 is pointing into the stack for thread: 0x16541400
ESI=0x16471268 is an unknown value
EDI=0x16541400 is a thread


Stack: [0x00c40000,0x00c90000],  sp=0x00c8ef1c,  free space=315k
Native frames: (J=compiled Java code, j=interpreted, Vv=VM code, C=native code)
V  [jvm.dll+0xd7739]
C  [jna3431588309353974028.dll+0x4228]
C  [jna3431588309353974028.dll+0x4d0e]
J 495  com.sun.jna.Native.invokeInt(JI[Ljava/lang/Object;)I (0 bytes) @ 0x02a69bc6 [0x02a69b20+0xa6]
J 504 C1 com.sun.jna.Function.invoke([Ljava/lang/Object;Ljava/lang/Class;Z)Ljava/lang/Object; (1154 bytes) @ 0x02a6fd84 [0x02a6e1b0+0x1bd4]
J 336 C1 com.sun.jna.Function.invoke(Ljava/lang/Class;[Ljava/lang/Object;Ljava/util/Map;)Ljava/lang/Object; (526 bytes) @ 0x02a28598 [0x02a28110+0x488]
J 498 C1 com.sun.jna.Library$Handler.invoke(Ljava/lang/Object;Ljava/lang/reflect/Method;[Ljava/lang/Object;)Ljava/lang/Object; (345 bytes) @ 0x02a6adcc [0x02a6a590+0x83c]
j  Luxand.$Proxy0.FSDK_LoadImageFromBuffer(Lcom/sun/jna/ptr/IntByReference;[BIIII)I+52
J 282 C1 Luxand.FSDK.LoadImageFromAWTImage(LLuxand/FSDK$HImage;Ljava/awt/Image;I)I (456 bytes) @ 0x02a1700c [0x02a166c0+0x94c]
j  liverecognition.AppFace$12.run()V+28
v  ~StubRoutines::call_stub
V  [jvm.dll+0x15b985]
V  [jvm.dll+0x22262e]
V  [jvm.dll+0x15ba1e]
V  [jvm.dll+0x15bba6]
V  [jvm.dll+0x15bc17]
V  [jvm.dll+0xffb3f]
V  [jvm.dll+0x17eb50]
V  [jvm.dll+0x17f3ca]
V  [jvm.dll+0x1c3fe6]
C  [msvcr100.dll+0x5c556]
C  [msvcr100.dll+0x5c600]
C  [KERNEL32.DLL+0x18484]
C  [ntdll.dll+0x62fea]
C  [ntdll.dll+0x62fba]
C  0x00000000

Java frames: (J=compiled Java code, j=interpreted, Vv=VM code)
J 495  com.sun.jna.Native.invokeInt(JI[Ljava/lang/Object;)I (0 bytes) @ 0x02a69b82 [0x02a69b20+0x62]
J 504 C1 com.sun.jna.Function.invoke([Ljava/lang/Object;Ljava/lang/Class;Z)Ljava/lang/Object; (1154 bytes) @ 0x02a6fd84 [0x02a6e1b0+0x1bd4]
J 336 C1 com.sun.jna.Function.invoke(Ljava/lang/Class;[Ljava/lang/Object;Ljava/util/Map;)Ljava/lang/Object; (526 bytes) @ 0x02a28598 [0x02a28110+0x488]
J 498 C1 com.sun.jna.Library$Handler.invoke(Ljava/lang/Object;Ljava/lang/reflect/Method;[Ljava/lang/Object;)Ljava/lang/Object; (345 bytes) @ 0x02a6adcc [0x02a6a590+0x83c]
j  Luxand.$Proxy0.FSDK_LoadImageFromBuffer(Lcom/sun/jna/ptr/IntByReference;[BIIII)I+52
J 282 C1 Luxand.FSDK.LoadImageFromAWTImage(LLuxand/FSDK$HImage;Ljava/awt/Image;I)I (456 bytes) @ 0x02a1700c [0x02a166c0+0x94c]
j  liverecognition.AppFace$12.run()V+28
v  ~StubRoutines::call_stub

---------------  P R O C E S S  ---------------

Java Threads: ( => current thread )
  0x1504f000 JavaThread "Thread-0" daemon [_thread_in_native, id=11316, stack(0x15d50000,0x15da0000)]
=>0x16541400 JavaThread "Thread-101604" [_thread_in_vm, id=6932, stack(0x00c40000,0x00c90000)]
  0x1629b400 JavaThread "WebSocketTimer" [_thread_blocked, id=9796, stack(0x20270000,0x202c0000)]
  0x1647fc00 JavaThread "WebSocketWriteThread-19" [_thread_blocked, id=8948, stack(0x1f860000,0x1f8b0000)]
  0x16474000 JavaThread "WebSocketConnectReadThread-18" [_thread_in_native, id=404, stack(0x1f7d0000,0x1f820000)]
  0x1644a000 JavaThread "Thread-3" [_thread_in_native, id=3892, stack(0x1f740000,0x1f790000)]
  0x027fd000 JavaThread "DestroyJavaVM" [_thread_blocked, id=944, stack(0x026b0000,0x02700000)]
  0x1623d000 JavaThread "AWT-EventQueue-0" [_thread_blocked, id=12316, stack(0x16830000,0x16880000)]
  0x150e1800 JavaThread "AWT-Shutdown" [_thread_blocked, id=13016, stack(0x157e0000,0x15830000)]
  0x150e0800 JavaThread "Java2D Disposer" daemon [_thread_blocked, id=3080, stack(0x15750000,0x157a0000)]
  0x14f1e000 JavaThread "Service Thread" daemon [_thread_blocked, id=7232, stack(0x15520000,0x15570000)]
  0x14f2ac00 JavaThread "C1 CompilerThread0" daemon [_thread_blocked, id=9332, stack(0x15490000,0x154e0000)]
  0x14f29400 JavaThread "Attach Listener" daemon [_thread_blocked, id=2476, stack(0x15400000,0x15450000)]
  0x14f27400 JavaThread "Signal Dispatcher" daemon [_thread_blocked, id=12900, stack(0x15370000,0x153c0000)]
  0x14f0a400 JavaThread "Finalizer" daemon [_thread_blocked, id=10004, stack(0x151c0000,0x15210000)]
  0x14ef4800 JavaThread "Reference Handler" daemon [_thread_blocked, id=9212, stack(0x15130000,0x15180000)]

Other Threads:
  0x028fdc00 VMThread [stack: 0x14ea0000,0x14ef0000] [id=10224]
  0x14f21400 WatcherThread [stack: 0x155b0000,0x15600000] [id=12952]

VM state:not at safepoint (normal execution)

VM Mutex/Monitor currently owned by a thread: None

Heap:
 def new generation   total 23104K, used 15523K [0x04a00000, 0x06310000, 0x09f50000)
  eden space 20544K,  63% used [0x04a00000, 0x056c9860, 0x05e10000)
  from space 2560K,  94% used [0x06090000, 0x062ef460, 0x06310000)
  to   space 2560K,   0% used [0x05e10000, 0x05e10000, 0x06090000)
 tenured generation   total 51216K, used 36174K [0x09f50000, 0x0d154000, 0x14a00000)
   the space 51216K,  70% used [0x09f50000, 0x0c2a3b18, 0x0c2a3c00, 0x0d154000)
 Metaspace       used 8840K, capacity 9017K, committed 9088K, reserved 9600K

Card table byte_map: [0x04900000,0x04990000] byte_map_base: 0x048db000

Polling page: 0x00cd0000

CodeCache: size=32768Kb used=1854Kb max_used=1885Kb free=30913Kb
 bounds [0x02900000, 0x02af0000, 0x04900000]
 total_blobs=867 nmethods=613 adapters=184
 compilation: enabled

Compilation events (10 events):
Event: 2105.582 Thread 0x14f2ac00 1858             sun.java2d.SunGraphics2D::setFont (105 bytes)
Event: 2105.582 Thread 0x14f2ac00 nmethod 1858 0x02a08588 code [0x02a086a0, 0x02a08968]
Event: 2106.610 Thread 0x14f2ac00 1859             java.awt.image.DataBuffer::getDataTypeSize (42 bytes)
Event: 2106.610 Thread 0x14f2ac00 nmethod 1859 0x02a8cac8 code [0x02a8cc00, 0x02a8ce90]
Event: 2107.200 Thread 0x14f2ac00 1860             java.lang.reflect.Method::hashCode (19 bytes)
Event: 2107.200 Thread 0x14f2ac00 nmethod 1860 0x02a8c788 code [0x02a8c8a0, 0x02a8c9a4]
Event: 2107.201 Thread 0x14f2ac00 1861             java.lang.reflect.Method::getName (5 bytes)
Event: 2107.201 Thread 0x14f2ac00 nmethod 1861 0x02aa3048 code [0x02aa3140, 0x02aa31c0]
Event: 2125.192 Thread 0x14f2ac00 1862             java.awt.image.ComponentColorModel::isCompatibleRaster (77 bytes)
Event: 2125.192 Thread 0x14f2ac00 nmethod 1862 0x02a08108 code [0x02a08220, 0x02a083cc]

GC Heap History (10 events):
Event: 2129.706 GC heap before
{Heap before GC invocations=18985 (full 2028):
 def new generation   total 23104K, used 21928K [0x04a00000, 0x06310000, 0x09f50000)
  eden space 20544K,  96% used [0x04a00000, 0x05d4c8d0, 0x05e10000)
  from space 2560K,  84% used [0x05e10000, 0x0602d840, 0x06090000)
  to   space 2560K,   0% used [0x06090000, 0x06090000, 0x06310000)
 tenured generation   total 51216K, used 21619K [0x09f50000, 0x0d154000, 0x14a00000)
   the space 51216K,  42% used [0x09f50000, 0x0b46cf88, 0x0b46d000, 0x0d154000)
 Metaspace       used 8820K, capacity 8985K, committed 9088K, reserved 9600K
Event: 2129.707 GC heap after
Heap after GC invocations=18986 (full 2028):
 def new generation   total 23104K, used 2488K [0x04a00000, 0x06310000, 0x09f50000)
  eden space 20544K,   0% used [0x04a00000, 0x04a00000, 0x05e10000)
  from space 2560K,  97% used [0x06090000, 0x062fe0e0, 0x06310000)
  to   space 2560K,   0% used [0x05e10000, 0x05e10000, 0x06090000)
 tenured generation   total 51216K, used 24071K [0x09f50000, 0x0d154000, 0x14a00000)
   the space 51216K,  47% used [0x09f50000, 0x0b6d1f78, 0x0b6d2000, 0x0d154000)
 Metaspace       used 8820K, capacity 8985K, committed 9088K, reserved 9600K
}
Event: 2129.968 GC heap before
{Heap before GC invocations=18986 (full 2028):
 def new generation   total 23104K, used 23032K [0x04a00000, 0x06310000, 0x09f50000)
  eden space 20544K, 100% used [0x04a00000, 0x05e10000, 0x05e10000)
  from space 2560K,  97% used [0x06090000, 0x062fe0e0, 0x06310000)
  to   space 2560K,   0% used [0x05e10000, 0x05e10000, 0x06090000)
 tenured generation   total 51216K, used 24071K [0x09f50000, 0x0d154000, 0x14a00000)
   the space 51216K,  47% used [0x09f50000, 0x0b6d1f78, 0x0b6d2000, 0x0d154000)
 Metaspace       used 8820K, capacity 8985K, committed 9088K, reserved 9600K
Event: 2129.971 GC heap after
Heap after GC invocations=18987 (full 2028):
 def new generation   total 23104K, used 2222K [0x04a00000, 0x06310000, 0x09f50000)
  eden space 20544K,   0% used [0x04a00000, 0x04a00000, 0x05e10000)
  from space 2560K,  86% used [0x05e10000, 0x0603ba80, 0x06090000)
  to   space 2560K,   0% used [0x06090000, 0x06090000, 0x06310000)
 tenured generation   total 51216K, used 28898K [0x09f50000, 0x0d154000, 0x14a00000)
   the space 51216K,  56% used [0x09f50000, 0x0bb88868, 0x0bb88a00, 0x0d154000)
 Metaspace       used 8820K, capacity 8985K, committed 9088K, reserved 9600K
}
Event: 2130.029 GC heap before
{Heap before GC invocations=18987 (full 2028):
 def new generation   total 23104K, used 22188K [0x04a00000, 0x06310000, 0x09f50000)
  eden space 20544K,  97% used [0x04a00000, 0x05d7f910, 0x05e10000)
  from space 2560K,  86% used [0x05e10000, 0x0603ba80, 0x06090000)
  to   space 2560K,   0% used [0x06090000, 0x06090000, 0x06310000)
 tenured generation   total 51216K, used 28898K [0x09f50000, 0x0d154000, 0x14a00000)
   the space 51216K,  56% used [0x09f50000, 0x0bb88868, 0x0bb88a00, 0x0d154000)
 Metaspace       used 8820K, capacity 8985K, committed 9088K, reserved 9600K
Event: 2130.031 GC heap after
Heap after GC invocations=18988 (full 2028):
 def new generation   total 23104K, used 2486K [0x04a00000, 0x06310000, 0x09f50000)
  eden space 20544K,   0% used [0x04a00000, 0x04a00000, 0x05e10000)
  from space 2560K,  97% used [0x06090000, 0x062fdb28, 0x06310000)
  to   space 2560K,   0% used [0x05e10000, 0x05e10000, 0x06090000)
 tenured generation   total 51216K, used 30123K [0x09f50000, 0x0d154000, 0x14a00000)
   the space 51216K,  58% used [0x09f50000, 0x0bcbae20, 0x0bcbb000, 0x0d154000)
 Metaspace       used 8820K, capacity 8985K, committed 9088K, reserved 9600K
}
Event: 2130.234 GC heap before
{Heap before GC invocations=18988 (full 2028):
 def new generation   total 23104K, used 23030K [0x04a00000, 0x06310000, 0x09f50000)
  eden space 20544K, 100% used [0x04a00000, 0x05e10000, 0x05e10000)
  from space 2560K,  97% used [0x06090000, 0x062fdb28, 0x06310000)
  to   space 2560K,   0% used [0x05e10000, 0x05e10000, 0x06090000)
 tenured generation   total 51216K, used 30123K [0x09f50000, 0x0d154000, 0x14a00000)
   the space 51216K,  58% used [0x09f50000, 0x0bcbae20, 0x0bcbb000, 0x0d154000)
 Metaspace       used 8820K, capacity 8985K, committed 9088K, reserved 9600K
Event: 2130.236 GC heap after
Heap after GC invocations=18989 (full 2028):
 def new generation   total 23104K, used 2164K [0x04a00000, 0x06310000, 0x09f50000)
  eden space 20544K,   0% used [0x04a00000, 0x04a00000, 0x05e10000)
  from space 2560K,  84% used [0x05e10000, 0x0602d3d8, 0x06090000)
  to   space 2560K,   0% used [0x06090000, 0x06090000, 0x06310000)
 tenured generation   total 51216K, used 34948K [0x09f50000, 0x0d154000, 0x14a00000)
   the space 51216K,  68% used [0x09f50000, 0x0c1713d0, 0x0c171400, 0x0d154000)
 Metaspace       used 8820K, capacity 8985K, committed 9088K, reserved 9600K
}
Event: 2130.323 GC heap before
{Heap before GC invocations=18989 (full 2028):
 def new generation   total 23104K, used 22004K [0x04a00000, 0x06310000, 0x09f50000)
  eden space 20544K,  96% used [0x04a00000, 0x05d5fd38, 0x05e10000)
  from space 2560K,  84% used [0x05e10000, 0x0602d3d8, 0x06090000)
  to   space 2560K,   0% used [0x06090000, 0x06090000, 0x06310000)
 tenured generation   total 51216K, used 34948K [0x09f50000, 0x0d154000, 0x14a00000)
   the space 51216K,  68% used [0x09f50000, 0x0c1713d0, 0x0c171400, 0x0d154000)
 Metaspace       used 8820K, capacity 8985K, committed 9088K, reserved 9600K
Event: 2130.324 GC heap after
Heap after GC invocations=18990 (full 2028):
 def new generation   total 23104K, used 2429K [0x04a00000, 0x06310000, 0x09f50000)
  eden space 20544K,   0% used [0x04a00000, 0x04a00000, 0x05e10000)
  from space 2560K,  94% used [0x06090000, 0x062ef460, 0x06310000)
  to   space 2560K,   0% used [0x05e10000, 0x05e10000, 0x06090000)
 tenured generation   total 51216K, used 36174K [0x09f50000, 0x0d154000, 0x14a00000)
   the space 51216K,  70% used [0x09f50000, 0x0c2a3b18, 0x0c2a3c00, 0x0d154000)
 Metaspace       used 8820K, capacity 8985K, committed 9088K, reserved 9600K
}

Deoptimization events (0 events):
No events

Classes redefined (0 events):
No events

Internal exceptions (10 events):
Event: 1160.352 Thread 0x1626ac00 Exception <a 'sun/java2d/InvalidPipeException': GDIWindowSurfaceData: bounds changed> (0x04e1a838) thrown at [C:\re\workspace\8-2-build-windows-i586-cygwin\jdk8u171\10807\hotspot\src\share\vm\prims\jni.cpp, line 735]
Event: 1160.352 Thread 0x16368c00 Exception <a 'sun/java2d/InvalidPipeException': GDIWindowSurfaceData: bounds changed> (0x04df6690) thrown at [C:\re\workspace\8-2-build-windows-i586-cygwin\jdk8u171\10807\hotspot\src\share\vm\prims\jni.cpp, line 735]
Event: 1160.352 Thread 0x16541400 Exception <a 'sun/java2d/InvalidPipeException': GDIWindowSurfaceData: bounds changed> (0x04e049c0) thrown at [C:\re\workspace\8-2-build-windows-i586-cygwin\jdk8u171\10807\hotspot\src\share\vm\prims\jni.cpp, line 735]
Event: 1160.352 Thread 0x16382400 Exception <a 'sun/java2d/InvalidPipeException': GDIWindowSurfaceData: bounds changed> (0x04e2d250) thrown at [C:\re\workspace\8-2-build-windows-i586-cygwin\jdk8u171\10807\hotspot\src\share\vm\prims\jni.cpp, line 735]
Event: 1160.352 Thread 0x1626c400 Exception <a 'sun/java2d/InvalidPipeException': GDIWindowSurfaceData: bounds changed> (0x04e436c0) thrown at [C:\re\workspace\8-2-build-windows-i586-cygwin\jdk8u171\10807\hotspot\src\share\vm\prims\jni.cpp, line 735]
Event: 1160.352 Thread 0x1504f400 Exception <a 'sun/java2d/InvalidPipeException': GDIWindowSurfaceData: bounds changed> (0x04de8360) thrown at [C:\re\workspace\8-2-build-windows-i586-cygwin\jdk8u171\10807\hotspot\src\share\vm\prims\jni.cpp, line 735]
Event: 1160.352 Thread 0x16383c00 Exception <a 'sun/java2d/InvalidPipeException': GDIWindowSurfaceData: bounds changed> (0x04e65ac0) thrown at [C:\re\workspace\8-2-build-windows-i586-cygwin\jdk8u171\10807\hotspot\src\share\vm\prims\jni.cpp, line 735]
Event: 1160.352 Thread 0x1504d000 Exception <a 'sun/java2d/InvalidPipeException': GDIWindowSurfaceData: bounds changed> (0x04e38488) thrown at [C:\re\workspace\8-2-build-windows-i586-cygwin\jdk8u171\10807\hotspot\src\share\vm\prims\jni.cpp, line 735]
Event: 1160.352 Thread 0x16542000 Exception <a 'sun/java2d/InvalidPipeException': GDIWindowSurfaceData: bounds changed> (0x04e23d78) thrown at [C:\re\workspace\8-2-build-windows-i586-cygwin\jdk8u171\10807\hotspot\src\share\vm\prims\jni.cpp, line 735]
Event: 1160.352 Thread 0x1504f000 Exception <a 'sun/java2d/InvalidPipeException': GDIWindowSurfaceData: bounds changed> (0x04e548c0) thrown at [C:\re\workspace\8-2-build-windows-i586-cygwin\jdk8u171\10807\hotspot\src\share\vm\prims\jni.cpp, line 735]

Events (10 events):
Event: 2130.380 Thread 0x15050400 Thread added: 0x15050400
Event: 2130.380 Thread 0x1504f000 Thread added: 0x1504f000
Event: 2130.381 Thread 0x15050800 Thread exited: 0x15050800
Event: 2130.381 Thread 0x15050400 Thread exited: 0x15050400
Event: 2130.382 loading class java/lang/ProcessBuilder
Event: 2130.383 loading class java/lang/ProcessBuilder done
Event: 2130.383 loading class java/lang/ProcessImpl
Event: 2130.383 loading class java/lang/Process
Event: 2130.383 loading class java/lang/Process done
Event: 2130.383 loading class java/lang/ProcessImpl done


Dynamic libraries:
0x00ce0000 - 0x00d13000 	C:\Program Files (x86)\Java\jdk1.8.0_171\jre\bin\java.exe
0x77470000 - 0x77600000 	C:\WINDOWS\SYSTEM32\ntdll.dll
0x76a20000 - 0x76b00000 	C:\WINDOWS\System32\KERNEL32.DLL
0x76fb0000 - 0x77194000 	C:\WINDOWS\System32\KERNELBASE.dll
0x73c80000 - 0x73d1d000 	C:\WINDOWS\SYSTEM32\apphelp.dll
0x756c0000 - 0x75738000 	C:\WINDOWS\System32\ADVAPI32.dll
0x75d80000 - 0x75e3f000 	C:\WINDOWS\System32\msvcrt.dll
0x77330000 - 0x77374000 	C:\WINDOWS\System32\sechost.dll
0x75e40000 - 0x75f00000 	C:\WINDOWS\System32\RPCRT4.dll
0x73d30000 - 0x73d50000 	C:\WINDOWS\System32\SspiCli.dll
0x73d20000 - 0x73d2a000 	C:\WINDOWS\System32\CRYPTBASE.dll
0x75900000 - 0x75958000 	C:\WINDOWS\System32\bcryptPrimitives.dll
0x75bf0000 - 0x75d7d000 	C:\WINDOWS\System32\USER32.dll
0x76e30000 - 0x76e47000 	C:\WINDOWS\System32\win32u.dll
0x76b10000 - 0x76b32000 	C:\WINDOWS\System32\GDI32.dll
0x767d0000 - 0x76934000 	C:\WINDOWS\System32\gdi32full.dll
0x76db0000 - 0x76e2d000 	C:\WINDOWS\System32\msvcp_win.dll
0x75790000 - 0x758ae000 	C:\WINDOWS\System32\ucrtbase.dll
0x73110000 - 0x73314000 	C:\WINDOWS\WinSxS\x86_microsoft.windows.common-controls_6595b64144ccf1df_6.0.17134.112_none_42ecccf244e44518\COMCTL32.dll
0x76530000 - 0x7678c000 	C:\WINDOWS\System32\combase.dll
0x76d70000 - 0x76d96000 	C:\WINDOWS\System32\IMM32.DLL
0x59310000 - 0x593cf000 	C:\Program Files (x86)\Java\jdk1.8.0_171\jre\bin\msvcr100.dll
0x58f30000 - 0x59301000 	C:\Program Files (x86)\Java\jdk1.8.0_171\jre\bin\client\jvm.dll
0x76520000 - 0x76526000 	C:\WINDOWS\System32\PSAPI.DLL
0x728c0000 - 0x728c8000 	C:\WINDOWS\SYSTEM32\WSOCK32.dll
0x72c20000 - 0x72c44000 	C:\WINDOWS\SYSTEM32\WINMM.dll
0x71f70000 - 0x71f78000 	C:\WINDOWS\SYSTEM32\VERSION.dll
0x75b20000 - 0x75b87000 	C:\WINDOWS\System32\WS2_32.dll
0x72890000 - 0x728b3000 	C:\WINDOWS\SYSTEM32\winmmbase.dll
0x76790000 - 0x767c9000 	C:\WINDOWS\System32\cfgmgr32.dll
0x59c10000 - 0x59c1c000 	C:\Program Files (x86)\Java\jdk1.8.0_171\jre\bin\verify.dll
0x58f00000 - 0x58f22000 	C:\Program Files (x86)\Java\jdk1.8.0_171\jre\bin\java.dll
0x58ee0000 - 0x58ef4000 	C:\Program Files (x86)\Java\jdk1.8.0_171\jre\bin\zip.dll
0x73d50000 - 0x7509a000 	C:\WINDOWS\System32\SHELL32.dll
0x75960000 - 0x759e8000 	C:\WINDOWS\System32\shcore.dll
0x750a0000 - 0x7565a000 	C:\WINDOWS\System32\windows.storage.dll
0x758b0000 - 0x758f5000 	C:\WINDOWS\System32\shlwapi.dll
0x76b40000 - 0x76b4f000 	C:\WINDOWS\System32\kernel.appcore.dll
0x75aa0000 - 0x75ab8000 	C:\WINDOWS\System32\profapi.dll
0x764d0000 - 0x76515000 	C:\WINDOWS\System32\powrprof.dll
0x76e50000 - 0x76e58000 	C:\WINDOWS\System32\FLTLIB.DLL
0x58d70000 - 0x58eb5000 	C:\Program Files (x86)\Java\jdk1.8.0_171\jre\bin\awt.dll
0x759f0000 - 0x75a86000 	C:\WINDOWS\System32\OLEAUT32.dll
0x73090000 - 0x7310c000 	C:\WINDOWS\system32\uxtheme.dll
0x76e60000 - 0x76fa4000 	C:\WINDOWS\System32\MSCTF.dll
0x71b00000 - 0x71b23000 	C:\WINDOWS\system32\dwmapi.dll
0x76be0000 - 0x76cdc000 	C:\WINDOWS\System32\ole32.dll
0x58b50000 - 0x58b89000 	C:\Program Files (x86)\Java\jdk1.8.0_171\jre\bin\fontmanager.dll
0x58c60000 - 0x58d39000 	C:\WINDOWS\system32\opengl32.dll
0x58c20000 - 0x58c5f000 	C:\WINDOWS\SYSTEM32\GLU32.dll
0x57aa0000 - 0x57ac6000 	C:\Program Files (x86)\Java\jdk1.8.0_171\jre\bin\jpeg.dll
0x58ec0000 - 0x58ed5000 	C:\Program Files (x86)\Java\jdk1.8.0_171\jre\bin\net.dll
0x726e0000 - 0x72736000 	C:\WINDOWS\system32\mswsock.dll
0x59770000 - 0x5977f000 	C:\Program Files (x86)\Java\jdk1.8.0_171\jre\bin\nio.dll
0x58b10000 - 0x58b42000 	C:\Program Files (x86)\Java\jdk1.8.0_171\jre\bin\t2k.dll
0x16a10000 - 0x1a1d2000 	C:\Users\PAUL\Desktop\proyecto\facewithRaspberry\appDesktop\facesdk.dll
0x73ae0000 - 0x73b10000 	C:\WINDOWS\SYSTEM32\IPHLPAPI.DLL
0x72530000 - 0x72543000 	C:\WINDOWS\SYSTEM32\CRYPTSP.dll
0x72500000 - 0x7252f000 	C:\WINDOWS\system32\rsaenh.dll
0x727e0000 - 0x727f9000 	C:\WINDOWS\SYSTEM32\bcrypt.dll
0x73c20000 - 0x73c41000 	C:\WINDOWS\SYSTEM32\USERENV.dll
0x75a90000 - 0x75a97000 	C:\WINDOWS\System32\NSI.dll
0x72760000 - 0x72773000 	C:\WINDOWS\SYSTEM32\dhcpcsvc6.DLL
0x72740000 - 0x72754000 	C:\WINDOWS\SYSTEM32\dhcpcsvc.DLL
0x1a720000 - 0x1a775000 	C:\Users\PAUL\AppData\Local\Temp\jna3431588309353974028.dll
0x71d20000 - 0x71ea2000 	C:\WINDOWS\SYSTEM32\dbghelp.dll
0x6db70000 - 0x6dbee000 	C:\WINDOWS\System32\TextInputFramework.dll
0x6d880000 - 0x6dadd000 	C:\WINDOWS\System32\CoreUIComponents.dll
0x6dae0000 - 0x6db6b000 	C:\WINDOWS\System32\CoreMessaging.dll
0x723b0000 - 0x723d9000 	C:\WINDOWS\SYSTEM32\ntmarta.dll
0x71650000 - 0x71726000 	C:\WINDOWS\SYSTEM32\wintypes.dll
0x58ab0000 - 0x58ad4000 	C:\Program Files (x86)\Java\jdk1.8.0_171\jre\bin\dcpr.dll

VM Arguments:
jvm_args: -Dfile.encoding=UTF-8 
java_command: liverecognition.AppFace
java_class_path (initial): C:\Users\PAUL\Desktop\proyecto\facewithRaspberry\appDesktop\FaceSDK.jar;C:\Users\PAUL\Desktop\proyecto\facewithRaspberry\appDesktop\jna.jar;C:\Users\PAUL\Desktop\proyecto\facewithRaspberry\appDesktop\lib\mail.jar;C:\Users\PAUL\Desktop\proyecto\facewithRaspberry\appDesktop\lib\swingx-1.6.1.jar;C:\Users\PAUL\Desktop\proyecto\facewithRaspberry\appDesktop\lib\jfoenix-8.0.4.jar;C:\Users\PAUL\Desktop\proyecto\facewithRaspberry\appDesktop\lib\twilio-java-sdk-6.3.0.jar;C:\Users\PAUL\Desktop\proyecto\facewithRaspberry\appDesktop\lib\Java-WebSocket-1.3.8.jar;C:\Users\PAUL\Desktop\proyecto\facewithRaspberry\appDesktop\build\classes
Launcher Type: SUN_STANDARD

Environment Variables:
JAVA_HOME=C:\Program Files\Java\jdk1.8.0_171
PATH=C:\Program Files (x86)\Common Files\Oracle\Java\javapath;C:\WINDOWS\system32;C:\WINDOWS;C:\WINDOWS\System32\Wbem;C:\WINDOWS\System32\WindowsPowerShell\v1.0\;C:\Program Files\Java\jdk1.8.0_171\bin;C:\WINDOWS\System32\OpenSSH\;C:\Program Files (x86)\PuTTY\;C:\Users\PAUL\AppData\Local\Microsoft\WindowsApps;C:\Users\PAUL\AppData\Local\Programs\MiKTeX 2.9\miktex\bin\x64\;;C:\Program Files (x86)\SSH Communications Security\SSH Secure Shell
USERNAME=PAUL
OS=Windows_NT
PROCESSOR_IDENTIFIER=Intel64 Family 6 Model 60 Stepping 3, GenuineIntel



---------------  S Y S T E M  ---------------

OS: Windows 10.0 , 64 bit Build 17134 (10.0.17134.1)

CPU:total 8 (initial active 8) (4 cores per cpu, 2 threads per core) family 6 model 60 stepping 3, cmov, cx8, fxsr, mmx, sse, sse2, sse3, ssse3, sse4.1, sse4.2, popcnt, avx, avx2, aes, clmul, erms, lzcnt, ht, tsc, tscinvbit, bmi1, bmi2

Memory: 4k page, physical 16696464k(10692824k free), swap 19711120k(13242260k free)

vm_info: Java HotSpot(TM) Client VM (25.171-b11) for windows-x86 JRE (1.8.0_171-b11), built on Mar 28 2018 14:51:22 by "java_re" with MS VC++ 10.0 (VS2010)

time: Wed Jun 27 15:19:01 2018
elapsed time: 2130 seconds (0d 0h 35m 30s)

