#
# A fatal error has been detected by the Java Runtime Environment:
#
#  EXCEPTION_ACCESS_VIOLATION (0xc0000005) at pc=0x722c7739, pid=13104, tid=0x0000319c
#
# JRE version: Java(TM) SE Runtime Environment (8.0_171-b11) (build 1.8.0_171-b11)
# Java VM: Java HotSpot(TM) Client VM (25.171-b11 mixed mode, sharing windows-x86 )
# Problematic frame:
# V  [jvm.dll+0xd7739]
#
# Failed to write core dump. Minidumps are not enabled by default on client versions of Windows
#
# If you would like to submit a bug report, please visit:
#   http://bugreport.java.com/bugreport/crash.jsp
#

---------------  T H R E A D  ---------------

Current thread (0x16facc00):  JavaThread "Thread-110" [_thread_in_vm, id=12700, stack(0x16e90000,0x16ee0000)]

siginfo: ExceptionCode=0xc0000005, reading address 0x00000000

Registers:
EAX=0x00000000, EBX=0x16f7dc01, ECX=0x00000000, EDX=0x00000000
ESP=0x16edec8c, EBP=0x16edec98, ESI=0x16f7dcd8, EDI=0x16facc00
EIP=0x722c7739, EFLAGS=0x00010206

Top of Stack: (sp=0x16edec8c)
0x16edec8c:   16eded80 00000000 16f7dcd8 16edef88
0x16edec9c:   1aef4228 16facd40 16f7dcd8 00000000
0x16edecac:   028cdaf1 16facd40 04c650d0 028cddc1
0x16edecbc:   0000027f 00000000 0000ffff 00000030
0x16edeccc:   1aef41b7 16edecfc 156430f0 00000000
0x16edecdc:   1560ac70 00000000 16edecf8 16eded28
0x16edecec:   028c47c4 04c650d0 028ca1e6 00000030
0x16edecfc:   1aef41a3 00000005 00000000 16eded00 

Instructions: (pc=0x722c7739)
0x722c7719:   1a 0a 00 33 ff eb 02 8b f9 6a 06 57 e8 b6 fc f2
0x722c7729:   ff 8b 75 0c 83 c4 08 b3 01 85 f6 74 39 8b 45 10
0x722c7739:   8b 00 50 32 db e8 1d b0 f6 ff 83 c4 04 85 c0 74
0x722c7749:   25 8b 0e 8b 49 04 8b 50 08 39 04 0a 75 04 b0 01 


Register to memory mapping:

EAX=0x00000000 is an unknown value
EBX=0x16f7dc01 is an unknown value
ECX=0x00000000 is an unknown value
EDX=0x00000000 is an unknown value
ESP=0x16edec8c is pointing into the stack for thread: 0x16facc00
EBP=0x16edec98 is pointing into the stack for thread: 0x16facc00
ESI=0x16f7dcd8 is an unknown value
EDI=0x16facc00 is a thread


Stack: [0x16e90000,0x16ee0000],  sp=0x16edec8c,  free space=315k
Native frames: (J=compiled Java code, j=interpreted, Vv=VM code, C=native code)
V  [jvm.dll+0xd7739]
C  [jna6320407352253263268.dll+0x4228]
C  [jna6320407352253263268.dll+0x4d0e]
j  com.sun.jna.Native.invokeInt(JI[Ljava/lang/Object;)I+0
j  com.sun.jna.Function.invoke([Ljava/lang/Object;Ljava/lang/Class;Z)Ljava/lang/Object;+333
J 344 C1 com.sun.jna.Function.invoke(Ljava/lang/Class;[Ljava/lang/Object;Ljava/util/Map;)Ljava/lang/Object; (526 bytes) @ 0x029ebb58 [0x029eb6d0+0x488]
j  com.sun.jna.Library$Handler.invoke(Ljava/lang/Object;Ljava/lang/reflect/Method;[Ljava/lang/Object;)Ljava/lang/Object;+341
j  Luxand.$Proxy0.FSDK_LoadImageFromBuffer(Lcom/sun/jna/ptr/IntByReference;[BIIII)I+52
J 302 C1 Luxand.FSDK.LoadImageFromAWTImage(LLuxand/FSDK$HImage;Ljava/awt/Image;I)I (456 bytes) @ 0x029dd84c [0x029dcf00+0x94c]
j  liverecognition.AppFace$12.run()V+28
v  ~StubRoutines::call_stub
V  [jvm.dll+0x15b985]
V  [jvm.dll+0x22262e]
V  [jvm.dll+0x15ba1e]
V  [jvm.dll+0x15bba6]
V  [jvm.dll+0x15bc17]
V  [jvm.dll+0xffb3f]
V  [jvm.dll+0x17eb50]
V  [jvm.dll+0x17f3ca]
V  [jvm.dll+0x1c3fe6]
C  [msvcr100.dll+0x5c556]
C  [msvcr100.dll+0x5c600]
C  [KERNEL32.DLL+0x18484]
C  [ntdll.dll+0x62fea]
C  [ntdll.dll+0x62fba]
C  0x00000000

Java frames: (J=compiled Java code, j=interpreted, Vv=VM code)
j  com.sun.jna.Native.invokeInt(JI[Ljava/lang/Object;)I+0
j  com.sun.jna.Function.invoke([Ljava/lang/Object;Ljava/lang/Class;Z)Ljava/lang/Object;+333
J 344 C1 com.sun.jna.Function.invoke(Ljava/lang/Class;[Ljava/lang/Object;Ljava/util/Map;)Ljava/lang/Object; (526 bytes) @ 0x029ebb58 [0x029eb6d0+0x488]
j  com.sun.jna.Library$Handler.invoke(Ljava/lang/Object;Ljava/lang/reflect/Method;[Ljava/lang/Object;)Ljava/lang/Object;+341
j  Luxand.$Proxy0.FSDK_LoadImageFromBuffer(Lcom/sun/jna/ptr/IntByReference;[BIIII)I+52
J 302 C1 Luxand.FSDK.LoadImageFromAWTImage(LLuxand/FSDK$HImage;Ljava/awt/Image;I)I (456 bytes) @ 0x029dd84c [0x029dcf00+0x94c]
j  liverecognition.AppFace$12.run()V+28
v  ~StubRoutines::call_stub

---------------  P R O C E S S  ---------------

Java Threads: ( => current thread )
  0x16fac400 JavaThread "Thread-0" daemon [_thread_in_native, id=12380, stack(0x20790000,0x207e0000)]
=>0x16facc00 JavaThread "Thread-110" [_thread_in_vm, id=12700, stack(0x16e90000,0x16ee0000)]
  0x16fa4400 JavaThread "WebSocketTimer" [_thread_blocked, id=12216, stack(0x20430000,0x20480000)]
  0x16f8b000 JavaThread "WebSocketWriteThread-19" [_thread_blocked, id=12396, stack(0x1faa0000,0x1faf0000)]
  0x16f8ac00 JavaThread "WebSocketConnectReadThread-18" [_thread_in_native, id=10084, stack(0x1f7d0000,0x1f820000)]
  0x16f7fc00 JavaThread "Thread-3" [_thread_in_native, id=3060, stack(0x1f740000,0x1f790000)]
  0x00e8d400 JavaThread "DestroyJavaVM" [_thread_blocked, id=11084, stack(0x00e90000,0x00ee0000)]
  0x1602e800 JavaThread "AWT-EventQueue-0" [_thread_blocked, id=13000, stack(0x16530000,0x16580000)]
  0x1601e000 JavaThread "AWT-Shutdown" [_thread_blocked, id=4936, stack(0x16410000,0x16460000)]
  0x1601d800 JavaThread "Java2D Disposer" daemon [_thread_blocked, id=5916, stack(0x16160000,0x161b0000)]
  0x02876000 JavaThread "Service Thread" daemon [_thread_blocked, id=964, stack(0x15e40000,0x15e90000)]
  0x02853c00 JavaThread "C1 CompilerThread0" daemon [_thread_blocked, id=1096, stack(0x15db0000,0x15e00000)]
  0x02852c00 JavaThread "Attach Listener" daemon [_thread_blocked, id=10012, stack(0x15d20000,0x15d70000)]
  0x0284f000 JavaThread "Signal Dispatcher" daemon [_thread_blocked, id=8040, stack(0x15c90000,0x15ce0000)]
  0x02845c00 JavaThread "Finalizer" daemon [_thread_blocked, id=7328, stack(0x15540000,0x15590000)]
  0x027e7c00 JavaThread "Reference Handler" daemon [_thread_blocked, id=6664, stack(0x154b0000,0x15500000)]

Other Threads:
  0x027e4800 VMThread [stack: 0x04990000,0x049e0000] [id=12584]
  0x02884000 WatcherThread [stack: 0x15ed0000,0x15f20000] [id=5540]

VM state:not at safepoint (normal execution)

VM Mutex/Monitor currently owned by a thread: None

Heap:
 def new generation   total 4928K, used 3203K [0x04a00000, 0x04f50000, 0x09f50000)
  eden space 4416K,  64% used [0x04a00000, 0x04cc3700, 0x04e50000)
  from space 512K,  72% used [0x04e50000, 0x04ead668, 0x04ed0000)
  to   space 512K,   0% used [0x04ed0000, 0x04ed0000, 0x04f50000)
 tenured generation   total 10944K, used 9926K [0x09f50000, 0x0aa00000, 0x14a00000)
   the space 10944K,  90% used [0x09f50000, 0x0a901a40, 0x0a901c00, 0x0aa00000)
 Metaspace       used 2153K, capacity 2961K, committed 3008K, reserved 4480K

Card table byte_map: [0x048c0000,0x04950000] byte_map_base: 0x0489b000

Polling page: 0x00ac0000

CodeCache: size=32768Kb used=1275Kb max_used=1275Kb free=31492Kb
 bounds [0x028c0000, 0x02a00000, 0x048c0000]
 total_blobs=636 nmethods=384 adapters=183
 compilation: enabled

Compilation events (10 events):
Event: 7.557 Thread 0x02853c00  385   !         sun.awt.AWTAutoShutdown::setToolkitBusy (124 bytes)
Event: 7.557 Thread 0x02853c00 nmethod 385 0x029fda08 code [0x029fdb50, 0x029fdfcc]
Event: 7.618 Thread 0x02853c00  386             java.util.concurrent.locks.ReentrantLock::unlock (10 bytes)
Event: 7.618 Thread 0x02853c00 nmethod 386 0x029fe348 code [0x029fe460, 0x029fe558]
Event: 7.666 Thread 0x02853c00  387             java.util.concurrent.locks.ReentrantLock::lock (8 bytes)
Event: 7.667 Thread 0x02853c00 nmethod 387 0x029fe648 code [0x029fe750, 0x029fe7ec]
Event: 7.667 Thread 0x02853c00  388             java.util.concurrent.locks.ReentrantLock$NonfairSync::lock (25 bytes)
Event: 7.668 Thread 0x02853c00 nmethod 388 0x029fe848 code [0x029fe970, 0x029feae0]
Event: 7.697 Thread 0x02853c00  389             java.awt.EventQueue::noEvents (29 bytes)
Event: 7.697 Thread 0x02853c00 nmethod 389 0x029fec08 code [0x029fed00, 0x029fede0]

GC Heap History (10 events):
Event: 6.884 GC heap before
{Heap before GC invocations=37 (full 0):
 def new generation   total 4928K, used 4430K [0x04a00000, 0x04f50000, 0x09f50000)
  eden space 4416K,  93% used [0x04a00000, 0x04e08ca0, 0x04e50000)
  from space 512K,  58% used [0x04ed0000, 0x04f1ad58, 0x04f50000)
  to   space 512K,   0% used [0x04e50000, 0x04e50000, 0x04ed0000)
 tenured generation   total 10944K, used 9399K [0x09f50000, 0x0aa00000, 0x14a00000)
   the space 10944K,  85% used [0x09f50000, 0x0a87df78, 0x0a87e000, 0x0aa00000)
 Metaspace       used 2129K, capacity 2961K, committed 3008K, reserved 4480K
Event: 6.885 GC heap after
Heap after GC invocations=38 (full 0):
 def new generation   total 4928K, used 11K [0x04a00000, 0x04f50000, 0x09f50000)
  eden space 4416K,   0% used [0x04a00000, 0x04a00000, 0x04e50000)
  from space 512K,   2% used [0x04e50000, 0x04e52e90, 0x04ed0000)
  to   space 512K,   0% used [0x04ed0000, 0x04ed0000, 0x04f50000)
 tenured generation   total 10944K, used 9400K [0x09f50000, 0x0aa00000, 0x14a00000)
   the space 10944K,  85% used [0x09f50000, 0x0a87e280, 0x0a87e400, 0x0aa00000)
 Metaspace       used 2129K, capacity 2961K, committed 3008K, reserved 4480K
}
Event: 7.093 GC heap before
{Heap before GC invocations=38 (full 0):
 def new generation   total 4928K, used 4427K [0x04a00000, 0x04f50000, 0x09f50000)
  eden space 4416K, 100% used [0x04a00000, 0x04e50000, 0x04e50000)
  from space 512K,   2% used [0x04e50000, 0x04e52e90, 0x04ed0000)
  to   space 512K,   0% used [0x04ed0000, 0x04ed0000, 0x04f50000)
 tenured generation   total 10944K, used 9400K [0x09f50000, 0x0aa00000, 0x14a00000)
   the space 10944K,  85% used [0x09f50000, 0x0a87e280, 0x0a87e400, 0x0aa00000)
 Metaspace       used 2129K, capacity 2961K, committed 3008K, reserved 4480K
Event: 7.093 GC heap after
Heap after GC invocations=39 (full 0):
 def new generation   total 4928K, used 23K [0x04a00000, 0x04f50000, 0x09f50000)
  eden space 4416K,   0% used [0x04a00000, 0x04a00000, 0x04e50000)
  from space 512K,   4% used [0x04ed0000, 0x04ed5cb0, 0x04f50000)
  to   space 512K,   0% used [0x04e50000, 0x04e50000, 0x04ed0000)
 tenured generation   total 10944K, used 9400K [0x09f50000, 0x0aa00000, 0x14a00000)
   the space 10944K,  85% used [0x09f50000, 0x0a87e280, 0x0a87e400, 0x0aa00000)
 Metaspace       used 2129K, capacity 2961K, committed 3008K, reserved 4480K
}
Event: 7.226 GC heap before
{Heap before GC invocations=39 (full 0):
 def new generation   total 4928K, used 4439K [0x04a00000, 0x04f50000, 0x09f50000)
  eden space 4416K, 100% used [0x04a00000, 0x04e50000, 0x04e50000)
  from space 512K,   4% used [0x04ed0000, 0x04ed5cb0, 0x04f50000)
  to   space 512K,   0% used [0x04e50000, 0x04e50000, 0x04ed0000)
 tenured generation   total 10944K, used 9400K [0x09f50000, 0x0aa00000, 0x14a00000)
   the space 10944K,  85% used [0x09f50000, 0x0a87e280, 0x0a87e400, 0x0aa00000)
 Metaspace       used 2129K, capacity 2961K, committed 3008K, reserved 4480K
Event: 7.227 GC heap after
Heap after GC invocations=40 (full 0):
 def new generation   total 4928K, used 242K [0x04a00000, 0x04f50000, 0x09f50000)
  eden space 4416K,   0% used [0x04a00000, 0x04a00000, 0x04e50000)
  from space 512K,  47% used [0x04e50000, 0x04e8c8e0, 0x04ed0000)
  to   space 512K,   0% used [0x04ed0000, 0x04ed0000, 0x04f50000)
 tenured generation   total 10944K, used 9700K [0x09f50000, 0x0aa00000, 0x14a00000)
   the space 10944K,  88% used [0x09f50000, 0x0a8c9290, 0x0a8c9400, 0x0aa00000)
 Metaspace       used 2129K, capacity 2961K, committed 3008K, reserved 4480K
}
Event: 7.488 GC heap before
{Heap before GC invocations=40 (full 0):
 def new generation   total 4928K, used 4643K [0x04a00000, 0x04f50000, 0x09f50000)
  eden space 4416K,  99% used [0x04a00000, 0x04e4c440, 0x04e50000)
  from space 512K,  47% used [0x04e50000, 0x04e8c8e0, 0x04ed0000)
  to   space 512K,   0% used [0x04ed0000, 0x04ed0000, 0x04f50000)
 tenured generation   total 10944K, used 9700K [0x09f50000, 0x0aa00000, 0x14a00000)
   the space 10944K,  88% used [0x09f50000, 0x0a8c9290, 0x0a8c9400, 0x0aa00000)
 Metaspace       used 2129K, capacity 2961K, committed 3008K, reserved 4480K
Event: 7.489 GC heap after
Heap after GC invocations=41 (full 0):
 def new generation   total 4928K, used 370K [0x04a00000, 0x04f50000, 0x09f50000)
  eden space 4416K,   0% used [0x04a00000, 0x04a00000, 0x04e50000)
  from space 512K,  72% used [0x04ed0000, 0x04f2caa8, 0x04f50000)
  to   space 512K,   0% used [0x04e50000, 0x04e50000, 0x04ed0000)
 tenured generation   total 10944K, used 9925K [0x09f50000, 0x0aa00000, 0x14a00000)
   the space 10944K,  90% used [0x09f50000, 0x0a9016a0, 0x0a901800, 0x0aa00000)
 Metaspace       used 2129K, capacity 2961K, committed 3008K, reserved 4480K
}
Event: 7.997 GC heap before
{Heap before GC invocations=41 (full 0):
 def new generation   total 4928K, used 4670K [0x04a00000, 0x04f50000, 0x09f50000)
  eden space 4416K,  97% used [0x04a00000, 0x04e33100, 0x04e50000)
  from space 512K,  72% used [0x04ed0000, 0x04f2caa8, 0x04f50000)
  to   space 512K,   0% used [0x04e50000, 0x04e50000, 0x04ed0000)
 tenured generation   total 10944K, used 9925K [0x09f50000, 0x0aa00000, 0x14a00000)
   the space 10944K,  90% used [0x09f50000, 0x0a9016a0, 0x0a901800, 0x0aa00000)
 Metaspace       used 2129K, capacity 2961K, committed 3008K, reserved 4480K
Event: 7.998 GC heap after
Heap after GC invocations=42 (full 0):
 def new generation   total 4928K, used 373K [0x04a00000, 0x04f50000, 0x09f50000)
  eden space 4416K,   0% used [0x04a00000, 0x04a00000, 0x04e50000)
  from space 512K,  72% used [0x04e50000, 0x04ead668, 0x04ed0000)
  to   space 512K,   0% used [0x04ed0000, 0x04ed0000, 0x04f50000)
 tenured generation   total 10944K, used 9926K [0x09f50000, 0x0aa00000, 0x14a00000)
   the space 10944K,  90% used [0x09f50000, 0x0a901a40, 0x0a901c00, 0x0aa00000)
 Metaspace       used 2129K, capacity 2961K, committed 3008K, reserved 4480K
}

Deoptimization events (0 events):
No events

Classes redefined (0 events):
No events

Internal exceptions (10 events):
Event: 0.273 Thread 0x00e8d400 Exception <a 'java/lang/ClassNotFoundException': ToolBar> (0x04d10bf8) thrown at [C:\re\workspace\8-2-build-windows-i586-cygwin\jdk8u171\10807\hotspot\src\share\vm\classfile\systemDictionary.cpp, line 210]
Event: 0.273 Thread 0x00e8d400 Exception <a 'java/lang/ClassNotFoundException': ToggleButton> (0x04d11140) thrown at [C:\re\workspace\8-2-build-windows-i586-cygwin\jdk8u171\10807\hotspot\src\share\vm\classfile\systemDictionary.cpp, line 210]
Event: 0.273 Thread 0x00e8d400 Exception <a 'java/lang/ClassNotFoundException': javax/swing/JToolBarSeparator> (0x04d11548) thrown at [C:\re\workspace\8-2-build-windows-i586-cygwin\jdk8u171\10807\hotspot\src\share\vm\classfile\systemDictionary.cpp, line 210]
Event: 0.273 Thread 0x00e8d400 Exception <a 'java/lang/ClassNotFoundException': ToolBarSeparator> (0x04d119a0) thrown at [C:\re\workspace\8-2-build-windows-i586-cygwin\jdk8u171\10807\hotspot\src\share\vm\classfile\systemDictionary.cpp, line 210]
Event: 0.273 Thread 0x00e8d400 Exception <a 'java/lang/ClassNotFoundException': ToolTip> (0x04d12070) thrown at [C:\re\workspace\8-2-build-windows-i586-cygwin\jdk8u171\10807\hotspot\src\share\vm\classfile\systemDictionary.cpp, line 210]
Event: 0.273 Thread 0x00e8d400 Exception <a 'java/lang/ClassNotFoundException': Tree> (0x04d12b58) thrown at [C:\re\workspace\8-2-build-windows-i586-cygwin\jdk8u171\10807\hotspot\src\share\vm\classfile\systemDictionary.cpp, line 210]
Event: 0.273 Thread 0x00e8d400 Exception <a 'java/lang/ClassNotFoundException': Tree> (0x04d131f8) thrown at [C:\re\workspace\8-2-build-windows-i586-cygwin\jdk8u171\10807\hotspot\src\share\vm\classfile\systemDictionary.cpp, line 210]
Event: 0.273 Thread 0x00e8d400 Exception <a 'java/lang/ClassNotFoundException': javax/swing/JTreeCell> (0x04d13530) thrown at [C:\re\workspace\8-2-build-windows-i586-cygwin\jdk8u171\10807\hotspot\src\share\vm\classfile\systemDictionary.cpp, line 210]
Event: 0.273 Thread 0x00e8d400 Exception <a 'java/lang/ClassNotFoundException': TreeCell> (0x04d13978) thrown at [C:\re\workspace\8-2-build-windows-i586-cygwin\jdk8u171\10807\hotspot\src\share\vm\classfile\systemDictionary.cpp, line 210]
Event: 0.274 Thread 0x00e8d400 Exception <a 'java/lang/ClassNotFoundException': RootPane> (0x04d142f0) thrown at [C:\re\workspace\8-2-build-windows-i586-cygwin\jdk8u171\10807\hotspot\src\share\vm\classfile\systemDictionary.cpp, line 210]

Events (10 events):
Event: 8.015 loading class java/util/WeakHashMap$HashIterator
Event: 8.015 loading class java/util/WeakHashMap$HashIterator done
Event: 8.015 loading class java/util/WeakHashMap$KeyIterator done
Event: 8.015 Thread 0x16faac00 Thread exited: 0x16faac00
Event: 8.017 loading class java/lang/ProcessBuilder
Event: 8.026 loading class java/lang/ProcessBuilder done
Event: 8.026 loading class java/lang/ProcessImpl
Event: 8.027 loading class java/lang/Process
Event: 8.027 loading class java/lang/Process done
Event: 8.027 loading class java/lang/ProcessImpl done


Dynamic libraries:
0x000f0000 - 0x00123000 	C:\Program Files (x86)\Java\jdk1.8.0_171\jre\bin\java.exe
0x76f80000 - 0x77110000 	C:\WINDOWS\SYSTEM32\ntdll.dll
0x73860000 - 0x73940000 	C:\WINDOWS\System32\KERNEL32.DLL
0x757e0000 - 0x759c4000 	C:\WINDOWS\System32\KERNELBASE.dll
0x72720000 - 0x727bd000 	C:\WINDOWS\SYSTEM32\apphelp.dll
0x75ac0000 - 0x75b38000 	C:\WINDOWS\System32\ADVAPI32.dll
0x73d70000 - 0x73e2f000 	C:\WINDOWS\System32\msvcrt.dll
0x76450000 - 0x76494000 	C:\WINDOWS\System32\sechost.dll
0x75da0000 - 0x75e60000 	C:\WINDOWS\System32\RPCRT4.dll
0x73840000 - 0x73860000 	C:\WINDOWS\System32\SspiCli.dll
0x73830000 - 0x7383a000 	C:\WINDOWS\System32\CRYPTBASE.dll
0x764a0000 - 0x764f8000 	C:\WINDOWS\System32\bcryptPrimitives.dll
0x75ed0000 - 0x7605d000 	C:\WINDOWS\System32\USER32.dll
0x73c70000 - 0x73c87000 	C:\WINDOWS\System32\win32u.dll
0x76590000 - 0x765b2000 	C:\WINDOWS\System32\GDI32.dll
0x739b0000 - 0x73b14000 	C:\WINDOWS\System32\gdi32full.dll
0x76c70000 - 0x76ced000 	C:\WINDOWS\System32\msvcp_win.dll
0x76060000 - 0x7617e000 	C:\WINDOWS\System32\ucrtbase.dll
0x72d80000 - 0x72f84000 	C:\WINDOWS\WinSxS\x86_microsoft.windows.common-controls_6595b64144ccf1df_6.0.17134.112_none_42ecccf244e44518\COMCTL32.dll
0x75b40000 - 0x75d9c000 	C:\WINDOWS\System32\combase.dll
0x757b0000 - 0x757d6000 	C:\WINDOWS\System32\IMM32.DLL
0x725d0000 - 0x7268f000 	C:\Program Files (x86)\Java\jdk1.8.0_171\jre\bin\msvcr100.dll
0x721f0000 - 0x725c1000 	C:\Program Files (x86)\Java\jdk1.8.0_171\jre\bin\client\jvm.dll
0x759e0000 - 0x759e6000 	C:\WINDOWS\System32\PSAPI.DLL
0x73740000 - 0x73748000 	C:\WINDOWS\SYSTEM32\WSOCK32.dll
0x721c0000 - 0x721e4000 	C:\WINDOWS\SYSTEM32\WINMM.dll
0x75e60000 - 0x75ec7000 	C:\WINDOWS\System32\WS2_32.dll
0x733c0000 - 0x733c8000 	C:\WINDOWS\SYSTEM32\VERSION.dll
0x72190000 - 0x721b3000 	C:\WINDOWS\SYSTEM32\WINMMBASE.dll
0x76b90000 - 0x76bc9000 	C:\WINDOWS\System32\cfgmgr32.dll
0x72180000 - 0x7218c000 	C:\Program Files (x86)\Java\jdk1.8.0_171\jre\bin\verify.dll
0x72150000 - 0x72172000 	C:\Program Files (x86)\Java\jdk1.8.0_171\jre\bin\java.dll
0x72130000 - 0x72144000 	C:\Program Files (x86)\Java\jdk1.8.0_171\jre\bin\zip.dll
0x74450000 - 0x7579a000 	C:\WINDOWS\System32\SHELL32.dll
0x73e90000 - 0x73f18000 	C:\WINDOWS\System32\shcore.dll
0x765c0000 - 0x76b7a000 	C:\WINDOWS\System32\windows.storage.dll
0x73f20000 - 0x73f65000 	C:\WINDOWS\System32\shlwapi.dll
0x76b80000 - 0x76b8f000 	C:\WINDOWS\System32\kernel.appcore.dll
0x743a0000 - 0x743b8000 	C:\WINDOWS\System32\profapi.dll
0x73e30000 - 0x73e75000 	C:\WINDOWS\System32\powrprof.dll
0x73e80000 - 0x73e88000 	C:\WINDOWS\System32\FLTLIB.DLL
0x71f70000 - 0x720b5000 	C:\Program Files (x86)\Java\jdk1.8.0_171\jre\bin\awt.dll
0x76bd0000 - 0x76c66000 	C:\WINDOWS\System32\OLEAUT32.dll
0x72cf0000 - 0x72d6c000 	C:\WINDOWS\system32\uxtheme.dll
0x73b20000 - 0x73c64000 	C:\WINDOWS\System32\MSCTF.dll
0x71ea0000 - 0x71ec3000 	C:\WINDOWS\system32\dwmapi.dll
0x76350000 - 0x7644c000 	C:\WINDOWS\System32\ole32.dll
0x71c80000 - 0x71cb9000 	C:\Program Files (x86)\Java\jdk1.8.0_171\jre\bin\fontmanager.dll
0x71d90000 - 0x71e69000 	C:\WINDOWS\system32\opengl32.dll
0x71d50000 - 0x71d8f000 	C:\WINDOWS\SYSTEM32\GLU32.dll
0x72110000 - 0x72125000 	C:\Program Files (x86)\Java\jdk1.8.0_171\jre\bin\net.dll
0x736d0000 - 0x73726000 	C:\WINDOWS\system32\mswsock.dll
0x72100000 - 0x7210f000 	C:\Program Files (x86)\Java\jdk1.8.0_171\jre\bin\nio.dll
0x71660000 - 0x71692000 	C:\Program Files (x86)\Java\jdk1.8.0_171\jre\bin\t2k.dll
0x172e0000 - 0x1aaa2000 	D:\development\App Java\face\facewithRaspberry\appDesktop\facesdk.dll
0x73610000 - 0x73640000 	C:\WINDOWS\SYSTEM32\IPHLPAPI.DLL
0x71f00000 - 0x71f13000 	C:\WINDOWS\SYSTEM32\CRYPTSP.dll
0x71ed0000 - 0x71eff000 	C:\WINDOWS\system32\rsaenh.dll
0x73590000 - 0x735a9000 	C:\WINDOWS\SYSTEM32\bcrypt.dll
0x73390000 - 0x733b1000 	C:\WINDOWS\SYSTEM32\USERENV.dll
0x73940000 - 0x73947000 	C:\WINDOWS\System32\NSI.dll
0x720e0000 - 0x720f3000 	C:\WINDOWS\SYSTEM32\dhcpcsvc6.DLL
0x720c0000 - 0x720d4000 	C:\WINDOWS\SYSTEM32\dhcpcsvc.DLL
0x1aef0000 - 0x1af45000 	C:\Users\Alex\AppData\Local\Temp\jna6320407352253263268.dll
0x73200000 - 0x73382000 	C:\WINDOWS\SYSTEM32\dbghelp.dll
0x71a70000 - 0x71aee000 	C:\WINDOWS\System32\TextInputFramework.dll
0x71810000 - 0x71a6d000 	C:\WINDOWS\System32\CoreUIComponents.dll
0x71780000 - 0x7180b000 	C:\WINDOWS\System32\CoreMessaging.dll
0x72980000 - 0x729a9000 	C:\WINDOWS\SYSTEM32\ntmarta.dll
0x716a0000 - 0x71776000 	C:\WINDOWS\SYSTEM32\wintypes.dll
0x155f0000 - 0x155f7000 	C:\Program Files (x86)\Internet Download Manager\idmmkb.dll
0x714b0000 - 0x714d4000 	C:\Program Files (x86)\Java\jdk1.8.0_171\jre\bin\dcpr.dll
0x727e0000 - 0x72806000 	C:\Program Files (x86)\Java\jdk1.8.0_171\jre\bin\jpeg.dll

VM Arguments:
jvm_args: -Dfile.encoding=UTF-8 
java_command: liverecognition.AppFace
java_class_path (initial): D:\development\App Java\face\facewithRaspberry\appDesktop\FaceSDK.jar;D:\development\App Java\face\facewithRaspberry\appDesktop\jna.jar;D:\development\App Java\face\facewithRaspberry\appDesktop\lib\mail.jar;D:\development\App Java\face\facewithRaspberry\appDesktop\lib\swingx-1.6.1.jar;D:\development\App Java\face\facewithRaspberry\appDesktop\lib\jfoenix-8.0.4.jar;D:\development\App Java\face\facewithRaspberry\appDesktop\lib\twilio-java-sdk-6.3.0.jar;D:\development\App Java\face\facewithRaspberry\appDesktop\lib\Java-WebSocket-1.3.8.jar;D:\development\App Java\face\facewithRaspberry\appDesktop\build\classes
Launcher Type: SUN_STANDARD

Environment Variables:
PATH=C:\Program Files (x86)\Common Files\Oracle\Java\javapath;C:\Python27\;C:\Python27\Scripts;C:\WINDOWS\system32;C:\WINDOWS;C:\WINDOWS\System32\Wbem;C:\WINDOWS\System32\WindowsPowerShell\v1.0\;C:\Program Files\Git\cmd;C:\Program Files\dotnet\;C:\Program Files\Microsoft SQL Server\130\Tools\Binn\;C:\Program Files\Microsoft SQL Server\Client SDK\ODBC\130\Tools\Binn\;C:\Program Files (x86)\Microsoft SQL Server\130\Tools\Binn\;C:\Program Files\Microsoft SQL Server\130\DTS\Binn\;C:\Program Files (x86)\Microsoft SQL Server\Client SDK\ODBC\130\Tools\Binn\;C:\Program Files (x86)\Microsoft SQL Server\140\Tools\Binn\;C:\Program Files (x86)\Microsoft SQL Server\140\DTS\Binn\;C:\Program Files (x86)\Microsoft SQL Server\140\Tools\Binn\ManagementStudio\;C:\xampp\php;C:\ProgramData\ComposerSetup\bin;C:\Program Files\SlikSvn\bin;C:\Program Files\Java\apache-maven-3.5.3\bin;C:\Program Files (x86)\Java\jdk1.8.0_171;C:\Program Files (x86)\Java\jdk1.8.0_171\bin;C:\Program Files (x86)\Java\jdk1.8.0_171\lib;C:\Program Files (x86)\Java\jdk1.8.0_171\jre;C:\Program Files (x86)\Java\jdk1.8.0_171\jre\bin;C:\Program Files (x86)\Java\jdk1.8.0_171\jre\lib;C:\WINDOWS\System32\OpenSSH\;C:\Program Files (x86)\CMake\bin;C:\Program Files\nodejs\;C:\Users\Alex\AppData\Local\Microsoft\WindowsApps;C:\Users\Alex\AppData\Roaming\Composer\vendor\bin;C:\Program Files\Java\apache-maven-3.5.3\bin;;C:\Program Files\Microsoft VS Code\bin;C:\Users\Alex\AppData\Roaming\npm
USERNAME=Alex
OS=Windows_NT
PROCESSOR_IDENTIFIER=Intel64 Family 6 Model 42 Stepping 7, GenuineIntel



---------------  S Y S T E M  ---------------

OS: Windows 10.0 , 64 bit Build 17134 (10.0.17134.1)

CPU:total 4 (initial active 4) (2 cores per cpu, 2 threads per core) family 6 model 42 stepping 7, cmov, cx8, fxsr, mmx, sse, sse2, sse3, ssse3, sse4.1, sse4.2, popcnt, avx, aes, clmul, ht, tsc, tscinvbit

Memory: 4k page, physical 8294284k(3017476k free), swap 12750732k(5678152k free)

vm_info: Java HotSpot(TM) Client VM (25.171-b11) for windows-x86 JRE (1.8.0_171-b11), built on Mar 28 2018 14:51:22 by "java_re" with MS VC++ 10.0 (VS2010)

time: Tue Jun 26 23:46:42 2018
elapsed time: 8 seconds (0d 0h 0m 8s)

