#
# A fatal error has been detected by the Java Runtime Environment:
#
#  EXCEPTION_ACCESS_VIOLATION (0xc0000005) at pc=0x722c7739, pid=6944, tid=0x00001b4c
#
# JRE version: Java(TM) SE Runtime Environment (8.0_171-b11) (build 1.8.0_171-b11)
# Java VM: Java HotSpot(TM) Client VM (25.171-b11 mixed mode, sharing windows-x86 )
# Problematic frame:
# V  [jvm.dll+0xd7739]
#
# Failed to write core dump. Minidumps are not enabled by default on client versions of Windows
#
# If you would like to submit a bug report, please visit:
#   http://bugreport.java.com/bugreport/crash.jsp
#

---------------  T H R E A D  ---------------

Current thread (0x15d54c00):  JavaThread "Thread-18974" [_thread_in_vm, id=6988, stack(0x00740000,0x00790000)]

siginfo: ExceptionCode=0xc0000005, reading address 0x00000000

Registers:
EAX=0x00000000, EBX=0x15c5cf01, ECX=0x00000000, EDX=0x00000000
ESP=0x0078ef6c, EBP=0x0078ef78, ESI=0x15c5cf18, EDI=0x15d54c00
EIP=0x722c7739, EFLAGS=0x00010206

Top of Stack: (sp=0x0078ef6c)
0x0078ef6c:   0078f000 00000000 15c5cf18 0078f1e8
0x0078ef7c:   16124228 15d54d40 15c5cf18 00000000
0x0078ef8c:   0078ef7c 0078efc4 721f7333 00000020
0x0078ef9c:   161241b7 00000001 15d54c00 00000000
0x0078efac:   0078ef9c 15d54c00 0078f72c 00000020
0x0078efbc:   161241a3 fffffffe 0078efd4 721f73a4
0x0078efcc:   15d54c00 15d54c00 0078eff8 00000000
0x0078efdc:   16124185 00000006 00000004 15d54c00 

Instructions: (pc=0x722c7739)
0x722c7719:   1a 0a 00 33 ff eb 02 8b f9 6a 06 57 e8 b6 fc f2
0x722c7729:   ff 8b 75 0c 83 c4 08 b3 01 85 f6 74 39 8b 45 10
0x722c7739:   8b 00 50 32 db e8 1d b0 f6 ff 83 c4 04 85 c0 74
0x722c7749:   25 8b 0e 8b 49 04 8b 50 08 39 04 0a 75 04 b0 01 


Register to memory mapping:

EAX=0x00000000 is an unknown value
EBX=0x15c5cf01 is an unknown value
ECX=0x00000000 is an unknown value
EDX=0x00000000 is an unknown value
ESP=0x0078ef6c is pointing into the stack for thread: 0x15d54c00
EBP=0x0078ef78 is pointing into the stack for thread: 0x15d54c00
ESI=0x15c5cf18 is an unknown value
EDI=0x15d54c00 is a thread


Stack: [0x00740000,0x00790000],  sp=0x0078ef6c,  free space=315k
Native frames: (J=compiled Java code, j=interpreted, Vv=VM code, C=native code)
V  [jvm.dll+0xd7739]
C  [jna1458751559045596161.dll+0x4228]
C  [jna1458751559045596161.dll+0x4d0e]
J 493  com.sun.jna.Native.invokeInt(JI[Ljava/lang/Object;)I (0 bytes) @ 0x024815c6 [0x02481520+0xa6]
J 492 C1 com.sun.jna.Function.invoke([Ljava/lang/Object;Ljava/lang/Class;Z)Ljava/lang/Object; (1154 bytes) @ 0x02483bc4 [0x02481ff0+0x1bd4]
J 374 C1 com.sun.jna.Function.invoke(Ljava/lang/Class;[Ljava/lang/Object;Ljava/util/Map;)Ljava/lang/Object; (526 bytes) @ 0x0244f058 [0x0244ebd0+0x488]
J 500 C1 com.sun.jna.Library$Handler.invoke(Ljava/lang/Object;Ljava/lang/reflect/Method;[Ljava/lang/Object;)Ljava/lang/Object; (345 bytes) @ 0x0248fb8c [0x0248f350+0x83c]
j  Luxand.$Proxy0.FSDK_FreeImage(I)I+19
j  Luxand.FSDK.FreeImage(LLuxand/FSDK$HImage;)I+7
j  liverecognition.AppFace$12.run()V+715
v  ~StubRoutines::call_stub
V  [jvm.dll+0x15b985]
V  [jvm.dll+0x22262e]
V  [jvm.dll+0x15ba1e]
V  [jvm.dll+0x15bba6]
V  [jvm.dll+0x15bc17]
V  [jvm.dll+0xffb3f]
V  [jvm.dll+0x17eb50]
V  [jvm.dll+0x17f3ca]
V  [jvm.dll+0x1c3fe6]
C  [msvcr100.dll+0x5c556]
C  [msvcr100.dll+0x5c600]
C  [KERNEL32.DLL+0x18484]
C  [ntdll.dll+0x62fea]
C  [ntdll.dll+0x62fba]
C  0x00000000

Java frames: (J=compiled Java code, j=interpreted, Vv=VM code)
J 493  com.sun.jna.Native.invokeInt(JI[Ljava/lang/Object;)I (0 bytes) @ 0x02481582 [0x02481520+0x62]
J 492 C1 com.sun.jna.Function.invoke([Ljava/lang/Object;Ljava/lang/Class;Z)Ljava/lang/Object; (1154 bytes) @ 0x02483bc4 [0x02481ff0+0x1bd4]
J 374 C1 com.sun.jna.Function.invoke(Ljava/lang/Class;[Ljava/lang/Object;Ljava/util/Map;)Ljava/lang/Object; (526 bytes) @ 0x0244f058 [0x0244ebd0+0x488]
J 500 C1 com.sun.jna.Library$Handler.invoke(Ljava/lang/Object;Ljava/lang/reflect/Method;[Ljava/lang/Object;)Ljava/lang/Object; (345 bytes) @ 0x0248fb8c [0x0248f350+0x83c]
j  Luxand.$Proxy0.FSDK_FreeImage(I)I+19
j  Luxand.FSDK.FreeImage(LLuxand/FSDK$HImage;)I+7
j  liverecognition.AppFace$12.run()V+715
v  ~StubRoutines::call_stub

---------------  P R O C E S S  ---------------

Java Threads: ( => current thread )
  0x15d53c00 JavaThread "Thread-0" daemon [_thread_in_native, id=12872, stack(0x007d0000,0x00820000)]
=>0x15d54c00 JavaThread "Thread-18974" [_thread_in_vm, id=6988, stack(0x00740000,0x00790000)]
  0x16cc2000 JavaThread "WebSocketTimer" [_thread_blocked, id=4512, stack(0x1ff50000,0x1ffa0000)]
  0x16c86000 JavaThread "WebSocketWriteThread-19" [_thread_blocked, id=12164, stack(0x1f5c0000,0x1f610000)]
  0x16c96800 JavaThread "WebSocketConnectReadThread-18" [_thread_in_native, id=1240, stack(0x1f300000,0x1f350000)]
  0x16c85800 JavaThread "Thread-3" [_thread_in_native, id=13060, stack(0x1f270000,0x1f2c0000)]
  0x0216d400 JavaThread "DestroyJavaVM" [_thread_blocked, id=10416, stack(0x02170000,0x021c0000)]
  0x15c7d000 JavaThread "AWT-EventQueue-0" [_thread_blocked, id=9912, stack(0x16020000,0x16070000)]
  0x15c6b000 JavaThread "AWT-Shutdown" [_thread_blocked, id=1528, stack(0x15e00000,0x15e50000)]
  0x15c6a800 JavaThread "Java2D Disposer" daemon [_thread_blocked, id=2536, stack(0x15d70000,0x15dc0000)]
  0x022d2800 JavaThread "Service Thread" daemon [_thread_blocked, id=5620, stack(0x153d0000,0x15420000)]
  0x022b3800 JavaThread "C1 CompilerThread0" daemon [_thread_blocked, id=1300, stack(0x15340000,0x15390000)]
  0x022b2c00 JavaThread "Attach Listener" daemon [_thread_blocked, id=3880, stack(0x152b0000,0x15300000)]
  0x022b1000 JavaThread "Signal Dispatcher" daemon [_thread_blocked, id=11740, stack(0x15220000,0x15270000)]
  0x022a5c00 JavaThread "Finalizer" daemon [_thread_blocked, id=9560, stack(0x15060000,0x150b0000)]
  0x02247c00 JavaThread "Reference Handler" daemon [_thread_blocked, id=12400, stack(0x15010000,0x15060000)]

Other Threads:
  0x02244800 VMThread [stack: 0x14930000,0x14980000] [id=9036]
  0x022e8800 WatcherThread [stack: 0x15460000,0x154b0000] [id=12572]

VM state:not at safepoint (normal execution)

VM Mutex/Monitor currently owned by a thread: None

Heap:
 def new generation   total 4992K, used 2454K [0x04400000, 0x04960000, 0x09950000)
  eden space 4480K,  49% used [0x04400000, 0x04626df0, 0x04860000)
  from space 512K,  48% used [0x048e0000, 0x0491eae8, 0x04960000)
  to   space 512K,   0% used [0x04860000, 0x04860000, 0x048e0000)
 tenured generation   total 10944K, used 10623K [0x09950000, 0x0a400000, 0x14400000)
   the space 10944K,  97% used [0x09950000, 0x0a3affd8, 0x0a3b0000, 0x0a400000)
 Metaspace       used 2159K, capacity 2951K, committed 3008K, reserved 4480K

Card table byte_map: [0x14400000,0x14490000] byte_map_base: 0x143de000

Polling page: 0x021c0000

CodeCache: size=32768Kb used=1834Kb max_used=1834Kb free=30933Kb
 bounds [0x02320000, 0x024f0000, 0x04320000]
 total_blobs=923 nmethods=668 adapters=185
 compilation: enabled

Compilation events (10 events):
Event: 581.790 Thread 0x022b3800  668  s          java.lang.Throwable::fillInStackTrace (29 bytes)
Event: 581.790 Thread 0x022b3800 nmethod 668 0x024e5c08 code [0x024e5d10, 0x024e5f1c]
Event: 649.611 Thread 0x022b3800  670 % !         org.java_websocket.client.WebSocketClient::run @ 253 (339 bytes)
Event: 649.614 Thread 0x022b3800 nmethod 670% 0x024e5fc8 code [0x024e6350, 0x024e7604]
Event: 709.535 Thread 0x022b3800  671   !         com.sun.jna.Structure::write (115 bytes)
Event: 709.536 Thread 0x022b3800 nmethod 671 0x024e8cc8 code [0x024e8ee0, 0x024e936c]
Event: 709.536 Thread 0x022b3800  672   !         com.sun.jna.Structure::read (174 bytes)
Event: 709.537 Thread 0x022b3800 nmethod 672 0x024e9888 code [0x024e9b80, 0x024ea314]
Event: 1197.487 Thread 0x022b3800  673             java.util.IdentityHashMap::clear (39 bytes)
Event: 1197.487 Thread 0x022b3800 nmethod 673 0x024eaa48 code [0x024eab40, 0x024eac00]

GC Heap History (10 events):
Event: 1198.173 GC heap before
{Heap before GC invocations=7201 (full 138):
 def new generation   total 4992K, used 4801K [0x04400000, 0x04960000, 0x09950000)
  eden space 4480K, 100% used [0x04400000, 0x04860000, 0x04860000)
  from space 512K,  62% used [0x04860000, 0x048b04b0, 0x048e0000)
  to   space 512K,   0% used [0x048e0000, 0x048e0000, 0x04960000)
 tenured generation   total 10944K, used 9993K [0x09950000, 0x0a400000, 0x14400000)
   the space 10944K,  91% used [0x09950000, 0x0a312620, 0x0a312800, 0x0a400000)
 Metaspace       used 2135K, capacity 2951K, committed 3008K, reserved 4480K
Event: 1198.174 GC heap after
Heap after GC invocations=7202 (full 138):
 def new generation   total 4992K, used 263K [0x04400000, 0x04960000, 0x09950000)
  eden space 4480K,   0% used [0x04400000, 0x04400000, 0x04860000)
  from space 512K,  51% used [0x048e0000, 0x04921c50, 0x04960000)
  to   space 512K,   0% used [0x04860000, 0x04860000, 0x048e0000)
 tenured generation   total 10944K, used 10003K [0x09950000, 0x0a400000, 0x14400000)
   the space 10944K,  91% used [0x09950000, 0x0a314e80, 0x0a315000, 0x0a400000)
 Metaspace       used 2135K, capacity 2951K, committed 3008K, reserved 4480K
}
Event: 1198.322 GC heap before
{Heap before GC invocations=7202 (full 138):
 def new generation   total 4992K, used 4743K [0x04400000, 0x04960000, 0x09950000)
  eden space 4480K, 100% used [0x04400000, 0x04860000, 0x04860000)
  from space 512K,  51% used [0x048e0000, 0x04921c50, 0x04960000)
  to   space 512K,   0% used [0x04860000, 0x04860000, 0x048e0000)
 tenured generation   total 10944K, used 10003K [0x09950000, 0x0a400000, 0x14400000)
   the space 10944K,  91% used [0x09950000, 0x0a314e80, 0x0a315000, 0x0a400000)
 Metaspace       used 2135K, capacity 2951K, committed 3008K, reserved 4480K
Event: 1198.323 GC heap after
Heap after GC invocations=7203 (full 138):
 def new generation   total 4992K, used 298K [0x04400000, 0x04960000, 0x09950000)
  eden space 4480K,   0% used [0x04400000, 0x04400000, 0x04860000)
  from space 512K,  58% used [0x04860000, 0x048aabe8, 0x048e0000)
  to   space 512K,   0% used [0x048e0000, 0x048e0000, 0x04960000)
 tenured generation   total 10944K, used 10313K [0x09950000, 0x0a400000, 0x14400000)
   the space 10944K,  94% used [0x09950000, 0x0a362790, 0x0a362800, 0x0a400000)
 Metaspace       used 2135K, capacity 2951K, committed 3008K, reserved 4480K
}
Event: 1198.416 GC heap before
{Heap before GC invocations=7203 (full 138):
 def new generation   total 4992K, used 4492K [0x04400000, 0x04960000, 0x09950000)
  eden space 4480K,  93% used [0x04400000, 0x048185e0, 0x04860000)
  from space 512K,  58% used [0x04860000, 0x048aabe8, 0x048e0000)
  to   space 512K,   0% used [0x048e0000, 0x048e0000, 0x04960000)
 tenured generation   total 10944K, used 10313K [0x09950000, 0x0a400000, 0x14400000)
   the space 10944K,  94% used [0x09950000, 0x0a362790, 0x0a362800, 0x0a400000)
 Metaspace       used 2135K, capacity 2951K, committed 3008K, reserved 4480K
Event: 1198.416 GC heap after
Heap after GC invocations=7204 (full 138):
 def new generation   total 4992K, used 11K [0x04400000, 0x04960000, 0x09950000)
  eden space 4480K,   0% used [0x04400000, 0x04400000, 0x04860000)
  from space 512K,   2% used [0x048e0000, 0x048e2f48, 0x04960000)
  to   space 512K,   0% used [0x04860000, 0x04860000, 0x048e0000)
 tenured generation   total 10944K, used 10323K [0x09950000, 0x0a400000, 0x14400000)
   the space 10944K,  94% used [0x09950000, 0x0a364fc8, 0x0a365000, 0x0a400000)
 Metaspace       used 2135K, capacity 2951K, committed 3008K, reserved 4480K
}
Event: 1198.703 GC heap before
{Heap before GC invocations=7204 (full 138):
 def new generation   total 4992K, used 4462K [0x04400000, 0x04960000, 0x09950000)
  eden space 4480K,  99% used [0x04400000, 0x048589c8, 0x04860000)
  from space 512K,   2% used [0x048e0000, 0x048e2f48, 0x04960000)
  to   space 512K,   0% used [0x04860000, 0x04860000, 0x048e0000)
 tenured generation   total 10944K, used 10323K [0x09950000, 0x0a400000, 0x14400000)
   the space 10944K,  94% used [0x09950000, 0x0a364fc8, 0x0a365000, 0x0a400000)
 Metaspace       used 2135K, capacity 2951K, committed 3008K, reserved 4480K
Event: 1198.704 GC heap after
Heap after GC invocations=7205 (full 138):
 def new generation   total 4992K, used 46K [0x04400000, 0x04960000, 0x09950000)
  eden space 4480K,   0% used [0x04400000, 0x04400000, 0x04860000)
  from space 512K,   9% used [0x04860000, 0x0486b858, 0x048e0000)
  to   space 512K,   0% used [0x048e0000, 0x048e0000, 0x04960000)
 tenured generation   total 10944K, used 10323K [0x09950000, 0x0a400000, 0x14400000)
   the space 10944K,  94% used [0x09950000, 0x0a364fc8, 0x0a365000, 0x0a400000)
 Metaspace       used 2135K, capacity 2951K, committed 3008K, reserved 4480K
}
Event: 1198.794 GC heap before
{Heap before GC invocations=7205 (full 138):
 def new generation   total 4992K, used 4526K [0x04400000, 0x04960000, 0x09950000)
  eden space 4480K, 100% used [0x04400000, 0x04860000, 0x04860000)
  from space 512K,   9% used [0x04860000, 0x0486b858, 0x048e0000)
  to   space 512K,   0% used [0x048e0000, 0x048e0000, 0x04960000)
 tenured generation   total 10944K, used 10323K [0x09950000, 0x0a400000, 0x14400000)
   the space 10944K,  94% used [0x09950000, 0x0a364fc8, 0x0a365000, 0x0a400000)
 Metaspace       used 2135K, capacity 2951K, committed 3008K, reserved 4480K
Event: 1198.795 GC heap after
Heap after GC invocations=7206 (full 138):
 def new generation   total 4992K, used 250K [0x04400000, 0x04960000, 0x09950000)
  eden space 4480K,   0% used [0x04400000, 0x04400000, 0x04860000)
  from space 512K,  48% used [0x048e0000, 0x0491eae8, 0x04960000)
  to   space 512K,   0% used [0x04860000, 0x04860000, 0x048e0000)
 tenured generation   total 10944K, used 10623K [0x09950000, 0x0a400000, 0x14400000)
   the space 10944K,  97% used [0x09950000, 0x0a3affd8, 0x0a3b0000, 0x0a400000)
 Metaspace       used 2135K, capacity 2951K, committed 3008K, reserved 4480K
}

Deoptimization events (0 events):
No events

Classes redefined (0 events):
No events

Internal exceptions (10 events):
Event: 0.193 Thread 0x0216d400 Exception <a 'java/lang/ClassNotFoundException': ToolBar> (0x04710bf8) thrown at [C:\re\workspace\8-2-build-windows-i586-cygwin\jdk8u171\10807\hotspot\src\share\vm\classfile\systemDictionary.cpp, line 210]
Event: 0.193 Thread 0x0216d400 Exception <a 'java/lang/ClassNotFoundException': ToggleButton> (0x04711140) thrown at [C:\re\workspace\8-2-build-windows-i586-cygwin\jdk8u171\10807\hotspot\src\share\vm\classfile\systemDictionary.cpp, line 210]
Event: 0.193 Thread 0x0216d400 Exception <a 'java/lang/ClassNotFoundException': javax/swing/JToolBarSeparator> (0x04711548) thrown at [C:\re\workspace\8-2-build-windows-i586-cygwin\jdk8u171\10807\hotspot\src\share\vm\classfile\systemDictionary.cpp, line 210]
Event: 0.193 Thread 0x0216d400 Exception <a 'java/lang/ClassNotFoundException': ToolBarSeparator> (0x047119a0) thrown at [C:\re\workspace\8-2-build-windows-i586-cygwin\jdk8u171\10807\hotspot\src\share\vm\classfile\systemDictionary.cpp, line 210]
Event: 0.193 Thread 0x0216d400 Exception <a 'java/lang/ClassNotFoundException': ToolTip> (0x04712070) thrown at [C:\re\workspace\8-2-build-windows-i586-cygwin\jdk8u171\10807\hotspot\src\share\vm\classfile\systemDictionary.cpp, line 210]
Event: 0.194 Thread 0x0216d400 Exception <a 'java/lang/ClassNotFoundException': Tree> (0x04712b58) thrown at [C:\re\workspace\8-2-build-windows-i586-cygwin\jdk8u171\10807\hotspot\src\share\vm\classfile\systemDictionary.cpp, line 210]
Event: 0.194 Thread 0x0216d400 Exception <a 'java/lang/ClassNotFoundException': Tree> (0x047131f8) thrown at [C:\re\workspace\8-2-build-windows-i586-cygwin\jdk8u171\10807\hotspot\src\share\vm\classfile\systemDictionary.cpp, line 210]
Event: 0.194 Thread 0x0216d400 Exception <a 'java/lang/ClassNotFoundException': javax/swing/JTreeCell> (0x04713530) thrown at [C:\re\workspace\8-2-build-windows-i586-cygwin\jdk8u171\10807\hotspot\src\share\vm\classfile\systemDictionary.cpp, line 210]
Event: 0.194 Thread 0x0216d400 Exception <a 'java/lang/ClassNotFoundException': TreeCell> (0x04713978) thrown at [C:\re\workspace\8-2-build-windows-i586-cygwin\jdk8u171\10807\hotspot\src\share\vm\classfile\systemDictionary.cpp, line 210]
Event: 0.194 Thread 0x0216d400 Exception <a 'java/lang/ClassNotFoundException': RootPane> (0x047142f0) thrown at [C:\re\workspace\8-2-build-windows-i586-cygwin\jdk8u171\10807\hotspot\src\share\vm\classfile\systemDictionary.cpp, line 210]

Events (10 events):
Event: 1198.815 loading class java/util/WeakHashMap$HashIterator done
Event: 1198.815 loading class java/util/WeakHashMap$KeyIterator done
Event: 1198.815 Thread 0x15d51400 Thread exited: 0x15d51400
Event: 1198.821 loading class java/lang/ProcessBuilder
Event: 1198.822 loading class java/lang/ProcessBuilder done
Event: 1198.822 loading class java/lang/ProcessImpl
Event: 1198.822 loading class java/lang/Process
Event: 1198.822 loading class java/lang/Process done
Event: 1198.822 loading class java/lang/ProcessImpl done
Event: 1198.842 Thread 0x15c6cc00 Thread exited: 0x15c6cc00


Dynamic libraries:
0x000f0000 - 0x00123000 	C:\Program Files (x86)\Java\jdk1.8.0_171\jre\bin\java.exe
0x76f80000 - 0x77110000 	C:\WINDOWS\SYSTEM32\ntdll.dll
0x73860000 - 0x73940000 	C:\WINDOWS\System32\KERNEL32.DLL
0x757e0000 - 0x759c4000 	C:\WINDOWS\System32\KERNELBASE.dll
0x72720000 - 0x727bd000 	C:\WINDOWS\SYSTEM32\apphelp.dll
0x75ac0000 - 0x75b38000 	C:\WINDOWS\System32\ADVAPI32.dll
0x73d70000 - 0x73e2f000 	C:\WINDOWS\System32\msvcrt.dll
0x76450000 - 0x76494000 	C:\WINDOWS\System32\sechost.dll
0x75da0000 - 0x75e60000 	C:\WINDOWS\System32\RPCRT4.dll
0x73840000 - 0x73860000 	C:\WINDOWS\System32\SspiCli.dll
0x73830000 - 0x7383a000 	C:\WINDOWS\System32\CRYPTBASE.dll
0x764a0000 - 0x764f8000 	C:\WINDOWS\System32\bcryptPrimitives.dll
0x75ed0000 - 0x7605d000 	C:\WINDOWS\System32\USER32.dll
0x73c70000 - 0x73c87000 	C:\WINDOWS\System32\win32u.dll
0x76590000 - 0x765b2000 	C:\WINDOWS\System32\GDI32.dll
0x739b0000 - 0x73b14000 	C:\WINDOWS\System32\gdi32full.dll
0x76c70000 - 0x76ced000 	C:\WINDOWS\System32\msvcp_win.dll
0x76060000 - 0x7617e000 	C:\WINDOWS\System32\ucrtbase.dll
0x72d80000 - 0x72f84000 	C:\WINDOWS\WinSxS\x86_microsoft.windows.common-controls_6595b64144ccf1df_6.0.17134.112_none_42ecccf244e44518\COMCTL32.dll
0x75b40000 - 0x75d9c000 	C:\WINDOWS\System32\combase.dll
0x757b0000 - 0x757d6000 	C:\WINDOWS\System32\IMM32.DLL
0x725d0000 - 0x7268f000 	C:\Program Files (x86)\Java\jdk1.8.0_171\jre\bin\msvcr100.dll
0x721f0000 - 0x725c1000 	C:\Program Files (x86)\Java\jdk1.8.0_171\jre\bin\client\jvm.dll
0x759e0000 - 0x759e6000 	C:\WINDOWS\System32\PSAPI.DLL
0x733c0000 - 0x733c8000 	C:\WINDOWS\SYSTEM32\VERSION.dll
0x721c0000 - 0x721e4000 	C:\WINDOWS\SYSTEM32\WINMM.dll
0x73740000 - 0x73748000 	C:\WINDOWS\SYSTEM32\WSOCK32.dll
0x75e60000 - 0x75ec7000 	C:\WINDOWS\System32\WS2_32.dll
0x72190000 - 0x721b3000 	C:\WINDOWS\SYSTEM32\winmmbase.dll
0x76b90000 - 0x76bc9000 	C:\WINDOWS\System32\cfgmgr32.dll
0x72180000 - 0x7218c000 	C:\Program Files (x86)\Java\jdk1.8.0_171\jre\bin\verify.dll
0x72150000 - 0x72172000 	C:\Program Files (x86)\Java\jdk1.8.0_171\jre\bin\java.dll
0x72130000 - 0x72144000 	C:\Program Files (x86)\Java\jdk1.8.0_171\jre\bin\zip.dll
0x74450000 - 0x7579a000 	C:\WINDOWS\System32\SHELL32.dll
0x73e90000 - 0x73f18000 	C:\WINDOWS\System32\shcore.dll
0x765c0000 - 0x76b7a000 	C:\WINDOWS\System32\windows.storage.dll
0x73f20000 - 0x73f65000 	C:\WINDOWS\System32\shlwapi.dll
0x76b80000 - 0x76b8f000 	C:\WINDOWS\System32\kernel.appcore.dll
0x743a0000 - 0x743b8000 	C:\WINDOWS\System32\profapi.dll
0x73e30000 - 0x73e75000 	C:\WINDOWS\System32\powrprof.dll
0x73e80000 - 0x73e88000 	C:\WINDOWS\System32\FLTLIB.DLL
0x71f70000 - 0x720b5000 	C:\Program Files (x86)\Java\jdk1.8.0_171\jre\bin\awt.dll
0x76bd0000 - 0x76c66000 	C:\WINDOWS\System32\OLEAUT32.dll
0x72cf0000 - 0x72d6c000 	C:\WINDOWS\system32\uxtheme.dll
0x73b20000 - 0x73c64000 	C:\WINDOWS\System32\MSCTF.dll
0x71ea0000 - 0x71ec3000 	C:\WINDOWS\system32\dwmapi.dll
0x76350000 - 0x7644c000 	C:\WINDOWS\System32\ole32.dll
0x71c80000 - 0x71cb9000 	C:\Program Files (x86)\Java\jdk1.8.0_171\jre\bin\fontmanager.dll
0x71d90000 - 0x71e69000 	C:\WINDOWS\system32\opengl32.dll
0x71d50000 - 0x71d8f000 	C:\WINDOWS\SYSTEM32\GLU32.dll
0x72110000 - 0x72125000 	C:\Program Files (x86)\Java\jdk1.8.0_171\jre\bin\net.dll
0x736d0000 - 0x73726000 	C:\WINDOWS\system32\mswsock.dll
0x72100000 - 0x7210f000 	C:\Program Files (x86)\Java\jdk1.8.0_171\jre\bin\nio.dll
0x71660000 - 0x71692000 	C:\Program Files (x86)\Java\jdk1.8.0_171\jre\bin\t2k.dll
0x17000000 - 0x1a7c2000 	D:\development\App Java\face\facewithRaspberry\appDesktop\facesdk.dll
0x73610000 - 0x73640000 	C:\WINDOWS\SYSTEM32\IPHLPAPI.DLL
0x71f00000 - 0x71f13000 	C:\WINDOWS\SYSTEM32\CRYPTSP.dll
0x71ed0000 - 0x71eff000 	C:\WINDOWS\system32\rsaenh.dll
0x73590000 - 0x735a9000 	C:\WINDOWS\SYSTEM32\bcrypt.dll
0x73390000 - 0x733b1000 	C:\WINDOWS\SYSTEM32\USERENV.dll
0x73940000 - 0x73947000 	C:\WINDOWS\System32\NSI.dll
0x720e0000 - 0x720f3000 	C:\WINDOWS\SYSTEM32\dhcpcsvc6.DLL
0x720c0000 - 0x720d4000 	C:\WINDOWS\SYSTEM32\dhcpcsvc.DLL
0x16120000 - 0x16175000 	C:\Users\Alex\AppData\Local\Temp\jna1458751559045596161.dll
0x73200000 - 0x73382000 	C:\WINDOWS\SYSTEM32\dbghelp.dll
0x71a70000 - 0x71aee000 	C:\WINDOWS\System32\TextInputFramework.dll
0x71780000 - 0x7180b000 	C:\WINDOWS\System32\CoreMessaging.dll
0x71810000 - 0x71a6d000 	C:\WINDOWS\System32\CoreUIComponents.dll
0x72980000 - 0x729a9000 	C:\WINDOWS\SYSTEM32\ntmarta.dll
0x716a0000 - 0x71776000 	C:\WINDOWS\SYSTEM32\wintypes.dll
0x163e0000 - 0x163e7000 	C:\Program Files (x86)\Internet Download Manager\idmmkb.dll
0x714b0000 - 0x714d4000 	C:\Program Files (x86)\Java\jdk1.8.0_171\jre\bin\dcpr.dll
0x727e0000 - 0x72806000 	C:\Program Files (x86)\Java\jdk1.8.0_171\jre\bin\jpeg.dll

VM Arguments:
jvm_args: -Dfile.encoding=UTF-8 
java_command: liverecognition.AppFace
java_class_path (initial): D:\development\App Java\face\facewithRaspberry\appDesktop\FaceSDK.jar;D:\development\App Java\face\facewithRaspberry\appDesktop\jna.jar;D:\development\App Java\face\facewithRaspberry\appDesktop\lib\mail.jar;D:\development\App Java\face\facewithRaspberry\appDesktop\lib\swingx-1.6.1.jar;D:\development\App Java\face\facewithRaspberry\appDesktop\lib\jfoenix-8.0.4.jar;D:\development\App Java\face\facewithRaspberry\appDesktop\lib\twilio-java-sdk-6.3.0.jar;D:\development\App Java\face\facewithRaspberry\appDesktop\lib\Java-WebSocket-1.3.8.jar;D:\development\App Java\face\facewithRaspberry\appDesktop\build\classes
Launcher Type: SUN_STANDARD

Environment Variables:
PATH=C:\Program Files (x86)\Common Files\Oracle\Java\javapath;C:\Python27\;C:\Python27\Scripts;C:\WINDOWS\system32;C:\WINDOWS;C:\WINDOWS\System32\Wbem;C:\WINDOWS\System32\WindowsPowerShell\v1.0\;C:\Program Files\Git\cmd;C:\Program Files\dotnet\;C:\Program Files\Microsoft SQL Server\130\Tools\Binn\;C:\Program Files\Microsoft SQL Server\Client SDK\ODBC\130\Tools\Binn\;C:\Program Files (x86)\Microsoft SQL Server\130\Tools\Binn\;C:\Program Files\Microsoft SQL Server\130\DTS\Binn\;C:\Program Files (x86)\Microsoft SQL Server\Client SDK\ODBC\130\Tools\Binn\;C:\Program Files (x86)\Microsoft SQL Server\140\Tools\Binn\;C:\Program Files (x86)\Microsoft SQL Server\140\DTS\Binn\;C:\Program Files (x86)\Microsoft SQL Server\140\Tools\Binn\ManagementStudio\;C:\xampp\php;C:\ProgramData\ComposerSetup\bin;C:\Program Files\SlikSvn\bin;C:\Program Files\Java\apache-maven-3.5.3\bin;C:\Program Files (x86)\Java\jdk1.8.0_171;C:\Program Files (x86)\Java\jdk1.8.0_171\bin;C:\Program Files (x86)\Java\jdk1.8.0_171\lib;C:\Program Files (x86)\Java\jdk1.8.0_171\jre;C:\Program Files (x86)\Java\jdk1.8.0_171\jre\bin;C:\Program Files (x86)\Java\jdk1.8.0_171\jre\lib;C:\WINDOWS\System32\OpenSSH\;C:\Program Files (x86)\CMake\bin;C:\Program Files\nodejs\;C:\Users\Alex\AppData\Local\Microsoft\WindowsApps;C:\Users\Alex\AppData\Roaming\Composer\vendor\bin;C:\Program Files\Java\apache-maven-3.5.3\bin;;C:\Program Files\Microsoft VS Code\bin;C:\Users\Alex\AppData\Roaming\npm
USERNAME=Alex
OS=Windows_NT
PROCESSOR_IDENTIFIER=Intel64 Family 6 Model 42 Stepping 7, GenuineIntel



---------------  S Y S T E M  ---------------

OS: Windows 10.0 , 64 bit Build 17134 (10.0.17134.1)

CPU:total 4 (initial active 4) (2 cores per cpu, 2 threads per core) family 6 model 42 stepping 7, cmov, cx8, fxsr, mmx, sse, sse2, sse3, ssse3, sse4.1, sse4.2, popcnt, avx, aes, clmul, ht, tsc, tscinvbit

Memory: 4k page, physical 8294284k(2906176k free), swap 12750732k(5691360k free)

vm_info: Java HotSpot(TM) Client VM (25.171-b11) for windows-x86 JRE (1.8.0_171-b11), built on Mar 28 2018 14:51:22 by "java_re" with MS VC++ 10.0 (VS2010)

time: Tue Jun 26 23:37:27 2018
elapsed time: 1198 seconds (0d 0h 19m 58s)

