#
# A fatal error has been detected by the Java Runtime Environment:
#
#  EXCEPTION_ACCESS_VIOLATION (0xc0000005) at pc=0x59007739, pid=11020, tid=0x00001dd8
#
# JRE version: Java(TM) SE Runtime Environment (8.0_171-b11) (build 1.8.0_171-b11)
# Java VM: Java HotSpot(TM) Client VM (25.171-b11 mixed mode windows-x86 )
# Problematic frame:
# V  [jvm.dll+0xd7739]
#
# Failed to write core dump. Minidumps are not enabled by default on client versions of Windows
#
# If you would like to submit a bug report, please visit:
#   http://bugreport.java.com/bugreport/crash.jsp
#

---------------  T H R E A D  ---------------

Current thread (0x16303000):  JavaThread "Thread-21893" [_thread_in_vm, id=7640, stack(0x00b40000,0x00b90000)]

siginfo: ExceptionCode=0xc0000005, reading address 0x00000000

Registers:
EAX=0x00000000, EBX=0x21367201, ECX=0x00000000, EDX=0x00000000
ESP=0x00b8eb3c, EBP=0x00b8eb48, ESI=0x213672b0, EDI=0x16303000
EIP=0x59007739, EFLAGS=0x00010202

Top of Stack: (sp=0x00b8eb3c)
0x00b8eb3c:   00b8ec30 00000000 213672b0 00b8ee38
0x00b8eb4c:   1a544228 16303140 213672b0 00000000
0x00b8eb5c:   1a544329 16303140 213672b4 21b1b020
0x00b8eb6c:   00000000 00b8eba0 00b8ebe8 00000030
0x00b8eb7c:   1a5441b7 00b8ec00 00b8ec08 00b8ec10
0x00b8eb8c:   1a5441a3 1a5550e8 1a5550c4 00000020
0x00b8eb9c:   1a5441a3 1a5550e8 1a5550c4 00000030
0x00b8ebac:   1a5441a3 00000003 16303000 00000000 

Instructions: (pc=0x59007739)
0x59007719:   1a 0a 00 33 ff eb 02 8b f9 6a 06 57 e8 b6 fc f2
0x59007729:   ff 8b 75 0c 83 c4 08 b3 01 85 f6 74 39 8b 45 10
0x59007739:   8b 00 50 32 db e8 1d b0 f6 ff 83 c4 04 85 c0 74
0x59007749:   25 8b 0e 8b 49 04 8b 50 08 39 04 0a 75 04 b0 01 


Register to memory mapping:

EAX=0x00000000 is an unknown value
EBX=0x21367201 is an unknown value
ECX=0x00000000 is an unknown value
EDX=0x00000000 is an unknown value
ESP=0x00b8eb3c is pointing into the stack for thread: 0x16303000
EBP=0x00b8eb48 is pointing into the stack for thread: 0x16303000
ESI=0x213672b0 is an unknown value
EDI=0x16303000 is a thread


Stack: [0x00b40000,0x00b90000],  sp=0x00b8eb3c,  free space=314k
Native frames: (J=compiled Java code, j=interpreted, Vv=VM code, C=native code)
V  [jvm.dll+0xd7739]
C  [jna7729204638740632701.dll+0x4228]
C  [jna7729204638740632701.dll+0x4d0e]
J 598  com.sun.jna.Native.invokeInt(JI[Ljava/lang/Object;)I (0 bytes) @ 0x029459c6 [0x02945920+0xa6]
J 597 C1 com.sun.jna.Function.invoke([Ljava/lang/Object;Ljava/lang/Class;Z)Ljava/lang/Object; (1154 bytes) @ 0x02947fc4 [0x029463f0+0x1bd4]
J 373 C1 com.sun.jna.Function.invoke(Ljava/lang/Class;[Ljava/lang/Object;Ljava/util/Map;)Ljava/lang/Object; (526 bytes) @ 0x028f54d8 [0x028f5050+0x488]
J 644 C1 com.sun.jna.Library$Handler.invoke(Ljava/lang/Object;Ljava/lang/reflect/Method;[Ljava/lang/Object;)Ljava/lang/Object; (345 bytes) @ 0x0297394c [0x02973110+0x83c]
j  Luxand.$Proxy0.FSDK_FeedFrame(IJILcom/sun/jna/ptr/LongByReference;Lcom/sun/jna/Pointer;J)I+53
J 315 C1 Luxand.FSDK.FeedFrame(LLuxand/FSDK$HTracker;JLLuxand/FSDK$HImage;[J[J)I (131 bytes) @ 0x0289f174 [0x0289ef00+0x274]
J 2999 C1 liverecognition.AppFace$12.run()V (728 bytes) @ 0x02a1826c [0x02a17f50+0x31c]
v  ~StubRoutines::call_stub
V  [jvm.dll+0x15b985]
V  [jvm.dll+0x22262e]
V  [jvm.dll+0x15ba1e]
V  [jvm.dll+0x15bba6]
V  [jvm.dll+0x15bc17]
V  [jvm.dll+0xffb3f]
V  [jvm.dll+0x17eb50]
V  [jvm.dll+0x17f3ca]
V  [jvm.dll+0x1c3fe6]
C  [msvcr100.dll+0x5c556]
C  [msvcr100.dll+0x5c600]
C  [KERNEL32.DLL+0x18484]
C  [ntdll.dll+0x62fea]
C  [ntdll.dll+0x62fba]
C  0x00000000

Java frames: (J=compiled Java code, j=interpreted, Vv=VM code)
J 598  com.sun.jna.Native.invokeInt(JI[Ljava/lang/Object;)I (0 bytes) @ 0x02945982 [0x02945920+0x62]
J 597 C1 com.sun.jna.Function.invoke([Ljava/lang/Object;Ljava/lang/Class;Z)Ljava/lang/Object; (1154 bytes) @ 0x02947fc4 [0x029463f0+0x1bd4]
J 373 C1 com.sun.jna.Function.invoke(Ljava/lang/Class;[Ljava/lang/Object;Ljava/util/Map;)Ljava/lang/Object; (526 bytes) @ 0x028f54d8 [0x028f5050+0x488]
J 644 C1 com.sun.jna.Library$Handler.invoke(Ljava/lang/Object;Ljava/lang/reflect/Method;[Ljava/lang/Object;)Ljava/lang/Object; (345 bytes) @ 0x0297394c [0x02973110+0x83c]
j  Luxand.$Proxy0.FSDK_FeedFrame(IJILcom/sun/jna/ptr/LongByReference;Lcom/sun/jna/Pointer;J)I+53
J 315 C1 Luxand.FSDK.FeedFrame(LLuxand/FSDK$HTracker;JLLuxand/FSDK$HImage;[J[J)I (131 bytes) @ 0x0289f174 [0x0289ef00+0x274]
J 2999 C1 liverecognition.AppFace$12.run()V (728 bytes) @ 0x02a1826c [0x02a17f50+0x31c]
v  ~StubRoutines::call_stub

---------------  P R O C E S S  ---------------

Java Threads: ( => current thread )
  0x16300800 JavaThread "Thread-0" daemon [_thread_in_native, id=5856, stack(0x200c0000,0x20110000)]
=>0x16303000 JavaThread "Thread-21893" [_thread_in_vm, id=7640, stack(0x00b40000,0x00b90000)]
  0x16304000 JavaThread "Thread-14864" [_thread_blocked, id=552, stack(0x00ab0000,0x00b00000)]
  0x16303c00 JavaThread "TimerQueue" daemon [_thread_blocked, id=8364, stack(0x20510000,0x20560000)]
  0x162b7400 JavaThread "Thread-3" [_thread_in_native, id=11592, stack(0x1efd0000,0x1f020000)]
  0x027bd000 JavaThread "DestroyJavaVM" [_thread_blocked, id=8716, stack(0x00eb0000,0x00f00000)]
  0x16052400 JavaThread "AWT-EventQueue-0" [_thread_blocked, id=13152, stack(0x16640000,0x16690000)]
  0x14f32400 JavaThread "AWT-Shutdown" [_thread_blocked, id=2292, stack(0x15630000,0x15680000)]
  0x14f31800 JavaThread "Java2D Disposer" daemon [_thread_blocked, id=12388, stack(0x155a0000,0x155f0000)]
  0x14d70800 JavaThread "Service Thread" daemon [_thread_blocked, id=12448, stack(0x15370000,0x153c0000)]
  0x14d7ac00 JavaThread "C1 CompilerThread0" daemon [_thread_blocked, id=14184, stack(0x152e0000,0x15330000)]
  0x14d79400 JavaThread "Attach Listener" daemon [_thread_blocked, id=8572, stack(0x15250000,0x152a0000)]
  0x14d77400 JavaThread "Signal Dispatcher" daemon [_thread_blocked, id=7592, stack(0x151c0000,0x15210000)]
  0x14d5a800 JavaThread "Finalizer" daemon [_thread_blocked, id=13456, stack(0x15010000,0x15060000)]
  0x14d44800 JavaThread "Reference Handler" daemon [_thread_blocked, id=10164, stack(0x14f80000,0x14fd0000)]

Other Threads:
  0x0272dc00 VMThread [stack: 0x14cf0000,0x14d40000] [id=13492]
  0x14d75000 WatcherThread [stack: 0x15400000,0x15450000] [id=732]

VM state:not at safepoint (normal execution)

VM Mutex/Monitor currently owned by a thread: None

Heap:
 def new generation   total 44608K, used 25776K [0x04800000, 0x07860000, 0x09d50000)
  eden space 39680K,  53% used [0x04800000, 0x05c9ec60, 0x06ec0000)
  from space 4928K,  94% used [0x06ec0000, 0x0734d480, 0x07390000)
  to   space 4928K,   0% used [0x07390000, 0x07390000, 0x07860000)
 tenured generation   total 98920K, used 81802K [0x09d50000, 0x0fdea000, 0x14800000)
   the space 98920K,  82% used [0x09d50000, 0x0ed32b90, 0x0ed32c00, 0x0fdea000)
 Metaspace       used 12221K, capacity 12420K, committed 12544K, reserved 12672K

Card table byte_map: [0x14800000,0x14890000] byte_map_base: 0x147dc000

Polling page: 0x00cd0000

CodeCache: size=32768Kb used=2191Kb max_used=2418Kb free=30576Kb
 bounds [0x027c0000, 0x02a28000, 0x047c0000]
 total_blobs=1028 nmethods=768 adapters=189
 compilation: enabled

Compilation events (10 events):
Event: 443.059 Thread 0x14d7ac00 5022             java.io.WinNTFileSystem::normalize (143 bytes)
Event: 443.060 Thread 0x14d7ac00 nmethod 5022 0x02903948 code [0x02903a90, 0x02903d2c]
Event: 443.060 Thread 0x14d7ac00 5023             com.sun.imageio.plugins.jpeg.ImageTypeIterator::hasNext (74 bytes)
Event: 443.060 Thread 0x14d7ac00 nmethod 5023 0x0298f6c8 code [0x0298f800, 0x0298f9a0]
Event: 443.779 Thread 0x14d7ac00 5024  s          java.awt.image.MemoryImageSource::isConsumer (9 bytes)
Event: 443.779 Thread 0x14d7ac00 nmethod 5024 0x028a9948 code [0x028a9a50, 0x028a9c4c]
Event: 443.890 Thread 0x14d7ac00 5025             javax.imageio.spi.PartialOrderIterator::hasNext (16 bytes)
Event: 443.890 Thread 0x14d7ac00 nmethod 5025 0x02957dc8 code [0x02957ec0, 0x02957f70]
Event: 443.966 Thread 0x14d7ac00 5026             javax.imageio.spi.PartialOrderIterator::<init> (86 bytes)
Event: 443.967 Thread 0x14d7ac00 nmethod 5026 0x02951408 code [0x02951550, 0x029517b0]

GC Heap History (10 events):
Event: 443.089 GC heap before
{Heap before GC invocations=3921 (full 479):
 def new generation   total 44608K, used 44181K [0x04800000, 0x07860000, 0x09d50000)
  eden space 39680K,  98% used [0x04800000, 0x06e56ab0, 0x06ec0000)
  from space 4928K,  99% used [0x07390000, 0x0785ed40, 0x07860000)
  to   space 4928K,   0% used [0x06ec0000, 0x06ec0000, 0x07390000)
 tenured generation   total 98920K, used 60056K [0x09d50000, 0x0fdea000, 0x14800000)
   the space 98920K,  60% used [0x09d50000, 0x0d7f6218, 0x0d7f6400, 0x0fdea000)
 Metaspace       used 12197K, capacity 12388K, committed 12544K, reserved 12672K
Event: 443.091 GC heap after
Heap after GC invocations=3922 (full 479):
 def new generation   total 44608K, used 4892K [0x04800000, 0x07860000, 0x09d50000)
  eden space 39680K,   0% used [0x04800000, 0x04800000, 0x06ec0000)
  from space 4928K,  99% used [0x06ec0000, 0x07387380, 0x07390000)
  to   space 4928K,   0% used [0x07390000, 0x07390000, 0x07860000)
 tenured generation   total 98920K, used 63685K [0x09d50000, 0x0fdea000, 0x14800000)
   the space 98920K,  64% used [0x09d50000, 0x0db816d8, 0x0db81800, 0x0fdea000)
 Metaspace       used 12197K, capacity 12388K, committed 12544K, reserved 12672K
}
Event: 443.277 GC heap before
{Heap before GC invocations=3922 (full 479):
 def new generation   total 44608K, used 43730K [0x04800000, 0x07860000, 0x09d50000)
  eden space 39680K,  97% used [0x04800000, 0x06ded538, 0x06ec0000)
  from space 4928K,  99% used [0x06ec0000, 0x07387380, 0x07390000)
  to   space 4928K,   0% used [0x07390000, 0x07390000, 0x07860000)
 tenured generation   total 98920K, used 63685K [0x09d50000, 0x0fdea000, 0x14800000)
   the space 98920K,  64% used [0x09d50000, 0x0db816d8, 0x0db81800, 0x0fdea000)
 Metaspace       used 12197K, capacity 12388K, committed 12544K, reserved 12672K
Event: 443.280 GC heap after
Heap after GC invocations=3923 (full 479):
 def new generation   total 44608K, used 4894K [0x04800000, 0x07860000, 0x09d50000)
  eden space 39680K,   0% used [0x04800000, 0x04800000, 0x06ec0000)
  from space 4928K,  99% used [0x07390000, 0x07857b30, 0x07860000)
  to   space 4928K,   0% used [0x06ec0000, 0x06ec0000, 0x07390000)
 tenured generation   total 98920K, used 67315K [0x09d50000, 0x0fdea000, 0x14800000)
   the space 98920K,  68% used [0x09d50000, 0x0df0cd30, 0x0df0ce00, 0x0fdea000)
 Metaspace       used 12197K, capacity 12388K, committed 12544K, reserved 12672K
}
Event: 443.510 GC heap before
{Heap before GC invocations=3923 (full 479):
 def new generation   total 44608K, used 44574K [0x04800000, 0x07860000, 0x09d50000)
  eden space 39680K, 100% used [0x04800000, 0x06ec0000, 0x06ec0000)
  from space 4928K,  99% used [0x07390000, 0x07857b30, 0x07860000)
  to   space 4928K,   0% used [0x06ec0000, 0x06ec0000, 0x07390000)
 tenured generation   total 98920K, used 67315K [0x09d50000, 0x0fdea000, 0x14800000)
   the space 98920K,  68% used [0x09d50000, 0x0df0cd30, 0x0df0ce00, 0x0fdea000)
 Metaspace       used 12197K, capacity 12388K, committed 12544K, reserved 12672K
Event: 443.513 GC heap after
Heap after GC invocations=3924 (full 479):
 def new generation   total 44608K, used 4603K [0x04800000, 0x07860000, 0x09d50000)
  eden space 39680K,   0% used [0x04800000, 0x04800000, 0x06ec0000)
  from space 4928K,  93% used [0x06ec0000, 0x0733ed60, 0x07390000)
  to   space 4928K,   0% used [0x07390000, 0x07390000, 0x07860000)
 tenured generation   total 98920K, used 72144K [0x09d50000, 0x0fdea000, 0x14800000)
   the space 98920K,  72% used [0x09d50000, 0x0e3c41a8, 0x0e3c4200, 0x0fdea000)
 Metaspace       used 12197K, capacity 12388K, committed 12544K, reserved 12672K
}
Event: 443.754 GC heap before
{Heap before GC invocations=3924 (full 479):
 def new generation   total 44608K, used 44283K [0x04800000, 0x07860000, 0x09d50000)
  eden space 39680K, 100% used [0x04800000, 0x06ec0000, 0x06ec0000)
  from space 4928K,  93% used [0x06ec0000, 0x0733ed60, 0x07390000)
  to   space 4928K,   0% used [0x07390000, 0x07390000, 0x07860000)
 tenured generation   total 98920K, used 72144K [0x09d50000, 0x0fdea000, 0x14800000)
   the space 98920K,  72% used [0x09d50000, 0x0e3c41a8, 0x0e3c4200, 0x0fdea000)
 Metaspace       used 12197K, capacity 12388K, committed 12544K, reserved 12672K
Event: 443.756 GC heap after
Heap after GC invocations=3925 (full 479):
 def new generation   total 44608K, used 4603K [0x04800000, 0x07860000, 0x09d50000)
  eden space 39680K,   0% used [0x04800000, 0x04800000, 0x06ec0000)
  from space 4928K,  93% used [0x07390000, 0x0780ee48, 0x07860000)
  to   space 4928K,   0% used [0x06ec0000, 0x06ec0000, 0x07390000)
 tenured generation   total 98920K, used 76973K [0x09d50000, 0x0fdea000, 0x14800000)
   the space 98920K,  77% used [0x09d50000, 0x0e87b6c0, 0x0e87b800, 0x0fdea000)
 Metaspace       used 12197K, capacity 12388K, committed 12544K, reserved 12672K
}
Event: 444.045 GC heap before
{Heap before GC invocations=3925 (full 479):
 def new generation   total 44608K, used 44283K [0x04800000, 0x07860000, 0x09d50000)
  eden space 39680K, 100% used [0x04800000, 0x06ec0000, 0x06ec0000)
  from space 4928K,  93% used [0x07390000, 0x0780ee48, 0x07860000)
  to   space 4928K,   0% used [0x06ec0000, 0x06ec0000, 0x07390000)
 tenured generation   total 98920K, used 76973K [0x09d50000, 0x0fdea000, 0x14800000)
   the space 98920K,  77% used [0x09d50000, 0x0e87b6c0, 0x0e87b800, 0x0fdea000)
 Metaspace       used 12197K, capacity 12388K, committed 12544K, reserved 12672K
Event: 444.047 GC heap after
Heap after GC invocations=3926 (full 479):
 def new generation   total 44608K, used 4661K [0x04800000, 0x07860000, 0x09d50000)
  eden space 39680K,   0% used [0x04800000, 0x04800000, 0x06ec0000)
  from space 4928K,  94% used [0x06ec0000, 0x0734d480, 0x07390000)
  to   space 4928K,   0% used [0x07390000, 0x07390000, 0x07860000)
 tenured generation   total 98920K, used 81802K [0x09d50000, 0x0fdea000, 0x14800000)
   the space 98920K,  82% used [0x09d50000, 0x0ed32b90, 0x0ed32c00, 0x0fdea000)
 Metaspace       used 12197K, capacity 12388K, committed 12544K, reserved 12672K
}

Deoptimization events (0 events):
No events

Classes redefined (0 events):
No events

Internal exceptions (10 events):
Event: 0.223 Thread 0x027bd000 Exception <a 'java/lang/ClassNotFoundException': Tree> (0x04b0c3c0) thrown at [C:\re\workspace\8-2-build-windows-i586-cygwin\jdk8u171\10807\hotspot\src\share\vm\classfile\systemDictionary.cpp, line 210]
Event: 0.223 Thread 0x027bd000 Exception <a 'java/lang/ClassNotFoundException': javax/swing/JTreeCell> (0x04b0c6f8) thrown at [C:\re\workspace\8-2-build-windows-i586-cygwin\jdk8u171\10807\hotspot\src\share\vm\classfile\systemDictionary.cpp, line 210]
Event: 0.223 Thread 0x027bd000 Exception <a 'java/lang/ClassNotFoundException': TreeCell> (0x04b0cb40) thrown at [C:\re\workspace\8-2-build-windows-i586-cygwin\jdk8u171\10807\hotspot\src\share\vm\classfile\systemDictionary.cpp, line 210]
Event: 0.224 Thread 0x027bd000 Exception <a 'java/lang/ClassNotFoundException': RootPane> (0x04b0d4b8) thrown at [C:\re\workspace\8-2-build-windows-i586-cygwin\jdk8u171\10807\hotspot\src\share\vm\classfile\systemDictionary.cpp, line 210]
Event: 34.823 Thread 0x16301000 Exception <a 'java/io/FileNotFoundException'> (0x04e56a58) thrown at [C:\re\workspace\8-2-build-windows-i586-cygwin\jdk8u171\10807\hotspot\src\share\vm\prims\jni.cpp, line 709]
Event: 34.829 Thread 0x16301000 Exception <a 'java/io/FileNotFoundException'> (0x04e770e8) thrown at [C:\re\workspace\8-2-build-windows-i586-cygwin\jdk8u171\10807\hotspot\src\share\vm\prims\jni.cpp, line 709]
Event: 36.666 Thread 0x16301000 Exception <a 'java/io/FileNotFoundException'> (0x04f01150) thrown at [C:\re\workspace\8-2-build-windows-i586-cygwin\jdk8u171\10807\hotspot\src\share\vm\prims\jni.cpp, line 709]
Event: 36.666 Thread 0x16301000 Exception <a 'java/io/FileNotFoundException'> (0x04f12760) thrown at [C:\re\workspace\8-2-build-windows-i586-cygwin\jdk8u171\10807\hotspot\src\share\vm\prims\jni.cpp, line 709]
Event: 36.671 Thread 0x16301000 Exception <a 'java/io/FileNotFoundException'> (0x0509baf8) thrown at [C:\re\workspace\8-2-build-windows-i586-cygwin\jdk8u171\10807\hotspot\src\share\vm\prims\jni.cpp, line 709]
Event: 36.671 Thread 0x16301000 Exception <a 'java/io/FileNotFoundException'> (0x050ad0f0) thrown at [C:\re\workspace\8-2-build-windows-i586-cygwin\jdk8u171\10807\hotspot\src\share\vm\prims\jni.cpp, line 709]

Events (10 events):
Event: 444.099 loading class java/lang/ProcessBuilder
Event: 444.099 loading class java/lang/ProcessBuilder done
Event: 444.099 loading class java/lang/ProcessImpl
Event: 444.100 loading class java/lang/Process
Event: 444.100 loading class java/lang/Process done
Event: 444.100 loading class java/lang/ProcessImpl done
Event: 444.106 Thread 0x14f33400 Thread exited: 0x14f33400
Event: 444.107 loading class java/lang/ProcessImpl$2
Event: 444.107 loading class java/lang/ProcessImpl$2 done
Event: 444.108 Thread 0x16302400 Thread exited: 0x16302400


Dynamic libraries:
0x00ce0000 - 0x00d13000 	C:\Program Files (x86)\Java\jdk1.8.0_171\jre\bin\java.exe
0x77470000 - 0x77600000 	C:\WINDOWS\SYSTEM32\ntdll.dll
0x76a20000 - 0x76b00000 	C:\WINDOWS\System32\KERNEL32.DLL
0x76fb0000 - 0x77194000 	C:\WINDOWS\System32\KERNELBASE.dll
0x73c80000 - 0x73d1d000 	C:\WINDOWS\SYSTEM32\apphelp.dll
0x756c0000 - 0x75738000 	C:\WINDOWS\System32\ADVAPI32.dll
0x75d80000 - 0x75e3f000 	C:\WINDOWS\System32\msvcrt.dll
0x77330000 - 0x77374000 	C:\WINDOWS\System32\sechost.dll
0x75e40000 - 0x75f00000 	C:\WINDOWS\System32\RPCRT4.dll
0x73d30000 - 0x73d50000 	C:\WINDOWS\System32\SspiCli.dll
0x73d20000 - 0x73d2a000 	C:\WINDOWS\System32\CRYPTBASE.dll
0x75900000 - 0x75958000 	C:\WINDOWS\System32\bcryptPrimitives.dll
0x75bf0000 - 0x75d7d000 	C:\WINDOWS\System32\USER32.dll
0x76e30000 - 0x76e47000 	C:\WINDOWS\System32\win32u.dll
0x76b10000 - 0x76b32000 	C:\WINDOWS\System32\GDI32.dll
0x767d0000 - 0x76934000 	C:\WINDOWS\System32\gdi32full.dll
0x76db0000 - 0x76e2d000 	C:\WINDOWS\System32\msvcp_win.dll
0x75790000 - 0x758ae000 	C:\WINDOWS\System32\ucrtbase.dll
0x73110000 - 0x73314000 	C:\WINDOWS\WinSxS\x86_microsoft.windows.common-controls_6595b64144ccf1df_6.0.17134.112_none_42ecccf244e44518\COMCTL32.dll
0x76530000 - 0x7678c000 	C:\WINDOWS\System32\combase.dll
0x76d70000 - 0x76d96000 	C:\WINDOWS\System32\IMM32.DLL
0x59310000 - 0x593cf000 	C:\Program Files (x86)\Java\jdk1.8.0_171\jre\bin\msvcr100.dll
0x58f30000 - 0x59301000 	C:\Program Files (x86)\Java\jdk1.8.0_171\jre\bin\client\jvm.dll
0x76520000 - 0x76526000 	C:\WINDOWS\System32\PSAPI.DLL
0x728c0000 - 0x728c8000 	C:\WINDOWS\SYSTEM32\WSOCK32.dll
0x71f70000 - 0x71f78000 	C:\WINDOWS\SYSTEM32\VERSION.dll
0x72c20000 - 0x72c44000 	C:\WINDOWS\SYSTEM32\WINMM.dll
0x75b20000 - 0x75b87000 	C:\WINDOWS\System32\WS2_32.dll
0x72890000 - 0x728b3000 	C:\WINDOWS\SYSTEM32\winmmbase.dll
0x76790000 - 0x767c9000 	C:\WINDOWS\System32\cfgmgr32.dll
0x59c10000 - 0x59c1c000 	C:\Program Files (x86)\Java\jdk1.8.0_171\jre\bin\verify.dll
0x58f00000 - 0x58f22000 	C:\Program Files (x86)\Java\jdk1.8.0_171\jre\bin\java.dll
0x58ee0000 - 0x58ef4000 	C:\Program Files (x86)\Java\jdk1.8.0_171\jre\bin\zip.dll
0x73d50000 - 0x7509a000 	C:\WINDOWS\System32\SHELL32.dll
0x75960000 - 0x759e8000 	C:\WINDOWS\System32\shcore.dll
0x750a0000 - 0x7565a000 	C:\WINDOWS\System32\windows.storage.dll
0x758b0000 - 0x758f5000 	C:\WINDOWS\System32\shlwapi.dll
0x76b40000 - 0x76b4f000 	C:\WINDOWS\System32\kernel.appcore.dll
0x75aa0000 - 0x75ab8000 	C:\WINDOWS\System32\profapi.dll
0x764d0000 - 0x76515000 	C:\WINDOWS\System32\powrprof.dll
0x76e50000 - 0x76e58000 	C:\WINDOWS\System32\FLTLIB.DLL
0x58d70000 - 0x58eb5000 	C:\Program Files (x86)\Java\jdk1.8.0_171\jre\bin\awt.dll
0x759f0000 - 0x75a86000 	C:\WINDOWS\System32\OLEAUT32.dll
0x73090000 - 0x7310c000 	C:\WINDOWS\system32\uxtheme.dll
0x76e60000 - 0x76fa4000 	C:\WINDOWS\System32\MSCTF.dll
0x71b00000 - 0x71b23000 	C:\WINDOWS\system32\dwmapi.dll
0x76be0000 - 0x76cdc000 	C:\WINDOWS\System32\ole32.dll
0x58b50000 - 0x58b89000 	C:\Program Files (x86)\Java\jdk1.8.0_171\jre\bin\fontmanager.dll
0x58c60000 - 0x58d39000 	C:\WINDOWS\system32\opengl32.dll
0x58c20000 - 0x58c5f000 	C:\WINDOWS\SYSTEM32\GLU32.dll
0x57aa0000 - 0x57ac6000 	C:\Program Files (x86)\Java\jdk1.8.0_171\jre\bin\jpeg.dll
0x58ec0000 - 0x58ed5000 	C:\Program Files (x86)\Java\jdk1.8.0_171\jre\bin\net.dll
0x726e0000 - 0x72736000 	C:\WINDOWS\system32\mswsock.dll
0x59770000 - 0x5977f000 	C:\Program Files (x86)\Java\jdk1.8.0_171\jre\bin\nio.dll
0x58b10000 - 0x58b42000 	C:\Program Files (x86)\Java\jdk1.8.0_171\jre\bin\t2k.dll
0x16820000 - 0x19fe2000 	C:\Users\PAUL\Desktop\proyecto\facewithRaspberry\appDesktop\facesdk.dll
0x73ae0000 - 0x73b10000 	C:\WINDOWS\SYSTEM32\IPHLPAPI.DLL
0x72530000 - 0x72543000 	C:\WINDOWS\SYSTEM32\CRYPTSP.dll
0x72500000 - 0x7252f000 	C:\WINDOWS\system32\rsaenh.dll
0x727e0000 - 0x727f9000 	C:\WINDOWS\SYSTEM32\bcrypt.dll
0x73c20000 - 0x73c41000 	C:\WINDOWS\SYSTEM32\USERENV.dll
0x75a90000 - 0x75a97000 	C:\WINDOWS\System32\NSI.dll
0x72760000 - 0x72773000 	C:\WINDOWS\SYSTEM32\dhcpcsvc6.DLL
0x72740000 - 0x72754000 	C:\WINDOWS\SYSTEM32\dhcpcsvc.DLL
0x1a540000 - 0x1a595000 	C:\Users\PAUL\AppData\Local\Temp\jna7729204638740632701.dll
0x71d20000 - 0x71ea2000 	C:\WINDOWS\SYSTEM32\dbghelp.dll
0x6db70000 - 0x6dbee000 	C:\WINDOWS\System32\TextInputFramework.dll
0x6d880000 - 0x6dadd000 	C:\WINDOWS\System32\CoreUIComponents.dll
0x6dae0000 - 0x6db6b000 	C:\WINDOWS\System32\CoreMessaging.dll
0x723b0000 - 0x723d9000 	C:\WINDOWS\SYSTEM32\ntmarta.dll
0x71650000 - 0x71726000 	C:\WINDOWS\SYSTEM32\wintypes.dll
0x58ab0000 - 0x58ad4000 	C:\Program Files (x86)\Java\jdk1.8.0_171\jre\bin\dcpr.dll
0x76ce0000 - 0x76d63000 	C:\WINDOWS\System32\clbcatq.dll
0x6d160000 - 0x6d2d1000 	C:\WINDOWS\SYSTEM32\WindowsCodecs.dll
0x73b10000 - 0x73b9e000 	C:\WINDOWS\SYSTEM32\DNSAPI.dll
0x71f20000 - 0x71f28000 	C:\Windows\System32\rasadhlp.dll
0x65ba0000 - 0x65bef000 	C:\WINDOWS\System32\fwpuclnt.dll
0x58c00000 - 0x58c11000 	C:\WINDOWS\system32\napinsp.dll
0x58be0000 - 0x58bf6000 	C:\WINDOWS\system32\pnrpnsp.dll
0x58bc0000 - 0x58bd3000 	C:\WINDOWS\system32\NLAapi.dll
0x58bb0000 - 0x58bbc000 	C:\WINDOWS\System32\winrnr.dll
0x58b90000 - 0x58ba1000 	C:\WINDOWS\System32\wshbth.dll
0x581b0000 - 0x581d0000 	C:\Program Files (x86)\Java\jdk1.8.0_171\jre\bin\sunec.dll
0x581a0000 - 0x581a9000 	C:\Program Files (x86)\Java\jdk1.8.0_171\jre\bin\sunmscapi.dll
0x76330000 - 0x764c6000 	C:\WINDOWS\System32\CRYPT32.dll
0x76b00000 - 0x76b0e000 	C:\WINDOWS\System32\MSASN1.dll

VM Arguments:
jvm_args: -Dfile.encoding=UTF-8 
java_command: liverecognition.AppFace
java_class_path (initial): C:\Users\PAUL\Desktop\proyecto\facewithRaspberry\appDesktop\FaceSDK.jar;C:\Users\PAUL\Desktop\proyecto\facewithRaspberry\appDesktop\jna.jar;C:\Users\PAUL\Desktop\proyecto\facewithRaspberry\appDesktop\lib\mail.jar;C:\Users\PAUL\Desktop\proyecto\facewithRaspberry\appDesktop\lib\swingx-1.6.1.jar;C:\Users\PAUL\Desktop\proyecto\facewithRaspberry\appDesktop\lib\jfoenix-8.0.4.jar;C:\Users\PAUL\Desktop\proyecto\facewithRaspberry\appDesktop\lib\twilio-java-sdk-6.3.0.jar;C:\Users\PAUL\Desktop\proyecto\facewithRaspberry\appDesktop\lib\Java-WebSocket-1.3.8.jar;C:\Users\PAUL\Desktop\proyecto\facewithRaspberry\appDesktop\build\classes
Launcher Type: SUN_STANDARD

Environment Variables:
JAVA_HOME=C:\Program Files\Java\jdk1.8.0_171
PATH=C:\Program Files (x86)\Common Files\Oracle\Java\javapath;C:\WINDOWS\system32;C:\WINDOWS;C:\WINDOWS\System32\Wbem;C:\WINDOWS\System32\WindowsPowerShell\v1.0\;C:\Program Files\Java\jdk1.8.0_171\bin;C:\WINDOWS\System32\OpenSSH\;C:\Program Files (x86)\PuTTY\;C:\Users\PAUL\AppData\Local\Microsoft\WindowsApps;C:\Users\PAUL\AppData\Local\Programs\MiKTeX 2.9\miktex\bin\x64\;;C:\Program Files (x86)\SSH Communications Security\SSH Secure Shell
USERNAME=PAUL
OS=Windows_NT
PROCESSOR_IDENTIFIER=Intel64 Family 6 Model 60 Stepping 3, GenuineIntel



---------------  S Y S T E M  ---------------

OS: Windows 10.0 , 64 bit Build 17134 (10.0.17134.1)

CPU:total 8 (initial active 8) (4 cores per cpu, 2 threads per core) family 6 model 60 stepping 3, cmov, cx8, fxsr, mmx, sse, sse2, sse3, ssse3, sse4.1, sse4.2, popcnt, avx, avx2, aes, clmul, erms, lzcnt, ht, tsc, tscinvbit, bmi1, bmi2

Memory: 4k page, physical 16696464k(12238212k free), swap 19711120k(15143032k free)

vm_info: Java HotSpot(TM) Client VM (25.171-b11) for windows-x86 JRE (1.8.0_171-b11), built on Mar 28 2018 14:51:22 by "java_re" with MS VC++ 10.0 (VS2010)

time: Wed Jun 27 12:51:20 2018
elapsed time: 444 seconds (0d 0h 7m 24s)

