#
# A fatal error has been detected by the Java Runtime Environment:
#
#  EXCEPTION_ACCESS_VIOLATION (0xc0000005) at pc=0x59007739, pid=3120, tid=0x00002830
#
# JRE version: Java(TM) SE Runtime Environment (8.0_171-b11) (build 1.8.0_171-b11)
# Java VM: Java HotSpot(TM) Client VM (25.171-b11 mixed mode windows-x86 )
# Problematic frame:
# V  [jvm.dll+0xd7739]
#
# Failed to write core dump. Minidumps are not enabled by default on client versions of Windows
#
# If you would like to submit a bug report, please visit:
#   http://bugreport.java.com/bugreport/crash.jsp
#

---------------  T H R E A D  ---------------

Current thread (0x164c8000):  JavaThread "Thread-12550" [_thread_in_vm, id=10288, stack(0x00b30000,0x00b80000)]

siginfo: ExceptionCode=0xc0000005, reading address 0x00000000

Registers:
EAX=0x00000000, EBX=0x16370001, ECX=0x00000000, EDX=0x00000000
ESP=0x00b7ec1c, EBP=0x00b7ec28, ESI=0x16370090, EDI=0x164c8000
EIP=0x59007739, EFLAGS=0x00010206

Top of Stack: (sp=0x00b7ec1c)
0x00b7ec1c:   00b7ed10 00000000 16370090 00b7ef18
0x00b7ec2c:   1a724228 164c8140 16370090 00000000
0x00b7ec3c:   00b7ec54 58ffd468 00000001 00000001
0x00b7ec4c:   58fad1d8 00b7f038 00b7ec68 00000030
0x00b7ec5c:   1a7241b7 164c8000 00b7f038 00b7ec7c
0x00b7ec6c:   00b7ec7c 00b7f038 5907fc89 14a7f470
0x00b7ec7c:   00b7ec94 590801c2 14a7f470 00000030
0x00b7ec8c:   1a7241a3 14a7f470 00b7ecac 58fb2ea1 

Instructions: (pc=0x59007739)
0x59007719:   1a 0a 00 33 ff eb 02 8b f9 6a 06 57 e8 b6 fc f2
0x59007729:   ff 8b 75 0c 83 c4 08 b3 01 85 f6 74 39 8b 45 10
0x59007739:   8b 00 50 32 db e8 1d b0 f6 ff 83 c4 04 85 c0 74
0x59007749:   25 8b 0e 8b 49 04 8b 50 08 39 04 0a 75 04 b0 01 


Register to memory mapping:

EAX=0x00000000 is an unknown value
EBX=0x16370001 is an unknown value
ECX=0x00000000 is an unknown value
EDX=0x00000000 is an unknown value
ESP=0x00b7ec1c is pointing into the stack for thread: 0x164c8000
EBP=0x00b7ec28 is pointing into the stack for thread: 0x164c8000
ESI=0x16370090 is an unknown value
EDI=0x164c8000 is a thread


Stack: [0x00b30000,0x00b80000],  sp=0x00b7ec1c,  free space=315k
Native frames: (J=compiled Java code, j=interpreted, Vv=VM code, C=native code)
V  [jvm.dll+0xd7739]
C  [jna3423895296609959974.dll+0x4228]
C  [jna3423895296609959974.dll+0x4d0e]
J 623  com.sun.jna.Native.invokeInt(JI[Ljava/lang/Object;)I (0 bytes) @ 0x02a74946 [0x02a748a0+0xa6]
J 1472 C1 com.sun.jna.Function.invoke([Ljava/lang/Object;Ljava/lang/Class;Z)Ljava/lang/Object; (1154 bytes) @ 0x02a5c084 [0x02a5a4b0+0x1bd4]
J 1346 C1 com.sun.jna.Function.invoke(Ljava/lang/Class;[Ljava/lang/Object;Ljava/util/Map;)Ljava/lang/Object; (526 bytes) @ 0x029d6198 [0x029d5d10+0x488]
J 1464 C1 com.sun.jna.Library$Handler.invoke(Ljava/lang/Object;Ljava/lang/reflect/Method;[Ljava/lang/Object;)Ljava/lang/Object; (345 bytes) @ 0x029bc20c [0x029bb9d0+0x83c]
j  Luxand.$Proxy0.FSDK_LoadImageFromBuffer(Lcom/sun/jna/ptr/IntByReference;[BIIII)I+52
J 293 C1 Luxand.FSDK.LoadImageFromAWTImage(LLuxand/FSDK$HImage;Ljava/awt/Image;I)I (456 bytes) @ 0x029f9c4c [0x029f9300+0x94c]
j  liverecognition.AppFace$12.run()V+28
v  ~StubRoutines::call_stub
V  [jvm.dll+0x15b985]
V  [jvm.dll+0x22262e]
V  [jvm.dll+0x15ba1e]
V  [jvm.dll+0x15bba6]
V  [jvm.dll+0x15bc17]
V  [jvm.dll+0xffb3f]
V  [jvm.dll+0x17eb50]
V  [jvm.dll+0x17f3ca]
V  [jvm.dll+0x1c3fe6]
C  [msvcr100.dll+0x5c556]
C  [msvcr100.dll+0x5c600]
C  [KERNEL32.DLL+0x18484]
C  [ntdll.dll+0x62fea]
C  [ntdll.dll+0x62fba]
C  0x00000000

Java frames: (J=compiled Java code, j=interpreted, Vv=VM code)
J 623  com.sun.jna.Native.invokeInt(JI[Ljava/lang/Object;)I (0 bytes) @ 0x02a74902 [0x02a748a0+0x62]
J 1472 C1 com.sun.jna.Function.invoke([Ljava/lang/Object;Ljava/lang/Class;Z)Ljava/lang/Object; (1154 bytes) @ 0x02a5c084 [0x02a5a4b0+0x1bd4]
J 1346 C1 com.sun.jna.Function.invoke(Ljava/lang/Class;[Ljava/lang/Object;Ljava/util/Map;)Ljava/lang/Object; (526 bytes) @ 0x029d6198 [0x029d5d10+0x488]
J 1464 C1 com.sun.jna.Library$Handler.invoke(Ljava/lang/Object;Ljava/lang/reflect/Method;[Ljava/lang/Object;)Ljava/lang/Object; (345 bytes) @ 0x029bc20c [0x029bb9d0+0x83c]
j  Luxand.$Proxy0.FSDK_LoadImageFromBuffer(Lcom/sun/jna/ptr/IntByReference;[BIIII)I+52
J 293 C1 Luxand.FSDK.LoadImageFromAWTImage(LLuxand/FSDK$HImage;Ljava/awt/Image;I)I (456 bytes) @ 0x029f9c4c [0x029f9300+0x94c]
j  liverecognition.AppFace$12.run()V+28
v  ~StubRoutines::call_stub

---------------  P R O C E S S  ---------------

Java Threads: ( => current thread )
=>0x164c8000 JavaThread "Thread-12550" [_thread_in_vm, id=10288, stack(0x00b30000,0x00b80000)]
  0x164c7800 JavaThread "Thread-0" daemon [_thread_in_native, id=12088, stack(0x00bc0000,0x00c10000)]
  0x16495c00 JavaThread "WebSocketTimer" [_thread_blocked, id=5548, stack(0x202d0000,0x20320000)]
  0x164b1800 JavaThread "WebSocketWriteThread-19" [_thread_in_native, id=3296, stack(0x1f370000,0x1f3c0000)]
  0x164b0800 JavaThread "WebSocketConnectReadThread-18" [_thread_in_native, id=6128, stack(0x1f260000,0x1f2b0000)]
  0x16466c00 JavaThread "Thread-3" [_thread_in_native, id=140, stack(0x1f1d0000,0x1f220000)]
  0x0286d000 JavaThread "DestroyJavaVM" [_thread_blocked, id=6512, stack(0x00dd0000,0x00e20000)]
  0x162a1400 JavaThread "AWT-EventQueue-0" [_thread_blocked, id=2968, stack(0x16830000,0x16880000)]
  0x150e2400 JavaThread "AWT-Shutdown" [_thread_blocked, id=10000, stack(0x157e0000,0x15830000)]
  0x150e1c00 JavaThread "Java2D Disposer" daemon [_thread_blocked, id=8732, stack(0x15750000,0x157a0000)]
  0x14f23000 JavaThread "Service Thread" daemon [_thread_blocked, id=12900, stack(0x15520000,0x15570000)]
  0x14f2ac00 JavaThread "C1 CompilerThread0" daemon [_thread_blocked, id=1624, stack(0x15490000,0x154e0000)]
  0x14f29400 JavaThread "Attach Listener" daemon [_thread_blocked, id=3396, stack(0x15400000,0x15450000)]
  0x14f27400 JavaThread "Signal Dispatcher" daemon [_thread_blocked, id=3504, stack(0x15370000,0x153c0000)]
  0x14f0a400 JavaThread "Finalizer" daemon [_thread_blocked, id=7216, stack(0x151c0000,0x15210000)]
  0x14ef4800 JavaThread "Reference Handler" daemon [_thread_blocked, id=13956, stack(0x15130000,0x15180000)]

Other Threads:
  0x0284dc00 VMThread [stack: 0x14ea0000,0x14ef0000] [id=8492]
  0x14f46800 WatcherThread [stack: 0x155b0000,0x15600000] [id=5176]

VM state:not at safepoint (normal execution)

VM Mutex/Monitor currently owned by a thread: None

Heap:
 def new generation   total 20288K, used 10492K [0x04a00000, 0x06000000, 0x09f50000)
  eden space 18048K,  50% used [0x04a00000, 0x052ec290, 0x05ba0000)
  from space 2240K,  60% used [0x05ba0000, 0x05cf2dc0, 0x05dd0000)
  to   space 2240K,   0% used [0x05dd0000, 0x05dd0000, 0x06000000)
 tenured generation   total 44964K, used 35389K [0x09f50000, 0x0cb39000, 0x14a00000)
   the space 44964K,  78% used [0x09f50000, 0x0c1df4b8, 0x0c1df600, 0x0cb39000)
 Metaspace       used 11688K, capacity 11908K, committed 12032K, reserved 12672K

Card table byte_map: [0x04960000,0x049f0000] byte_map_base: 0x0493b000

Polling page: 0x00e40000

CodeCache: size=32768Kb used=1751Kb max_used=2245Kb free=31016Kb
 bounds [0x028e0000, 0x02b28000, 0x048e0000]
 total_blobs=852 nmethods=594 adapters=188
 compilation: enabled

Compilation events (10 events):
Event: 231.041 Thread 0x14f2ac00 1792             javax.imageio.stream.ImageInputStreamImpl::readFully (73 bytes)
Event: 231.041 Thread 0x14f2ac00 nmethod 1792 0x02a68548 code [0x02a68670, 0x02a68884]
Event: 231.775 Thread 0x14f2ac00 1793   !         java.util.concurrent.ConcurrentHashMap::putVal (362 bytes)
Event: 231.776 Thread 0x14f2ac00 nmethod 1793 0x02a4f388 code [0x02a4f530, 0x02a4fe40]
Event: 233.075 Thread 0x14f2ac00 1794             java.util.Hashtable$Entry::<init> (26 bytes)
Event: 233.075 Thread 0x14f2ac00 nmethod 1794 0x029d2c08 code [0x029d2d00, 0x029d2db0]
Event: 236.724 Thread 0x14f2ac00 1795             java.lang.AbstractStringBuilder::newCapacity (39 bytes)
Event: 236.725 Thread 0x14f2ac00 nmethod 1795 0x02a70548 code [0x02a70650, 0x02a7078c]
Event: 237.823 Thread 0x14f2ac00 1796  s          java.lang.Throwable::fillInStackTrace (29 bytes)
Event: 237.823 Thread 0x14f2ac00 nmethod 1796 0x029bff48 code [0x029c0050, 0x029c025c]

GC Heap History (10 events):
Event: 242.093 GC heap before
{Heap before GC invocations=3260 (full 456):
 def new generation   total 20288K, used 17722K [0x04a00000, 0x06000000, 0x09f50000)
  eden space 18048K,  98% used [0x04a00000, 0x05b4eb50, 0x05ba0000)
  from space 2240K,   0% used [0x05dd0000, 0x05dd0000, 0x06000000)
  to   space 2240K,   0% used [0x05ba0000, 0x05ba0000, 0x05dd0000)
 tenured generation   total 44964K, used 20741K [0x09f50000, 0x0cb39000, 0x14a00000)
   the space 44964K,  46% used [0x09f50000, 0x0b3915f0, 0x0b391600, 0x0cb39000)
 Metaspace       used 11664K, capacity 11876K, committed 12032K, reserved 12672K
Event: 242.094 GC heap after
Heap after GC invocations=3261 (full 456):
 def new generation   total 20288K, used 1316K [0x04a00000, 0x06000000, 0x09f50000)
  eden space 18048K,   0% used [0x04a00000, 0x04a00000, 0x05ba0000)
  from space 2240K,  58% used [0x05ba0000, 0x05ce91f0, 0x05dd0000)
  to   space 2240K,   0% used [0x05dd0000, 0x05dd0000, 0x06000000)
 tenured generation   total 44964K, used 23141K [0x09f50000, 0x0cb39000, 0x14a00000)
   the space 44964K,  51% used [0x09f50000, 0x0b5e9610, 0x0b5e9800, 0x0cb39000)
 Metaspace       used 11664K, capacity 11876K, committed 12032K, reserved 12672K
}
Event: 242.193 GC heap before
{Heap before GC invocations=3261 (full 456):
 def new generation   total 20288K, used 19364K [0x04a00000, 0x06000000, 0x09f50000)
  eden space 18048K, 100% used [0x04a00000, 0x05ba0000, 0x05ba0000)
  from space 2240K,  58% used [0x05ba0000, 0x05ce91f0, 0x05dd0000)
  to   space 2240K,   0% used [0x05dd0000, 0x05dd0000, 0x06000000)
 tenured generation   total 44964K, used 23141K [0x09f50000, 0x0cb39000, 0x14a00000)
   the space 44964K,  51% used [0x09f50000, 0x0b5e9610, 0x0b5e9800, 0x0cb39000)
 Metaspace       used 11664K, capacity 11876K, committed 12032K, reserved 12672K
Event: 242.195 GC heap after
Heap after GC invocations=3262 (full 456):
 def new generation   total 20288K, used 2232K [0x04a00000, 0x06000000, 0x09f50000)
  eden space 18048K,   0% used [0x04a00000, 0x04a00000, 0x05ba0000)
  from space 2240K,  99% used [0x05dd0000, 0x05ffe390, 0x06000000)
  to   space 2240K,   0% used [0x05ba0000, 0x05ba0000, 0x05dd0000)
 tenured generation   total 44964K, used 26796K [0x09f50000, 0x0cb39000, 0x14a00000)
   the space 44964K,  59% used [0x09f50000, 0x0b97b2b8, 0x0b97b400, 0x0cb39000)
 Metaspace       used 11664K, capacity 11876K, committed 12032K, reserved 12672K
}
Event: 242.304 GC heap before
{Heap before GC invocations=3262 (full 456):
 def new generation   total 20288K, used 20280K [0x04a00000, 0x06000000, 0x09f50000)
  eden space 18048K, 100% used [0x04a00000, 0x05ba0000, 0x05ba0000)
  from space 2240K,  99% used [0x05dd0000, 0x05ffe390, 0x06000000)
  to   space 2240K,   0% used [0x05ba0000, 0x05ba0000, 0x05dd0000)
 tenured generation   total 44964K, used 26796K [0x09f50000, 0x0cb39000, 0x14a00000)
   the space 44964K,  59% used [0x09f50000, 0x0b97b2b8, 0x0b97b400, 0x0cb39000)
 Metaspace       used 11664K, capacity 11876K, committed 12032K, reserved 12672K
Event: 242.307 GC heap after
Heap after GC invocations=3263 (full 456):
 def new generation   total 20288K, used 2224K [0x04a00000, 0x06000000, 0x09f50000)
  eden space 18048K,   0% used [0x04a00000, 0x04a00000, 0x05ba0000)
  from space 2240K,  99% used [0x05ba0000, 0x05dcc0c8, 0x05dd0000)
  to   space 2240K,   0% used [0x05dd0000, 0x05dd0000, 0x06000000)
 tenured generation   total 44964K, used 29279K [0x09f50000, 0x0cb39000, 0x14a00000)
   the space 44964K,  65% used [0x09f50000, 0x0bbe7c98, 0x0bbe7e00, 0x0cb39000)
 Metaspace       used 11664K, capacity 11876K, committed 12032K, reserved 12672K
}
Event: 242.376 GC heap before
{Heap before GC invocations=3263 (full 456):
 def new generation   total 20288K, used 19781K [0x04a00000, 0x06000000, 0x09f50000)
  eden space 18048K,  97% used [0x04a00000, 0x05b25720, 0x05ba0000)
  from space 2240K,  99% used [0x05ba0000, 0x05dcc0c8, 0x05dd0000)
  to   space 2240K,   0% used [0x05dd0000, 0x05dd0000, 0x06000000)
 tenured generation   total 44964K, used 29279K [0x09f50000, 0x0cb39000, 0x14a00000)
   the space 44964K,  65% used [0x09f50000, 0x0bbe7c98, 0x0bbe7e00, 0x0cb39000)
 Metaspace       used 11664K, capacity 11876K, committed 12032K, reserved 12672K
Event: 242.377 GC heap after
Heap after GC invocations=3264 (full 456):
 def new generation   total 20288K, used 1258K [0x04a00000, 0x06000000, 0x09f50000)
  eden space 18048K,   0% used [0x04a00000, 0x04a00000, 0x05ba0000)
  from space 2240K,  56% used [0x05dd0000, 0x05f0aa98, 0x06000000)
  to   space 2240K,   0% used [0x05ba0000, 0x05ba0000, 0x05dd0000)
 tenured generation   total 44964K, used 31734K [0x09f50000, 0x0cb39000, 0x14a00000)
   the space 44964K,  70% used [0x09f50000, 0x0be4d8b8, 0x0be4da00, 0x0cb39000)
 Metaspace       used 11664K, capacity 11876K, committed 12032K, reserved 12672K
}
Event: 242.506 GC heap before
{Heap before GC invocations=3264 (full 456):
 def new generation   total 20288K, used 18805K [0x04a00000, 0x06000000, 0x09f50000)
  eden space 18048K,  97% used [0x04a00000, 0x05b22d10, 0x05ba0000)
  from space 2240K,  56% used [0x05dd0000, 0x05f0aa98, 0x06000000)
  to   space 2240K,   0% used [0x05ba0000, 0x05ba0000, 0x05dd0000)
 tenured generation   total 44964K, used 31734K [0x09f50000, 0x0cb39000, 0x14a00000)
   the space 44964K,  70% used [0x09f50000, 0x0be4d8b8, 0x0be4da00, 0x0cb39000)
 Metaspace       used 11687K, capacity 11908K, committed 12032K, reserved 12672K
Event: 242.508 GC heap after
Heap after GC invocations=3265 (full 456):
 def new generation   total 20288K, used 1355K [0x04a00000, 0x06000000, 0x09f50000)
  eden space 18048K,   0% used [0x04a00000, 0x04a00000, 0x05ba0000)
  from space 2240K,  60% used [0x05ba0000, 0x05cf2dc0, 0x05dd0000)
  to   space 2240K,   0% used [0x05dd0000, 0x05dd0000, 0x06000000)
 tenured generation   total 44964K, used 35389K [0x09f50000, 0x0cb39000, 0x14a00000)
   the space 44964K,  78% used [0x09f50000, 0x0c1df4b8, 0x0c1df600, 0x0cb39000)
 Metaspace       used 11687K, capacity 11908K, committed 12032K, reserved 12672K
}

Deoptimization events (0 events):
No events

Classes redefined (0 events):
No events

Internal exceptions (10 events):
Event: 0.204 Thread 0x0286d000 Exception <a 'java/lang/ClassNotFoundException': Tree> (0x04d0c360) thrown at [C:\re\workspace\8-2-build-windows-i586-cygwin\jdk8u171\10807\hotspot\src\share\vm\classfile\systemDictionary.cpp, line 210]
Event: 0.204 Thread 0x0286d000 Exception <a 'java/lang/ClassNotFoundException': javax/swing/JTreeCell> (0x04d0c698) thrown at [C:\re\workspace\8-2-build-windows-i586-cygwin\jdk8u171\10807\hotspot\src\share\vm\classfile\systemDictionary.cpp, line 210]
Event: 0.204 Thread 0x0286d000 Exception <a 'java/lang/ClassNotFoundException': TreeCell> (0x04d0cae0) thrown at [C:\re\workspace\8-2-build-windows-i586-cygwin\jdk8u171\10807\hotspot\src\share\vm\classfile\systemDictionary.cpp, line 210]
Event: 0.205 Thread 0x0286d000 Exception <a 'java/lang/ClassNotFoundException': RootPane> (0x04d0d458) thrown at [C:\re\workspace\8-2-build-windows-i586-cygwin\jdk8u171\10807\hotspot\src\share\vm\classfile\systemDictionary.cpp, line 210]
Event: 17.777 Thread 0x164c9800 Exception <a 'java/io/FileNotFoundException'> (0x04a13810) thrown at [C:\re\workspace\8-2-build-windows-i586-cygwin\jdk8u171\10807\hotspot\src\share\vm\prims\jni.cpp, line 709]
Event: 17.783 Thread 0x164c9800 Exception <a 'java/io/FileNotFoundException'> (0x04a34740) thrown at [C:\re\workspace\8-2-build-windows-i586-cygwin\jdk8u171\10807\hotspot\src\share\vm\prims\jni.cpp, line 709]
Event: 20.540 Thread 0x164c9800 Exception <a 'java/io/FileNotFoundException'> (0x05283e28) thrown at [C:\re\workspace\8-2-build-windows-i586-cygwin\jdk8u171\10807\hotspot\src\share\vm\prims\jni.cpp, line 709]
Event: 20.540 Thread 0x164c9800 Exception <a 'java/io/FileNotFoundException'> (0x052848b0) thrown at [C:\re\workspace\8-2-build-windows-i586-cygwin\jdk8u171\10807\hotspot\src\share\vm\prims\jni.cpp, line 709]
Event: 20.544 Thread 0x164c9800 Exception <a 'java/io/FileNotFoundException'> (0x052b0c68) thrown at [C:\re\workspace\8-2-build-windows-i586-cygwin\jdk8u171\10807\hotspot\src\share\vm\prims\jni.cpp, line 709]
Event: 20.544 Thread 0x164c9800 Exception <a 'java/io/FileNotFoundException'> (0x052b1718) thrown at [C:\re\workspace\8-2-build-windows-i586-cygwin\jdk8u171\10807\hotspot\src\share\vm\prims\jni.cpp, line 709]

Events (10 events):
Event: 242.487 Thread 0x164c8000 Thread exited: 0x164c8000
Event: 242.504 Thread 0x164c8000 Thread added: 0x164c8000
Event: 242.506 Executing VM operation: GenCollectForAllocation
Event: 242.508 Executing VM operation: GenCollectForAllocation done
Event: 242.508 Executing VM operation: RevokeBias
Event: 242.508 Executing VM operation: RevokeBias done
Event: 242.508 Executing VM operation: RevokeBias
Event: 242.508 Executing VM operation: RevokeBias done
Event: 242.508 Executing VM operation: RevokeBias
Event: 242.508 Executing VM operation: RevokeBias done


Dynamic libraries:
0x00ce0000 - 0x00d13000 	C:\Program Files (x86)\Java\jdk1.8.0_171\jre\bin\java.exe
0x77470000 - 0x77600000 	C:\WINDOWS\SYSTEM32\ntdll.dll
0x76a20000 - 0x76b00000 	C:\WINDOWS\System32\KERNEL32.DLL
0x76fb0000 - 0x77194000 	C:\WINDOWS\System32\KERNELBASE.dll
0x73c80000 - 0x73d1d000 	C:\WINDOWS\SYSTEM32\apphelp.dll
0x756c0000 - 0x75738000 	C:\WINDOWS\System32\ADVAPI32.dll
0x75d80000 - 0x75e3f000 	C:\WINDOWS\System32\msvcrt.dll
0x77330000 - 0x77374000 	C:\WINDOWS\System32\sechost.dll
0x75e40000 - 0x75f00000 	C:\WINDOWS\System32\RPCRT4.dll
0x73d30000 - 0x73d50000 	C:\WINDOWS\System32\SspiCli.dll
0x73d20000 - 0x73d2a000 	C:\WINDOWS\System32\CRYPTBASE.dll
0x75900000 - 0x75958000 	C:\WINDOWS\System32\bcryptPrimitives.dll
0x75bf0000 - 0x75d7d000 	C:\WINDOWS\System32\USER32.dll
0x76e30000 - 0x76e47000 	C:\WINDOWS\System32\win32u.dll
0x76b10000 - 0x76b32000 	C:\WINDOWS\System32\GDI32.dll
0x767d0000 - 0x76934000 	C:\WINDOWS\System32\gdi32full.dll
0x76db0000 - 0x76e2d000 	C:\WINDOWS\System32\msvcp_win.dll
0x75790000 - 0x758ae000 	C:\WINDOWS\System32\ucrtbase.dll
0x73110000 - 0x73314000 	C:\WINDOWS\WinSxS\x86_microsoft.windows.common-controls_6595b64144ccf1df_6.0.17134.112_none_42ecccf244e44518\COMCTL32.dll
0x76530000 - 0x7678c000 	C:\WINDOWS\System32\combase.dll
0x76d70000 - 0x76d96000 	C:\WINDOWS\System32\IMM32.DLL
0x59310000 - 0x593cf000 	C:\Program Files (x86)\Java\jdk1.8.0_171\jre\bin\msvcr100.dll
0x58f30000 - 0x59301000 	C:\Program Files (x86)\Java\jdk1.8.0_171\jre\bin\client\jvm.dll
0x76520000 - 0x76526000 	C:\WINDOWS\System32\PSAPI.DLL
0x72c20000 - 0x72c44000 	C:\WINDOWS\SYSTEM32\WINMM.dll
0x71f70000 - 0x71f78000 	C:\WINDOWS\SYSTEM32\VERSION.dll
0x728c0000 - 0x728c8000 	C:\WINDOWS\SYSTEM32\WSOCK32.dll
0x75b20000 - 0x75b87000 	C:\WINDOWS\System32\WS2_32.dll
0x72890000 - 0x728b3000 	C:\WINDOWS\SYSTEM32\winmmbase.dll
0x76790000 - 0x767c9000 	C:\WINDOWS\System32\cfgmgr32.dll
0x59c10000 - 0x59c1c000 	C:\Program Files (x86)\Java\jdk1.8.0_171\jre\bin\verify.dll
0x58f00000 - 0x58f22000 	C:\Program Files (x86)\Java\jdk1.8.0_171\jre\bin\java.dll
0x58ee0000 - 0x58ef4000 	C:\Program Files (x86)\Java\jdk1.8.0_171\jre\bin\zip.dll
0x73d50000 - 0x7509a000 	C:\WINDOWS\System32\SHELL32.dll
0x75960000 - 0x759e8000 	C:\WINDOWS\System32\shcore.dll
0x750a0000 - 0x7565a000 	C:\WINDOWS\System32\windows.storage.dll
0x758b0000 - 0x758f5000 	C:\WINDOWS\System32\shlwapi.dll
0x76b40000 - 0x76b4f000 	C:\WINDOWS\System32\kernel.appcore.dll
0x75aa0000 - 0x75ab8000 	C:\WINDOWS\System32\profapi.dll
0x764d0000 - 0x76515000 	C:\WINDOWS\System32\powrprof.dll
0x76e50000 - 0x76e58000 	C:\WINDOWS\System32\FLTLIB.DLL
0x58d70000 - 0x58eb5000 	C:\Program Files (x86)\Java\jdk1.8.0_171\jre\bin\awt.dll
0x759f0000 - 0x75a86000 	C:\WINDOWS\System32\OLEAUT32.dll
0x73090000 - 0x7310c000 	C:\WINDOWS\system32\uxtheme.dll
0x76e60000 - 0x76fa4000 	C:\WINDOWS\System32\MSCTF.dll
0x71b00000 - 0x71b23000 	C:\WINDOWS\system32\dwmapi.dll
0x76be0000 - 0x76cdc000 	C:\WINDOWS\System32\ole32.dll
0x58b50000 - 0x58b89000 	C:\Program Files (x86)\Java\jdk1.8.0_171\jre\bin\fontmanager.dll
0x58c60000 - 0x58d39000 	C:\WINDOWS\system32\opengl32.dll
0x58c20000 - 0x58c5f000 	C:\WINDOWS\SYSTEM32\GLU32.dll
0x57aa0000 - 0x57ac6000 	C:\Program Files (x86)\Java\jdk1.8.0_171\jre\bin\jpeg.dll
0x58ec0000 - 0x58ed5000 	C:\Program Files (x86)\Java\jdk1.8.0_171\jre\bin\net.dll
0x726e0000 - 0x72736000 	C:\WINDOWS\system32\mswsock.dll
0x59770000 - 0x5977f000 	C:\Program Files (x86)\Java\jdk1.8.0_171\jre\bin\nio.dll
0x58b10000 - 0x58b42000 	C:\Program Files (x86)\Java\jdk1.8.0_171\jre\bin\t2k.dll
0x16a10000 - 0x1a1d2000 	C:\Users\PAUL\Desktop\proyecto\facewithRaspberry\appDesktop\facesdk.dll
0x73ae0000 - 0x73b10000 	C:\WINDOWS\SYSTEM32\IPHLPAPI.DLL
0x72530000 - 0x72543000 	C:\WINDOWS\SYSTEM32\CRYPTSP.dll
0x72500000 - 0x7252f000 	C:\WINDOWS\system32\rsaenh.dll
0x727e0000 - 0x727f9000 	C:\WINDOWS\SYSTEM32\bcrypt.dll
0x73c20000 - 0x73c41000 	C:\WINDOWS\SYSTEM32\USERENV.dll
0x75a90000 - 0x75a97000 	C:\WINDOWS\System32\NSI.dll
0x72760000 - 0x72773000 	C:\WINDOWS\SYSTEM32\dhcpcsvc6.DLL
0x72740000 - 0x72754000 	C:\WINDOWS\SYSTEM32\dhcpcsvc.DLL
0x1a720000 - 0x1a775000 	C:\Users\PAUL\AppData\Local\Temp\jna3423895296609959974.dll
0x71d20000 - 0x71ea2000 	C:\WINDOWS\SYSTEM32\dbghelp.dll
0x6db70000 - 0x6dbee000 	C:\WINDOWS\System32\TextInputFramework.dll
0x6d880000 - 0x6dadd000 	C:\WINDOWS\System32\CoreUIComponents.dll
0x6dae0000 - 0x6db6b000 	C:\WINDOWS\System32\CoreMessaging.dll
0x723b0000 - 0x723d9000 	C:\WINDOWS\SYSTEM32\ntmarta.dll
0x71650000 - 0x71726000 	C:\WINDOWS\SYSTEM32\wintypes.dll
0x58ab0000 - 0x58ad4000 	C:\Program Files (x86)\Java\jdk1.8.0_171\jre\bin\dcpr.dll
0x73b10000 - 0x73b9e000 	C:\WINDOWS\SYSTEM32\DNSAPI.dll
0x71f20000 - 0x71f28000 	C:\Windows\System32\rasadhlp.dll
0x65ba0000 - 0x65bef000 	C:\WINDOWS\System32\fwpuclnt.dll
0x58c00000 - 0x58c11000 	C:\WINDOWS\system32\napinsp.dll
0x58be0000 - 0x58bf6000 	C:\WINDOWS\system32\pnrpnsp.dll
0x58bc0000 - 0x58bd3000 	C:\WINDOWS\system32\NLAapi.dll
0x58bb0000 - 0x58bbc000 	C:\WINDOWS\System32\winrnr.dll
0x58b90000 - 0x58ba1000 	C:\WINDOWS\System32\wshbth.dll
0x581b0000 - 0x581d0000 	C:\Program Files (x86)\Java\jdk1.8.0_171\jre\bin\sunec.dll
0x581a0000 - 0x581a9000 	C:\Program Files (x86)\Java\jdk1.8.0_171\jre\bin\sunmscapi.dll
0x76330000 - 0x764c6000 	C:\WINDOWS\System32\CRYPT32.dll
0x76b00000 - 0x76b0e000 	C:\WINDOWS\System32\MSASN1.dll

VM Arguments:
jvm_args: -Dfile.encoding=UTF-8 
java_command: liverecognition.AppFace
java_class_path (initial): C:\Users\PAUL\Desktop\proyecto\facewithRaspberry\appDesktop\FaceSDK.jar;C:\Users\PAUL\Desktop\proyecto\facewithRaspberry\appDesktop\jna.jar;C:\Users\PAUL\Desktop\proyecto\facewithRaspberry\appDesktop\lib\mail.jar;C:\Users\PAUL\Desktop\proyecto\facewithRaspberry\appDesktop\lib\swingx-1.6.1.jar;C:\Users\PAUL\Desktop\proyecto\facewithRaspberry\appDesktop\lib\jfoenix-8.0.4.jar;C:\Users\PAUL\Desktop\proyecto\facewithRaspberry\appDesktop\lib\twilio-java-sdk-6.3.0.jar;C:\Users\PAUL\Desktop\proyecto\facewithRaspberry\appDesktop\lib\Java-WebSocket-1.3.8.jar;C:\Users\PAUL\Desktop\proyecto\facewithRaspberry\appDesktop\build\classes
Launcher Type: SUN_STANDARD

Environment Variables:
JAVA_HOME=C:\Program Files\Java\jdk1.8.0_171
PATH=C:\Program Files (x86)\Common Files\Oracle\Java\javapath;C:\WINDOWS\system32;C:\WINDOWS;C:\WINDOWS\System32\Wbem;C:\WINDOWS\System32\WindowsPowerShell\v1.0\;C:\Program Files\Java\jdk1.8.0_171\bin;C:\WINDOWS\System32\OpenSSH\;C:\Program Files (x86)\PuTTY\;C:\Users\PAUL\AppData\Local\Microsoft\WindowsApps;C:\Users\PAUL\AppData\Local\Programs\MiKTeX 2.9\miktex\bin\x64\;;C:\Program Files (x86)\SSH Communications Security\SSH Secure Shell
USERNAME=PAUL
OS=Windows_NT
PROCESSOR_IDENTIFIER=Intel64 Family 6 Model 60 Stepping 3, GenuineIntel



---------------  S Y S T E M  ---------------

OS: Windows 10.0 , 64 bit Build 17134 (10.0.17134.1)

CPU:total 8 (initial active 8) (4 cores per cpu, 2 threads per core) family 6 model 60 stepping 3, cmov, cx8, fxsr, mmx, sse, sse2, sse3, ssse3, sse4.1, sse4.2, popcnt, avx, avx2, aes, clmul, erms, lzcnt, ht, tsc, tscinvbit, bmi1, bmi2

Memory: 4k page, physical 16696464k(12328632k free), swap 19711120k(15320268k free)

vm_info: Java HotSpot(TM) Client VM (25.171-b11) for windows-x86 JRE (1.8.0_171-b11), built on Mar 28 2018 14:51:22 by "java_re" with MS VC++ 10.0 (VS2010)

time: Wed Jun 27 12:27:42 2018
elapsed time: 242 seconds (0d 0h 4m 2s)

