#
# A fatal error has been detected by the Java Runtime Environment:
#
#  EXCEPTION_ACCESS_VIOLATION (0xc0000005) at pc=0x722c7739, pid=376, tid=0x00002d04
#
# JRE version: Java(TM) SE Runtime Environment (8.0_171-b11) (build 1.8.0_171-b11)
# Java VM: Java HotSpot(TM) Client VM (25.171-b11 mixed mode windows-x86 )
# Problematic frame:
# V  [jvm.dll+0xd7739]
#
# Failed to write core dump. Minidumps are not enabled by default on client versions of Windows
#
# If you would like to submit a bug report, please visit:
#   http://bugreport.java.com/bugreport/crash.jsp
#

---------------  T H R E A D  ---------------

Current thread (0x16e6c400):  JavaThread "Thread-4448" [_thread_in_vm, id=11524, stack(0x01560000,0x015b0000)]

siginfo: ExceptionCode=0xc0000005, reading address 0x00000000

Registers:
EAX=0x00000000, EBX=0x16cbd401, ECX=0x00000000, EDX=0x00000000
ESP=0x015af07c, EBP=0x015af088, ESI=0x16cbd410, EDI=0x16e6c400
EIP=0x722c7739, EFLAGS=0x00010202

Top of Stack: (sp=0x015af07c)
0x015af07c:   015af170 00000000 16cbd410 015af378
0x015af08c:   1afb4228 16e6c540 16cbd410 00000000
0x015af09c:   015af0b4 722bd468 00000001 00000001
0x015af0ac:   7226d1d8 015af498 015af0c8 00000030
0x015af0bc:   1afb41b7 16e6c400 015af498 015af0dc
0x015af0cc:   015af0dc 015af498 7233fc89 1536f470
0x015af0dc:   015af0f4 723401c2 1536f470 00000030
0x015af0ec:   1afb41a3 1536f470 015af10c 72272ea1 

Instructions: (pc=0x722c7739)
0x722c7719:   1a 0a 00 33 ff eb 02 8b f9 6a 06 57 e8 b6 fc f2
0x722c7729:   ff 8b 75 0c 83 c4 08 b3 01 85 f6 74 39 8b 45 10
0x722c7739:   8b 00 50 32 db e8 1d b0 f6 ff 83 c4 04 85 c0 74
0x722c7749:   25 8b 0e 8b 49 04 8b 50 08 39 04 0a 75 04 b0 01 


Register to memory mapping:

EAX=0x00000000 is an unknown value
EBX=0x16cbd401 is an unknown value
ECX=0x00000000 is an unknown value
EDX=0x00000000 is an unknown value
ESP=0x015af07c is pointing into the stack for thread: 0x16e6c400
EBP=0x015af088 is pointing into the stack for thread: 0x16e6c400
ESI=0x16cbd410 is an unknown value
EDI=0x16e6c400 is a thread


Stack: [0x01560000,0x015b0000],  sp=0x015af07c,  free space=316k
Native frames: (J=compiled Java code, j=interpreted, Vv=VM code, C=native code)
V  [jvm.dll+0xd7739]
C  [jna4447545975848187793.dll+0x4228]
C  [jna4447545975848187793.dll+0x4d0e]
J 483  com.sun.jna.Native.invokeInt(JI[Ljava/lang/Object;)I (0 bytes) @ 0x032e3e46 [0x032e3da0+0xa6]
J 497 C1 com.sun.jna.Function.invoke([Ljava/lang/Object;Ljava/lang/Class;Z)Ljava/lang/Object; (1154 bytes) @ 0x032ec504 [0x032ea930+0x1bd4]
J 350 C1 com.sun.jna.Function.invoke(Ljava/lang/Class;[Ljava/lang/Object;Ljava/util/Map;)Ljava/lang/Object; (526 bytes) @ 0x0325edd8 [0x0325e950+0x488]
J 488 C1 com.sun.jna.Library$Handler.invoke(Ljava/lang/Object;Ljava/lang/reflect/Method;[Ljava/lang/Object;)Ljava/lang/Object; (345 bytes) @ 0x032e5b8c [0x032e5350+0x83c]
j  Luxand.$Proxy0.FSDK_LoadImageFromBuffer(Lcom/sun/jna/ptr/IntByReference;[BIIII)I+52
J 304 C1 Luxand.FSDK.LoadImageFromAWTImage(LLuxand/FSDK$HImage;Ljava/awt/Image;I)I (456 bytes) @ 0x0329b5cc [0x0329ac80+0x94c]
j  liverecognition.AppFace$12.run()V+28
v  ~StubRoutines::call_stub
V  [jvm.dll+0x15b985]
V  [jvm.dll+0x22262e]
V  [jvm.dll+0x15ba1e]
V  [jvm.dll+0x15bba6]
V  [jvm.dll+0x15bc17]
V  [jvm.dll+0xffb3f]
V  [jvm.dll+0x17eb50]
V  [jvm.dll+0x17f3ca]
V  [jvm.dll+0x1c3fe6]
C  [msvcr100.dll+0x5c556]
C  [msvcr100.dll+0x5c600]
C  [KERNEL32.DLL+0x18484]
C  [ntdll.dll+0x62fea]
C  [ntdll.dll+0x62fba]
C  0x00000000

Java frames: (J=compiled Java code, j=interpreted, Vv=VM code)
J 483  com.sun.jna.Native.invokeInt(JI[Ljava/lang/Object;)I (0 bytes) @ 0x032e3e02 [0x032e3da0+0x62]
J 497 C1 com.sun.jna.Function.invoke([Ljava/lang/Object;Ljava/lang/Class;Z)Ljava/lang/Object; (1154 bytes) @ 0x032ec504 [0x032ea930+0x1bd4]
J 350 C1 com.sun.jna.Function.invoke(Ljava/lang/Class;[Ljava/lang/Object;Ljava/util/Map;)Ljava/lang/Object; (526 bytes) @ 0x0325edd8 [0x0325e950+0x488]
J 488 C1 com.sun.jna.Library$Handler.invoke(Ljava/lang/Object;Ljava/lang/reflect/Method;[Ljava/lang/Object;)Ljava/lang/Object; (345 bytes) @ 0x032e5b8c [0x032e5350+0x83c]
j  Luxand.$Proxy0.FSDK_LoadImageFromBuffer(Lcom/sun/jna/ptr/IntByReference;[BIIII)I+52
J 304 C1 Luxand.FSDK.LoadImageFromAWTImage(LLuxand/FSDK$HImage;Ljava/awt/Image;I)I (456 bytes) @ 0x0329b5cc [0x0329ac80+0x94c]
j  liverecognition.AppFace$12.run()V+28
v  ~StubRoutines::call_stub

---------------  P R O C E S S  ---------------

Java Threads: ( => current thread )
  0x16e6d000 JavaThread "Thread-0" daemon [_thread_in_native, id=9880, stack(0x01680000,0x016d0000)]
=>0x16e6c400 JavaThread "Thread-4448" [_thread_in_vm, id=11524, stack(0x01560000,0x015b0000)]
  0x16b1c000 JavaThread "WebSocketTimer" [_thread_blocked, id=11852, stack(0x20340000,0x20390000)]
  0x16ca2c00 JavaThread "WebSocketWriteThread-19" [_thread_blocked, id=9568, stack(0x1f9b0000,0x1fa00000)]
  0x16cde400 JavaThread "WebSocketConnectReadThread-18" [_thread_in_native, id=12992, stack(0x1f8a0000,0x1f8f0000)]
  0x16cd6c00 JavaThread "Thread-3" [_thread_in_native, id=9020, stack(0x1f810000,0x1f860000)]
  0x02fbd400 JavaThread "DestroyJavaVM" [_thread_blocked, id=1720, stack(0x02fc0000,0x03010000)]
  0x16ad2800 JavaThread "AWT-EventQueue-0" [_thread_blocked, id=8408, stack(0x170b0000,0x17100000)]
  0x15943400 JavaThread "AWT-Shutdown" [_thread_blocked, id=352, stack(0x16090000,0x160e0000)]
  0x15942800 JavaThread "Java2D Disposer" daemon [_thread_blocked, id=744, stack(0x16000000,0x16050000)]
  0x15780800 JavaThread "Service Thread" daemon [_thread_blocked, id=1556, stack(0x15dd0000,0x15e20000)]
  0x1578c400 JavaThread "C1 CompilerThread0" daemon [_thread_blocked, id=9640, stack(0x15d40000,0x15d90000)]
  0x1578b000 JavaThread "Attach Listener" daemon [_thread_blocked, id=10452, stack(0x15cb0000,0x15d00000)]
  0x15789000 JavaThread "Signal Dispatcher" daemon [_thread_blocked, id=6420, stack(0x15c20000,0x15c70000)]
  0x1576ac00 JavaThread "Finalizer" daemon [_thread_blocked, id=11900, stack(0x15a70000,0x15ac0000)]
  0x15756000 JavaThread "Reference Handler" daemon [_thread_blocked, id=4116, stack(0x159e0000,0x15a30000)]

Other Threads:
  0x15750400 VMThread [stack: 0x15950000,0x159a0000] [id=4084]
  0x15784400 WatcherThread [stack: 0x15e60000,0x15eb0000] [id=11516]

VM state:not at safepoint (normal execution)

VM Mutex/Monitor currently owned by a thread: None

Heap:
 def new generation   total 5888K, used 1623K [0x05200000, 0x05860000, 0x0a750000)
  eden space 5248K,  20% used [0x05200000, 0x0530bea8, 0x05720000)
  from space 640K,  86% used [0x05720000, 0x057aa030, 0x057c0000)
  to   space 640K,   0% used [0x057c0000, 0x057c0000, 0x05860000)
 tenured generation   total 12980K, used 7528K [0x0a750000, 0x0b3fd000, 0x15200000)
   the space 12980K,  57% used [0x0a750000, 0x0aeaa0b0, 0x0aeaa200, 0x0b3fd000)
 Metaspace       used 8834K, capacity 9010K, committed 9088K, reserved 9600K

Card table byte_map: [0x15200000,0x15290000] byte_map_base: 0x151d7000

Polling page: 0x02f70000

CodeCache: size=32768Kb used=1807Kb max_used=1807Kb free=30960Kb
 bounds [0x03180000, 0x03348000, 0x05180000]
 total_blobs=918 nmethods=664 adapters=184
 compilation: enabled

Compilation events (10 events):
Event: 137.089 Thread 0x1578c400  667             java.util.RegularEnumSet$EnumSetIterator::hasNext (15 bytes)
Event: 137.089 Thread 0x1578c400 nmethod 667 0x03342ec8 code [0x03342fc0, 0x03343070]
Event: 138.983 Thread 0x1578c400  668             sun.reflect.UnsafeIntegerFieldAccessorImpl::get (13 bytes)
Event: 138.984 Thread 0x1578c400 nmethod 668 0x033430c8 code [0x03343200, 0x03343430]
Event: 138.984 Thread 0x1578c400  669             sun.reflect.UnsafeIntegerFieldAccessorImpl::getInt (17 bytes)
Event: 138.984 Thread 0x1578c400 nmethod 669 0x03343788 code [0x033438c0, 0x03343a90]
Event: 139.623 Thread 0x1578c400  670             java.awt.image.SampleModel::getWidth (5 bytes)
Event: 139.623 Thread 0x1578c400 nmethod 670 0x03343d08 code [0x03343e00, 0x03343e80]
Event: 139.624 Thread 0x1578c400  671             java.awt.image.SampleModel::getHeight (5 bytes)
Event: 139.624 Thread 0x1578c400 nmethod 671 0x03343ec8 code [0x03343fc0, 0x03344040]

GC Heap History (10 events):
Event: 140.358 GC heap before
{Heap before GC invocations=750 (full 73):
 def new generation   total 5888K, used 5786K [0x05200000, 0x05860000, 0x0a750000)
  eden space 5248K, 100% used [0x05200000, 0x05720000, 0x05720000)
  from space 640K,  84% used [0x057c0000, 0x05846920, 0x05860000)
  to   space 640K,   0% used [0x05720000, 0x05720000, 0x057c0000)
 tenured generation   total 12980K, used 10245K [0x0a750000, 0x0b3fd000, 0x15200000)
   the space 12980K,  78% used [0x0a750000, 0x0b151628, 0x0b151800, 0x0b3fd000)
 Metaspace       used 8810K, capacity 8978K, committed 9088K, reserved 9600K
Event: 140.359 GC heap after
Heap after GC invocations=751 (full 73):
 def new generation   total 5888K, used 566K [0x05200000, 0x05860000, 0x0a750000)
  eden space 5248K,   0% used [0x05200000, 0x05200000, 0x05720000)
  from space 640K,  88% used [0x05720000, 0x057ad8a8, 0x057c0000)
  to   space 640K,   0% used [0x057c0000, 0x057c0000, 0x05860000)
 tenured generation   total 12980K, used 11154K [0x0a750000, 0x0b3fd000, 0x15200000)
   the space 12980K,  85% used [0x0a750000, 0x0b234b78, 0x0b234c00, 0x0b3fd000)
 Metaspace       used 8810K, capacity 8978K, committed 9088K, reserved 9600K
}
Event: 140.474 GC heap before
{Heap before GC invocations=751 (full 73):
 def new generation   total 5888K, used 5814K [0x05200000, 0x05860000, 0x0a750000)
  eden space 5248K, 100% used [0x05200000, 0x05720000, 0x05720000)
  from space 640K,  88% used [0x05720000, 0x057ad8a8, 0x057c0000)
  to   space 640K,   0% used [0x057c0000, 0x057c0000, 0x05860000)
 tenured generation   total 12980K, used 11154K [0x0a750000, 0x0b3fd000, 0x15200000)
   the space 12980K,  85% used [0x0a750000, 0x0b234b78, 0x0b234c00, 0x0b3fd000)
 Metaspace       used 8810K, capacity 8978K, committed 9088K, reserved 9600K
Event: 140.475 GC heap after
Heap after GC invocations=752 (full 73):
 def new generation   total 5888K, used 551K [0x05200000, 0x05860000, 0x0a750000)
  eden space 5248K,   0% used [0x05200000, 0x05200000, 0x05720000)
  from space 640K,  86% used [0x057c0000, 0x05849e28, 0x05860000)
  to   space 640K,   0% used [0x05720000, 0x05720000, 0x057c0000)
 tenured generation   total 12980K, used 12064K [0x0a750000, 0x0b3fd000, 0x15200000)
   the space 12980K,  92% used [0x0a750000, 0x0b318390, 0x0b318400, 0x0b3fd000)
 Metaspace       used 8810K, capacity 8978K, committed 9088K, reserved 9600K
}
Event: 140.609 GC heap before
{Heap before GC invocations=752 (full 73):
 def new generation   total 5888K, used 5799K [0x05200000, 0x05860000, 0x0a750000)
  eden space 5248K, 100% used [0x05200000, 0x05720000, 0x05720000)
  from space 640K,  86% used [0x057c0000, 0x05849e28, 0x05860000)
  to   space 640K,   0% used [0x05720000, 0x05720000, 0x057c0000)
 tenured generation   total 12980K, used 12064K [0x0a750000, 0x0b3fd000, 0x15200000)
   the space 12980K,  92% used [0x0a750000, 0x0b318390, 0x0b318400, 0x0b3fd000)
 Metaspace       used 8810K, capacity 8978K, committed 9088K, reserved 9600K
Event: 140.619 GC heap after
Heap after GC invocations=753 (full 74):
 def new generation   total 5888K, used 0K [0x05200000, 0x05860000, 0x0a750000)
  eden space 5248K,   0% used [0x05200000, 0x05200000, 0x05720000)
  from space 640K,   0% used [0x05720000, 0x05720000, 0x057c0000)
  to   space 640K,   0% used [0x057c0000, 0x057c0000, 0x05860000)
 tenured generation   total 12980K, used 6017K [0x0a750000, 0x0b3fd000, 0x15200000)
   the space 12980K,  46% used [0x0a750000, 0x0ad30730, 0x0ad30800, 0x0b3fd000)
 Metaspace       used 8810K, capacity 8978K, committed 9088K, reserved 9600K
}
Event: 140.746 GC heap before
{Heap before GC invocations=753 (full 74):
 def new generation   total 5888K, used 5084K [0x05200000, 0x05860000, 0x0a750000)
  eden space 5248K,  96% used [0x05200000, 0x056f7058, 0x05720000)
  from space 640K,   0% used [0x05720000, 0x05720000, 0x057c0000)
  to   space 640K,   0% used [0x057c0000, 0x057c0000, 0x05860000)
 tenured generation   total 12980K, used 6017K [0x0a750000, 0x0b3fd000, 0x15200000)
   the space 12980K,  46% used [0x0a750000, 0x0ad30730, 0x0ad30800, 0x0b3fd000)
 Metaspace       used 8810K, capacity 8978K, committed 9088K, reserved 9600K
Event: 140.747 GC heap after
Heap after GC invocations=754 (full 74):
 def new generation   total 5888K, used 624K [0x05200000, 0x05860000, 0x0a750000)
  eden space 5248K,   0% used [0x05200000, 0x05200000, 0x05720000)
  from space 640K,  97% used [0x057c0000, 0x0585c010, 0x05860000)
  to   space 640K,   0% used [0x05720000, 0x05720000, 0x057c0000)
 tenured generation   total 12980K, used 6317K [0x0a750000, 0x0b3fd000, 0x15200000)
   the space 12980K,  48% used [0x0a750000, 0x0ad7b740, 0x0ad7b800, 0x0b3fd000)
 Metaspace       used 8810K, capacity 8978K, committed 9088K, reserved 9600K
}
Event: 141.017 GC heap before
{Heap before GC invocations=754 (full 74):
 def new generation   total 5888K, used 5872K [0x05200000, 0x05860000, 0x0a750000)
  eden space 5248K, 100% used [0x05200000, 0x05720000, 0x05720000)
  from space 640K,  97% used [0x057c0000, 0x0585c010, 0x05860000)
  to   space 640K,   0% used [0x05720000, 0x05720000, 0x057c0000)
 tenured generation   total 12980K, used 6317K [0x0a750000, 0x0b3fd000, 0x15200000)
   the space 12980K,  48% used [0x0a750000, 0x0ad7b740, 0x0ad7b800, 0x0b3fd000)
 Metaspace       used 8810K, capacity 8978K, committed 9088K, reserved 9600K
Event: 141.018 GC heap after
Heap after GC invocations=755 (full 74):
 def new generation   total 5888K, used 552K [0x05200000, 0x05860000, 0x0a750000)
  eden space 5248K,   0% used [0x05200000, 0x05200000, 0x05720000)
  from space 640K,  86% used [0x05720000, 0x057aa030, 0x057c0000)
  to   space 640K,   0% used [0x057c0000, 0x057c0000, 0x05860000)
 tenured generation   total 12980K, used 7528K [0x0a750000, 0x0b3fd000, 0x15200000)
   the space 12980K,  57% used [0x0a750000, 0x0aeaa0b0, 0x0aeaa200, 0x0b3fd000)
 Metaspace       used 8810K, capacity 8978K, committed 9088K, reserved 9600K
}

Deoptimization events (0 events):
No events

Classes redefined (0 events):
No events

Internal exceptions (10 events):
Event: 0.283 Thread 0x02fbd400 Exception <a 'java/lang/ClassNotFoundException': ToolBar> (0x05510d28) thrown at [C:\re\workspace\8-2-build-windows-i586-cygwin\jdk8u171\10807\hotspot\src\share\vm\classfile\systemDictionary.cpp, line 210]
Event: 0.283 Thread 0x02fbd400 Exception <a 'java/lang/ClassNotFoundException': ToggleButton> (0x05511270) thrown at [C:\re\workspace\8-2-build-windows-i586-cygwin\jdk8u171\10807\hotspot\src\share\vm\classfile\systemDictionary.cpp, line 210]
Event: 0.283 Thread 0x02fbd400 Exception <a 'java/lang/ClassNotFoundException': javax/swing/JToolBarSeparator> (0x05511678) thrown at [C:\re\workspace\8-2-build-windows-i586-cygwin\jdk8u171\10807\hotspot\src\share\vm\classfile\systemDictionary.cpp, line 210]
Event: 0.283 Thread 0x02fbd400 Exception <a 'java/lang/ClassNotFoundException': ToolBarSeparator> (0x05511ad0) thrown at [C:\re\workspace\8-2-build-windows-i586-cygwin\jdk8u171\10807\hotspot\src\share\vm\classfile\systemDictionary.cpp, line 210]
Event: 0.283 Thread 0x02fbd400 Exception <a 'java/lang/ClassNotFoundException': ToolTip> (0x05512188) thrown at [C:\re\workspace\8-2-build-windows-i586-cygwin\jdk8u171\10807\hotspot\src\share\vm\classfile\systemDictionary.cpp, line 210]
Event: 0.284 Thread 0x02fbd400 Exception <a 'java/lang/ClassNotFoundException': Tree> (0x05512c70) thrown at [C:\re\workspace\8-2-build-windows-i586-cygwin\jdk8u171\10807\hotspot\src\share\vm\classfile\systemDictionary.cpp, line 210]
Event: 0.284 Thread 0x02fbd400 Exception <a 'java/lang/ClassNotFoundException': Tree> (0x05513310) thrown at [C:\re\workspace\8-2-build-windows-i586-cygwin\jdk8u171\10807\hotspot\src\share\vm\classfile\systemDictionary.cpp, line 210]
Event: 0.284 Thread 0x02fbd400 Exception <a 'java/lang/ClassNotFoundException': javax/swing/JTreeCell> (0x05513648) thrown at [C:\re\workspace\8-2-build-windows-i586-cygwin\jdk8u171\10807\hotspot\src\share\vm\classfile\systemDictionary.cpp, line 210]
Event: 0.284 Thread 0x02fbd400 Exception <a 'java/lang/ClassNotFoundException': TreeCell> (0x05513a90) thrown at [C:\re\workspace\8-2-build-windows-i586-cygwin\jdk8u171\10807\hotspot\src\share\vm\classfile\systemDictionary.cpp, line 210]
Event: 0.285 Thread 0x02fbd400 Exception <a 'java/lang/ClassNotFoundException': RootPane> (0x05514408) thrown at [C:\re\workspace\8-2-build-windows-i586-cygwin\jdk8u171\10807\hotspot\src\share\vm\classfile\systemDictionary.cpp, line 210]

Events (10 events):
Event: 141.021 loading class java/util/WeakHashMap$HashIterator
Event: 141.021 loading class java/util/WeakHashMap$HashIterator done
Event: 141.021 loading class java/util/WeakHashMap$KeyIterator done
Event: 141.021 Thread 0x16e6c800 Thread exited: 0x16e6c800
Event: 141.022 loading class java/lang/ProcessBuilder
Event: 141.022 loading class java/lang/ProcessBuilder done
Event: 141.022 loading class java/lang/ProcessImpl
Event: 141.023 loading class java/lang/Process
Event: 141.024 loading class java/lang/Process done
Event: 141.024 loading class java/lang/ProcessImpl done


Dynamic libraries:
0x000f0000 - 0x00123000 	C:\Program Files (x86)\Java\jdk1.8.0_171\jre\bin\java.exe
0x76f80000 - 0x77110000 	C:\WINDOWS\SYSTEM32\ntdll.dll
0x73860000 - 0x73940000 	C:\WINDOWS\System32\KERNEL32.DLL
0x757e0000 - 0x759c4000 	C:\WINDOWS\System32\KERNELBASE.dll
0x72720000 - 0x727bd000 	C:\WINDOWS\SYSTEM32\apphelp.dll
0x75ac0000 - 0x75b38000 	C:\WINDOWS\System32\ADVAPI32.dll
0x73d70000 - 0x73e2f000 	C:\WINDOWS\System32\msvcrt.dll
0x76450000 - 0x76494000 	C:\WINDOWS\System32\sechost.dll
0x75da0000 - 0x75e60000 	C:\WINDOWS\System32\RPCRT4.dll
0x73840000 - 0x73860000 	C:\WINDOWS\System32\SspiCli.dll
0x73830000 - 0x7383a000 	C:\WINDOWS\System32\CRYPTBASE.dll
0x764a0000 - 0x764f8000 	C:\WINDOWS\System32\bcryptPrimitives.dll
0x75ed0000 - 0x7605d000 	C:\WINDOWS\System32\USER32.dll
0x73c70000 - 0x73c87000 	C:\WINDOWS\System32\win32u.dll
0x76590000 - 0x765b2000 	C:\WINDOWS\System32\GDI32.dll
0x739b0000 - 0x73b14000 	C:\WINDOWS\System32\gdi32full.dll
0x76c70000 - 0x76ced000 	C:\WINDOWS\System32\msvcp_win.dll
0x76060000 - 0x7617e000 	C:\WINDOWS\System32\ucrtbase.dll
0x72d80000 - 0x72f84000 	C:\WINDOWS\WinSxS\x86_microsoft.windows.common-controls_6595b64144ccf1df_6.0.17134.112_none_42ecccf244e44518\COMCTL32.dll
0x75b40000 - 0x75d9c000 	C:\WINDOWS\System32\combase.dll
0x757b0000 - 0x757d6000 	C:\WINDOWS\System32\IMM32.DLL
0x725d0000 - 0x7268f000 	C:\Program Files (x86)\Java\jdk1.8.0_171\jre\bin\msvcr100.dll
0x721f0000 - 0x725c1000 	C:\Program Files (x86)\Java\jdk1.8.0_171\jre\bin\client\jvm.dll
0x759e0000 - 0x759e6000 	C:\WINDOWS\System32\PSAPI.DLL
0x733c0000 - 0x733c8000 	C:\WINDOWS\SYSTEM32\VERSION.dll
0x73740000 - 0x73748000 	C:\WINDOWS\SYSTEM32\WSOCK32.dll
0x721c0000 - 0x721e4000 	C:\WINDOWS\SYSTEM32\WINMM.dll
0x75e60000 - 0x75ec7000 	C:\WINDOWS\System32\WS2_32.dll
0x72190000 - 0x721b3000 	C:\WINDOWS\SYSTEM32\WINMMBASE.dll
0x76b90000 - 0x76bc9000 	C:\WINDOWS\System32\cfgmgr32.dll
0x72180000 - 0x7218c000 	C:\Program Files (x86)\Java\jdk1.8.0_171\jre\bin\verify.dll
0x72150000 - 0x72172000 	C:\Program Files (x86)\Java\jdk1.8.0_171\jre\bin\java.dll
0x72130000 - 0x72144000 	C:\Program Files (x86)\Java\jdk1.8.0_171\jre\bin\zip.dll
0x74450000 - 0x7579a000 	C:\WINDOWS\System32\SHELL32.dll
0x73e90000 - 0x73f18000 	C:\WINDOWS\System32\shcore.dll
0x765c0000 - 0x76b7a000 	C:\WINDOWS\System32\windows.storage.dll
0x73f20000 - 0x73f65000 	C:\WINDOWS\System32\shlwapi.dll
0x76b80000 - 0x76b8f000 	C:\WINDOWS\System32\kernel.appcore.dll
0x743a0000 - 0x743b8000 	C:\WINDOWS\System32\profapi.dll
0x73e30000 - 0x73e75000 	C:\WINDOWS\System32\powrprof.dll
0x73e80000 - 0x73e88000 	C:\WINDOWS\System32\FLTLIB.DLL
0x71f70000 - 0x720b5000 	C:\Program Files (x86)\Java\jdk1.8.0_171\jre\bin\awt.dll
0x76bd0000 - 0x76c66000 	C:\WINDOWS\System32\OLEAUT32.dll
0x72cf0000 - 0x72d6c000 	C:\WINDOWS\system32\uxtheme.dll
0x73b20000 - 0x73c64000 	C:\WINDOWS\System32\MSCTF.dll
0x71ea0000 - 0x71ec3000 	C:\WINDOWS\system32\dwmapi.dll
0x76350000 - 0x7644c000 	C:\WINDOWS\System32\ole32.dll
0x71c80000 - 0x71cb9000 	C:\Program Files (x86)\Java\jdk1.8.0_171\jre\bin\fontmanager.dll
0x71d90000 - 0x71e69000 	C:\WINDOWS\system32\opengl32.dll
0x71d50000 - 0x71d8f000 	C:\WINDOWS\SYSTEM32\GLU32.dll
0x65a60000 - 0x65a86000 	C:\Program Files (x86)\Java\jdk1.8.0_171\jre\bin\jpeg.dll
0x72110000 - 0x72125000 	C:\Program Files (x86)\Java\jdk1.8.0_171\jre\bin\net.dll
0x736d0000 - 0x73726000 	C:\WINDOWS\system32\mswsock.dll
0x72100000 - 0x7210f000 	C:\Program Files (x86)\Java\jdk1.8.0_171\jre\bin\nio.dll
0x71660000 - 0x71692000 	C:\Program Files (x86)\Java\jdk1.8.0_171\jre\bin\t2k.dll
0x17290000 - 0x1aa52000 	D:\development\App Java\face\facewithRaspberry\appDesktop\facesdk.dll
0x73610000 - 0x73640000 	C:\WINDOWS\SYSTEM32\IPHLPAPI.DLL
0x71f00000 - 0x71f13000 	C:\WINDOWS\SYSTEM32\CRYPTSP.dll
0x71ed0000 - 0x71eff000 	C:\WINDOWS\system32\rsaenh.dll
0x73590000 - 0x735a9000 	C:\WINDOWS\SYSTEM32\bcrypt.dll
0x73390000 - 0x733b1000 	C:\WINDOWS\SYSTEM32\USERENV.dll
0x73940000 - 0x73947000 	C:\WINDOWS\System32\NSI.dll
0x720e0000 - 0x720f3000 	C:\WINDOWS\SYSTEM32\dhcpcsvc6.DLL
0x720c0000 - 0x720d4000 	C:\WINDOWS\SYSTEM32\dhcpcsvc.DLL
0x1afb0000 - 0x1b005000 	C:\Users\Alex\AppData\Local\Temp\jna4447545975848187793.dll
0x658d0000 - 0x65a52000 	C:\WINDOWS\SYSTEM32\dbghelp.dll
0x71a70000 - 0x71aee000 	C:\WINDOWS\System32\TextInputFramework.dll
0x71780000 - 0x7180b000 	C:\WINDOWS\System32\CoreMessaging.dll
0x71810000 - 0x71a6d000 	C:\WINDOWS\System32\CoreUIComponents.dll
0x716a0000 - 0x71776000 	C:\WINDOWS\SYSTEM32\wintypes.dll
0x72980000 - 0x729a9000 	C:\WINDOWS\SYSTEM32\ntmarta.dll
0x1b8e0000 - 0x1b8e7000 	C:\Program Files (x86)\Internet Download Manager\idmmkb.dll
0x714b0000 - 0x714d4000 	C:\Program Files (x86)\Java\jdk1.8.0_171\jre\bin\dcpr.dll

VM Arguments:
jvm_args: -Dfile.encoding=UTF-8 
java_command: liverecognition.AppFace
java_class_path (initial): D:\development\App Java\face\facewithRaspberry\appDesktop\FaceSDK.jar;D:\development\App Java\face\facewithRaspberry\appDesktop\jna.jar;D:\development\App Java\face\facewithRaspberry\appDesktop\lib\mail.jar;D:\development\App Java\face\facewithRaspberry\appDesktop\lib\swingx-1.6.1.jar;D:\development\App Java\face\facewithRaspberry\appDesktop\lib\jfoenix-8.0.4.jar;D:\development\App Java\face\facewithRaspberry\appDesktop\lib\twilio-java-sdk-6.3.0.jar;D:\development\App Java\face\facewithRaspberry\appDesktop\lib\Java-WebSocket-1.3.8.jar;D:\development\App Java\face\facewithRaspberry\appDesktop\build\classes
Launcher Type: SUN_STANDARD

Environment Variables:
PATH=C:\Program Files (x86)\Common Files\Oracle\Java\javapath;C:\Python27\;C:\Python27\Scripts;C:\WINDOWS\system32;C:\WINDOWS;C:\WINDOWS\System32\Wbem;C:\WINDOWS\System32\WindowsPowerShell\v1.0\;C:\Program Files\Git\cmd;C:\Program Files\dotnet\;C:\Program Files\Microsoft SQL Server\130\Tools\Binn\;C:\Program Files\Microsoft SQL Server\Client SDK\ODBC\130\Tools\Binn\;C:\Program Files (x86)\Microsoft SQL Server\130\Tools\Binn\;C:\Program Files\Microsoft SQL Server\130\DTS\Binn\;C:\Program Files (x86)\Microsoft SQL Server\Client SDK\ODBC\130\Tools\Binn\;C:\Program Files (x86)\Microsoft SQL Server\140\Tools\Binn\;C:\Program Files (x86)\Microsoft SQL Server\140\DTS\Binn\;C:\Program Files (x86)\Microsoft SQL Server\140\Tools\Binn\ManagementStudio\;C:\xampp\php;C:\ProgramData\ComposerSetup\bin;C:\Program Files\SlikSvn\bin;C:\Program Files\Java\apache-maven-3.5.3\bin;C:\Program Files (x86)\Java\jdk1.8.0_171;C:\Program Files (x86)\Java\jdk1.8.0_171\bin;C:\Program Files (x86)\Java\jdk1.8.0_171\lib;C:\Program Files (x86)\Java\jdk1.8.0_171\jre;C:\Program Files (x86)\Java\jdk1.8.0_171\jre\bin;C:\Program Files (x86)\Java\jdk1.8.0_171\jre\lib;C:\WINDOWS\System32\OpenSSH\;C:\Program Files (x86)\CMake\bin;C:\Program Files\nodejs\;C:\Users\Alex\AppData\Local\Microsoft\WindowsApps;C:\Users\Alex\AppData\Roaming\Composer\vendor\bin;C:\Program Files\Java\apache-maven-3.5.3\bin;;C:\Program Files\Microsoft VS Code\bin;C:\Users\Alex\AppData\Roaming\npm
USERNAME=Alex
OS=Windows_NT
PROCESSOR_IDENTIFIER=Intel64 Family 6 Model 42 Stepping 7, GenuineIntel



---------------  S Y S T E M  ---------------

OS: Windows 10.0 , 64 bit Build 17134 (10.0.17134.1)

CPU:total 4 (initial active 4) (2 cores per cpu, 2 threads per core) family 6 model 42 stepping 7, cmov, cx8, fxsr, mmx, sse, sse2, sse3, ssse3, sse4.1, sse4.2, popcnt, avx, aes, clmul, ht, tsc, tscinvbit

Memory: 4k page, physical 8294284k(2840796k free), swap 12750732k(4625088k free)

vm_info: Java HotSpot(TM) Client VM (25.171-b11) for windows-x86 JRE (1.8.0_171-b11), built on Mar 28 2018 14:51:22 by "java_re" with MS VC++ 10.0 (VS2010)

time: Wed Jun 27 02:56:01 2018
elapsed time: 141 seconds (0d 0h 2m 21s)

