#
# A fatal error has been detected by the Java Runtime Environment:
#
#  EXCEPTION_ACCESS_VIOLATION (0xc0000005) at pc=0x722c7739, pid=1984, tid=0x000002f4
#
# JRE version: Java(TM) SE Runtime Environment (8.0_171-b11) (build 1.8.0_171-b11)
# Java VM: Java HotSpot(TM) Client VM (25.171-b11 mixed mode, sharing windows-x86 )
# Problematic frame:
# V  [jvm.dll+0xd7739]
#
# Failed to write core dump. Minidumps are not enabled by default on client versions of Windows
#
# If you would like to submit a bug report, please visit:
#   http://bugreport.java.com/bugreport/crash.jsp
#

---------------  T H R E A D  ---------------

Current thread (0x16f53c00):  JavaThread "Thread-1553" [_thread_in_vm, id=756, stack(0x205c0000,0x20610000)]

siginfo: ExceptionCode=0xc0000005, reading address 0x00000000

Registers:
EAX=0x00000000, EBX=0x0276bc01, ECX=0x00000000, EDX=0x00000000
ESP=0x2060f23c, EBP=0x2060f248, ESI=0x0276bce0, EDI=0x16f53c00
EIP=0x722c7739, EFLAGS=0x00010202

Top of Stack: (sp=0x2060f23c)
0x2060f23c:   2060f2f0 00000000 0276bce0 2060f4e8
0x2060f24c:   1aea4228 16f53d40 0276bce0 00000000
0x2060f25c:   00000000 7235b3ad 16f53c00 00000020
0x2060f26c:   1aea41b7 157de448 16f53c00 025dc410
0x2060f27c:   00000000 04d31690 00000000 00000020
0x2060f28c:   1aea41a3 2060f2c4 721f7333 16f53c00
0x2060f29c:   d0224770 00000004 16f53c00 00000000
0x2060f2ac:   2060f29c 16f53c00 2060fa5c 724b0faa 

Instructions: (pc=0x722c7739)
0x722c7719:   1a 0a 00 33 ff eb 02 8b f9 6a 06 57 e8 b6 fc f2
0x722c7729:   ff 8b 75 0c 83 c4 08 b3 01 85 f6 74 39 8b 45 10
0x722c7739:   8b 00 50 32 db e8 1d b0 f6 ff 83 c4 04 85 c0 74
0x722c7749:   25 8b 0e 8b 49 04 8b 50 08 39 04 0a 75 04 b0 01 


Register to memory mapping:

EAX=0x00000000 is an unknown value
EBX=0x0276bc01 is an unknown value
ECX=0x00000000 is an unknown value
EDX=0x00000000 is an unknown value
ESP=0x2060f23c is pointing into the stack for thread: 0x16f53c00
EBP=0x2060f248 is pointing into the stack for thread: 0x16f53c00
ESI=0x0276bce0 is an unknown value
EDI=0x16f53c00 is a thread


Stack: [0x205c0000,0x20610000],  sp=0x2060f23c,  free space=316k
Native frames: (J=compiled Java code, j=interpreted, Vv=VM code, C=native code)
V  [jvm.dll+0xd7739]
C  [jna3074458948684451764.dll+0x4228]
C  [jna3074458948684451764.dll+0x4d0e]
J 526  com.sun.jna.Native.invokeInt(JI[Ljava/lang/Object;)I (0 bytes) @ 0x02933146 [0x029330a0+0xa6]
J 586 C1 com.sun.jna.Function.invoke([Ljava/lang/Object;Ljava/lang/Class;Z)Ljava/lang/Object; (1154 bytes) @ 0x029495c4 [0x029479f0+0x1bd4]
J 394 C1 com.sun.jna.Function.invoke(Ljava/lang/Class;[Ljava/lang/Object;Ljava/util/Map;)Ljava/lang/Object; (526 bytes) @ 0x028fb618 [0x028fb190+0x488]
J 567 C1 com.sun.jna.Library$Handler.invoke(Ljava/lang/Object;Ljava/lang/reflect/Method;[Ljava/lang/Object;)Ljava/lang/Object; (345 bytes) @ 0x0294140c [0x02940bd0+0x83c]
j  Luxand.$Proxy0.FSDK_GetTrackerFacePosition(IJJLLuxand/FSDK$TFacePosition$ByReference;)I+39
j  Luxand.FSDK.GetTrackerFacePosition(LLuxand/FSDK$HTracker;JJLLuxand/FSDK$TFacePosition$ByReference;)I+11
j  liverecognition.AppFace$12.run()V+181
v  ~StubRoutines::call_stub
V  [jvm.dll+0x15b985]
V  [jvm.dll+0x22262e]
V  [jvm.dll+0x15ba1e]
V  [jvm.dll+0x15bba6]
V  [jvm.dll+0x15bc17]
V  [jvm.dll+0xffb3f]
V  [jvm.dll+0x17eb50]
V  [jvm.dll+0x17f3ca]
V  [jvm.dll+0x1c3fe6]
C  [msvcr100.dll+0x5c556]
C  [msvcr100.dll+0x5c600]
C  [KERNEL32.DLL+0x18484]
C  [ntdll.dll+0x62fea]
C  [ntdll.dll+0x62fba]
C  0x00000000

Java frames: (J=compiled Java code, j=interpreted, Vv=VM code)
J 526  com.sun.jna.Native.invokeInt(JI[Ljava/lang/Object;)I (0 bytes) @ 0x02933102 [0x029330a0+0x62]
J 586 C1 com.sun.jna.Function.invoke([Ljava/lang/Object;Ljava/lang/Class;Z)Ljava/lang/Object; (1154 bytes) @ 0x029495c4 [0x029479f0+0x1bd4]
J 394 C1 com.sun.jna.Function.invoke(Ljava/lang/Class;[Ljava/lang/Object;Ljava/util/Map;)Ljava/lang/Object; (526 bytes) @ 0x028fb618 [0x028fb190+0x488]
J 567 C1 com.sun.jna.Library$Handler.invoke(Ljava/lang/Object;Ljava/lang/reflect/Method;[Ljava/lang/Object;)Ljava/lang/Object; (345 bytes) @ 0x0294140c [0x02940bd0+0x83c]
j  Luxand.$Proxy0.FSDK_GetTrackerFacePosition(IJJLLuxand/FSDK$TFacePosition$ByReference;)I+39
j  Luxand.FSDK.GetTrackerFacePosition(LLuxand/FSDK$HTracker;JJLLuxand/FSDK$TFacePosition$ByReference;)I+11
j  liverecognition.AppFace$12.run()V+181
v  ~StubRoutines::call_stub

---------------  P R O C E S S  ---------------

Java Threads: ( => current thread )
  0x16f50800 JavaThread "Thread-1557" [_thread_in_native, id=444, stack(0x16450000,0x164a0000)]
  0x16f52800 JavaThread "Thread-1556" [_thread_in_vm, id=8868, stack(0x20b10000,0x20b60000)]
=>0x16f53c00 JavaThread "Thread-1553" [_thread_in_vm, id=756, stack(0x205c0000,0x20610000)]
  0x16f54000 JavaThread "TimerQueue" daemon [_thread_blocked, id=3468, stack(0x207b0000,0x20800000)]
  0x16f53400 JavaThread "Thread-621" [_thread_blocked, id=12160, stack(0x20490000,0x204e0000)]
  0x16f49800 JavaThread "WebSocketTimer" [_thread_blocked, id=2172, stack(0x20400000,0x20450000)]
  0x16f28400 JavaThread "WebSocketWriteThread-19" [_thread_blocked, id=2376, stack(0x1fa70000,0x1fac0000)]
  0x16f29c00 JavaThread "WebSocketConnectReadThread-18" [_thread_in_native, id=6716, stack(0x1f7a0000,0x1f7f0000)]
  0x16f29400 JavaThread "Thread-3" [_thread_in_native, id=7008, stack(0x1f710000,0x1f760000)]
  0x025dd400 JavaThread "DestroyJavaVM" [_thread_blocked, id=9876, stack(0x02620000,0x02670000)]
  0x15ff2000 JavaThread "AWT-EventQueue-0" [_thread_blocked, id=660, stack(0x16da0000,0x16df0000)]
  0x15fe0800 JavaThread "AWT-Shutdown" [_thread_blocked, id=10900, stack(0x163a0000,0x163f0000)]
  0x15fe0000 JavaThread "Java2D Disposer" daemon [_thread_blocked, id=7328, stack(0x16310000,0x16360000)]
  0x0277a800 JavaThread "Service Thread" daemon [_thread_blocked, id=13064, stack(0x15df0000,0x15e40000)]
  0x02753800 JavaThread "C1 CompilerThread0" daemon [_thread_blocked, id=10896, stack(0x15d60000,0x15db0000)]
  0x02752c00 JavaThread "Attach Listener" daemon [_thread_blocked, id=6216, stack(0x15cd0000,0x15d20000)]
  0x02751000 JavaThread "Signal Dispatcher" daemon [_thread_blocked, id=1664, stack(0x155a0000,0x155f0000)]
  0x02745c00 JavaThread "Finalizer" daemon [_thread_blocked, id=1576, stack(0x15500000,0x15550000)]
  0x026e7c00 JavaThread "Reference Handler" daemon [_thread_blocked, id=8368, stack(0x15470000,0x154c0000)]

Other Threads:
  0x026e4800 VMThread [stack: 0x04970000,0x049c0000] [id=5252]
  0x02780800 WatcherThread [stack: 0x15e80000,0x15ed0000] [id=3284]

VM state:not at safepoint (normal execution)

VM Mutex/Monitor currently owned by a thread: None

Heap:
 def new generation   total 7040K, used 3154K [0x04a00000, 0x051a0000, 0x09f50000)
  eden space 6272K,  40% used [0x04a00000, 0x04c7bb40, 0x05020000)
  from space 768K,  79% used [0x05020000, 0x050b8d38, 0x050e0000)
  to   space 768K,   0% used [0x050e0000, 0x050e0000, 0x051a0000)
 tenured generation   total 15456K, used 10354K [0x09f50000, 0x0ae68000, 0x14a00000)
   the space 15456K,  66% used [0x09f50000, 0x0a96c800, 0x0a96c800, 0x0ae68000)
 Metaspace       used 4473K, capacity 4678K, committed 4736K, reserved 5504K

Card table byte_map: [0x04840000,0x048d0000] byte_map_base: 0x0481b000

Polling page: 0x025c0000

CodeCache: size=32768Kb used=2273Kb max_used=2437Kb free=30494Kb
 bounds [0x027c0000, 0x02a30000, 0x047c0000]
 total_blobs=1155 nmethods=894 adapters=191
 compilation: enabled

Compilation events (10 events):
Event: 71.463 Thread 0x02753800 1434             com.sun.jna.Memory::setInt (15 bytes)
Event: 71.463 Thread 0x02753800 nmethod 1434 0x02982208 code [0x02982310, 0x02982408]
Event: 71.463 Thread 0x02753800 1435             com.sun.jna.Structure::ensureAllocated (32 bytes)
Event: 71.464 Thread 0x02753800 nmethod 1435 0x0296ab08 code [0x0296ac20, 0x0296ad14]
Event: 71.476 Thread 0x02753800 1436             java.util.ArrayList$Itr::<init> (26 bytes)
Event: 71.476 Thread 0x02753800 nmethod 1436 0x0296a908 code [0x0296aa00, 0x0296aaa0]
Event: 71.704 Thread 0x02753800 1437             java.util.LinkedList::unlinkFirst (64 bytes)
Event: 71.704 Thread 0x02753800 nmethod 1437 0x0296a688 code [0x0296a780, 0x0296a880]
Event: 71.860 Thread 0x02753800 1438             java.lang.ReflectiveOperationException::<init> (6 bytes)
Event: 71.860 Thread 0x02753800 nmethod 1438 0x0296a488 code [0x0296a580, 0x0296a60c]

GC Heap History (10 events):
Event: 71.358 GC heap before
{Heap before GC invocations=458 (full 11):
 def new generation   total 7040K, used 6860K [0x04a00000, 0x051a0000, 0x09f50000)
  eden space 6272K, 100% used [0x04a00000, 0x05020000, 0x05020000)
  from space 768K,  76% used [0x050e0000, 0x05173200, 0x051a0000)
  to   space 768K,   0% used [0x05020000, 0x05020000, 0x050e0000)
 tenured generation   total 15456K, used 9687K [0x09f50000, 0x0ae68000, 0x14a00000)
   the space 15456K,  62% used [0x09f50000, 0x0a8c5df8, 0x0a8c5e00, 0x0ae68000)
 Metaspace       used 4449K, capacity 4646K, committed 4736K, reserved 5504K
Event: 71.359 GC heap after
Heap after GC invocations=459 (full 11):
 def new generation   total 7040K, used 702K [0x04a00000, 0x051a0000, 0x09f50000)
  eden space 6272K,   0% used [0x04a00000, 0x04a00000, 0x05020000)
  from space 768K,  91% used [0x05020000, 0x050cf888, 0x050e0000)
  to   space 768K,   0% used [0x050e0000, 0x050e0000, 0x051a0000)
 tenured generation   total 15456K, used 9707K [0x09f50000, 0x0ae68000, 0x14a00000)
   the space 15456K,  62% used [0x09f50000, 0x0a8cad90, 0x0a8cae00, 0x0ae68000)
 Metaspace       used 4449K, capacity 4646K, committed 4736K, reserved 5504K
}
Event: 71.474 GC heap before
{Heap before GC invocations=459 (full 11):
 def new generation   total 7040K, used 6974K [0x04a00000, 0x051a0000, 0x09f50000)
  eden space 6272K, 100% used [0x04a00000, 0x05020000, 0x05020000)
  from space 768K,  91% used [0x05020000, 0x050cf888, 0x050e0000)
  to   space 768K,   0% used [0x050e0000, 0x050e0000, 0x051a0000)
 tenured generation   total 15456K, used 9707K [0x09f50000, 0x0ae68000, 0x14a00000)
   the space 15456K,  62% used [0x09f50000, 0x0a8cad90, 0x0a8cae00, 0x0ae68000)
 Metaspace       used 4449K, capacity 4646K, committed 4736K, reserved 5504K
Event: 71.475 GC heap after
Heap after GC invocations=460 (full 11):
 def new generation   total 7040K, used 390K [0x04a00000, 0x051a0000, 0x09f50000)
  eden space 6272K,   0% used [0x04a00000, 0x04a00000, 0x05020000)
  from space 768K,  50% used [0x050e0000, 0x05141a00, 0x051a0000)
  to   space 768K,   0% used [0x05020000, 0x05020000, 0x050e0000)
 tenured generation   total 15456K, used 9724K [0x09f50000, 0x0ae68000, 0x14a00000)
   the space 15456K,  62% used [0x09f50000, 0x0a8cf3f0, 0x0a8cf400, 0x0ae68000)
 Metaspace       used 4449K, capacity 4646K, committed 4736K, reserved 5504K
}
Event: 71.619 GC heap before
{Heap before GC invocations=460 (full 11):
 def new generation   total 7040K, used 6662K [0x04a00000, 0x051a0000, 0x09f50000)
  eden space 6272K, 100% used [0x04a00000, 0x05020000, 0x05020000)
  from space 768K,  50% used [0x050e0000, 0x05141a00, 0x051a0000)
  to   space 768K,   0% used [0x05020000, 0x05020000, 0x050e0000)
 tenured generation   total 15456K, used 9724K [0x09f50000, 0x0ae68000, 0x14a00000)
   the space 15456K,  62% used [0x09f50000, 0x0a8cf3f0, 0x0a8cf400, 0x0ae68000)
 Metaspace       used 4449K, capacity 4646K, committed 4736K, reserved 5504K
Event: 71.620 GC heap after
Heap after GC invocations=461 (full 11):
 def new generation   total 7040K, used 559K [0x04a00000, 0x051a0000, 0x09f50000)
  eden space 6272K,   0% used [0x04a00000, 0x04a00000, 0x05020000)
  from space 768K,  72% used [0x05020000, 0x050abee0, 0x050e0000)
  to   space 768K,   0% used [0x050e0000, 0x050e0000, 0x051a0000)
 tenured generation   total 15456K, used 9743K [0x09f50000, 0x0ae68000, 0x14a00000)
   the space 15456K,  63% used [0x09f50000, 0x0a8d3df0, 0x0a8d3e00, 0x0ae68000)
 Metaspace       used 4449K, capacity 4646K, committed 4736K, reserved 5504K
}
Event: 71.808 GC heap before
{Heap before GC invocations=461 (full 11):
 def new generation   total 7040K, used 6573K [0x04a00000, 0x051a0000, 0x09f50000)
  eden space 6272K,  95% used [0x04a00000, 0x04fdf8e0, 0x05020000)
  from space 768K,  72% used [0x05020000, 0x050abee0, 0x050e0000)
  to   space 768K,   0% used [0x050e0000, 0x050e0000, 0x051a0000)
 tenured generation   total 15456K, used 9743K [0x09f50000, 0x0ae68000, 0x14a00000)
   the space 15456K,  63% used [0x09f50000, 0x0a8d3df0, 0x0a8d3e00, 0x0ae68000)
 Metaspace       used 4449K, capacity 4646K, committed 4736K, reserved 5504K
Event: 71.809 GC heap after
Heap after GC invocations=462 (full 11):
 def new generation   total 7040K, used 378K [0x04a00000, 0x051a0000, 0x09f50000)
  eden space 6272K,   0% used [0x04a00000, 0x04a00000, 0x05020000)
  from space 768K,  49% used [0x050e0000, 0x0513ea18, 0x051a0000)
  to   space 768K,   0% used [0x05020000, 0x05020000, 0x050e0000)
 tenured generation   total 15456K, used 9753K [0x09f50000, 0x0ae68000, 0x14a00000)
   the space 15456K,  63% used [0x09f50000, 0x0a8d67e0, 0x0a8d6800, 0x0ae68000)
 Metaspace       used 4449K, capacity 4646K, committed 4736K, reserved 5504K
}
Event: 71.999 GC heap before
{Heap before GC invocations=462 (full 11):
 def new generation   total 7040K, used 6651K [0x04a00000, 0x051a0000, 0x09f50000)
  eden space 6272K, 100% used [0x04a00000, 0x05020000, 0x05020000)
  from space 768K,  49% used [0x050e0000, 0x0513ede8, 0x051a0000)
  to   space 768K,   0% used [0x05020000, 0x05020000, 0x050e0000)
 tenured generation   total 15456K, used 9753K [0x09f50000, 0x0ae68000, 0x14a00000)
   the space 15456K,  63% used [0x09f50000, 0x0a8d67e0, 0x0a8d6800, 0x0ae68000)
 Metaspace       used 4473K, capacity 4678K, committed 4736K, reserved 5504K
Event: 72.001 GC heap after
Heap after GC invocations=463 (full 11):
 def new generation   total 7040K, used 611K [0x04a00000, 0x051a0000, 0x09f50000)
  eden space 6272K,   0% used [0x04a00000, 0x04a00000, 0x05020000)
  from space 768K,  79% used [0x05020000, 0x050b8d38, 0x050e0000)
  to   space 768K,   0% used [0x050e0000, 0x050e0000, 0x051a0000)
 tenured generation   total 15456K, used 10354K [0x09f50000, 0x0ae68000, 0x14a00000)
   the space 15456K,  66% used [0x09f50000, 0x0a96c800, 0x0a96c800, 0x0ae68000)
 Metaspace       used 4473K, capacity 4678K, committed 4736K, reserved 5504K
}

Deoptimization events (0 events):
No events

Classes redefined (0 events):
No events

Internal exceptions (10 events):
Event: 0.192 Thread 0x025dd400 Exception <a 'java/lang/ClassNotFoundException': Tree> (0x04d13eb8) thrown at [C:\re\workspace\8-2-build-windows-i586-cygwin\jdk8u171\10807\hotspot\src\share\vm\classfile\systemDictionary.cpp, line 210]
Event: 0.192 Thread 0x025dd400 Exception <a 'java/lang/ClassNotFoundException': javax/swing/JTreeCell> (0x04d141f0) thrown at [C:\re\workspace\8-2-build-windows-i586-cygwin\jdk8u171\10807\hotspot\src\share\vm\classfile\systemDictionary.cpp, line 210]
Event: 0.193 Thread 0x025dd400 Exception <a 'java/lang/ClassNotFoundException': TreeCell> (0x04d14638) thrown at [C:\re\workspace\8-2-build-windows-i586-cygwin\jdk8u171\10807\hotspot\src\share\vm\classfile\systemDictionary.cpp, line 210]
Event: 0.193 Thread 0x025dd400 Exception <a 'java/lang/ClassNotFoundException': RootPane> (0x04d14fb0) thrown at [C:\re\workspace\8-2-build-windows-i586-cygwin\jdk8u171\10807\hotspot\src\share\vm\classfile\systemDictionary.cpp, line 210]
Event: 28.802 Thread 0x16f53400 Exception <a 'java/io/FileNotFoundException'> (0x04d44380) thrown at [C:\re\workspace\8-2-build-windows-i586-cygwin\jdk8u171\10807\hotspot\src\share\vm\prims\jni.cpp, line 709]
Event: 28.811 Thread 0x16f53400 Exception <a 'java/io/FileNotFoundException'> (0x04de92c8) thrown at [C:\re\workspace\8-2-build-windows-i586-cygwin\jdk8u171\10807\hotspot\src\share\vm\prims\jni.cpp, line 709]
Event: 40.345 Thread 0x16f53400 Exception <a 'java/io/FileNotFoundException'> (0x04d84bb0) thrown at [C:\re\workspace\8-2-build-windows-i586-cygwin\jdk8u171\10807\hotspot\src\share\vm\prims\jni.cpp, line 709]
Event: 40.345 Thread 0x16f53400 Exception <a 'java/io/FileNotFoundException'> (0x04d85638) thrown at [C:\re\workspace\8-2-build-windows-i586-cygwin\jdk8u171\10807\hotspot\src\share\vm\prims\jni.cpp, line 709]
Event: 40.352 Thread 0x16f53400 Exception <a 'java/io/FileNotFoundException'> (0x04db23f0) thrown at [C:\re\workspace\8-2-build-windows-i586-cygwin\jdk8u171\10807\hotspot\src\share\vm\prims\jni.cpp, line 709]
Event: 40.352 Thread 0x16f53400 Exception <a 'java/io/FileNotFoundException'> (0x04db2e48) thrown at [C:\re\workspace\8-2-build-windows-i586-cygwin\jdk8u171\10807\hotspot\src\share\vm\prims\jni.cpp, line 709]

Events (10 events):
Event: 71.997 Executing VM operation: GenCollectForAllocation
Event: 71.998 Executing VM operation: GenCollectForAllocation done
Event: 71.999 Executing VM operation: GenCollectFull
Event: 72.001 Executing VM operation: GenCollectFull done
Event: 72.001 Executing VM operation: RevokeBias
Event: 72.001 Executing VM operation: RevokeBias done
Event: 72.001 Executing VM operation: RevokeBias
Event: 72.001 Executing VM operation: RevokeBias done
Event: 72.001 Executing VM operation: RevokeBias
Event: 72.001 Executing VM operation: RevokeBias done


Dynamic libraries:
0x000f0000 - 0x00123000 	C:\Program Files (x86)\Java\jdk1.8.0_171\jre\bin\java.exe
0x76f80000 - 0x77110000 	C:\WINDOWS\SYSTEM32\ntdll.dll
0x73860000 - 0x73940000 	C:\WINDOWS\System32\KERNEL32.DLL
0x757e0000 - 0x759c4000 	C:\WINDOWS\System32\KERNELBASE.dll
0x72720000 - 0x727bd000 	C:\WINDOWS\SYSTEM32\apphelp.dll
0x75ac0000 - 0x75b38000 	C:\WINDOWS\System32\ADVAPI32.dll
0x73d70000 - 0x73e2f000 	C:\WINDOWS\System32\msvcrt.dll
0x76450000 - 0x76494000 	C:\WINDOWS\System32\sechost.dll
0x75da0000 - 0x75e60000 	C:\WINDOWS\System32\RPCRT4.dll
0x73840000 - 0x73860000 	C:\WINDOWS\System32\SspiCli.dll
0x73830000 - 0x7383a000 	C:\WINDOWS\System32\CRYPTBASE.dll
0x764a0000 - 0x764f8000 	C:\WINDOWS\System32\bcryptPrimitives.dll
0x75ed0000 - 0x7605d000 	C:\WINDOWS\System32\USER32.dll
0x73c70000 - 0x73c87000 	C:\WINDOWS\System32\win32u.dll
0x76590000 - 0x765b2000 	C:\WINDOWS\System32\GDI32.dll
0x739b0000 - 0x73b14000 	C:\WINDOWS\System32\gdi32full.dll
0x76c70000 - 0x76ced000 	C:\WINDOWS\System32\msvcp_win.dll
0x76060000 - 0x7617e000 	C:\WINDOWS\System32\ucrtbase.dll
0x72d80000 - 0x72f84000 	C:\WINDOWS\WinSxS\x86_microsoft.windows.common-controls_6595b64144ccf1df_6.0.17134.112_none_42ecccf244e44518\COMCTL32.dll
0x75b40000 - 0x75d9c000 	C:\WINDOWS\System32\combase.dll
0x757b0000 - 0x757d6000 	C:\WINDOWS\System32\IMM32.DLL
0x725d0000 - 0x7268f000 	C:\Program Files (x86)\Java\jdk1.8.0_171\jre\bin\msvcr100.dll
0x721f0000 - 0x725c1000 	C:\Program Files (x86)\Java\jdk1.8.0_171\jre\bin\client\jvm.dll
0x759e0000 - 0x759e6000 	C:\WINDOWS\System32\PSAPI.DLL
0x733c0000 - 0x733c8000 	C:\WINDOWS\SYSTEM32\VERSION.dll
0x721c0000 - 0x721e4000 	C:\WINDOWS\SYSTEM32\WINMM.dll
0x73740000 - 0x73748000 	C:\WINDOWS\SYSTEM32\WSOCK32.dll
0x75e60000 - 0x75ec7000 	C:\WINDOWS\System32\WS2_32.dll
0x72190000 - 0x721b3000 	C:\WINDOWS\SYSTEM32\WINMMBASE.dll
0x76b90000 - 0x76bc9000 	C:\WINDOWS\System32\cfgmgr32.dll
0x72180000 - 0x7218c000 	C:\Program Files (x86)\Java\jdk1.8.0_171\jre\bin\verify.dll
0x72150000 - 0x72172000 	C:\Program Files (x86)\Java\jdk1.8.0_171\jre\bin\java.dll
0x72130000 - 0x72144000 	C:\Program Files (x86)\Java\jdk1.8.0_171\jre\bin\zip.dll
0x74450000 - 0x7579a000 	C:\WINDOWS\System32\SHELL32.dll
0x73e90000 - 0x73f18000 	C:\WINDOWS\System32\shcore.dll
0x765c0000 - 0x76b7a000 	C:\WINDOWS\System32\windows.storage.dll
0x73f20000 - 0x73f65000 	C:\WINDOWS\System32\shlwapi.dll
0x76b80000 - 0x76b8f000 	C:\WINDOWS\System32\kernel.appcore.dll
0x743a0000 - 0x743b8000 	C:\WINDOWS\System32\profapi.dll
0x73e30000 - 0x73e75000 	C:\WINDOWS\System32\powrprof.dll
0x73e80000 - 0x73e88000 	C:\WINDOWS\System32\FLTLIB.DLL
0x71f70000 - 0x720b5000 	C:\Program Files (x86)\Java\jdk1.8.0_171\jre\bin\awt.dll
0x76bd0000 - 0x76c66000 	C:\WINDOWS\System32\OLEAUT32.dll
0x72cf0000 - 0x72d6c000 	C:\WINDOWS\system32\uxtheme.dll
0x73b20000 - 0x73c64000 	C:\WINDOWS\System32\MSCTF.dll
0x71ea0000 - 0x71ec3000 	C:\WINDOWS\system32\dwmapi.dll
0x76350000 - 0x7644c000 	C:\WINDOWS\System32\ole32.dll
0x71c80000 - 0x71cb9000 	C:\Program Files (x86)\Java\jdk1.8.0_171\jre\bin\fontmanager.dll
0x71d90000 - 0x71e69000 	C:\WINDOWS\system32\opengl32.dll
0x71d50000 - 0x71d8f000 	C:\WINDOWS\SYSTEM32\GLU32.dll
0x72110000 - 0x72125000 	C:\Program Files (x86)\Java\jdk1.8.0_171\jre\bin\net.dll
0x736d0000 - 0x73726000 	C:\WINDOWS\system32\mswsock.dll
0x72100000 - 0x7210f000 	C:\Program Files (x86)\Java\jdk1.8.0_171\jre\bin\nio.dll
0x71660000 - 0x71692000 	C:\Program Files (x86)\Java\jdk1.8.0_171\jre\bin\t2k.dll
0x17280000 - 0x1aa42000 	D:\development\App Java\face\facewithRaspberry\appDesktop\facesdk.dll
0x73610000 - 0x73640000 	C:\WINDOWS\SYSTEM32\IPHLPAPI.DLL
0x71f00000 - 0x71f13000 	C:\WINDOWS\SYSTEM32\CRYPTSP.dll
0x71ed0000 - 0x71eff000 	C:\WINDOWS\system32\rsaenh.dll
0x73590000 - 0x735a9000 	C:\WINDOWS\SYSTEM32\bcrypt.dll
0x73390000 - 0x733b1000 	C:\WINDOWS\SYSTEM32\USERENV.dll
0x73940000 - 0x73947000 	C:\WINDOWS\System32\NSI.dll
0x720e0000 - 0x720f3000 	C:\WINDOWS\SYSTEM32\dhcpcsvc6.DLL
0x720c0000 - 0x720d4000 	C:\WINDOWS\SYSTEM32\dhcpcsvc.DLL
0x1aea0000 - 0x1aef5000 	C:\Users\Alex\AppData\Local\Temp\jna3074458948684451764.dll
0x73200000 - 0x73382000 	C:\WINDOWS\SYSTEM32\dbghelp.dll
0x71a70000 - 0x71aee000 	C:\WINDOWS\System32\TextInputFramework.dll
0x71810000 - 0x71a6d000 	C:\WINDOWS\System32\CoreUIComponents.dll
0x71780000 - 0x7180b000 	C:\WINDOWS\System32\CoreMessaging.dll
0x72980000 - 0x729a9000 	C:\WINDOWS\SYSTEM32\ntmarta.dll
0x716a0000 - 0x71776000 	C:\WINDOWS\SYSTEM32\wintypes.dll
0x1b7e0000 - 0x1b7e7000 	C:\Program Files (x86)\Internet Download Manager\idmmkb.dll
0x714b0000 - 0x714d4000 	C:\Program Files (x86)\Java\jdk1.8.0_171\jre\bin\dcpr.dll
0x727e0000 - 0x72806000 	C:\Program Files (x86)\Java\jdk1.8.0_171\jre\bin\jpeg.dll
0x73640000 - 0x736ce000 	C:\WINDOWS\SYSTEM32\DNSAPI.dll
0x73600000 - 0x73608000 	C:\Windows\System32\rasadhlp.dll
0x735b0000 - 0x735ff000 	C:\WINDOWS\System32\fwpuclnt.dll
0x71d30000 - 0x71d41000 	C:\WINDOWS\system32\napinsp.dll
0x71d10000 - 0x71d26000 	C:\WINDOWS\system32\pnrpnsp.dll
0x71cf0000 - 0x71d03000 	C:\WINDOWS\system32\NLAapi.dll
0x71ce0000 - 0x71cec000 	C:\WINDOWS\System32\winrnr.dll
0x71cc0000 - 0x71cd1000 	C:\WINDOWS\System32\wshbth.dll
0x70ec0000 - 0x70ee0000 	C:\Program Files (x86)\Java\jdk1.8.0_171\jre\bin\sunec.dll
0x71f20000 - 0x71f29000 	C:\Program Files (x86)\Java\jdk1.8.0_171\jre\bin\sunmscapi.dll
0x76cf0000 - 0x76e86000 	C:\WINDOWS\System32\CRYPT32.dll
0x759d0000 - 0x759de000 	C:\WINDOWS\System32\MSASN1.dll
0x743c0000 - 0x74443000 	C:\WINDOWS\System32\clbcatq.dll
0x714e0000 - 0x71651000 	C:\WINDOWS\SYSTEM32\WindowsCodecs.dll

VM Arguments:
jvm_args: -Dfile.encoding=UTF-8 
java_command: liverecognition.AppFace
java_class_path (initial): D:\development\App Java\face\facewithRaspberry\appDesktop\FaceSDK.jar;D:\development\App Java\face\facewithRaspberry\appDesktop\jna.jar;D:\development\App Java\face\facewithRaspberry\appDesktop\lib\mail.jar;D:\development\App Java\face\facewithRaspberry\appDesktop\lib\swingx-1.6.1.jar;D:\development\App Java\face\facewithRaspberry\appDesktop\lib\jfoenix-8.0.4.jar;D:\development\App Java\face\facewithRaspberry\appDesktop\lib\twilio-java-sdk-6.3.0.jar;D:\development\App Java\face\facewithRaspberry\appDesktop\lib\Java-WebSocket-1.3.8.jar;D:\development\App Java\face\facewithRaspberry\appDesktop\build\classes
Launcher Type: SUN_STANDARD

Environment Variables:
PATH=C:\Program Files (x86)\Common Files\Oracle\Java\javapath;C:\Python27\;C:\Python27\Scripts;C:\WINDOWS\system32;C:\WINDOWS;C:\WINDOWS\System32\Wbem;C:\WINDOWS\System32\WindowsPowerShell\v1.0\;C:\Program Files\Git\cmd;C:\Program Files\dotnet\;C:\Program Files\Microsoft SQL Server\130\Tools\Binn\;C:\Program Files\Microsoft SQL Server\Client SDK\ODBC\130\Tools\Binn\;C:\Program Files (x86)\Microsoft SQL Server\130\Tools\Binn\;C:\Program Files\Microsoft SQL Server\130\DTS\Binn\;C:\Program Files (x86)\Microsoft SQL Server\Client SDK\ODBC\130\Tools\Binn\;C:\Program Files (x86)\Microsoft SQL Server\140\Tools\Binn\;C:\Program Files (x86)\Microsoft SQL Server\140\DTS\Binn\;C:\Program Files (x86)\Microsoft SQL Server\140\Tools\Binn\ManagementStudio\;C:\xampp\php;C:\ProgramData\ComposerSetup\bin;C:\Program Files\SlikSvn\bin;C:\Program Files\Java\apache-maven-3.5.3\bin;C:\Program Files (x86)\Java\jdk1.8.0_171;C:\Program Files (x86)\Java\jdk1.8.0_171\bin;C:\Program Files (x86)\Java\jdk1.8.0_171\lib;C:\Program Files (x86)\Java\jdk1.8.0_171\jre;C:\Program Files (x86)\Java\jdk1.8.0_171\jre\bin;C:\Program Files (x86)\Java\jdk1.8.0_171\jre\lib;C:\WINDOWS\System32\OpenSSH\;C:\Program Files (x86)\CMake\bin;C:\Program Files\nodejs\;C:\Users\Alex\AppData\Local\Microsoft\WindowsApps;C:\Users\Alex\AppData\Roaming\Composer\vendor\bin;C:\Program Files\Java\apache-maven-3.5.3\bin;;C:\Program Files\Microsoft VS Code\bin;C:\Users\Alex\AppData\Roaming\npm
USERNAME=Alex
OS=Windows_NT
PROCESSOR_IDENTIFIER=Intel64 Family 6 Model 42 Stepping 7, GenuineIntel



---------------  S Y S T E M  ---------------

OS: Windows 10.0 , 64 bit Build 17134 (10.0.17134.1)

CPU:total 4 (initial active 4) (2 cores per cpu, 2 threads per core) family 6 model 42 stepping 7, cmov, cx8, fxsr, mmx, sse, sse2, sse3, ssse3, sse4.1, sse4.2, popcnt, avx, aes, clmul, ht, tsc, tscinvbit

Memory: 4k page, physical 8294284k(2389516k free), swap 12750732k(4578744k free)

vm_info: Java HotSpot(TM) Client VM (25.171-b11) for windows-x86 JRE (1.8.0_171-b11), built on Mar 28 2018 14:51:22 by "java_re" with MS VC++ 10.0 (VS2010)

time: Wed Jun 27 00:29:54 2018
elapsed time: 72 seconds (0d 0h 1m 12s)

