#
# A fatal error has been detected by the Java Runtime Environment:
#
#  EXCEPTION_ACCESS_VIOLATION (0xc0000005) at pc=0x722c7739, pid=6276, tid=0x00002a64
#
# JRE version: Java(TM) SE Runtime Environment (8.0_171-b11) (build 1.8.0_171-b11)
# Java VM: Java HotSpot(TM) Client VM (25.171-b11 mixed mode windows-x86 )
# Problematic frame:
# V  [jvm.dll+0xd7739]
#
# Failed to write core dump. Minidumps are not enabled by default on client versions of Windows
#
# If you would like to submit a bug report, please visit:
#   http://bugreport.java.com/bugreport/crash.jsp
#

---------------  T H R E A D  ---------------

Current thread (0x15df1800):  JavaThread "Thread-6175" [_thread_in_vm, id=10852, stack(0x00fd0000,0x01020000)]

siginfo: ExceptionCode=0xc0000005, reading address 0x00000000

Registers:
EAX=0x00000000, EBX=0x1548e601, ECX=0x00000000, EDX=0x00000000
ESP=0x0101ecfc, EBP=0x0101ed08, ESI=0x1548e6e0, EDI=0x15df1800
EIP=0x722c7739, EFLAGS=0x00010202

Top of Stack: (sp=0x0101ecfc)
0x0101ecfc:   0101edf0 00000000 1548e6e0 0101eff8
0x0101ed0c:   1ab34228 15df1940 1548e6e0 00000000
0x0101ed1c:   0101ed34 722bd468 00000001 00000001
0x0101ed2c:   7226d1d8 0101f118 0101ed48 00000030
0x0101ed3c:   1ab341b7 15df1800 0101f118 0101ed5c
0x0101ed4c:   0101ed5c 0101f118 7233fc89 14edf470
0x0101ed5c:   0101ed74 723401c2 14edf470 00000030
0x0101ed6c:   1ab341a3 14edf470 0101ed8c 72272ea1 

Instructions: (pc=0x722c7739)
0x722c7719:   1a 0a 00 33 ff eb 02 8b f9 6a 06 57 e8 b6 fc f2
0x722c7729:   ff 8b 75 0c 83 c4 08 b3 01 85 f6 74 39 8b 45 10
0x722c7739:   8b 00 50 32 db e8 1d b0 f6 ff 83 c4 04 85 c0 74
0x722c7749:   25 8b 0e 8b 49 04 8b 50 08 39 04 0a 75 04 b0 01 


Register to memory mapping:

EAX=0x00000000 is an unknown value
EBX=0x1548e601 is an unknown value
ECX=0x00000000 is an unknown value
EDX=0x00000000 is an unknown value
ESP=0x0101ecfc is pointing into the stack for thread: 0x15df1800
EBP=0x0101ed08 is pointing into the stack for thread: 0x15df1800
ESI=0x1548e6e0 is an unknown value
EDI=0x15df1800 is a thread


Stack: [0x00fd0000,0x01020000],  sp=0x0101ecfc,  free space=315k
Native frames: (J=compiled Java code, j=interpreted, Vv=VM code, C=native code)
V  [jvm.dll+0xd7739]
C  [jna4786802210953286708.dll+0x4228]
C  [jna4786802210953286708.dll+0x4d0e]
J 637  com.sun.jna.Native.invokeInt(JI[Ljava/lang/Object;)I (0 bytes) @ 0x02e75a86 [0x02e759e0+0xa6]
J 685 C1 com.sun.jna.Function.invoke([Ljava/lang/Object;Ljava/lang/Class;Z)Ljava/lang/Object; (1154 bytes) @ 0x02e89f44 [0x02e88370+0x1bd4]
J 391 C1 com.sun.jna.Function.invoke(Ljava/lang/Class;[Ljava/lang/Object;Ljava/util/Map;)Ljava/lang/Object; (526 bytes) @ 0x02e0a1d8 [0x02e09d50+0x488]
J 636 C1 com.sun.jna.Library$Handler.invoke(Ljava/lang/Object;Ljava/lang/reflect/Method;[Ljava/lang/Object;)Ljava/lang/Object; (345 bytes) @ 0x02e7668c [0x02e75e50+0x83c]
j  Luxand.$Proxy0.FSDK_LoadImageFromBuffer(Lcom/sun/jna/ptr/IntByReference;[BIIII)I+52
J 302 C1 Luxand.FSDK.LoadImageFromAWTImage(LLuxand/FSDK$HImage;Ljava/awt/Image;I)I (456 bytes) @ 0x02deaf0c [0x02dea5c0+0x94c]
j  liverecognition.AppFace$12.run()V+28
v  ~StubRoutines::call_stub
V  [jvm.dll+0x15b985]
V  [jvm.dll+0x22262e]
V  [jvm.dll+0x15ba1e]
V  [jvm.dll+0x15bba6]
V  [jvm.dll+0x15bc17]
V  [jvm.dll+0xffb3f]
V  [jvm.dll+0x17eb50]
V  [jvm.dll+0x17f3ca]
V  [jvm.dll+0x1c3fe6]
C  [msvcr100.dll+0x5c556]
C  [msvcr100.dll+0x5c600]
C  [KERNEL32.DLL+0x18484]
C  [ntdll.dll+0x62fea]
C  [ntdll.dll+0x62fba]
C  0x00000000

Java frames: (J=compiled Java code, j=interpreted, Vv=VM code)
J 637  com.sun.jna.Native.invokeInt(JI[Ljava/lang/Object;)I (0 bytes) @ 0x02e75a42 [0x02e759e0+0x62]
J 685 C1 com.sun.jna.Function.invoke([Ljava/lang/Object;Ljava/lang/Class;Z)Ljava/lang/Object; (1154 bytes) @ 0x02e89f44 [0x02e88370+0x1bd4]
J 391 C1 com.sun.jna.Function.invoke(Ljava/lang/Class;[Ljava/lang/Object;Ljava/util/Map;)Ljava/lang/Object; (526 bytes) @ 0x02e0a1d8 [0x02e09d50+0x488]
J 636 C1 com.sun.jna.Library$Handler.invoke(Ljava/lang/Object;Ljava/lang/reflect/Method;[Ljava/lang/Object;)Ljava/lang/Object; (345 bytes) @ 0x02e7668c [0x02e75e50+0x83c]
j  Luxand.$Proxy0.FSDK_LoadImageFromBuffer(Lcom/sun/jna/ptr/IntByReference;[BIIII)I+52
J 302 C1 Luxand.FSDK.LoadImageFromAWTImage(LLuxand/FSDK$HImage;Ljava/awt/Image;I)I (456 bytes) @ 0x02deaf0c [0x02dea5c0+0x94c]
j  liverecognition.AppFace$12.run()V+28
v  ~StubRoutines::call_stub

---------------  P R O C E S S  ---------------

Java Threads: ( => current thread )
  0x15df1c00 JavaThread "Thread-6176" [_thread_new, id=12160, stack(0x00000000,0x00000000)]
=>0x15df1800 JavaThread "Thread-6175" [_thread_in_vm, id=10852, stack(0x00fd0000,0x01020000)]
  0x15deec00 JavaThread "TimerQueue" daemon [_thread_blocked, id=200, stack(0x20480000,0x204d0000)]
  0x15da6800 JavaThread "WebSocketTimer" [_thread_blocked, id=10428, stack(0x20090000,0x200e0000)]
  0x15dc7000 JavaThread "WebSocketWriteThread-19" [_thread_blocked, id=1000, stack(0x1f700000,0x1f750000)]
  0x15da3c00 JavaThread "WebSocketConnectReadThread-18" [_thread_in_native, id=10728, stack(0x1f430000,0x1f480000)]
  0x15db4400 JavaThread "Thread-3" [_thread_in_native, id=3356, stack(0x1f3a0000,0x1f3f0000)]
  0x02ccd400 JavaThread "DestroyJavaVM" [_thread_blocked, id=13300, stack(0x02b00000,0x02b50000)]
  0x15bda800 JavaThread "AWT-EventQueue-0" [_thread_blocked, id=1936, stack(0x16c40000,0x16c90000)]
  0x154a2000 JavaThread "AWT-Shutdown" [_thread_blocked, id=12120, stack(0x16040000,0x16090000)]
  0x15b91c00 JavaThread "Java2D Disposer" daemon [_thread_blocked, id=12380, stack(0x15fb0000,0x16000000)]
  0x152f2000 JavaThread "Service Thread" daemon [_thread_blocked, id=4116, stack(0x15980000,0x159d0000)]
  0x152fdc00 JavaThread "C1 CompilerThread0" daemon [_thread_blocked, id=2412, stack(0x158f0000,0x15940000)]
  0x152fd000 JavaThread "Attach Listener" daemon [_thread_blocked, id=12612, stack(0x15860000,0x158b0000)]
  0x152f9000 JavaThread "Signal Dispatcher" daemon [_thread_blocked, id=12520, stack(0x157d0000,0x15820000)]
  0x152dac00 JavaThread "Finalizer" daemon [_thread_blocked, id=2452, stack(0x15620000,0x15670000)]
  0x152c6000 JavaThread "Reference Handler" daemon [_thread_blocked, id=8652, stack(0x15590000,0x155e0000)]

Other Threads:
  0x152c0400 VMThread [stack: 0x15500000,0x15550000] [id=8256]
  0x152f5400 WatcherThread [stack: 0x15a10000,0x15a60000] [id=9028]

VM state:not at safepoint (normal execution)

VM Mutex/Monitor currently owned by a thread: None

Heap:
 def new generation   total 7552K, used 5566K [0x04e00000, 0x05630000, 0x0a350000)
  eden space 6720K,  73% used [0x04e00000, 0x052dab28, 0x05490000)
  from space 832K,  71% used [0x05560000, 0x055f4f30, 0x05630000)
  to   space 832K,   0% used [0x05490000, 0x05490000, 0x05560000)
 tenured generation   total 16640K, used 15950K [0x0a350000, 0x0b390000, 0x14e00000)
   the space 16640K,  95% used [0x0a350000, 0x0b2e3bd8, 0x0b2e3c00, 0x0b390000)
 Metaspace       used 12182K, capacity 12390K, committed 12544K, reserved 12672K

Card table byte_map: [0x04d50000,0x04de0000] byte_map_base: 0x04d29000

Polling page: 0x01330000

CodeCache: size=32768Kb used=1932Kb max_used=2464Kb free=30835Kb
 bounds [0x02cd0000, 0x02f58000, 0x04cd0000]
 total_blobs=901 nmethods=642 adapters=189
 compilation: enabled

Compilation events (10 events):
Event: 260.517 Thread 0x152fdc00 1870             sun.awt.image.IntegerInterleavedRaster::<init> (195 bytes)
Event: 260.517 Thread 0x152fdc00 nmethod 1870 0x02d7fd88 code [0x02d7fee0, 0x02d80290]
Event: 260.593 Thread 0x152fdc00 1871             sun.font.CMap$CMapFormat4::getGlyph (186 bytes)
Event: 260.594 Thread 0x152fdc00 nmethod 1871 0x02e4b9c8 code [0x02e4bb00, 0x02e4bd8c]
Event: 261.807 Thread 0x152fdc00 1872             javax.imageio.plugins.jpeg.JPEGHuffmanTable::validate (48 bytes)
Event: 261.807 Thread 0x152fdc00 nmethod 1872 0x02d7fa48 code [0x02d7fb50, 0x02d7fc7c]
Event: 262.007 Thread 0x152fdc00 1873             java.lang.Integer::intValue (5 bytes)
Event: 262.007 Thread 0x152fdc00 nmethod 1873 0x02d78ec8 code [0x02d78fc0, 0x02d79040]
Event: 262.363 Thread 0x152fdc00 1874             java.lang.String::equals (81 bytes)
Event: 262.363 Thread 0x152fdc00 nmethod 1874 0x02e4a648 code [0x02e4a750, 0x02e4a8d0]

GC Heap History (10 events):
Event: 261.503 GC heap before
{Heap before GC invocations=1246 (full 12):
 def new generation   total 7552K, used 6942K [0x04e00000, 0x05630000, 0x0a350000)
  eden space 6720K,  97% used [0x04e00000, 0x054680e0, 0x05490000)
  from space 832K,  45% used [0x05490000, 0x054ef908, 0x05560000)
  to   space 832K,   0% used [0x05560000, 0x05560000, 0x05630000)
 tenured generation   total 16640K, used 15640K [0x0a350000, 0x0b390000, 0x14e00000)
   the space 16640K,  93% used [0x0a350000, 0x0b2961c8, 0x0b296200, 0x0b390000)
 Metaspace       used 12158K, capacity 12358K, committed 12544K, reserved 12672K
Event: 261.504 GC heap after
Heap after GC invocations=1247 (full 12):
 def new generation   total 7552K, used 64K [0x04e00000, 0x05630000, 0x0a350000)
  eden space 6720K,   0% used [0x04e00000, 0x04e00000, 0x05490000)
  from space 832K,   7% used [0x05560000, 0x05570108, 0x05630000)
  to   space 832K,   0% used [0x05490000, 0x05490000, 0x05560000)
 tenured generation   total 16640K, used 15640K [0x0a350000, 0x0b390000, 0x14e00000)
   the space 16640K,  93% used [0x0a350000, 0x0b2961c8, 0x0b296200, 0x0b390000)
 Metaspace       used 12158K, capacity 12358K, committed 12544K, reserved 12672K
}
Event: 261.643 GC heap before
{Heap before GC invocations=1247 (full 12):
 def new generation   total 7552K, used 6781K [0x04e00000, 0x05630000, 0x0a350000)
  eden space 6720K,  99% used [0x04e00000, 0x0548f2f8, 0x05490000)
  from space 832K,   7% used [0x05560000, 0x05570108, 0x05630000)
  to   space 832K,   0% used [0x05490000, 0x05490000, 0x05560000)
 tenured generation   total 16640K, used 15640K [0x0a350000, 0x0b390000, 0x14e00000)
   the space 16640K,  93% used [0x0a350000, 0x0b2961c8, 0x0b296200, 0x0b390000)
 Metaspace       used 12158K, capacity 12358K, committed 12544K, reserved 12672K
Event: 261.644 GC heap after
Heap after GC invocations=1248 (full 12):
 def new generation   total 7552K, used 23K [0x04e00000, 0x05630000, 0x0a350000)
  eden space 6720K,   0% used [0x04e00000, 0x04e00000, 0x05490000)
  from space 832K,   2% used [0x05490000, 0x05495d00, 0x05560000)
  to   space 832K,   0% used [0x05560000, 0x05560000, 0x05630000)
 tenured generation   total 16640K, used 15640K [0x0a350000, 0x0b390000, 0x14e00000)
   the space 16640K,  93% used [0x0a350000, 0x0b2961c8, 0x0b296200, 0x0b390000)
 Metaspace       used 12158K, capacity 12358K, committed 12544K, reserved 12672K
}
Event: 261.940 GC heap before
{Heap before GC invocations=1248 (full 12):
 def new generation   total 7552K, used 6743K [0x04e00000, 0x05630000, 0x0a350000)
  eden space 6720K, 100% used [0x04e00000, 0x05490000, 0x05490000)
  from space 832K,   2% used [0x05490000, 0x05495d00, 0x05560000)
  to   space 832K,   0% used [0x05560000, 0x05560000, 0x05630000)
 tenured generation   total 16640K, used 15640K [0x0a350000, 0x0b390000, 0x14e00000)
   the space 16640K,  93% used [0x0a350000, 0x0b2961c8, 0x0b296200, 0x0b390000)
 Metaspace       used 12158K, capacity 12358K, committed 12544K, reserved 12672K
Event: 261.941 GC heap after
Heap after GC invocations=1249 (full 12):
 def new generation   total 7552K, used 560K [0x04e00000, 0x05630000, 0x0a350000)
  eden space 6720K,   0% used [0x04e00000, 0x04e00000, 0x05490000)
  from space 832K,  67% used [0x05560000, 0x055ec0f0, 0x05630000)
  to   space 832K,   0% used [0x05490000, 0x05490000, 0x05560000)
 tenured generation   total 16640K, used 15640K [0x0a350000, 0x0b390000, 0x14e00000)
   the space 16640K,  93% used [0x0a350000, 0x0b2961c8, 0x0b296200, 0x0b390000)
 Metaspace       used 12158K, capacity 12358K, committed 12544K, reserved 12672K
}
Event: 262.106 GC heap before
{Heap before GC invocations=1249 (full 12):
 def new generation   total 7552K, used 7278K [0x04e00000, 0x05630000, 0x0a350000)
  eden space 6720K,  99% used [0x04e00000, 0x0548fa78, 0x05490000)
  from space 832K,  67% used [0x05560000, 0x055ec0f0, 0x05630000)
  to   space 832K,   0% used [0x05490000, 0x05490000, 0x05560000)
 tenured generation   total 16640K, used 15640K [0x0a350000, 0x0b390000, 0x14e00000)
   the space 16640K,  93% used [0x0a350000, 0x0b2961c8, 0x0b296200, 0x0b390000)
 Metaspace       used 12158K, capacity 12358K, committed 12544K, reserved 12672K
Event: 262.108 GC heap after
Heap after GC invocations=1250 (full 12):
 def new generation   total 7552K, used 399K [0x04e00000, 0x05630000, 0x0a350000)
  eden space 6720K,   0% used [0x04e00000, 0x04e00000, 0x05490000)
  from space 832K,  48% used [0x05490000, 0x054f3fa8, 0x05560000)
  to   space 832K,   0% used [0x05560000, 0x05560000, 0x05630000)
 tenured generation   total 16640K, used 15650K [0x0a350000, 0x0b390000, 0x14e00000)
   the space 16640K,  94% used [0x0a350000, 0x0b298bc8, 0x0b298c00, 0x0b390000)
 Metaspace       used 12158K, capacity 12358K, committed 12544K, reserved 12672K
}
Event: 262.308 GC heap before
{Heap before GC invocations=1250 (full 12):
 def new generation   total 7552K, used 7119K [0x04e00000, 0x05630000, 0x0a350000)
  eden space 6720K, 100% used [0x04e00000, 0x05490000, 0x05490000)
  from space 832K,  48% used [0x05490000, 0x054f3fa8, 0x05560000)
  to   space 832K,   0% used [0x05560000, 0x05560000, 0x05630000)
 tenured generation   total 16640K, used 15650K [0x0a350000, 0x0b390000, 0x14e00000)
   the space 16640K,  94% used [0x0a350000, 0x0b298bc8, 0x0b298c00, 0x0b390000)
 Metaspace       used 12158K, capacity 12358K, committed 12544K, reserved 12672K
Event: 262.309 GC heap after
Heap after GC invocations=1251 (full 12):
 def new generation   total 7552K, used 595K [0x04e00000, 0x05630000, 0x0a350000)
  eden space 6720K,   0% used [0x04e00000, 0x04e00000, 0x05490000)
  from space 832K,  71% used [0x05560000, 0x055f4f30, 0x05630000)
  to   space 832K,   0% used [0x05490000, 0x05490000, 0x05560000)
 tenured generation   total 16640K, used 15950K [0x0a350000, 0x0b390000, 0x14e00000)
   the space 16640K,  95% used [0x0a350000, 0x0b2e3bd8, 0x0b2e3c00, 0x0b390000)
 Metaspace       used 12158K, capacity 12358K, committed 12544K, reserved 12672K
}

Deoptimization events (0 events):
No events

Classes redefined (0 events):
No events

Internal exceptions (10 events):
Event: 0.369 Thread 0x02ccd400 Exception <a 'java/lang/ClassNotFoundException': Tree> (0x051129e0) thrown at [C:\re\workspace\8-2-build-windows-i586-cygwin\jdk8u171\10807\hotspot\src\share\vm\classfile\systemDictionary.cpp, line 210]
Event: 0.369 Thread 0x02ccd400 Exception <a 'java/lang/ClassNotFoundException': javax/swing/JTreeCell> (0x05112d18) thrown at [C:\re\workspace\8-2-build-windows-i586-cygwin\jdk8u171\10807\hotspot\src\share\vm\classfile\systemDictionary.cpp, line 210]
Event: 0.369 Thread 0x02ccd400 Exception <a 'java/lang/ClassNotFoundException': TreeCell> (0x05113160) thrown at [C:\re\workspace\8-2-build-windows-i586-cygwin\jdk8u171\10807\hotspot\src\share\vm\classfile\systemDictionary.cpp, line 210]
Event: 0.369 Thread 0x02ccd400 Exception <a 'java/lang/ClassNotFoundException': RootPane> (0x05113ad8) thrown at [C:\re\workspace\8-2-build-windows-i586-cygwin\jdk8u171\10807\hotspot\src\share\vm\classfile\systemDictionary.cpp, line 210]
Event: 18.390 Thread 0x15df1c00 Exception <a 'java/io/FileNotFoundException'> (0x04e03a70) thrown at [C:\re\workspace\8-2-build-windows-i586-cygwin\jdk8u171\10807\hotspot\src\share\vm\prims\jni.cpp, line 709]
Event: 18.398 Thread 0x15df1c00 Exception <a 'java/io/FileNotFoundException'> (0x04f486e0) thrown at [C:\re\workspace\8-2-build-windows-i586-cygwin\jdk8u171\10807\hotspot\src\share\vm\prims\jni.cpp, line 709]
Event: 31.170 Thread 0x15df1c00 Exception <a 'java/io/FileNotFoundException'> (0x04fc9d90) thrown at [C:\re\workspace\8-2-build-windows-i586-cygwin\jdk8u171\10807\hotspot\src\share\vm\prims\jni.cpp, line 709]
Event: 31.170 Thread 0x15df1c00 Exception <a 'java/io/FileNotFoundException'> (0x04fca848) thrown at [C:\re\workspace\8-2-build-windows-i586-cygwin\jdk8u171\10807\hotspot\src\share\vm\prims\jni.cpp, line 709]
Event: 31.179 Thread 0x15df1c00 Exception <a 'java/io/FileNotFoundException'> (0x04ff75a0) thrown at [C:\re\workspace\8-2-build-windows-i586-cygwin\jdk8u171\10807\hotspot\src\share\vm\prims\jni.cpp, line 709]
Event: 31.179 Thread 0x15df1c00 Exception <a 'java/io/FileNotFoundException'> (0x04ff7ff8) thrown at [C:\re\workspace\8-2-build-windows-i586-cygwin\jdk8u171\10807\hotspot\src\share\vm\prims\jni.cpp, line 709]

Events (10 events):
Event: 262.381 Thread 0x15defc00 Thread exited: 0x15defc00
Event: 262.385 Thread 0x15def000 Thread exited: 0x15def000
Event: 262.386 Thread 0x15def800 Thread exited: 0x15def800
Event: 262.386 loading class java/util/WeakHashMap$KeyIterator
Event: 262.386 loading class java/util/WeakHashMap$HashIterator
Event: 262.386 loading class java/util/WeakHashMap$HashIterator done
Event: 262.386 loading class java/util/WeakHashMap$KeyIterator done
Event: 262.386 Thread 0x15df1c00 Thread exited: 0x15df1c00
Event: 262.440 Thread 0x154a2800 Thread exited: 0x154a2800
Event: 262.441 Thread 0x15df1800 Thread added: 0x15df1800


Dynamic libraries:
0x000f0000 - 0x00123000 	C:\Program Files (x86)\Java\jdk1.8.0_171\jre\bin\java.exe
0x76f80000 - 0x77110000 	C:\WINDOWS\SYSTEM32\ntdll.dll
0x73860000 - 0x73940000 	C:\WINDOWS\System32\KERNEL32.DLL
0x757e0000 - 0x759c4000 	C:\WINDOWS\System32\KERNELBASE.dll
0x72720000 - 0x727bd000 	C:\WINDOWS\SYSTEM32\apphelp.dll
0x75ac0000 - 0x75b38000 	C:\WINDOWS\System32\ADVAPI32.dll
0x73d70000 - 0x73e2f000 	C:\WINDOWS\System32\msvcrt.dll
0x76450000 - 0x76494000 	C:\WINDOWS\System32\sechost.dll
0x75da0000 - 0x75e60000 	C:\WINDOWS\System32\RPCRT4.dll
0x73840000 - 0x73860000 	C:\WINDOWS\System32\SspiCli.dll
0x73830000 - 0x7383a000 	C:\WINDOWS\System32\CRYPTBASE.dll
0x764a0000 - 0x764f8000 	C:\WINDOWS\System32\bcryptPrimitives.dll
0x75ed0000 - 0x7605d000 	C:\WINDOWS\System32\USER32.dll
0x73c70000 - 0x73c87000 	C:\WINDOWS\System32\win32u.dll
0x76590000 - 0x765b2000 	C:\WINDOWS\System32\GDI32.dll
0x739b0000 - 0x73b14000 	C:\WINDOWS\System32\gdi32full.dll
0x76c70000 - 0x76ced000 	C:\WINDOWS\System32\msvcp_win.dll
0x76060000 - 0x7617e000 	C:\WINDOWS\System32\ucrtbase.dll
0x72d80000 - 0x72f84000 	C:\WINDOWS\WinSxS\x86_microsoft.windows.common-controls_6595b64144ccf1df_6.0.17134.112_none_42ecccf244e44518\COMCTL32.dll
0x75b40000 - 0x75d9c000 	C:\WINDOWS\System32\combase.dll
0x757b0000 - 0x757d6000 	C:\WINDOWS\System32\IMM32.DLL
0x725d0000 - 0x7268f000 	C:\Program Files (x86)\Java\jdk1.8.0_171\jre\bin\msvcr100.dll
0x721f0000 - 0x725c1000 	C:\Program Files (x86)\Java\jdk1.8.0_171\jre\bin\client\jvm.dll
0x759e0000 - 0x759e6000 	C:\WINDOWS\System32\PSAPI.DLL
0x721c0000 - 0x721e4000 	C:\WINDOWS\SYSTEM32\WINMM.dll
0x73740000 - 0x73748000 	C:\WINDOWS\SYSTEM32\WSOCK32.dll
0x733c0000 - 0x733c8000 	C:\WINDOWS\SYSTEM32\VERSION.dll
0x75e60000 - 0x75ec7000 	C:\WINDOWS\System32\WS2_32.dll
0x72190000 - 0x721b3000 	C:\WINDOWS\SYSTEM32\winmmbase.dll
0x76b90000 - 0x76bc9000 	C:\WINDOWS\System32\cfgmgr32.dll
0x72180000 - 0x7218c000 	C:\Program Files (x86)\Java\jdk1.8.0_171\jre\bin\verify.dll
0x72150000 - 0x72172000 	C:\Program Files (x86)\Java\jdk1.8.0_171\jre\bin\java.dll
0x72130000 - 0x72144000 	C:\Program Files (x86)\Java\jdk1.8.0_171\jre\bin\zip.dll
0x74450000 - 0x7579a000 	C:\WINDOWS\System32\SHELL32.dll
0x73e90000 - 0x73f18000 	C:\WINDOWS\System32\shcore.dll
0x765c0000 - 0x76b7a000 	C:\WINDOWS\System32\windows.storage.dll
0x73f20000 - 0x73f65000 	C:\WINDOWS\System32\shlwapi.dll
0x76b80000 - 0x76b8f000 	C:\WINDOWS\System32\kernel.appcore.dll
0x743a0000 - 0x743b8000 	C:\WINDOWS\System32\profapi.dll
0x73e30000 - 0x73e75000 	C:\WINDOWS\System32\powrprof.dll
0x73e80000 - 0x73e88000 	C:\WINDOWS\System32\FLTLIB.DLL
0x71f70000 - 0x720b5000 	C:\Program Files (x86)\Java\jdk1.8.0_171\jre\bin\awt.dll
0x76bd0000 - 0x76c66000 	C:\WINDOWS\System32\OLEAUT32.dll
0x72cf0000 - 0x72d6c000 	C:\WINDOWS\system32\uxtheme.dll
0x73b20000 - 0x73c64000 	C:\WINDOWS\System32\MSCTF.dll
0x71ea0000 - 0x71ec3000 	C:\WINDOWS\system32\dwmapi.dll
0x76350000 - 0x7644c000 	C:\WINDOWS\System32\ole32.dll
0x71c80000 - 0x71cb9000 	C:\Program Files (x86)\Java\jdk1.8.0_171\jre\bin\fontmanager.dll
0x71d90000 - 0x71e69000 	C:\WINDOWS\system32\opengl32.dll
0x71d50000 - 0x71d8f000 	C:\WINDOWS\SYSTEM32\GLU32.dll
0x72110000 - 0x72125000 	C:\Program Files (x86)\Java\jdk1.8.0_171\jre\bin\net.dll
0x736d0000 - 0x73726000 	C:\WINDOWS\system32\mswsock.dll
0x72100000 - 0x7210f000 	C:\Program Files (x86)\Java\jdk1.8.0_171\jre\bin\nio.dll
0x71660000 - 0x71692000 	C:\Program Files (x86)\Java\jdk1.8.0_171\jre\bin\t2k.dll
0x16e20000 - 0x1a5e2000 	D:\development\App Java\face\facewithRaspberry\appDesktop\facesdk.dll
0x73610000 - 0x73640000 	C:\WINDOWS\SYSTEM32\IPHLPAPI.DLL
0x71f00000 - 0x71f13000 	C:\WINDOWS\SYSTEM32\CRYPTSP.dll
0x71ed0000 - 0x71eff000 	C:\WINDOWS\system32\rsaenh.dll
0x73590000 - 0x735a9000 	C:\WINDOWS\SYSTEM32\bcrypt.dll
0x73390000 - 0x733b1000 	C:\WINDOWS\SYSTEM32\USERENV.dll
0x73940000 - 0x73947000 	C:\WINDOWS\System32\NSI.dll
0x720e0000 - 0x720f3000 	C:\WINDOWS\SYSTEM32\dhcpcsvc6.DLL
0x720c0000 - 0x720d4000 	C:\WINDOWS\SYSTEM32\dhcpcsvc.DLL
0x1ab30000 - 0x1ab85000 	C:\Users\Alex\AppData\Local\Temp\jna4786802210953286708.dll
0x73200000 - 0x73382000 	C:\WINDOWS\SYSTEM32\dbghelp.dll
0x71a70000 - 0x71aee000 	C:\WINDOWS\System32\TextInputFramework.dll
0x71810000 - 0x71a6d000 	C:\WINDOWS\System32\CoreUIComponents.dll
0x71780000 - 0x7180b000 	C:\WINDOWS\System32\CoreMessaging.dll
0x72980000 - 0x729a9000 	C:\WINDOWS\SYSTEM32\ntmarta.dll
0x716a0000 - 0x71776000 	C:\WINDOWS\SYSTEM32\wintypes.dll
0x714b0000 - 0x714d4000 	C:\Program Files (x86)\Java\jdk1.8.0_171\jre\bin\dcpr.dll
0x727e0000 - 0x72806000 	C:\Program Files (x86)\Java\jdk1.8.0_171\jre\bin\jpeg.dll
0x73640000 - 0x736ce000 	C:\WINDOWS\SYSTEM32\DNSAPI.dll
0x73600000 - 0x73608000 	C:\Windows\System32\rasadhlp.dll
0x735b0000 - 0x735ff000 	C:\WINDOWS\System32\fwpuclnt.dll
0x71d30000 - 0x71d41000 	C:\WINDOWS\system32\napinsp.dll
0x71d10000 - 0x71d26000 	C:\WINDOWS\system32\pnrpnsp.dll
0x71cf0000 - 0x71d03000 	C:\WINDOWS\system32\NLAapi.dll
0x71ce0000 - 0x71cec000 	C:\WINDOWS\System32\winrnr.dll
0x71cc0000 - 0x71cd1000 	C:\WINDOWS\System32\wshbth.dll
0x1b480000 - 0x1b487000 	C:\Program Files (x86)\Internet Download Manager\idmmkb.dll
0x70ec0000 - 0x70ee0000 	C:\Program Files (x86)\Java\jdk1.8.0_171\jre\bin\sunec.dll
0x71f20000 - 0x71f29000 	C:\Program Files (x86)\Java\jdk1.8.0_171\jre\bin\sunmscapi.dll
0x76cf0000 - 0x76e86000 	C:\WINDOWS\System32\CRYPT32.dll
0x759d0000 - 0x759de000 	C:\WINDOWS\System32\MSASN1.dll
0x743c0000 - 0x74443000 	C:\WINDOWS\System32\clbcatq.dll
0x714e0000 - 0x71651000 	C:\WINDOWS\SYSTEM32\WindowsCodecs.dll

VM Arguments:
jvm_args: -Dfile.encoding=UTF-8 
java_command: liverecognition.AppFace
java_class_path (initial): D:\development\App Java\face\facewithRaspberry\appDesktop\FaceSDK.jar;D:\development\App Java\face\facewithRaspberry\appDesktop\jna.jar;D:\development\App Java\face\facewithRaspberry\appDesktop\lib\mail.jar;D:\development\App Java\face\facewithRaspberry\appDesktop\lib\swingx-1.6.1.jar;D:\development\App Java\face\facewithRaspberry\appDesktop\lib\jfoenix-8.0.4.jar;D:\development\App Java\face\facewithRaspberry\appDesktop\lib\twilio-java-sdk-6.3.0.jar;D:\development\App Java\face\facewithRaspberry\appDesktop\lib\Java-WebSocket-1.3.8.jar;D:\development\App Java\face\facewithRaspberry\appDesktop\build\classes
Launcher Type: SUN_STANDARD

Environment Variables:
PATH=C:\Program Files (x86)\Common Files\Oracle\Java\javapath;C:\Python27\;C:\Python27\Scripts;C:\WINDOWS\system32;C:\WINDOWS;C:\WINDOWS\System32\Wbem;C:\WINDOWS\System32\WindowsPowerShell\v1.0\;C:\Program Files\Git\cmd;C:\Program Files\dotnet\;C:\Program Files\Microsoft SQL Server\130\Tools\Binn\;C:\Program Files\Microsoft SQL Server\Client SDK\ODBC\130\Tools\Binn\;C:\Program Files (x86)\Microsoft SQL Server\130\Tools\Binn\;C:\Program Files\Microsoft SQL Server\130\DTS\Binn\;C:\Program Files (x86)\Microsoft SQL Server\Client SDK\ODBC\130\Tools\Binn\;C:\Program Files (x86)\Microsoft SQL Server\140\Tools\Binn\;C:\Program Files (x86)\Microsoft SQL Server\140\DTS\Binn\;C:\Program Files (x86)\Microsoft SQL Server\140\Tools\Binn\ManagementStudio\;C:\xampp\php;C:\ProgramData\ComposerSetup\bin;C:\Program Files\SlikSvn\bin;C:\Program Files\Java\apache-maven-3.5.3\bin;C:\Program Files (x86)\Java\jdk1.8.0_171;C:\Program Files (x86)\Java\jdk1.8.0_171\bin;C:\Program Files (x86)\Java\jdk1.8.0_171\lib;C:\Program Files (x86)\Java\jdk1.8.0_171\jre;C:\Program Files (x86)\Java\jdk1.8.0_171\jre\bin;C:\Program Files (x86)\Java\jdk1.8.0_171\jre\lib;C:\WINDOWS\System32\OpenSSH\;C:\Program Files (x86)\CMake\bin;C:\Program Files\nodejs\;C:\Users\Alex\AppData\Local\Microsoft\WindowsApps;C:\Users\Alex\AppData\Roaming\Composer\vendor\bin;C:\Program Files\Java\apache-maven-3.5.3\bin;;C:\Program Files\Microsoft VS Code\bin;C:\Users\Alex\AppData\Roaming\npm
USERNAME=Alex
OS=Windows_NT
PROCESSOR_IDENTIFIER=Intel64 Family 6 Model 42 Stepping 7, GenuineIntel



---------------  S Y S T E M  ---------------

OS: Windows 10.0 , 64 bit Build 17134 (10.0.17134.1)

CPU:total 4 (initial active 4) (2 cores per cpu, 2 threads per core) family 6 model 42 stepping 7, cmov, cx8, fxsr, mmx, sse, sse2, sse3, ssse3, sse4.1, sse4.2, popcnt, avx, aes, clmul, ht, tsc, tscinvbit

Memory: 4k page, physical 8294284k(2449580k free), swap 12750732k(4764512k free)

vm_info: Java HotSpot(TM) Client VM (25.171-b11) for windows-x86 JRE (1.8.0_171-b11), built on Mar 28 2018 14:51:22 by "java_re" with MS VC++ 10.0 (VS2010)

time: Wed Jun 27 00:23:33 2018
elapsed time: 262 seconds (0d 0h 4m 22s)

