#
# A fatal error has been detected by the Java Runtime Environment:
#
#  EXCEPTION_ACCESS_VIOLATION (0xc0000005) at pc=0x722c7739, pid=11396, tid=0x000003d8
#
# JRE version: Java(TM) SE Runtime Environment (8.0_171-b11) (build 1.8.0_171-b11)
# Java VM: Java HotSpot(TM) Client VM (25.171-b11 mixed mode windows-x86 )
# Problematic frame:
# V  [jvm.dll+0xd7739]
#
# Failed to write core dump. Minidumps are not enabled by default on client versions of Windows
#
# If you would like to submit a bug report, please visit:
#   http://bugreport.java.com/bugreport/crash.jsp
#

---------------  T H R E A D  ---------------

Current thread (0x160b2800):  JavaThread "Thread-2638" [_thread_in_vm, id=984, stack(0x00ed0000,0x00f20000)]

siginfo: ExceptionCode=0xc0000005, reading address 0x00000000

Registers:
EAX=0x00000000, EBX=0x15fad001, ECX=0x00000000, EDX=0x00000000
ESP=0x00f1edcc, EBP=0x00f1edd8, ESI=0x15fad050, EDI=0x160b2800
EIP=0x722c7739, EFLAGS=0x00010206

Top of Stack: (sp=0x00f1edcc)
0x00f1edcc:   00f1ee80 00000000 15fad050 00f1f078
0x00f1eddc:   1aa44228 160b2940 15fad050 00000000
0x00f1edec:   00f1f464 722565f8 00000080 00000020
0x00f1edfc:   1aa441b7 00f1eea0 02d27610 00f1f470
0x00f1ee0c:   00f1f474 00000000 00f1ee64 00000020
0x00f1ee1c:   1aa441a3 00f1ee54 721f7333 160b2800
0x00f1ee2c:   9217f2a1 00000003 160b2800 00000000
0x00f1ee3c:   00f1ee2c 160b2800 00f1f6ec 724b0faa 

Instructions: (pc=0x722c7739)
0x722c7719:   1a 0a 00 33 ff eb 02 8b f9 6a 06 57 e8 b6 fc f2
0x722c7729:   ff 8b 75 0c 83 c4 08 b3 01 85 f6 74 39 8b 45 10
0x722c7739:   8b 00 50 32 db e8 1d b0 f6 ff 83 c4 04 85 c0 74
0x722c7749:   25 8b 0e 8b 49 04 8b 50 08 39 04 0a 75 04 b0 01 


Register to memory mapping:

EAX=0x00000000 is an unknown value
EBX=0x15fad001 is an unknown value
ECX=0x00000000 is an unknown value
EDX=0x00000000 is an unknown value
ESP=0x00f1edcc is pointing into the stack for thread: 0x160b2800
EBP=0x00f1edd8 is pointing into the stack for thread: 0x160b2800
ESI=0x15fad050 is an unknown value
EDI=0x160b2800 is a thread


Stack: [0x00ed0000,0x00f20000],  sp=0x00f1edcc,  free space=315k
Native frames: (J=compiled Java code, j=interpreted, Vv=VM code, C=native code)
V  [jvm.dll+0xd7739]
C  [jna4453501229164427758.dll+0x4228]
C  [jna4453501229164427758.dll+0x4d0e]
J 1032  com.sun.jna.Native.invokeInt(JI[Ljava/lang/Object;)I (0 bytes) @ 0x02df3bc6 [0x02df3b20+0xa6]
J 1056 C1 com.sun.jna.Function.invoke([Ljava/lang/Object;Ljava/lang/Class;Z)Ljava/lang/Object; (1154 bytes) @ 0x02e13b04 [0x02e11f30+0x1bd4]
J 440 C1 com.sun.jna.Function.invoke(Ljava/lang/Class;[Ljava/lang/Object;Ljava/util/Map;)Ljava/lang/Object; (526 bytes) @ 0x02d07098 [0x02d06c10+0x488]
J 1031 C1 com.sun.jna.Library$Handler.invoke(Ljava/lang/Object;Ljava/lang/reflect/Method;[Ljava/lang/Object;)Ljava/lang/Object; (345 bytes) @ 0x02df47cc [0x02df3f90+0x83c]
j  Luxand.$Proxy0.FSDK_GetImageBufferSize(ILcom/sun/jna/ptr/IntByReference;I)I+30
J 307 C1 Luxand.FSDK.SaveImageToAWTImage(LLuxand/FSDK$HImage;[Ljava/awt/Image;I)I (557 bytes) @ 0x02cdee2c [0x02cdecd0+0x15c]
j  liverecognition.AppFace$12.run()V+44
v  ~StubRoutines::call_stub
V  [jvm.dll+0x15b985]
V  [jvm.dll+0x22262e]
V  [jvm.dll+0x15ba1e]
V  [jvm.dll+0x15bba6]
V  [jvm.dll+0x15bc17]
V  [jvm.dll+0xffb3f]
V  [jvm.dll+0x17eb50]
V  [jvm.dll+0x17f3ca]
V  [jvm.dll+0x1c3fe6]
C  [msvcr100.dll+0x5c556]
C  [msvcr100.dll+0x5c600]
C  [KERNEL32.DLL+0x18484]
C  [ntdll.dll+0x62fea]
C  [ntdll.dll+0x62fba]
C  0x00000000

Java frames: (J=compiled Java code, j=interpreted, Vv=VM code)
J 1032  com.sun.jna.Native.invokeInt(JI[Ljava/lang/Object;)I (0 bytes) @ 0x02df3b82 [0x02df3b20+0x62]
J 1056 C1 com.sun.jna.Function.invoke([Ljava/lang/Object;Ljava/lang/Class;Z)Ljava/lang/Object; (1154 bytes) @ 0x02e13b04 [0x02e11f30+0x1bd4]
J 440 C1 com.sun.jna.Function.invoke(Ljava/lang/Class;[Ljava/lang/Object;Ljava/util/Map;)Ljava/lang/Object; (526 bytes) @ 0x02d07098 [0x02d06c10+0x488]
J 1031 C1 com.sun.jna.Library$Handler.invoke(Ljava/lang/Object;Ljava/lang/reflect/Method;[Ljava/lang/Object;)Ljava/lang/Object; (345 bytes) @ 0x02df47cc [0x02df3f90+0x83c]
j  Luxand.$Proxy0.FSDK_GetImageBufferSize(ILcom/sun/jna/ptr/IntByReference;I)I+30
J 307 C1 Luxand.FSDK.SaveImageToAWTImage(LLuxand/FSDK$HImage;[Ljava/awt/Image;I)I (557 bytes) @ 0x02cdee2c [0x02cdecd0+0x15c]
j  liverecognition.AppFace$12.run()V+44
v  ~StubRoutines::call_stub

---------------  P R O C E S S  ---------------

Java Threads: ( => current thread )
  0x160b1c00 JavaThread "Thread-0" daemon [_thread_in_native, id=7740, stack(0x20fc0000,0x21010000)]
=>0x160b2800 JavaThread "Thread-2638" [_thread_in_vm, id=984, stack(0x00ed0000,0x00f20000)]
  0x16090000 JavaThread "WebSocketTimer" [_thread_blocked, id=12264, stack(0x20130000,0x20180000)]
  0x1606b400 JavaThread "WebSocketWriteThread-19" [_thread_blocked, id=1096, stack(0x1f610000,0x1f660000)]
  0x1606ac00 JavaThread "WebSocketConnectReadThread-18" [_thread_in_native, id=3664, stack(0x1f340000,0x1f390000)]
  0x1605a800 JavaThread "Thread-3" [_thread_in_native, id=4880, stack(0x1f2b0000,0x1f300000)]
  0x012ed400 JavaThread "DestroyJavaVM" [_thread_blocked, id=11272, stack(0x02a40000,0x02a90000)]
  0x15e73800 JavaThread "AWT-EventQueue-0" [_thread_blocked, id=5300, stack(0x16b40000,0x16b90000)]
  0x1545c800 JavaThread "AWT-Shutdown" [_thread_blocked, id=10108, stack(0x15b20000,0x15b70000)]
  0x1545c000 JavaThread "Java2D Disposer" daemon [_thread_blocked, id=12660, stack(0x15a90000,0x15ae0000)]
  0x15298000 JavaThread "Service Thread" daemon [_thread_blocked, id=6820, stack(0x15860000,0x158b0000)]
  0x15292000 JavaThread "C1 CompilerThread0" daemon [_thread_blocked, id=11996, stack(0x157d0000,0x15820000)]
  0x15291000 JavaThread "Attach Listener" daemon [_thread_blocked, id=2316, stack(0x15740000,0x15790000)]
  0x1528d400 JavaThread "Signal Dispatcher" daemon [_thread_blocked, id=7216, stack(0x156b0000,0x15700000)]
  0x1527ac00 JavaThread "Finalizer" daemon [_thread_blocked, id=9232, stack(0x154f0000,0x15540000)]
  0x15266000 JavaThread "Reference Handler" daemon [_thread_blocked, id=768, stack(0x15460000,0x154b0000)]

Other Threads:
  0x15260400 VMThread [stack: 0x04d70000,0x04dc0000] [id=4124]
  0x1529b800 WatcherThread [stack: 0x158f0000,0x15940000] [id=8736]

VM state:not at safepoint (normal execution)

VM Mutex/Monitor currently owned by a thread: None

Heap:
 def new generation   total 6464K, used 3316K [0x04e00000, 0x05500000, 0x0a350000)
  eden space 5760K,  53% used [0x04e00000, 0x050fe170, 0x053a0000)
  from space 704K,  35% used [0x05450000, 0x0548f1c8, 0x05500000)
  to   space 704K,   0% used [0x053a0000, 0x053a0000, 0x05450000)
 tenured generation   total 14148K, used 12054K [0x0a350000, 0x0b121000, 0x14e00000)
   the space 14148K,  85% used [0x0a350000, 0x0af15b40, 0x0af15c00, 0x0b121000)
 Metaspace       used 11687K, capacity 11906K, committed 12032K, reserved 12672K

Card table byte_map: [0x04c40000,0x04cd0000] byte_map_base: 0x04c19000

Polling page: 0x02a10000

CodeCache: size=32768Kb used=2189Kb max_used=2447Kb free=30578Kb
 bounds [0x02bc0000, 0x02e38000, 0x04bc0000]
 total_blobs=1077 nmethods=819 adapters=188
 compilation: enabled

Compilation events (10 events):
Event: 111.861 Thread 0x15292000 1320             sun.awt.AWTAutoShutdown::isReadyToShutdown (37 bytes)
Event: 111.861 Thread 0x15292000 nmethod 1320 0x02d4e048 code [0x02d4e150, 0x02d4e248]
Event: 111.892 Thread 0x15292000 1321             sun.awt.AWTAutoShutdown::getInstance (4 bytes)
Event: 111.892 Thread 0x15292000 nmethod 1321 0x02d4de88 code [0x02d4df80, 0x02d4dff0]
Event: 111.987 Thread 0x15292000 1322             java.util.EventObject::getSource (5 bytes)
Event: 111.988 Thread 0x15292000 nmethod 1322 0x02d4dcc8 code [0x02d4ddc0, 0x02d4de40]
Event: 111.997 Thread 0x15292000 1323             java.awt.Toolkit$SelectiveAWTEventListener::eventDispatched (745 bytes)
Event: 111.999 Thread 0x15292000 nmethod 1323 0x02c6dbc8 code [0x02c6dd00, 0x02c6e58c]
Event: 112.100 Thread 0x15292000 1324   !         sun.awt.AWTAutoShutdown::setToolkitBusy (124 bytes)
Event: 112.101 Thread 0x15292000 nmethod 1324 0x02c6d288 code [0x02c6d3d0, 0x02c6d84c]

GC Heap History (10 events):
Event: 111.384 GC heap before
{Heap before GC invocations=609 (full 5):
 def new generation   total 6464K, used 6155K [0x04e00000, 0x05500000, 0x0a350000)
  eden space 5760K, 100% used [0x04e00000, 0x053a0000, 0x053a0000)
  from space 704K,  56% used [0x053a0000, 0x05402d50, 0x05450000)
  to   space 704K,   0% used [0x05450000, 0x05450000, 0x05500000)
 tenured generation   total 14148K, used 12008K [0x0a350000, 0x0b121000, 0x14e00000)
   the space 14148K,  84% used [0x0a350000, 0x0af0a338, 0x0af0a400, 0x0b121000)
 Metaspace       used 11663K, capacity 11874K, committed 12032K, reserved 12672K
Event: 111.385 GC heap after
Heap after GC invocations=610 (full 5):
 def new generation   total 6464K, used 552K [0x04e00000, 0x05500000, 0x0a350000)
  eden space 5760K,   0% used [0x04e00000, 0x04e00000, 0x053a0000)
  from space 704K,  78% used [0x05450000, 0x054da0e0, 0x05500000)
  to   space 704K,   0% used [0x053a0000, 0x053a0000, 0x05450000)
 tenured generation   total 14148K, used 12033K [0x0a350000, 0x0b121000, 0x14e00000)
   the space 14148K,  85% used [0x0a350000, 0x0af107f8, 0x0af10800, 0x0b121000)
 Metaspace       used 11663K, capacity 11874K, committed 12032K, reserved 12672K
}
Event: 111.621 GC heap before
{Heap before GC invocations=610 (full 5):
 def new generation   total 6464K, used 6181K [0x04e00000, 0x05500000, 0x0a350000)
  eden space 5760K,  97% used [0x04e00000, 0x0537f690, 0x053a0000)
  from space 704K,  78% used [0x05450000, 0x054da0e0, 0x05500000)
  to   space 704K,   0% used [0x053a0000, 0x053a0000, 0x05450000)
 tenured generation   total 14148K, used 12033K [0x0a350000, 0x0b121000, 0x14e00000)
   the space 14148K,  85% used [0x0a350000, 0x0af107f8, 0x0af10800, 0x0b121000)
 Metaspace       used 11663K, capacity 11874K, committed 12032K, reserved 12672K
Event: 111.622 GC heap after
Heap after GC invocations=611 (full 5):
 def new generation   total 6464K, used 252K [0x04e00000, 0x05500000, 0x0a350000)
  eden space 5760K,   0% used [0x04e00000, 0x04e00000, 0x053a0000)
  from space 704K,  35% used [0x053a0000, 0x053df188, 0x05450000)
  to   space 704K,   0% used [0x05450000, 0x05450000, 0x05500000)
 tenured generation   total 14148K, used 12044K [0x0a350000, 0x0b121000, 0x14e00000)
   the space 14148K,  85% used [0x0a350000, 0x0af13178, 0x0af13200, 0x0b121000)
 Metaspace       used 11663K, capacity 11874K, committed 12032K, reserved 12672K
}
Event: 111.766 GC heap before
{Heap before GC invocations=611 (full 5):
 def new generation   total 6464K, used 5742K [0x04e00000, 0x05500000, 0x0a350000)
  eden space 5760K,  95% used [0x04e00000, 0x0535c918, 0x053a0000)
  from space 704K,  35% used [0x053a0000, 0x053df188, 0x05450000)
  to   space 704K,   0% used [0x05450000, 0x05450000, 0x05500000)
 tenured generation   total 14148K, used 12044K [0x0a350000, 0x0b121000, 0x14e00000)
   the space 14148K,  85% used [0x0a350000, 0x0af13178, 0x0af13200, 0x0b121000)
 Metaspace       used 11663K, capacity 11874K, committed 12032K, reserved 12672K
Event: 111.767 GC heap after
Heap after GC invocations=612 (full 5):
 def new generation   total 6464K, used 323K [0x04e00000, 0x05500000, 0x0a350000)
  eden space 5760K,   0% used [0x04e00000, 0x04e00000, 0x053a0000)
  from space 704K,  45% used [0x05450000, 0x054a0c38, 0x05500000)
  to   space 704K,   0% used [0x053a0000, 0x053a0000, 0x05450000)
 tenured generation   total 14148K, used 12044K [0x0a350000, 0x0b121000, 0x14e00000)
   the space 14148K,  85% used [0x0a350000, 0x0af13178, 0x0af13200, 0x0b121000)
 Metaspace       used 11663K, capacity 11874K, committed 12032K, reserved 12672K
}
Event: 111.994 GC heap before
{Heap before GC invocations=612 (full 5):
 def new generation   total 6464K, used 6083K [0x04e00000, 0x05500000, 0x0a350000)
  eden space 5760K, 100% used [0x04e00000, 0x053a0000, 0x053a0000)
  from space 704K,  45% used [0x05450000, 0x054a0c38, 0x05500000)
  to   space 704K,   0% used [0x053a0000, 0x053a0000, 0x05450000)
 tenured generation   total 14148K, used 12044K [0x0a350000, 0x0b121000, 0x14e00000)
   the space 14148K,  85% used [0x0a350000, 0x0af13178, 0x0af13200, 0x0b121000)
 Metaspace       used 11663K, capacity 11874K, committed 12032K, reserved 12672K
Event: 111.995 GC heap after
Heap after GC invocations=613 (full 5):
 def new generation   total 6464K, used 562K [0x04e00000, 0x05500000, 0x0a350000)
  eden space 5760K,   0% used [0x04e00000, 0x04e00000, 0x053a0000)
  from space 704K,  79% used [0x053a0000, 0x0542cbc0, 0x05450000)
  to   space 704K,   0% used [0x05450000, 0x05450000, 0x05500000)
 tenured generation   total 14148K, used 12044K [0x0a350000, 0x0b121000, 0x14e00000)
   the space 14148K,  85% used [0x0a350000, 0x0af13178, 0x0af13200, 0x0b121000)
 Metaspace       used 11663K, capacity 11874K, committed 12032K, reserved 12672K
}
Event: 112.209 GC heap before
{Heap before GC invocations=613 (full 5):
 def new generation   total 6464K, used 6237K [0x04e00000, 0x05500000, 0x0a350000)
  eden space 5760K,  98% used [0x04e00000, 0x0538a9b8, 0x053a0000)
  from space 704K,  79% used [0x053a0000, 0x0542cbc0, 0x05450000)
  to   space 704K,   0% used [0x05450000, 0x05450000, 0x05500000)
 tenured generation   total 14148K, used 12044K [0x0a350000, 0x0b121000, 0x14e00000)
   the space 14148K,  85% used [0x0a350000, 0x0af13178, 0x0af13200, 0x0b121000)
 Metaspace       used 11663K, capacity 11874K, committed 12032K, reserved 12672K
Event: 112.209 GC heap after
Heap after GC invocations=614 (full 5):
 def new generation   total 6464K, used 252K [0x04e00000, 0x05500000, 0x0a350000)
  eden space 5760K,   0% used [0x04e00000, 0x04e00000, 0x053a0000)
  from space 704K,  35% used [0x05450000, 0x0548f1c8, 0x05500000)
  to   space 704K,   0% used [0x053a0000, 0x053a0000, 0x05450000)
 tenured generation   total 14148K, used 12054K [0x0a350000, 0x0b121000, 0x14e00000)
   the space 14148K,  85% used [0x0a350000, 0x0af15b40, 0x0af15c00, 0x0b121000)
 Metaspace       used 11663K, capacity 11874K, committed 12032K, reserved 12672K
}

Deoptimization events (0 events):
No events

Classes redefined (0 events):
No events

Internal exceptions (10 events):
Event: 0.368 Thread 0x012ed400 Exception <a 'java/lang/ClassNotFoundException': javax/swing/JTreeCell> (0x05113400) thrown at [C:\re\workspace\8-2-build-windows-i586-cygwin\jdk8u171\10807\hotspot\src\share\vm\classfile\systemDictionary.cpp, line 210]
Event: 0.368 Thread 0x012ed400 Exception <a 'java/lang/ClassNotFoundException': TreeCell> (0x05113848) thrown at [C:\re\workspace\8-2-build-windows-i586-cygwin\jdk8u171\10807\hotspot\src\share\vm\classfile\systemDictionary.cpp, line 210]
Event: 0.368 Thread 0x012ed400 Exception <a 'java/lang/ClassNotFoundException': RootPane> (0x051141c0) thrown at [C:\re\workspace\8-2-build-windows-i586-cygwin\jdk8u171\10807\hotspot\src\share\vm\classfile\systemDictionary.cpp, line 210]
Event: 5.582 Thread 0x160b1000 Exception <a 'java/io/FileNotFoundException'> (0x04e1ee50) thrown at [C:\re\workspace\8-2-build-windows-i586-cygwin\jdk8u171\10807\hotspot\src\share\vm\prims\jni.cpp, line 709]
Event: 5.593 Thread 0x160b1000 Exception <a 'java/io/FileNotFoundException'> (0x04e41440) thrown at [C:\re\workspace\8-2-build-windows-i586-cygwin\jdk8u171\10807\hotspot\src\share\vm\prims\jni.cpp, line 709]
Event: 17.881 Thread 0x160b1000 Exception <a 'java/io/FileNotFoundException'> (0x04e4ebf8) thrown at [C:\re\workspace\8-2-build-windows-i586-cygwin\jdk8u171\10807\hotspot\src\share\vm\prims\jni.cpp, line 709]
Event: 17.881 Thread 0x160b1000 Exception <a 'java/io/FileNotFoundException'> (0x04e4f680) thrown at [C:\re\workspace\8-2-build-windows-i586-cygwin\jdk8u171\10807\hotspot\src\share\vm\prims\jni.cpp, line 709]
Event: 17.888 Thread 0x160b1000 Exception <a 'java/io/FileNotFoundException'> (0x04e88628) thrown at [C:\re\workspace\8-2-build-windows-i586-cygwin\jdk8u171\10807\hotspot\src\share\vm\prims\jni.cpp, line 709]
Event: 17.888 Thread 0x160b1000 Exception <a 'java/io/FileNotFoundException'> (0x04e890d8) thrown at [C:\re\workspace\8-2-build-windows-i586-cygwin\jdk8u171\10807\hotspot\src\share\vm\prims\jni.cpp, line 709]
Event: 112.425 Thread 0x160b2800 Exception <a 'java/io/IOException': Stream Closed> (0x050d1fa8) thrown at [C:\re\workspace\8-2-build-windows-i586-cygwin\jdk8u171\10807\hotspot\src\share\vm\prims\jni.cpp, line 735]

Events (10 events):
Event: 112.370 loading class java/lang/ProcessBuilder
Event: 112.370 loading class java/lang/ProcessBuilder done
Event: 112.370 loading class java/lang/ProcessImpl
Event: 112.371 loading class java/lang/Process
Event: 112.371 loading class java/lang/Process done
Event: 112.371 loading class java/lang/ProcessImpl done
Event: 112.398 Thread 0x1545d000 Thread exited: 0x1545d000
Event: 112.401 loading class java/lang/ProcessImpl$2
Event: 112.401 loading class java/lang/ProcessImpl$2 done
Event: 112.402 Thread 0x160b3c00 Thread exited: 0x160b3c00


Dynamic libraries:
0x000f0000 - 0x00123000 	C:\Program Files (x86)\Java\jdk1.8.0_171\jre\bin\java.exe
0x76f80000 - 0x77110000 	C:\WINDOWS\SYSTEM32\ntdll.dll
0x73860000 - 0x73940000 	C:\WINDOWS\System32\KERNEL32.DLL
0x757e0000 - 0x759c4000 	C:\WINDOWS\System32\KERNELBASE.dll
0x72720000 - 0x727bd000 	C:\WINDOWS\SYSTEM32\apphelp.dll
0x75ac0000 - 0x75b38000 	C:\WINDOWS\System32\ADVAPI32.dll
0x73d70000 - 0x73e2f000 	C:\WINDOWS\System32\msvcrt.dll
0x76450000 - 0x76494000 	C:\WINDOWS\System32\sechost.dll
0x75da0000 - 0x75e60000 	C:\WINDOWS\System32\RPCRT4.dll
0x73840000 - 0x73860000 	C:\WINDOWS\System32\SspiCli.dll
0x73830000 - 0x7383a000 	C:\WINDOWS\System32\CRYPTBASE.dll
0x764a0000 - 0x764f8000 	C:\WINDOWS\System32\bcryptPrimitives.dll
0x75ed0000 - 0x7605d000 	C:\WINDOWS\System32\USER32.dll
0x73c70000 - 0x73c87000 	C:\WINDOWS\System32\win32u.dll
0x76590000 - 0x765b2000 	C:\WINDOWS\System32\GDI32.dll
0x739b0000 - 0x73b14000 	C:\WINDOWS\System32\gdi32full.dll
0x76c70000 - 0x76ced000 	C:\WINDOWS\System32\msvcp_win.dll
0x76060000 - 0x7617e000 	C:\WINDOWS\System32\ucrtbase.dll
0x72d80000 - 0x72f84000 	C:\WINDOWS\WinSxS\x86_microsoft.windows.common-controls_6595b64144ccf1df_6.0.17134.112_none_42ecccf244e44518\COMCTL32.dll
0x75b40000 - 0x75d9c000 	C:\WINDOWS\System32\combase.dll
0x757b0000 - 0x757d6000 	C:\WINDOWS\System32\IMM32.DLL
0x725d0000 - 0x7268f000 	C:\Program Files (x86)\Java\jdk1.8.0_171\jre\bin\msvcr100.dll
0x721f0000 - 0x725c1000 	C:\Program Files (x86)\Java\jdk1.8.0_171\jre\bin\client\jvm.dll
0x759e0000 - 0x759e6000 	C:\WINDOWS\System32\PSAPI.DLL
0x73740000 - 0x73748000 	C:\WINDOWS\SYSTEM32\WSOCK32.dll
0x721c0000 - 0x721e4000 	C:\WINDOWS\SYSTEM32\WINMM.dll
0x733c0000 - 0x733c8000 	C:\WINDOWS\SYSTEM32\VERSION.dll
0x75e60000 - 0x75ec7000 	C:\WINDOWS\System32\WS2_32.dll
0x72190000 - 0x721b3000 	C:\WINDOWS\SYSTEM32\winmmbase.dll
0x76b90000 - 0x76bc9000 	C:\WINDOWS\System32\cfgmgr32.dll
0x72180000 - 0x7218c000 	C:\Program Files (x86)\Java\jdk1.8.0_171\jre\bin\verify.dll
0x72150000 - 0x72172000 	C:\Program Files (x86)\Java\jdk1.8.0_171\jre\bin\java.dll
0x72130000 - 0x72144000 	C:\Program Files (x86)\Java\jdk1.8.0_171\jre\bin\zip.dll
0x74450000 - 0x7579a000 	C:\WINDOWS\System32\SHELL32.dll
0x73e90000 - 0x73f18000 	C:\WINDOWS\System32\shcore.dll
0x765c0000 - 0x76b7a000 	C:\WINDOWS\System32\windows.storage.dll
0x73f20000 - 0x73f65000 	C:\WINDOWS\System32\shlwapi.dll
0x76b80000 - 0x76b8f000 	C:\WINDOWS\System32\kernel.appcore.dll
0x743a0000 - 0x743b8000 	C:\WINDOWS\System32\profapi.dll
0x73e30000 - 0x73e75000 	C:\WINDOWS\System32\powrprof.dll
0x73e80000 - 0x73e88000 	C:\WINDOWS\System32\FLTLIB.DLL
0x71f70000 - 0x720b5000 	C:\Program Files (x86)\Java\jdk1.8.0_171\jre\bin\awt.dll
0x76bd0000 - 0x76c66000 	C:\WINDOWS\System32\OLEAUT32.dll
0x72cf0000 - 0x72d6c000 	C:\WINDOWS\system32\uxtheme.dll
0x73b20000 - 0x73c64000 	C:\WINDOWS\System32\MSCTF.dll
0x71ea0000 - 0x71ec3000 	C:\WINDOWS\system32\dwmapi.dll
0x76350000 - 0x7644c000 	C:\WINDOWS\System32\ole32.dll
0x71c80000 - 0x71cb9000 	C:\Program Files (x86)\Java\jdk1.8.0_171\jre\bin\fontmanager.dll
0x71d90000 - 0x71e69000 	C:\WINDOWS\system32\opengl32.dll
0x71d50000 - 0x71d8f000 	C:\WINDOWS\SYSTEM32\GLU32.dll
0x72110000 - 0x72125000 	C:\Program Files (x86)\Java\jdk1.8.0_171\jre\bin\net.dll
0x736d0000 - 0x73726000 	C:\WINDOWS\system32\mswsock.dll
0x72100000 - 0x7210f000 	C:\Program Files (x86)\Java\jdk1.8.0_171\jre\bin\nio.dll
0x71660000 - 0x71692000 	C:\Program Files (x86)\Java\jdk1.8.0_171\jre\bin\t2k.dll
0x16d20000 - 0x1a4e2000 	D:\development\App Java\face\facewithRaspberry\appDesktop\facesdk.dll
0x73610000 - 0x73640000 	C:\WINDOWS\SYSTEM32\IPHLPAPI.DLL
0x71f00000 - 0x71f13000 	C:\WINDOWS\SYSTEM32\CRYPTSP.dll
0x71ed0000 - 0x71eff000 	C:\WINDOWS\system32\rsaenh.dll
0x73590000 - 0x735a9000 	C:\WINDOWS\SYSTEM32\bcrypt.dll
0x73390000 - 0x733b1000 	C:\WINDOWS\SYSTEM32\USERENV.dll
0x73940000 - 0x73947000 	C:\WINDOWS\System32\NSI.dll
0x720e0000 - 0x720f3000 	C:\WINDOWS\SYSTEM32\dhcpcsvc6.DLL
0x720c0000 - 0x720d4000 	C:\WINDOWS\SYSTEM32\dhcpcsvc.DLL
0x1aa40000 - 0x1aa95000 	C:\Users\Alex\AppData\Local\Temp\jna4453501229164427758.dll
0x73200000 - 0x73382000 	C:\WINDOWS\SYSTEM32\dbghelp.dll
0x71a70000 - 0x71aee000 	C:\WINDOWS\System32\TextInputFramework.dll
0x71780000 - 0x7180b000 	C:\WINDOWS\System32\CoreMessaging.dll
0x71810000 - 0x71a6d000 	C:\WINDOWS\System32\CoreUIComponents.dll
0x72980000 - 0x729a9000 	C:\WINDOWS\SYSTEM32\ntmarta.dll
0x716a0000 - 0x71776000 	C:\WINDOWS\SYSTEM32\wintypes.dll
0x1b380000 - 0x1b387000 	C:\Program Files (x86)\Internet Download Manager\idmmkb.dll
0x714b0000 - 0x714d4000 	C:\Program Files (x86)\Java\jdk1.8.0_171\jre\bin\dcpr.dll
0x727e0000 - 0x72806000 	C:\Program Files (x86)\Java\jdk1.8.0_171\jre\bin\jpeg.dll
0x73640000 - 0x736ce000 	C:\WINDOWS\SYSTEM32\DNSAPI.dll
0x73600000 - 0x73608000 	C:\Windows\System32\rasadhlp.dll
0x735b0000 - 0x735ff000 	C:\WINDOWS\System32\fwpuclnt.dll
0x71d30000 - 0x71d41000 	C:\WINDOWS\system32\napinsp.dll
0x71d10000 - 0x71d26000 	C:\WINDOWS\system32\pnrpnsp.dll
0x71cf0000 - 0x71d03000 	C:\WINDOWS\system32\NLAapi.dll
0x71ce0000 - 0x71cec000 	C:\WINDOWS\System32\winrnr.dll
0x71cc0000 - 0x71cd1000 	C:\WINDOWS\System32\wshbth.dll
0x70ec0000 - 0x70ee0000 	C:\Program Files (x86)\Java\jdk1.8.0_171\jre\bin\sunec.dll
0x71f20000 - 0x71f29000 	C:\Program Files (x86)\Java\jdk1.8.0_171\jre\bin\sunmscapi.dll
0x76cf0000 - 0x76e86000 	C:\WINDOWS\System32\CRYPT32.dll
0x759d0000 - 0x759de000 	C:\WINDOWS\System32\MSASN1.dll

VM Arguments:
jvm_args: -Dfile.encoding=UTF-8 
java_command: liverecognition.AppFace
java_class_path (initial): D:\development\App Java\face\facewithRaspberry\appDesktop\FaceSDK.jar;D:\development\App Java\face\facewithRaspberry\appDesktop\jna.jar;D:\development\App Java\face\facewithRaspberry\appDesktop\lib\mail.jar;D:\development\App Java\face\facewithRaspberry\appDesktop\lib\swingx-1.6.1.jar;D:\development\App Java\face\facewithRaspberry\appDesktop\lib\jfoenix-8.0.4.jar;D:\development\App Java\face\facewithRaspberry\appDesktop\lib\twilio-java-sdk-6.3.0.jar;D:\development\App Java\face\facewithRaspberry\appDesktop\lib\Java-WebSocket-1.3.8.jar;D:\development\App Java\face\facewithRaspberry\appDesktop\build\classes
Launcher Type: SUN_STANDARD

Environment Variables:
PATH=C:\Program Files (x86)\Common Files\Oracle\Java\javapath;C:\Python27\;C:\Python27\Scripts;C:\WINDOWS\system32;C:\WINDOWS;C:\WINDOWS\System32\Wbem;C:\WINDOWS\System32\WindowsPowerShell\v1.0\;C:\Program Files\Git\cmd;C:\Program Files\dotnet\;C:\Program Files\Microsoft SQL Server\130\Tools\Binn\;C:\Program Files\Microsoft SQL Server\Client SDK\ODBC\130\Tools\Binn\;C:\Program Files (x86)\Microsoft SQL Server\130\Tools\Binn\;C:\Program Files\Microsoft SQL Server\130\DTS\Binn\;C:\Program Files (x86)\Microsoft SQL Server\Client SDK\ODBC\130\Tools\Binn\;C:\Program Files (x86)\Microsoft SQL Server\140\Tools\Binn\;C:\Program Files (x86)\Microsoft SQL Server\140\DTS\Binn\;C:\Program Files (x86)\Microsoft SQL Server\140\Tools\Binn\ManagementStudio\;C:\xampp\php;C:\ProgramData\ComposerSetup\bin;C:\Program Files\SlikSvn\bin;C:\Program Files\Java\apache-maven-3.5.3\bin;C:\Program Files (x86)\Java\jdk1.8.0_171;C:\Program Files (x86)\Java\jdk1.8.0_171\bin;C:\Program Files (x86)\Java\jdk1.8.0_171\lib;C:\Program Files (x86)\Java\jdk1.8.0_171\jre;C:\Program Files (x86)\Java\jdk1.8.0_171\jre\bin;C:\Program Files (x86)\Java\jdk1.8.0_171\jre\lib;C:\WINDOWS\System32\OpenSSH\;C:\Program Files (x86)\CMake\bin;C:\Program Files\nodejs\;C:\Users\Alex\AppData\Local\Microsoft\WindowsApps;C:\Users\Alex\AppData\Roaming\Composer\vendor\bin;C:\Program Files\Java\apache-maven-3.5.3\bin;;C:\Program Files\Microsoft VS Code\bin;C:\Users\Alex\AppData\Roaming\npm
USERNAME=Alex
OS=Windows_NT
PROCESSOR_IDENTIFIER=Intel64 Family 6 Model 42 Stepping 7, GenuineIntel



---------------  S Y S T E M  ---------------

OS: Windows 10.0 , 64 bit Build 17134 (10.0.17134.1)

CPU:total 4 (initial active 4) (2 cores per cpu, 2 threads per core) family 6 model 42 stepping 7, cmov, cx8, fxsr, mmx, sse, sse2, sse3, ssse3, sse4.1, sse4.2, popcnt, avx, aes, clmul, ht, tsc, tscinvbit

Memory: 4k page, physical 8294284k(2493480k free), swap 12750732k(4696228k free)

vm_info: Java HotSpot(TM) Client VM (25.171-b11) for windows-x86 JRE (1.8.0_171-b11), built on Mar 28 2018 14:51:22 by "java_re" with MS VC++ 10.0 (VS2010)

time: Wed Jun 27 00:28:38 2018
elapsed time: 112 seconds (0d 0h 1m 52s)

