#
# A fatal error has been detected by the Java Runtime Environment:
#
#  EXCEPTION_ACCESS_VIOLATION (0xc0000005) at pc=0x59007739, pid=9572, tid=0x000010e0
#
# JRE version: Java(TM) SE Runtime Environment (8.0_171-b11) (build 1.8.0_171-b11)
# Java VM: Java HotSpot(TM) Client VM (25.171-b11 mixed mode windows-x86 )
# Problematic frame:
# V  [jvm.dll+0xd7739]
#
# Failed to write core dump. Minidumps are not enabled by default on client versions of Windows
#
# If you would like to submit a bug report, please visit:
#   http://bugreport.java.com/bugreport/crash.jsp
#

---------------  T H R E A D  ---------------

Current thread (0x167a3800):  JavaThread "Thread-16674" [_thread_in_vm, id=4320, stack(0x01040000,0x01090000)]

siginfo: ExceptionCode=0xc0000005, reading address 0x00000000

Registers:
EAX=0x00000000, EBX=0x16938801, ECX=0x00000000, EDX=0x00000000
ESP=0x0108eccc, EBP=0x0108ecd8, ESI=0x16938898, EDI=0x167a3800
EIP=0x59007739, EFLAGS=0x00010202

Top of Stack: (sp=0x0108eccc)
0x0108eccc:   0108edc0 00000000 16938898 0108efc8
0x0108ecdc:   1ac24228 167a3940 16938898 00000000
0x0108ecec:   1ac24329 167a3940 1693889c 15fef020
0x0108ecfc:   00000000 0108ed30 0108ed78 00000030
0x0108ed0c:   1ac241b7 0108ed90 0108ed98 0108eda0
0x0108ed1c:   1ac241a3 1ac350e8 1ac350c4 00000020
0x0108ed2c:   1ac241a3 1ac350e8 1ac350c4 00000030
0x0108ed3c:   1ac241a3 00000003 167a3800 00000000 

Instructions: (pc=0x59007739)
0x59007719:   1a 0a 00 33 ff eb 02 8b f9 6a 06 57 e8 b6 fc f2
0x59007729:   ff 8b 75 0c 83 c4 08 b3 01 85 f6 74 39 8b 45 10
0x59007739:   8b 00 50 32 db e8 1d b0 f6 ff 83 c4 04 85 c0 74
0x59007749:   25 8b 0e 8b 49 04 8b 50 08 39 04 0a 75 04 b0 01 


Register to memory mapping:

EAX=0x00000000 is an unknown value
EBX=0x16938801 is an unknown value
ECX=0x00000000 is an unknown value
EDX=0x00000000 is an unknown value
ESP=0x0108eccc is pointing into the stack for thread: 0x167a3800
EBP=0x0108ecd8 is pointing into the stack for thread: 0x167a3800
ESI=0x16938898 is an unknown value
EDI=0x167a3800 is a thread


Stack: [0x01040000,0x01090000],  sp=0x0108eccc,  free space=315k
Native frames: (J=compiled Java code, j=interpreted, Vv=VM code, C=native code)
V  [jvm.dll+0xd7739]
C  [jna4585311485971858275.dll+0x4228]
C  [jna4585311485971858275.dll+0x4d0e]
J 899  com.sun.jna.Native.invokeInt(JI[Ljava/lang/Object;)I (0 bytes) @ 0x02fa6386 [0x02fa62e0+0xa6]
J 908 C1 com.sun.jna.Function.invoke([Ljava/lang/Object;Ljava/lang/Class;Z)Ljava/lang/Object; (1154 bytes) @ 0x02fad7c4 [0x02fabbf0+0x1bd4]
J 345 C1 com.sun.jna.Function.invoke(Ljava/lang/Class;[Ljava/lang/Object;Ljava/util/Map;)Ljava/lang/Object; (526 bytes) @ 0x02eb9c58 [0x02eb97d0+0x488]
J 904 C1 com.sun.jna.Library$Handler.invoke(Ljava/lang/Object;Ljava/lang/reflect/Method;[Ljava/lang/Object;)Ljava/lang/Object; (345 bytes) @ 0x02fa848c [0x02fa7c50+0x83c]
j  Luxand.$Proxy0.FSDK_FeedFrame(IJILcom/sun/jna/ptr/LongByReference;Lcom/sun/jna/Pointer;J)I+53
J 3284 C1 Luxand.FSDK.FeedFrame(LLuxand/FSDK$HTracker;JLLuxand/FSDK$HImage;[J[J)I (131 bytes) @ 0x02fce7f4 [0x02fce580+0x274]
J 2687 C1 liverecognition.AppFace$12.run()V (728 bytes) @ 0x02e8a86c [0x02e8a550+0x31c]
v  ~StubRoutines::call_stub
V  [jvm.dll+0x15b985]
V  [jvm.dll+0x22262e]
V  [jvm.dll+0x15ba1e]
V  [jvm.dll+0x15bba6]
V  [jvm.dll+0x15bc17]
V  [jvm.dll+0xffb3f]
V  [jvm.dll+0x17eb50]
V  [jvm.dll+0x17f3ca]
V  [jvm.dll+0x1c3fe6]
C  [msvcr100.dll+0x5c556]
C  [msvcr100.dll+0x5c600]
C  [KERNEL32.DLL+0x18484]
C  [ntdll.dll+0x62fea]
C  [ntdll.dll+0x62fba]
C  0x00000000

Java frames: (J=compiled Java code, j=interpreted, Vv=VM code)
J 899  com.sun.jna.Native.invokeInt(JI[Ljava/lang/Object;)I (0 bytes) @ 0x02fa6342 [0x02fa62e0+0x62]
J 908 C1 com.sun.jna.Function.invoke([Ljava/lang/Object;Ljava/lang/Class;Z)Ljava/lang/Object; (1154 bytes) @ 0x02fad7c4 [0x02fabbf0+0x1bd4]
J 345 C1 com.sun.jna.Function.invoke(Ljava/lang/Class;[Ljava/lang/Object;Ljava/util/Map;)Ljava/lang/Object; (526 bytes) @ 0x02eb9c58 [0x02eb97d0+0x488]
J 904 C1 com.sun.jna.Library$Handler.invoke(Ljava/lang/Object;Ljava/lang/reflect/Method;[Ljava/lang/Object;)Ljava/lang/Object; (345 bytes) @ 0x02fa848c [0x02fa7c50+0x83c]
j  Luxand.$Proxy0.FSDK_FeedFrame(IJILcom/sun/jna/ptr/LongByReference;Lcom/sun/jna/Pointer;J)I+53
J 3284 C1 Luxand.FSDK.FeedFrame(LLuxand/FSDK$HTracker;JLLuxand/FSDK$HImage;[J[J)I (131 bytes) @ 0x02fce7f4 [0x02fce580+0x274]
J 2687 C1 liverecognition.AppFace$12.run()V (728 bytes) @ 0x02e8a86c [0x02e8a550+0x31c]
v  ~StubRoutines::call_stub

---------------  P R O C E S S  ---------------

Java Threads: ( => current thread )
  0x167a1c00 JavaThread "Thread-0" daemon [_thread_in_native, id=7792, stack(0x163a0000,0x163f0000)]
=>0x167a3800 JavaThread "Thread-16674" [_thread_in_vm, id=4320, stack(0x01040000,0x01090000)]
  0x167a1400 JavaThread "TimerQueue" daemon [_thread_blocked, id=12504, stack(0x21570000,0x215c0000)]
  0x16973800 JavaThread "WebSocketTimer" [_thread_blocked, id=6232, stack(0x20780000,0x207d0000)]
  0x16954c00 JavaThread "WebSocketWriteThread-19" [_thread_blocked, id=6508, stack(0x1fdf0000,0x1fe40000)]
  0x16964000 JavaThread "WebSocketConnectReadThread-18" [_thread_in_native, id=11404, stack(0x1fce0000,0x1fd30000)]
  0x16943800 JavaThread "Thread-3" [_thread_in_native, id=9264, stack(0x1fc50000,0x1fca0000)]
  0x02c4d000 JavaThread "DestroyJavaVM" [_thread_blocked, id=9464, stack(0x02bc0000,0x02c10000)]
  0x16757000 JavaThread "AWT-EventQueue-0" [_thread_blocked, id=5836, stack(0x16d20000,0x16d70000)]
  0x15659800 JavaThread "AWT-Shutdown" [_thread_blocked, id=11192, stack(0x15d10000,0x15d60000)]
  0x15658800 JavaThread "Java2D Disposer" daemon [_thread_blocked, id=700, stack(0x15c80000,0x15cd0000)]
  0x15496800 JavaThread "Service Thread" daemon [_thread_blocked, id=4120, stack(0x15a50000,0x15aa0000)]
  0x1549ac00 JavaThread "C1 CompilerThread0" daemon [_thread_blocked, id=11496, stack(0x159c0000,0x15a10000)]
  0x15499400 JavaThread "Attach Listener" daemon [_thread_blocked, id=7288, stack(0x15930000,0x15980000)]
  0x15497400 JavaThread "Signal Dispatcher" daemon [_thread_blocked, id=7564, stack(0x158a0000,0x158f0000)]
  0x1547a800 JavaThread "Finalizer" daemon [_thread_blocked, id=13760, stack(0x156f0000,0x15740000)]
  0x15464800 JavaThread "Reference Handler" daemon [_thread_blocked, id=9260, stack(0x15660000,0x156b0000)]

Other Threads:
  0x02d8dc00 VMThread [stack: 0x04f40000,0x04f90000] [id=10896]
  0x154c4c00 WatcherThread [stack: 0x15ae0000,0x15b30000] [id=10668]

VM state:not at safepoint (normal execution)

VM Mutex/Monitor currently owned by a thread: None

Heap:
 def new generation   total 17024K, used 13422K [0x05000000, 0x06270000, 0x0a550000)
  eden space 15168K,  88% used [0x05000000, 0x05d1bb78, 0x05ed0000)
  from space 1856K,   0% used [0x060a0000, 0x060a0000, 0x06270000)
  to   space 1856K,   0% used [0x05ed0000, 0x05ed0000, 0x060a0000)
 tenured generation   total 37580K, used 12129K [0x0a550000, 0x0ca03000, 0x15000000)
   the space 37580K,  32% used [0x0a550000, 0x0b1284d0, 0x0b128600, 0x0ca03000)
 Metaspace       used 12192K, capacity 12385K, committed 12544K, reserved 12672K

Card table byte_map: [0x04e10000,0x04ea0000] byte_map_base: 0x04de8000

Polling page: 0x01240000

CodeCache: size=32768Kb used=1986Kb max_used=2374Kb free=30782Kb
 bounds [0x02d90000, 0x03000000, 0x04d90000]
 total_blobs=867 nmethods=608 adapters=189
 compilation: enabled

Compilation events (10 events):
Event: 350.467 Thread 0x1549ac00 6930             java.util.Collections$1::hasNext (5 bytes)
Event: 350.467 Thread 0x1549ac00 nmethod 6930 0x02f4d1c8 code [0x02f4d2c0, 0x02f4d340]
Event: 351.019 Thread 0x1549ac00 6931             org.java_websocket.drafts.Draft_6455::translateSingleFrame (614 bytes)
Event: 351.021 Thread 0x1549ac00 nmethod 6931 0x02fdb908 code [0x02fdbd00, 0x02fdd24c]
Event: 351.021 Thread 0x1549ac00 6932             org.java_websocket.drafts.Draft_6455::toOpcode (112 bytes)
Event: 351.021 Thread 0x1549ac00 nmethod 6932 0x02f596c8 code [0x02f59810, 0x02f59b20]
Event: 351.137 Thread 0x1549ac00 6933             org.java_websocket.framing.DataFrame::isValid (1 bytes)
Event: 351.137 Thread 0x1549ac00 nmethod 6933 0x02f60008 code [0x02f60100, 0x02f60180]
Event: 351.549 Thread 0x1549ac00 6934             java.awt.Rectangle::isEmpty (20 bytes)
Event: 351.549 Thread 0x1549ac00 nmethod 6934 0x02f60c88 code [0x02f60d80, 0x02f60e30]

GC Heap History (10 events):
Event: 351.439 GC heap before
{Heap before GC invocations=4522 (full 526):
 def new generation   total 17024K, used 16107K [0x05000000, 0x06270000, 0x0a550000)
  eden space 15168K, 100% used [0x05000000, 0x05ed0000, 0x05ed0000)
  from space 1856K,  50% used [0x05ed0000, 0x05fbac78, 0x060a0000)
  to   space 1856K,   0% used [0x060a0000, 0x060a0000, 0x06270000)
 tenured generation   total 37580K, used 25436K [0x0a550000, 0x0ca03000, 0x15000000)
   the space 37580K,  67% used [0x0a550000, 0x0be27060, 0x0be27200, 0x0ca03000)
 Metaspace       used 12168K, capacity 12385K, committed 12544K, reserved 12672K
Event: 351.441 GC heap after
Heap after GC invocations=4523 (full 526):
 def new generation   total 17024K, used 939K [0x05000000, 0x06270000, 0x0a550000)
  eden space 15168K,   0% used [0x05000000, 0x05000000, 0x05ed0000)
  from space 1856K,  50% used [0x060a0000, 0x0618ac70, 0x06270000)
  to   space 1856K,   0% used [0x05ed0000, 0x05ed0000, 0x060a0000)
 tenured generation   total 37580K, used 29063K [0x0a550000, 0x0ca03000, 0x15000000)
   the space 37580K,  77% used [0x0a550000, 0x0c1b1f08, 0x0c1b2000, 0x0ca03000)
 Metaspace       used 12168K, capacity 12385K, committed 12544K, reserved 12672K
}
Event: 351.513 GC heap before
{Heap before GC invocations=4523 (full 526):
 def new generation   total 17024K, used 16107K [0x05000000, 0x06270000, 0x0a550000)
  eden space 15168K, 100% used [0x05000000, 0x05ed0000, 0x05ed0000)
  from space 1856K,  50% used [0x060a0000, 0x0618ac70, 0x06270000)
  to   space 1856K,   0% used [0x05ed0000, 0x05ed0000, 0x060a0000)
 tenured generation   total 37580K, used 29063K [0x0a550000, 0x0ca03000, 0x15000000)
   the space 37580K,  77% used [0x0a550000, 0x0c1b1f08, 0x0c1b2000, 0x0ca03000)
 Metaspace       used 12168K, capacity 12385K, committed 12544K, reserved 12672K
Event: 351.515 GC heap after
Heap after GC invocations=4524 (full 526):
 def new generation   total 17024K, used 939K [0x05000000, 0x06270000, 0x0a550000)
  eden space 15168K,   0% used [0x05000000, 0x05000000, 0x05ed0000)
  from space 1856K,  50% used [0x05ed0000, 0x05fbac70, 0x060a0000)
  to   space 1856K,   0% used [0x060a0000, 0x060a0000, 0x06270000)
 tenured generation   total 37580K, used 32691K [0x0a550000, 0x0ca03000, 0x15000000)
   the space 37580K,  86% used [0x0a550000, 0x0c53cda8, 0x0c53ce00, 0x0ca03000)
 Metaspace       used 12168K, capacity 12385K, committed 12544K, reserved 12672K
}
Event: 351.576 GC heap before
{Heap before GC invocations=4524 (full 526):
 def new generation   total 17024K, used 15433K [0x05000000, 0x06270000, 0x0a550000)
  eden space 15168K,  95% used [0x05000000, 0x05e279e8, 0x05ed0000)
  from space 1856K,  50% used [0x05ed0000, 0x05fbac70, 0x060a0000)
  to   space 1856K,   0% used [0x060a0000, 0x060a0000, 0x06270000)
 tenured generation   total 37580K, used 32691K [0x0a550000, 0x0ca03000, 0x15000000)
   the space 37580K,  86% used [0x0a550000, 0x0c53cda8, 0x0c53ce00, 0x0ca03000)
 Metaspace       used 12168K, capacity 12385K, committed 12544K, reserved 12672K
Event: 351.578 GC heap after
Heap after GC invocations=4525 (full 526):
 def new generation   total 17024K, used 1231K [0x05000000, 0x06270000, 0x0a550000)
  eden space 15168K,   0% used [0x05000000, 0x05000000, 0x05ed0000)
  from space 1856K,  66% used [0x060a0000, 0x061d3e00, 0x06270000)
  to   space 1856K,   0% used [0x05ed0000, 0x05ed0000, 0x060a0000)
 tenured generation   total 37580K, used 33919K [0x0a550000, 0x0ca03000, 0x15000000)
   the space 37580K,  90% used [0x0a550000, 0x0c66fc28, 0x0c66fe00, 0x0ca03000)
 Metaspace       used 12168K, capacity 12385K, committed 12544K, reserved 12672K
}
Event: 351.646 GC heap before
{Heap before GC invocations=4525 (full 526):
 def new generation   total 17024K, used 15741K [0x05000000, 0x06270000, 0x0a550000)
  eden space 15168K,  95% used [0x05000000, 0x05e2b6a8, 0x05ed0000)
  from space 1856K,  66% used [0x060a0000, 0x061d3e00, 0x06270000)
  to   space 1856K,   0% used [0x05ed0000, 0x05ed0000, 0x060a0000)
 tenured generation   total 37580K, used 33919K [0x0a550000, 0x0ca03000, 0x15000000)
   the space 37580K,  90% used [0x0a550000, 0x0c66fc28, 0x0c66fe00, 0x0ca03000)
 Metaspace       used 12168K, capacity 12385K, committed 12544K, reserved 12672K
Event: 351.648 GC heap after
Heap after GC invocations=4526 (full 526):
 def new generation   total 17024K, used 1231K [0x05000000, 0x06270000, 0x0a550000)
  eden space 15168K,   0% used [0x05000000, 0x05000000, 0x05ed0000)
  from space 1856K,  66% used [0x05ed0000, 0x06003da0, 0x060a0000)
  to   space 1856K,   0% used [0x060a0000, 0x060a0000, 0x06270000)
 tenured generation   total 37580K, used 36346K [0x0a550000, 0x0ca03000, 0x15000000)
   the space 37580K,  96% used [0x0a550000, 0x0c8ceb70, 0x0c8cec00, 0x0ca03000)
 Metaspace       used 12168K, capacity 12385K, committed 12544K, reserved 12672K
}
Event: 351.747 GC heap before
{Heap before GC invocations=4526 (full 526):
 def new generation   total 17024K, used 16014K [0x05000000, 0x06270000, 0x0a550000)
  eden space 15168K,  97% used [0x05000000, 0x05e6fb88, 0x05ed0000)
  from space 1856K,  66% used [0x05ed0000, 0x06003da0, 0x060a0000)
  to   space 1856K,   0% used [0x060a0000, 0x060a0000, 0x06270000)
 tenured generation   total 37580K, used 36346K [0x0a550000, 0x0ca03000, 0x15000000)
   the space 37580K,  96% used [0x0a550000, 0x0c8ceb70, 0x0c8cec00, 0x0ca03000)
 Metaspace       used 12168K, capacity 12385K, committed 12544K, reserved 12672K
Event: 351.764 GC heap after
Heap after GC invocations=4527 (full 527):
 def new generation   total 17024K, used 0K [0x05000000, 0x06270000, 0x0a550000)
  eden space 15168K,   0% used [0x05000000, 0x05000000, 0x05ed0000)
  from space 1856K,   0% used [0x060a0000, 0x060a0000, 0x06270000)
  to   space 1856K,   0% used [0x05ed0000, 0x05ed0000, 0x060a0000)
 tenured generation   total 37580K, used 12129K [0x0a550000, 0x0ca03000, 0x15000000)
   the space 37580K,  32% used [0x0a550000, 0x0b1284d0, 0x0b128600, 0x0ca03000)
 Metaspace       used 12168K, capacity 12385K, committed 12544K, reserved 12672K
}

Deoptimization events (0 events):
No events

Classes redefined (0 events):
No events

Internal exceptions (10 events):
Event: 0.236 Thread 0x02c4d000 Exception <a 'java/lang/ClassNotFoundException': Tree> (0x0530c3c0) thrown at [C:\re\workspace\8-2-build-windows-i586-cygwin\jdk8u171\10807\hotspot\src\share\vm\classfile\systemDictionary.cpp, line 210]
Event: 0.236 Thread 0x02c4d000 Exception <a 'java/lang/ClassNotFoundException': javax/swing/JTreeCell> (0x0530c6f8) thrown at [C:\re\workspace\8-2-build-windows-i586-cygwin\jdk8u171\10807\hotspot\src\share\vm\classfile\systemDictionary.cpp, line 210]
Event: 0.236 Thread 0x02c4d000 Exception <a 'java/lang/ClassNotFoundException': TreeCell> (0x0530cb40) thrown at [C:\re\workspace\8-2-build-windows-i586-cygwin\jdk8u171\10807\hotspot\src\share\vm\classfile\systemDictionary.cpp, line 210]
Event: 0.236 Thread 0x02c4d000 Exception <a 'java/lang/ClassNotFoundException': RootPane> (0x0530d4b8) thrown at [C:\re\workspace\8-2-build-windows-i586-cygwin\jdk8u171\10807\hotspot\src\share\vm\classfile\systemDictionary.cpp, line 210]
Event: 13.300 Thread 0x167a1c00 Exception <a 'java/io/FileNotFoundException'> (0x056649a8) thrown at [C:\re\workspace\8-2-build-windows-i586-cygwin\jdk8u171\10807\hotspot\src\share\vm\prims\jni.cpp, line 709]
Event: 13.304 Thread 0x167a1c00 Exception <a 'java/io/FileNotFoundException'> (0x057b1038) thrown at [C:\re\workspace\8-2-build-windows-i586-cygwin\jdk8u171\10807\hotspot\src\share\vm\prims\jni.cpp, line 709]
Event: 15.374 Thread 0x167a1c00 Exception <a 'java/io/FileNotFoundException'> (0x057b4548) thrown at [C:\re\workspace\8-2-build-windows-i586-cygwin\jdk8u171\10807\hotspot\src\share\vm\prims\jni.cpp, line 709]
Event: 15.374 Thread 0x167a1c00 Exception <a 'java/io/FileNotFoundException'> (0x057b4fd0) thrown at [C:\re\workspace\8-2-build-windows-i586-cygwin\jdk8u171\10807\hotspot\src\share\vm\prims\jni.cpp, line 709]
Event: 15.379 Thread 0x167a1c00 Exception <a 'java/io/FileNotFoundException'> (0x057e1388) thrown at [C:\re\workspace\8-2-build-windows-i586-cygwin\jdk8u171\10807\hotspot\src\share\vm\prims\jni.cpp, line 709]
Event: 15.379 Thread 0x167a1c00 Exception <a 'java/io/FileNotFoundException'> (0x057e1e38) thrown at [C:\re\workspace\8-2-build-windows-i586-cygwin\jdk8u171\10807\hotspot\src\share\vm\prims\jni.cpp, line 709]

Events (10 events):
Event: 351.798 loading class java/util/WeakHashMap$HashIterator done
Event: 351.798 loading class java/util/WeakHashMap$KeyIterator done
Event: 351.798 Thread 0x167a0c00 Thread exited: 0x167a0c00
Event: 351.798 Thread 0x167a0800 Thread exited: 0x167a0800
Event: 351.799 loading class java/lang/ProcessBuilder
Event: 351.799 loading class java/lang/ProcessBuilder done
Event: 351.800 loading class java/lang/ProcessImpl
Event: 351.800 loading class java/lang/Process
Event: 351.800 loading class java/lang/Process done
Event: 351.800 loading class java/lang/ProcessImpl done


Dynamic libraries:
0x00ce0000 - 0x00d13000 	C:\Program Files (x86)\Java\jdk1.8.0_171\jre\bin\java.exe
0x77470000 - 0x77600000 	C:\WINDOWS\SYSTEM32\ntdll.dll
0x76a20000 - 0x76b00000 	C:\WINDOWS\System32\KERNEL32.DLL
0x76fb0000 - 0x77194000 	C:\WINDOWS\System32\KERNELBASE.dll
0x73c80000 - 0x73d1d000 	C:\WINDOWS\SYSTEM32\apphelp.dll
0x756c0000 - 0x75738000 	C:\WINDOWS\System32\ADVAPI32.dll
0x75d80000 - 0x75e3f000 	C:\WINDOWS\System32\msvcrt.dll
0x77330000 - 0x77374000 	C:\WINDOWS\System32\sechost.dll
0x75e40000 - 0x75f00000 	C:\WINDOWS\System32\RPCRT4.dll
0x73d30000 - 0x73d50000 	C:\WINDOWS\System32\SspiCli.dll
0x73d20000 - 0x73d2a000 	C:\WINDOWS\System32\CRYPTBASE.dll
0x75900000 - 0x75958000 	C:\WINDOWS\System32\bcryptPrimitives.dll
0x75bf0000 - 0x75d7d000 	C:\WINDOWS\System32\USER32.dll
0x76e30000 - 0x76e47000 	C:\WINDOWS\System32\win32u.dll
0x76b10000 - 0x76b32000 	C:\WINDOWS\System32\GDI32.dll
0x767d0000 - 0x76934000 	C:\WINDOWS\System32\gdi32full.dll
0x76db0000 - 0x76e2d000 	C:\WINDOWS\System32\msvcp_win.dll
0x75790000 - 0x758ae000 	C:\WINDOWS\System32\ucrtbase.dll
0x73110000 - 0x73314000 	C:\WINDOWS\WinSxS\x86_microsoft.windows.common-controls_6595b64144ccf1df_6.0.17134.112_none_42ecccf244e44518\COMCTL32.dll
0x76530000 - 0x7678c000 	C:\WINDOWS\System32\combase.dll
0x76d70000 - 0x76d96000 	C:\WINDOWS\System32\IMM32.DLL
0x59310000 - 0x593cf000 	C:\Program Files (x86)\Java\jdk1.8.0_171\jre\bin\msvcr100.dll
0x58f30000 - 0x59301000 	C:\Program Files (x86)\Java\jdk1.8.0_171\jre\bin\client\jvm.dll
0x76520000 - 0x76526000 	C:\WINDOWS\System32\PSAPI.DLL
0x728c0000 - 0x728c8000 	C:\WINDOWS\SYSTEM32\WSOCK32.dll
0x72c20000 - 0x72c44000 	C:\WINDOWS\SYSTEM32\WINMM.dll
0x71f70000 - 0x71f78000 	C:\WINDOWS\SYSTEM32\VERSION.dll
0x75b20000 - 0x75b87000 	C:\WINDOWS\System32\WS2_32.dll
0x72890000 - 0x728b3000 	C:\WINDOWS\SYSTEM32\WINMMBASE.dll
0x76790000 - 0x767c9000 	C:\WINDOWS\System32\cfgmgr32.dll
0x59c10000 - 0x59c1c000 	C:\Program Files (x86)\Java\jdk1.8.0_171\jre\bin\verify.dll
0x58f00000 - 0x58f22000 	C:\Program Files (x86)\Java\jdk1.8.0_171\jre\bin\java.dll
0x58ee0000 - 0x58ef4000 	C:\Program Files (x86)\Java\jdk1.8.0_171\jre\bin\zip.dll
0x73d50000 - 0x7509a000 	C:\WINDOWS\System32\SHELL32.dll
0x75960000 - 0x759e8000 	C:\WINDOWS\System32\shcore.dll
0x750a0000 - 0x7565a000 	C:\WINDOWS\System32\windows.storage.dll
0x758b0000 - 0x758f5000 	C:\WINDOWS\System32\shlwapi.dll
0x76b40000 - 0x76b4f000 	C:\WINDOWS\System32\kernel.appcore.dll
0x75aa0000 - 0x75ab8000 	C:\WINDOWS\System32\profapi.dll
0x764d0000 - 0x76515000 	C:\WINDOWS\System32\powrprof.dll
0x76e50000 - 0x76e58000 	C:\WINDOWS\System32\FLTLIB.DLL
0x58d70000 - 0x58eb5000 	C:\Program Files (x86)\Java\jdk1.8.0_171\jre\bin\awt.dll
0x759f0000 - 0x75a86000 	C:\WINDOWS\System32\OLEAUT32.dll
0x73090000 - 0x7310c000 	C:\WINDOWS\system32\uxtheme.dll
0x76e60000 - 0x76fa4000 	C:\WINDOWS\System32\MSCTF.dll
0x71b00000 - 0x71b23000 	C:\WINDOWS\system32\dwmapi.dll
0x76be0000 - 0x76cdc000 	C:\WINDOWS\System32\ole32.dll
0x58b50000 - 0x58b89000 	C:\Program Files (x86)\Java\jdk1.8.0_171\jre\bin\fontmanager.dll
0x58c60000 - 0x58d39000 	C:\WINDOWS\system32\opengl32.dll
0x58c20000 - 0x58c5f000 	C:\WINDOWS\SYSTEM32\GLU32.dll
0x57aa0000 - 0x57ac6000 	C:\Program Files (x86)\Java\jdk1.8.0_171\jre\bin\jpeg.dll
0x58ec0000 - 0x58ed5000 	C:\Program Files (x86)\Java\jdk1.8.0_171\jre\bin\net.dll
0x726e0000 - 0x72736000 	C:\WINDOWS\system32\mswsock.dll
0x59770000 - 0x5977f000 	C:\Program Files (x86)\Java\jdk1.8.0_171\jre\bin\nio.dll
0x58b10000 - 0x58b42000 	C:\Program Files (x86)\Java\jdk1.8.0_171\jre\bin\t2k.dll
0x16f00000 - 0x1a6c2000 	C:\Users\PAUL\Desktop\proyecto\facewithRaspberry\appDesktop\facesdk.dll
0x73ae0000 - 0x73b10000 	C:\WINDOWS\SYSTEM32\IPHLPAPI.DLL
0x72530000 - 0x72543000 	C:\WINDOWS\SYSTEM32\CRYPTSP.dll
0x72500000 - 0x7252f000 	C:\WINDOWS\system32\rsaenh.dll
0x727e0000 - 0x727f9000 	C:\WINDOWS\SYSTEM32\bcrypt.dll
0x73c20000 - 0x73c41000 	C:\WINDOWS\SYSTEM32\USERENV.dll
0x75a90000 - 0x75a97000 	C:\WINDOWS\System32\NSI.dll
0x72760000 - 0x72773000 	C:\WINDOWS\SYSTEM32\dhcpcsvc6.DLL
0x72740000 - 0x72754000 	C:\WINDOWS\SYSTEM32\dhcpcsvc.DLL
0x1ac20000 - 0x1ac75000 	C:\Users\PAUL\AppData\Local\Temp\jna4585311485971858275.dll
0x71d20000 - 0x71ea2000 	C:\WINDOWS\SYSTEM32\dbghelp.dll
0x6db70000 - 0x6dbee000 	C:\WINDOWS\System32\TextInputFramework.dll
0x6d880000 - 0x6dadd000 	C:\WINDOWS\System32\CoreUIComponents.dll
0x6dae0000 - 0x6db6b000 	C:\WINDOWS\System32\CoreMessaging.dll
0x71650000 - 0x71726000 	C:\WINDOWS\SYSTEM32\wintypes.dll
0x723b0000 - 0x723d9000 	C:\WINDOWS\SYSTEM32\ntmarta.dll
0x58ab0000 - 0x58ad4000 	C:\Program Files (x86)\Java\jdk1.8.0_171\jre\bin\dcpr.dll
0x73b10000 - 0x73b9e000 	C:\WINDOWS\SYSTEM32\DNSAPI.dll
0x71f20000 - 0x71f28000 	C:\Windows\System32\rasadhlp.dll
0x65ba0000 - 0x65bef000 	C:\WINDOWS\System32\fwpuclnt.dll
0x58c00000 - 0x58c11000 	C:\WINDOWS\system32\napinsp.dll
0x58be0000 - 0x58bf6000 	C:\WINDOWS\system32\pnrpnsp.dll
0x58bc0000 - 0x58bd3000 	C:\WINDOWS\system32\NLAapi.dll
0x58bb0000 - 0x58bbc000 	C:\WINDOWS\System32\winrnr.dll
0x58b90000 - 0x58ba1000 	C:\WINDOWS\System32\wshbth.dll
0x581b0000 - 0x581d0000 	C:\Program Files (x86)\Java\jdk1.8.0_171\jre\bin\sunec.dll
0x581a0000 - 0x581a9000 	C:\Program Files (x86)\Java\jdk1.8.0_171\jre\bin\sunmscapi.dll
0x76330000 - 0x764c6000 	C:\WINDOWS\System32\CRYPT32.dll
0x76b00000 - 0x76b0e000 	C:\WINDOWS\System32\MSASN1.dll
0x76ce0000 - 0x76d63000 	C:\WINDOWS\System32\clbcatq.dll
0x6d160000 - 0x6d2d1000 	C:\WINDOWS\SYSTEM32\WindowsCodecs.dll

VM Arguments:
jvm_args: -Dfile.encoding=UTF-8 
java_command: liverecognition.AppFace
java_class_path (initial): C:\Users\PAUL\Desktop\proyecto\facewithRaspberry\appDesktop\FaceSDK.jar;C:\Users\PAUL\Desktop\proyecto\facewithRaspberry\appDesktop\jna.jar;C:\Users\PAUL\Desktop\proyecto\facewithRaspberry\appDesktop\lib\mail.jar;C:\Users\PAUL\Desktop\proyecto\facewithRaspberry\appDesktop\lib\swingx-1.6.1.jar;C:\Users\PAUL\Desktop\proyecto\facewithRaspberry\appDesktop\lib\jfoenix-8.0.4.jar;C:\Users\PAUL\Desktop\proyecto\facewithRaspberry\appDesktop\lib\twilio-java-sdk-6.3.0.jar;C:\Users\PAUL\Desktop\proyecto\facewithRaspberry\appDesktop\lib\Java-WebSocket-1.3.8.jar;C:\Users\PAUL\Desktop\proyecto\facewithRaspberry\appDesktop\build\classes
Launcher Type: SUN_STANDARD

Environment Variables:
JAVA_HOME=C:\Program Files\Java\jdk1.8.0_171
PATH=C:\Program Files (x86)\Common Files\Oracle\Java\javapath;C:\WINDOWS\system32;C:\WINDOWS;C:\WINDOWS\System32\Wbem;C:\WINDOWS\System32\WindowsPowerShell\v1.0\;C:\Program Files\Java\jdk1.8.0_171\bin;C:\WINDOWS\System32\OpenSSH\;C:\Program Files (x86)\PuTTY\;C:\Users\PAUL\AppData\Local\Microsoft\WindowsApps;C:\Users\PAUL\AppData\Local\Programs\MiKTeX 2.9\miktex\bin\x64\;;C:\Program Files (x86)\SSH Communications Security\SSH Secure Shell
USERNAME=PAUL
OS=Windows_NT
PROCESSOR_IDENTIFIER=Intel64 Family 6 Model 60 Stepping 3, GenuineIntel



---------------  S Y S T E M  ---------------

OS: Windows 10.0 , 64 bit Build 17134 (10.0.17134.1)

CPU:total 8 (initial active 8) (4 cores per cpu, 2 threads per core) family 6 model 60 stepping 3, cmov, cx8, fxsr, mmx, sse, sse2, sse3, ssse3, sse4.1, sse4.2, popcnt, avx, avx2, aes, clmul, erms, lzcnt, ht, tsc, tscinvbit, bmi1, bmi2

Memory: 4k page, physical 16696464k(11258064k free), swap 19711120k(13958108k free)

vm_info: Java HotSpot(TM) Client VM (25.171-b11) for windows-x86 JRE (1.8.0_171-b11), built on Mar 28 2018 14:51:22 by "java_re" with MS VC++ 10.0 (VS2010)

time: Wed Jun 27 13:55:26 2018
elapsed time: 351 seconds (0d 0h 5m 51s)

