#
# A fatal error has been detected by the Java Runtime Environment:
#
#  EXCEPTION_ACCESS_VIOLATION (0xc0000005) at pc=0x722c7739, pid=12824, tid=0x00000578
#
# JRE version: Java(TM) SE Runtime Environment (8.0_171-b11) (build 1.8.0_171-b11)
# Java VM: Java HotSpot(TM) Client VM (25.171-b11 mixed mode windows-x86 )
# Problematic frame:
# V  [jvm.dll+0xd7739]
#
# Failed to write core dump. Minidumps are not enabled by default on client versions of Windows
#
# If you would like to submit a bug report, please visit:
#   http://bugreport.java.com/bugreport/crash.jsp
#

---------------  T H R E A D  ---------------

Current thread (0x168ed400):  JavaThread "Thread-4817" [_thread_in_vm, id=1400, stack(0x01100000,0x01150000)]

siginfo: ExceptionCode=0xc0000005, reading address 0x00000000

Registers:
EAX=0x00000000, EBX=0x15424d01, ECX=0x00000000, EDX=0x00000000
ESP=0x0114ee9c, EBP=0x0114eea8, ESI=0x15424d98, EDI=0x168ed400
EIP=0x722c7739, EFLAGS=0x00010202

Top of Stack: (sp=0x0114ee9c)
0x0114ee9c:   0114ef90 00000000 15424d98 0114f198
0x0114eeac:   1ab14228 168ed540 15424d98 00000000
0x0114eebc:   0114eed4 722bd468 00000001 00000001
0x0114eecc:   7226d1d8 0114f2b8 0114eee8 00000030
0x0114eedc:   1ab141b7 168ed400 0114f2b8 0114eefc
0x0114eeec:   0114eefc 0114f2b8 7233fc89 14e7f470
0x0114eefc:   0114ef14 723401c2 14e7f470 00000030
0x0114ef0c:   1ab141a3 14e7f470 0114ef2c 72272ea1 

Instructions: (pc=0x722c7739)
0x722c7719:   1a 0a 00 33 ff eb 02 8b f9 6a 06 57 e8 b6 fc f2
0x722c7729:   ff 8b 75 0c 83 c4 08 b3 01 85 f6 74 39 8b 45 10
0x722c7739:   8b 00 50 32 db e8 1d b0 f6 ff 83 c4 04 85 c0 74
0x722c7749:   25 8b 0e 8b 49 04 8b 50 08 39 04 0a 75 04 b0 01 


Register to memory mapping:

EAX=0x00000000 is an unknown value
EBX=0x15424d01 is an unknown value
ECX=0x00000000 is an unknown value
EDX=0x00000000 is an unknown value
ESP=0x0114ee9c is pointing into the stack for thread: 0x168ed400
EBP=0x0114eea8 is pointing into the stack for thread: 0x168ed400
ESI=0x15424d98 is an unknown value
EDI=0x168ed400 is a thread


Stack: [0x01100000,0x01150000],  sp=0x0114ee9c,  free space=315k
Native frames: (J=compiled Java code, j=interpreted, Vv=VM code, C=native code)
V  [jvm.dll+0xd7739]
C  [jna8039852661422401804.dll+0x4228]
C  [jna8039852661422401804.dll+0x4d0e]
J 998  com.sun.jna.Native.invokeInt(JI[Ljava/lang/Object;)I (0 bytes) @ 0x02f49d86 [0x02f49ce0+0xa6]
J 993 C1 com.sun.jna.Function.invoke([Ljava/lang/Object;Ljava/lang/Class;Z)Ljava/lang/Object; (1154 bytes) @ 0x02f42484 [0x02f408b0+0x1bd4]
J 413 C1 com.sun.jna.Function.invoke(Ljava/lang/Class;[Ljava/lang/Object;Ljava/util/Map;)Ljava/lang/Object; (526 bytes) @ 0x02e3ef18 [0x02e3ea90+0x488]
J 1017 C1 com.sun.jna.Library$Handler.invoke(Ljava/lang/Object;Ljava/lang/reflect/Method;[Ljava/lang/Object;)Ljava/lang/Object; (345 bytes) @ 0x02f553cc [0x02f54b90+0x83c]
j  Luxand.$Proxy0.FSDK_LoadImageFromBuffer(Lcom/sun/jna/ptr/IntByReference;[BIIII)I+52
J 302 C1 Luxand.FSDK.LoadImageFromAWTImage(LLuxand/FSDK$HImage;Ljava/awt/Image;I)I (456 bytes) @ 0x02e1b20c [0x02e1a8c0+0x94c]
J 2041 C1 liverecognition.AppFace$12.run()V (728 bytes) @ 0x02e03d98 [0x02e03cd0+0xc8]
v  ~StubRoutines::call_stub
V  [jvm.dll+0x15b985]
V  [jvm.dll+0x22262e]
V  [jvm.dll+0x15ba1e]
V  [jvm.dll+0x15bba6]
V  [jvm.dll+0x15bc17]
V  [jvm.dll+0xffb3f]
V  [jvm.dll+0x17eb50]
V  [jvm.dll+0x17f3ca]
V  [jvm.dll+0x1c3fe6]
C  [msvcr100.dll+0x5c556]
C  [msvcr100.dll+0x5c600]
C  [KERNEL32.DLL+0x18484]
C  [ntdll.dll+0x62fea]
C  [ntdll.dll+0x62fba]
C  0x00000000

Java frames: (J=compiled Java code, j=interpreted, Vv=VM code)
J 998  com.sun.jna.Native.invokeInt(JI[Ljava/lang/Object;)I (0 bytes) @ 0x02f49d42 [0x02f49ce0+0x62]
J 993 C1 com.sun.jna.Function.invoke([Ljava/lang/Object;Ljava/lang/Class;Z)Ljava/lang/Object; (1154 bytes) @ 0x02f42484 [0x02f408b0+0x1bd4]
J 413 C1 com.sun.jna.Function.invoke(Ljava/lang/Class;[Ljava/lang/Object;Ljava/util/Map;)Ljava/lang/Object; (526 bytes) @ 0x02e3ef18 [0x02e3ea90+0x488]
J 1017 C1 com.sun.jna.Library$Handler.invoke(Ljava/lang/Object;Ljava/lang/reflect/Method;[Ljava/lang/Object;)Ljava/lang/Object; (345 bytes) @ 0x02f553cc [0x02f54b90+0x83c]
j  Luxand.$Proxy0.FSDK_LoadImageFromBuffer(Lcom/sun/jna/ptr/IntByReference;[BIIII)I+52
J 302 C1 Luxand.FSDK.LoadImageFromAWTImage(LLuxand/FSDK$HImage;Ljava/awt/Image;I)I (456 bytes) @ 0x02e1b20c [0x02e1a8c0+0x94c]
J 2041 C1 liverecognition.AppFace$12.run()V (728 bytes) @ 0x02e03d98 [0x02e03cd0+0xc8]
v  ~StubRoutines::call_stub

---------------  P R O C E S S  ---------------

Java Threads: ( => current thread )
=>0x168ed400 JavaThread "Thread-4817" [_thread_in_vm, id=1400, stack(0x01100000,0x01150000)]
  0x168ed800 JavaThread "Thread-4528" [_thread_blocked, id=2496, stack(0x00f70000,0x00fc0000)]
  0x168ec800 JavaThread "Thread-4525" [_thread_blocked, id=8916, stack(0x011a0000,0x011f0000)]
  0x168ecc00 JavaThread "TimerQueue" daemon [_thread_blocked, id=452, stack(0x201d0000,0x20220000)]
  0x168bd800 JavaThread "WebSocketTimer" [_thread_blocked, id=13216, stack(0x1fe60000,0x1feb0000)]
  0x168c8000 JavaThread "WebSocketWriteThread-19" [_thread_blocked, id=7152, stack(0x1f4d0000,0x1f520000)]
  0x1689d400 JavaThread "WebSocketConnectReadThread-18" [_thread_in_native, id=3232, stack(0x1f3c0000,0x1f410000)]
  0x168c7800 JavaThread "Thread-3" [_thread_in_native, id=8060, stack(0x1f370000,0x1f3c0000)]
  0x02cfd400 JavaThread "DestroyJavaVM" [_thread_blocked, id=12020, stack(0x02ac0000,0x02b10000)]
  0x166dac00 JavaThread "AWT-EventQueue-0" [_thread_blocked, id=9320, stack(0x15df0000,0x15e40000)]
  0x15454800 JavaThread "AWT-Shutdown" [_thread_blocked, id=7212, stack(0x15be0000,0x15c30000)]
  0x15454000 JavaThread "Java2D Disposer" daemon [_thread_blocked, id=2524, stack(0x15b50000,0x15ba0000)]
  0x15298800 JavaThread "Service Thread" daemon [_thread_blocked, id=7428, stack(0x15920000,0x15970000)]
  0x15292000 JavaThread "C1 CompilerThread0" daemon [_thread_blocked, id=6420, stack(0x15890000,0x158e0000)]
  0x15291000 JavaThread "Attach Listener" daemon [_thread_blocked, id=6276, stack(0x15800000,0x15850000)]
  0x1528d400 JavaThread "Signal Dispatcher" daemon [_thread_blocked, id=5548, stack(0x15770000,0x157c0000)]
  0x1527ac00 JavaThread "Finalizer" daemon [_thread_blocked, id=7316, stack(0x155c0000,0x15610000)]
  0x15266000 JavaThread "Reference Handler" daemon [_thread_blocked, id=6128, stack(0x15530000,0x15580000)]

Other Threads:
  0x15260400 VMThread [stack: 0x154a0000,0x154f0000] [id=13076]
  0x1529c000 WatcherThread [stack: 0x159b0000,0x15a00000] [id=4496]

VM state:not at safepoint (normal execution)

VM Mutex/Monitor currently owned by a thread: None

Heap:
 def new generation   total 9088K, used 8604K [0x04e00000, 0x057d0000, 0x0a350000)
  eden space 8128K,  97% used [0x04e00000, 0x055b7250, 0x055f0000)
  from space 960K,  73% used [0x055f0000, 0x056a0038, 0x056e0000)
  to   space 960K,   0% used [0x056e0000, 0x056e0000, 0x057d0000)
 tenured generation   total 19916K, used 18028K [0x0a350000, 0x0b6c3000, 0x14e00000)
   the space 19916K,  90% used [0x0a350000, 0x0b4eb080, 0x0b4eb200, 0x0b6c3000)
 Metaspace       used 12185K, capacity 12390K, committed 12544K, reserved 12672K

Card table byte_map: [0x04d00000,0x04d90000] byte_map_base: 0x04cd9000

Polling page: 0x01300000

CodeCache: size=32768Kb used=2225Kb max_used=2508Kb free=30543Kb
 bounds [0x02d00000, 0x02f80000, 0x04d00000]
 total_blobs=1097 nmethods=838 adapters=189
 compilation: enabled

Compilation events (10 events):
Event: 152.299 Thread 0x15292000 2413             java.lang.Class::getClassLoader0 (5 bytes)
Event: 152.299 Thread 0x15292000 nmethod 2413 0x02f6f848 code [0x02f6f940, 0x02f6f9c0]
Event: 152.478 Thread 0x15292000 2414             java.awt.image.ComponentSampleModel::getBufferSize (191 bytes)
Event: 152.478 Thread 0x15292000 nmethod 2414 0x02f4e648 code [0x02f4e7a0, 0x02f4eb4c]
Event: 153.055 Thread 0x15292000 2415 % !         java.lang.ref.Finalizer$FinalizerThread::run @ 33 (55 bytes)
Event: 153.055 Thread 0x15292000 nmethod 2415% 0x02f6df48 code [0x02f6e0a0, 0x02f6e454]
Event: 153.099 Thread 0x15292000 2416             java.util.LinkedList::linkLast (59 bytes)
Event: 153.099 Thread 0x15292000 nmethod 2416 0x02f4e388 code [0x02f4e480, 0x02f4e5c0]
Event: 153.252 Thread 0x15292000 2417             java.lang.String::lastIndexOf (52 bytes)
Event: 153.252 Thread 0x15292000 nmethod 2417 0x02f6dc48 code [0x02f6dd50, 0x02f6de5c]

GC Heap History (10 events):
Event: 152.220 GC heap before
{Heap before GC invocations=741 (full 83):
 def new generation   total 9088K, used 9000K [0x04e00000, 0x057d0000, 0x0a350000)
  eden space 8128K, 100% used [0x04e00000, 0x055f0000, 0x055f0000)
  from space 960K,  90% used [0x056e0000, 0x057ba000, 0x057d0000)
  to   space 960K,   0% used [0x055f0000, 0x055f0000, 0x056e0000)
 tenured generation   total 19916K, used 12572K [0x0a350000, 0x0b6c3000, 0x14e00000)
   the space 19916K,  63% used [0x0a350000, 0x0af971d8, 0x0af97200, 0x0b6c3000)
 Metaspace       used 12161K, capacity 12358K, committed 12544K, reserved 12672K
Event: 152.221 GC heap after
Heap after GC invocations=742 (full 83):
 def new generation   total 9088K, used 945K [0x04e00000, 0x057d0000, 0x0a350000)
  eden space 8128K,   0% used [0x04e00000, 0x04e00000, 0x055f0000)
  from space 960K,  98% used [0x055f0000, 0x056dc530, 0x056e0000)
  to   space 960K,   0% used [0x056e0000, 0x056e0000, 0x057d0000)
 tenured generation   total 19916K, used 13483K [0x0a350000, 0x0b6c3000, 0x14e00000)
   the space 19916K,  67% used [0x0a350000, 0x0b07ae40, 0x0b07b000, 0x0b6c3000)
 Metaspace       used 12161K, capacity 12358K, committed 12544K, reserved 12672K
}
Event: 152.421 GC heap before
{Heap before GC invocations=742 (full 83):
 def new generation   total 9088K, used 8790K [0x04e00000, 0x057d0000, 0x0a350000)
  eden space 8128K,  96% used [0x04e00000, 0x055a9478, 0x055f0000)
  from space 960K,  98% used [0x055f0000, 0x056dc530, 0x056e0000)
  to   space 960K,   0% used [0x056e0000, 0x056e0000, 0x057d0000)
 tenured generation   total 19916K, used 13483K [0x0a350000, 0x0b6c3000, 0x14e00000)
   the space 19916K,  67% used [0x0a350000, 0x0b07ae40, 0x0b07b000, 0x0b6c3000)
 Metaspace       used 12161K, capacity 12358K, committed 12544K, reserved 12672K
Event: 152.422 GC heap after
Heap after GC invocations=743 (full 83):
 def new generation   total 9088K, used 684K [0x04e00000, 0x057d0000, 0x0a350000)
  eden space 8128K,   0% used [0x04e00000, 0x04e00000, 0x055f0000)
  from space 960K,  71% used [0x056e0000, 0x0578b3c8, 0x057d0000)
  to   space 960K,   0% used [0x055f0000, 0x055f0000, 0x056e0000)
 tenured generation   total 19916K, used 14093K [0x0a350000, 0x0b6c3000, 0x14e00000)
   the space 19916K,  70% used [0x0a350000, 0x0b1137c0, 0x0b113800, 0x0b6c3000)
 Metaspace       used 12161K, capacity 12358K, committed 12544K, reserved 12672K
}
Event: 152.617 GC heap before
{Heap before GC invocations=743 (full 83):
 def new generation   total 9088K, used 8812K [0x04e00000, 0x057d0000, 0x0a350000)
  eden space 8128K, 100% used [0x04e00000, 0x055f0000, 0x055f0000)
  from space 960K,  71% used [0x056e0000, 0x0578b3c8, 0x057d0000)
  to   space 960K,   0% used [0x055f0000, 0x055f0000, 0x056e0000)
 tenured generation   total 19916K, used 14093K [0x0a350000, 0x0b6c3000, 0x14e00000)
   the space 19916K,  70% used [0x0a350000, 0x0b1137c0, 0x0b113800, 0x0b6c3000)
 Metaspace       used 12161K, capacity 12358K, committed 12544K, reserved 12672K
Event: 152.619 GC heap after
Heap after GC invocations=744 (full 83):
 def new generation   total 9088K, used 872K [0x04e00000, 0x057d0000, 0x0a350000)
  eden space 8128K,   0% used [0x04e00000, 0x04e00000, 0x055f0000)
  from space 960K,  90% used [0x055f0000, 0x056ca230, 0x056e0000)
  to   space 960K,   0% used [0x056e0000, 0x056e0000, 0x057d0000)
 tenured generation   total 19916K, used 15605K [0x0a350000, 0x0b6c3000, 0x14e00000)
   the space 19916K,  78% used [0x0a350000, 0x0b28d708, 0x0b28d800, 0x0b6c3000)
 Metaspace       used 12161K, capacity 12358K, committed 12544K, reserved 12672K
}
Event: 152.871 GC heap before
{Heap before GC invocations=744 (full 83):
 def new generation   total 9088K, used 9000K [0x04e00000, 0x057d0000, 0x0a350000)
  eden space 8128K, 100% used [0x04e00000, 0x055f0000, 0x055f0000)
  from space 960K,  90% used [0x055f0000, 0x056ca230, 0x056e0000)
  to   space 960K,   0% used [0x056e0000, 0x056e0000, 0x057d0000)
 tenured generation   total 19916K, used 15605K [0x0a350000, 0x0b6c3000, 0x14e00000)
   the space 19916K,  78% used [0x0a350000, 0x0b28d708, 0x0b28d800, 0x0b6c3000)
 Metaspace       used 12161K, capacity 12358K, committed 12544K, reserved 12672K
Event: 152.872 GC heap after
Heap after GC invocations=745 (full 83):
 def new generation   total 9088K, used 865K [0x04e00000, 0x057d0000, 0x0a350000)
  eden space 8128K,   0% used [0x04e00000, 0x04e00000, 0x055f0000)
  from space 960K,  90% used [0x056e0000, 0x057b8568, 0x057d0000)
  to   space 960K,   0% used [0x055f0000, 0x055f0000, 0x056e0000)
 tenured generation   total 19916K, used 16817K [0x0a350000, 0x0b6c3000, 0x14e00000)
   the space 19916K,  84% used [0x0a350000, 0x0b3bc5e8, 0x0b3bc600, 0x0b6c3000)
 Metaspace       used 12161K, capacity 12358K, committed 12544K, reserved 12672K
}
Event: 153.053 GC heap before
{Heap before GC invocations=745 (full 83):
 def new generation   total 9088K, used 8993K [0x04e00000, 0x057d0000, 0x0a350000)
  eden space 8128K, 100% used [0x04e00000, 0x055f0000, 0x055f0000)
  from space 960K,  90% used [0x056e0000, 0x057b8568, 0x057d0000)
  to   space 960K,   0% used [0x055f0000, 0x055f0000, 0x056e0000)
 tenured generation   total 19916K, used 16817K [0x0a350000, 0x0b6c3000, 0x14e00000)
   the space 19916K,  84% used [0x0a350000, 0x0b3bc5e8, 0x0b3bc600, 0x0b6c3000)
 Metaspace       used 12161K, capacity 12358K, committed 12544K, reserved 12672K
Event: 153.054 GC heap after
Heap after GC invocations=746 (full 83):
 def new generation   total 9088K, used 704K [0x04e00000, 0x057d0000, 0x0a350000)
  eden space 8128K,   0% used [0x04e00000, 0x04e00000, 0x055f0000)
  from space 960K,  73% used [0x055f0000, 0x056a0038, 0x056e0000)
  to   space 960K,   0% used [0x056e0000, 0x056e0000, 0x057d0000)
 tenured generation   total 19916K, used 18028K [0x0a350000, 0x0b6c3000, 0x14e00000)
   the space 19916K,  90% used [0x0a350000, 0x0b4eb080, 0x0b4eb200, 0x0b6c3000)
 Metaspace       used 12161K, capacity 12358K, committed 12544K, reserved 12672K
}

Deoptimization events (0 events):
No events

Classes redefined (0 events):
No events

Internal exceptions (10 events):
Event: 0.308 Thread 0x02cfd400 Exception <a 'java/lang/ClassNotFoundException': Tree> (0x051129a0) thrown at [C:\re\workspace\8-2-build-windows-i586-cygwin\jdk8u171\10807\hotspot\src\share\vm\classfile\systemDictionary.cpp, line 210]
Event: 0.308 Thread 0x02cfd400 Exception <a 'java/lang/ClassNotFoundException': javax/swing/JTreeCell> (0x05112cd8) thrown at [C:\re\workspace\8-2-build-windows-i586-cygwin\jdk8u171\10807\hotspot\src\share\vm\classfile\systemDictionary.cpp, line 210]
Event: 0.308 Thread 0x02cfd400 Exception <a 'java/lang/ClassNotFoundException': TreeCell> (0x05113120) thrown at [C:\re\workspace\8-2-build-windows-i586-cygwin\jdk8u171\10807\hotspot\src\share\vm\classfile\systemDictionary.cpp, line 210]
Event: 0.309 Thread 0x02cfd400 Exception <a 'java/lang/ClassNotFoundException': RootPane> (0x05113a98) thrown at [C:\re\workspace\8-2-build-windows-i586-cygwin\jdk8u171\10807\hotspot\src\share\vm\classfile\systemDictionary.cpp, line 210]
Event: 11.170 Thread 0x168ec800 Exception <a 'java/io/FileNotFoundException'> (0x05237648) thrown at [C:\re\workspace\8-2-build-windows-i586-cygwin\jdk8u171\10807\hotspot\src\share\vm\prims\jni.cpp, line 709]
Event: 11.178 Thread 0x168ec800 Exception <a 'java/io/FileNotFoundException'> (0x05259b08) thrown at [C:\re\workspace\8-2-build-windows-i586-cygwin\jdk8u171\10807\hotspot\src\share\vm\prims\jni.cpp, line 709]
Event: 13.843 Thread 0x168ec800 Exception <a 'java/io/FileNotFoundException'> (0x05492710) thrown at [C:\re\workspace\8-2-build-windows-i586-cygwin\jdk8u171\10807\hotspot\src\share\vm\prims\jni.cpp, line 709]
Event: 13.843 Thread 0x168ec800 Exception <a 'java/io/FileNotFoundException'> (0x05493170) thrown at [C:\re\workspace\8-2-build-windows-i586-cygwin\jdk8u171\10807\hotspot\src\share\vm\prims\jni.cpp, line 709]
Event: 13.864 Thread 0x168ec800 Exception <a 'java/io/FileNotFoundException'> (0x04e02be0) thrown at [C:\re\workspace\8-2-build-windows-i586-cygwin\jdk8u171\10807\hotspot\src\share\vm\prims\jni.cpp, line 709]
Event: 13.864 Thread 0x168ec800 Exception <a 'java/io/FileNotFoundException'> (0x04e03638) thrown at [C:\re\workspace\8-2-build-windows-i586-cygwin\jdk8u171\10807\hotspot\src\share\vm\prims\jni.cpp, line 709]

Events (10 events):
Event: 153.204 loading class java/lang/ProcessBuilder done
Event: 153.204 loading class java/lang/ProcessImpl
Event: 153.204 loading class java/lang/Process
Event: 153.205 loading class java/lang/Process done
Event: 153.205 loading class java/lang/ProcessImpl done
Event: 153.224 loading class java/lang/ProcessImpl$2
Event: 153.224 loading class java/lang/ProcessImpl$2 done
Event: 153.225 Thread 0x168ee000 Thread exited: 0x168ee000
Event: 153.233 Thread 0x15455000 Thread exited: 0x15455000
Event: 153.252 Thread 0x168ed400 Thread added: 0x168ed400


Dynamic libraries:
0x000f0000 - 0x00123000 	C:\Program Files (x86)\Java\jdk1.8.0_171\jre\bin\java.exe
0x76f80000 - 0x77110000 	C:\WINDOWS\SYSTEM32\ntdll.dll
0x73860000 - 0x73940000 	C:\WINDOWS\System32\KERNEL32.DLL
0x757e0000 - 0x759c4000 	C:\WINDOWS\System32\KERNELBASE.dll
0x72720000 - 0x727bd000 	C:\WINDOWS\SYSTEM32\apphelp.dll
0x75ac0000 - 0x75b38000 	C:\WINDOWS\System32\ADVAPI32.dll
0x73d70000 - 0x73e2f000 	C:\WINDOWS\System32\msvcrt.dll
0x76450000 - 0x76494000 	C:\WINDOWS\System32\sechost.dll
0x75da0000 - 0x75e60000 	C:\WINDOWS\System32\RPCRT4.dll
0x73840000 - 0x73860000 	C:\WINDOWS\System32\SspiCli.dll
0x73830000 - 0x7383a000 	C:\WINDOWS\System32\CRYPTBASE.dll
0x764a0000 - 0x764f8000 	C:\WINDOWS\System32\bcryptPrimitives.dll
0x75ed0000 - 0x7605d000 	C:\WINDOWS\System32\USER32.dll
0x73c70000 - 0x73c87000 	C:\WINDOWS\System32\win32u.dll
0x76590000 - 0x765b2000 	C:\WINDOWS\System32\GDI32.dll
0x739b0000 - 0x73b14000 	C:\WINDOWS\System32\gdi32full.dll
0x76c70000 - 0x76ced000 	C:\WINDOWS\System32\msvcp_win.dll
0x76060000 - 0x7617e000 	C:\WINDOWS\System32\ucrtbase.dll
0x72d80000 - 0x72f84000 	C:\WINDOWS\WinSxS\x86_microsoft.windows.common-controls_6595b64144ccf1df_6.0.17134.112_none_42ecccf244e44518\COMCTL32.dll
0x75b40000 - 0x75d9c000 	C:\WINDOWS\System32\combase.dll
0x757b0000 - 0x757d6000 	C:\WINDOWS\System32\IMM32.DLL
0x725d0000 - 0x7268f000 	C:\Program Files (x86)\Java\jdk1.8.0_171\jre\bin\msvcr100.dll
0x721f0000 - 0x725c1000 	C:\Program Files (x86)\Java\jdk1.8.0_171\jre\bin\client\jvm.dll
0x759e0000 - 0x759e6000 	C:\WINDOWS\System32\PSAPI.DLL
0x733c0000 - 0x733c8000 	C:\WINDOWS\SYSTEM32\VERSION.dll
0x721c0000 - 0x721e4000 	C:\WINDOWS\SYSTEM32\WINMM.dll
0x73740000 - 0x73748000 	C:\WINDOWS\SYSTEM32\WSOCK32.dll
0x75e60000 - 0x75ec7000 	C:\WINDOWS\System32\WS2_32.dll
0x72190000 - 0x721b3000 	C:\WINDOWS\SYSTEM32\WINMMBASE.dll
0x76b90000 - 0x76bc9000 	C:\WINDOWS\System32\cfgmgr32.dll
0x72180000 - 0x7218c000 	C:\Program Files (x86)\Java\jdk1.8.0_171\jre\bin\verify.dll
0x72150000 - 0x72172000 	C:\Program Files (x86)\Java\jdk1.8.0_171\jre\bin\java.dll
0x72130000 - 0x72144000 	C:\Program Files (x86)\Java\jdk1.8.0_171\jre\bin\zip.dll
0x74450000 - 0x7579a000 	C:\WINDOWS\System32\SHELL32.dll
0x73e90000 - 0x73f18000 	C:\WINDOWS\System32\shcore.dll
0x765c0000 - 0x76b7a000 	C:\WINDOWS\System32\windows.storage.dll
0x73f20000 - 0x73f65000 	C:\WINDOWS\System32\shlwapi.dll
0x76b80000 - 0x76b8f000 	C:\WINDOWS\System32\kernel.appcore.dll
0x743a0000 - 0x743b8000 	C:\WINDOWS\System32\profapi.dll
0x73e30000 - 0x73e75000 	C:\WINDOWS\System32\powrprof.dll
0x73e80000 - 0x73e88000 	C:\WINDOWS\System32\FLTLIB.DLL
0x71f70000 - 0x720b5000 	C:\Program Files (x86)\Java\jdk1.8.0_171\jre\bin\awt.dll
0x76bd0000 - 0x76c66000 	C:\WINDOWS\System32\OLEAUT32.dll
0x72cf0000 - 0x72d6c000 	C:\WINDOWS\system32\uxtheme.dll
0x73b20000 - 0x73c64000 	C:\WINDOWS\System32\MSCTF.dll
0x71ea0000 - 0x71ec3000 	C:\WINDOWS\system32\dwmapi.dll
0x76350000 - 0x7644c000 	C:\WINDOWS\System32\ole32.dll
0x71c80000 - 0x71cb9000 	C:\Program Files (x86)\Java\jdk1.8.0_171\jre\bin\fontmanager.dll
0x71d90000 - 0x71e69000 	C:\WINDOWS\system32\opengl32.dll
0x71d50000 - 0x71d8f000 	C:\WINDOWS\SYSTEM32\GLU32.dll
0x72110000 - 0x72125000 	C:\Program Files (x86)\Java\jdk1.8.0_171\jre\bin\net.dll
0x736d0000 - 0x73726000 	C:\WINDOWS\system32\mswsock.dll
0x72100000 - 0x7210f000 	C:\Program Files (x86)\Java\jdk1.8.0_171\jre\bin\nio.dll
0x71660000 - 0x71692000 	C:\Program Files (x86)\Java\jdk1.8.0_171\jre\bin\t2k.dll
0x16e00000 - 0x1a5c2000 	D:\development\App Java\face\facewithRaspberry\appDesktop\facesdk.dll
0x73610000 - 0x73640000 	C:\WINDOWS\SYSTEM32\IPHLPAPI.DLL
0x71f00000 - 0x71f13000 	C:\WINDOWS\SYSTEM32\CRYPTSP.dll
0x71ed0000 - 0x71eff000 	C:\WINDOWS\system32\rsaenh.dll
0x73590000 - 0x735a9000 	C:\WINDOWS\SYSTEM32\bcrypt.dll
0x73390000 - 0x733b1000 	C:\WINDOWS\SYSTEM32\USERENV.dll
0x73940000 - 0x73947000 	C:\WINDOWS\System32\NSI.dll
0x720e0000 - 0x720f3000 	C:\WINDOWS\SYSTEM32\dhcpcsvc6.DLL
0x720c0000 - 0x720d4000 	C:\WINDOWS\SYSTEM32\dhcpcsvc.DLL
0x1ab10000 - 0x1ab65000 	C:\Users\Alex\AppData\Local\Temp\jna8039852661422401804.dll
0x73200000 - 0x73382000 	C:\WINDOWS\SYSTEM32\dbghelp.dll
0x71a70000 - 0x71aee000 	C:\WINDOWS\System32\TextInputFramework.dll
0x71810000 - 0x71a6d000 	C:\WINDOWS\System32\CoreUIComponents.dll
0x71780000 - 0x7180b000 	C:\WINDOWS\System32\CoreMessaging.dll
0x72980000 - 0x729a9000 	C:\WINDOWS\SYSTEM32\ntmarta.dll
0x716a0000 - 0x71776000 	C:\WINDOWS\SYSTEM32\wintypes.dll
0x15e60000 - 0x15e67000 	C:\Program Files (x86)\Internet Download Manager\idmmkb.dll
0x714b0000 - 0x714d4000 	C:\Program Files (x86)\Java\jdk1.8.0_171\jre\bin\dcpr.dll
0x727e0000 - 0x72806000 	C:\Program Files (x86)\Java\jdk1.8.0_171\jre\bin\jpeg.dll
0x73640000 - 0x736ce000 	C:\WINDOWS\SYSTEM32\DNSAPI.dll
0x73600000 - 0x73608000 	C:\Windows\System32\rasadhlp.dll
0x735b0000 - 0x735ff000 	C:\WINDOWS\System32\fwpuclnt.dll
0x71d30000 - 0x71d41000 	C:\WINDOWS\system32\napinsp.dll
0x71d10000 - 0x71d26000 	C:\WINDOWS\system32\pnrpnsp.dll
0x71cf0000 - 0x71d03000 	C:\WINDOWS\system32\NLAapi.dll
0x71ce0000 - 0x71cec000 	C:\WINDOWS\System32\winrnr.dll
0x71cc0000 - 0x71cd1000 	C:\WINDOWS\System32\wshbth.dll
0x70ec0000 - 0x70ee0000 	C:\Program Files (x86)\Java\jdk1.8.0_171\jre\bin\sunec.dll
0x743c0000 - 0x74443000 	C:\WINDOWS\System32\clbcatq.dll
0x714e0000 - 0x71651000 	C:\WINDOWS\SYSTEM32\WindowsCodecs.dll
0x71f20000 - 0x71f29000 	C:\Program Files (x86)\Java\jdk1.8.0_171\jre\bin\sunmscapi.dll
0x76cf0000 - 0x76e86000 	C:\WINDOWS\System32\CRYPT32.dll
0x759d0000 - 0x759de000 	C:\WINDOWS\System32\MSASN1.dll

VM Arguments:
jvm_args: -Dfile.encoding=UTF-8 
java_command: liverecognition.AppFace
java_class_path (initial): D:\development\App Java\face\facewithRaspberry\appDesktop\FaceSDK.jar;D:\development\App Java\face\facewithRaspberry\appDesktop\jna.jar;D:\development\App Java\face\facewithRaspberry\appDesktop\lib\mail.jar;D:\development\App Java\face\facewithRaspberry\appDesktop\lib\swingx-1.6.1.jar;D:\development\App Java\face\facewithRaspberry\appDesktop\lib\jfoenix-8.0.4.jar;D:\development\App Java\face\facewithRaspberry\appDesktop\lib\twilio-java-sdk-6.3.0.jar;D:\development\App Java\face\facewithRaspberry\appDesktop\lib\Java-WebSocket-1.3.8.jar;D:\development\App Java\face\facewithRaspberry\appDesktop\build\classes
Launcher Type: SUN_STANDARD

Environment Variables:
PATH=C:\Program Files (x86)\Common Files\Oracle\Java\javapath;C:\Python27\;C:\Python27\Scripts;C:\WINDOWS\system32;C:\WINDOWS;C:\WINDOWS\System32\Wbem;C:\WINDOWS\System32\WindowsPowerShell\v1.0\;C:\Program Files\Git\cmd;C:\Program Files\dotnet\;C:\Program Files\Microsoft SQL Server\130\Tools\Binn\;C:\Program Files\Microsoft SQL Server\Client SDK\ODBC\130\Tools\Binn\;C:\Program Files (x86)\Microsoft SQL Server\130\Tools\Binn\;C:\Program Files\Microsoft SQL Server\130\DTS\Binn\;C:\Program Files (x86)\Microsoft SQL Server\Client SDK\ODBC\130\Tools\Binn\;C:\Program Files (x86)\Microsoft SQL Server\140\Tools\Binn\;C:\Program Files (x86)\Microsoft SQL Server\140\DTS\Binn\;C:\Program Files (x86)\Microsoft SQL Server\140\Tools\Binn\ManagementStudio\;C:\xampp\php;C:\ProgramData\ComposerSetup\bin;C:\Program Files\SlikSvn\bin;C:\Program Files\Java\apache-maven-3.5.3\bin;C:\Program Files (x86)\Java\jdk1.8.0_171;C:\Program Files (x86)\Java\jdk1.8.0_171\bin;C:\Program Files (x86)\Java\jdk1.8.0_171\lib;C:\Program Files (x86)\Java\jdk1.8.0_171\jre;C:\Program Files (x86)\Java\jdk1.8.0_171\jre\bin;C:\Program Files (x86)\Java\jdk1.8.0_171\jre\lib;C:\WINDOWS\System32\OpenSSH\;C:\Program Files (x86)\CMake\bin;C:\Program Files\nodejs\;C:\Users\Alex\AppData\Local\Microsoft\WindowsApps;C:\Users\Alex\AppData\Roaming\Composer\vendor\bin;C:\Program Files\Java\apache-maven-3.5.3\bin;;C:\Program Files\Microsoft VS Code\bin;C:\Users\Alex\AppData\Roaming\npm
USERNAME=Alex
OS=Windows_NT
PROCESSOR_IDENTIFIER=Intel64 Family 6 Model 42 Stepping 7, GenuineIntel



---------------  S Y S T E M  ---------------

OS: Windows 10.0 , 64 bit Build 17134 (10.0.17134.1)

CPU:total 4 (initial active 4) (2 cores per cpu, 2 threads per core) family 6 model 42 stepping 7, cmov, cx8, fxsr, mmx, sse, sse2, sse3, ssse3, sse4.1, sse4.2, popcnt, avx, aes, clmul, ht, tsc, tscinvbit

Memory: 4k page, physical 8294284k(2316348k free), swap 12750732k(4701580k free)

vm_info: Java HotSpot(TM) Client VM (25.171-b11) for windows-x86 JRE (1.8.0_171-b11), built on Mar 28 2018 14:51:22 by "java_re" with MS VC++ 10.0 (VS2010)

time: Wed Jun 27 01:01:11 2018
elapsed time: 153 seconds (0d 0h 2m 33s)

