#
# A fatal error has been detected by the Java Runtime Environment:
#
#  EXCEPTION_ACCESS_VIOLATION (0xc0000005) at pc=0x72b47739, pid=1064, tid=0x0000125c
#
# JRE version: Java(TM) SE Runtime Environment (8.0_171-b11) (build 1.8.0_171-b11)
# Java VM: Java HotSpot(TM) Client VM (25.171-b11 mixed mode, sharing windows-x86 )
# Problematic frame:
# V  [jvm.dll+0xd7739]
#
# Failed to write core dump. Minidumps are not enabled by default on client versions of Windows
#
# If you would like to submit a bug report, please visit:
#   http://bugreport.java.com/bugreport/crash.jsp
#

---------------  T H R E A D  ---------------

Current thread (0x1690e000):  JavaThread "Thread-686" [_thread_in_vm, id=4700, stack(0x16010000,0x16060000)]

siginfo: ExceptionCode=0xc0000005, reading address 0x00000000

Registers:
EAX=0x00000000, EBX=0x15472d01, ECX=0x00000000, EDX=0x00000000
ESP=0x1605eb9c, EBP=0x1605eba8, ESI=0x15472d58, EDI=0x1690e000
EIP=0x72b47739, EFLAGS=0x00010202

Top of Stack: (sp=0x1605eb9c)
0x1605eb9c:   1605ec90 00000000 15472d58 1605ee98
0x1605ebac:   16174228 1690e140 15472d58 00000000
0x1605ebbc:   0281daf1 1690e140 0503d5d0 0281ddc1
0x1605ebcc:   0000027f 00000000 0000ffff 00000030
0x1605ebdc:   161741b7 1605ec0c 156430f0 00000000
0x1605ebec:   1560ac70 00000000 1605ec08 1605ec38
0x1605ebfc:   028147c4 0503d5d0 0281a1e6 00000030
0x1605ec0c:   161741a3 00000005 00000000 1605ec10 

Instructions: (pc=0x72b47739)
0x72b47719:   1a 0a 00 33 ff eb 02 8b f9 6a 06 57 e8 b6 fc f2
0x72b47729:   ff 8b 75 0c 83 c4 08 b3 01 85 f6 74 39 8b 45 10
0x72b47739:   8b 00 50 32 db e8 1d b0 f6 ff 83 c4 04 85 c0 74
0x72b47749:   25 8b 0e 8b 49 04 8b 50 08 39 04 0a 75 04 b0 01 


Register to memory mapping:

EAX=0x00000000 is an unknown value
EBX=0x15472d01 is an unknown value
ECX=0x00000000 is an unknown value
EDX=0x00000000 is an unknown value
ESP=0x1605eb9c is pointing into the stack for thread: 0x1690e000
EBP=0x1605eba8 is pointing into the stack for thread: 0x1690e000
ESI=0x15472d58 is an unknown value
EDI=0x1690e000 is a thread


Stack: [0x16010000,0x16060000],  sp=0x1605eb9c,  free space=314k
Native frames: (J=compiled Java code, j=interpreted, Vv=VM code, C=native code)
V  [jvm.dll+0xd7739]
C  [jna7605752334032504018.dll+0x4228]
C  [jna7605752334032504018.dll+0x4d0e]
j  com.sun.jna.Native.invokeInt(JI[Ljava/lang/Object;)I+0
j  com.sun.jna.Function.invoke([Ljava/lang/Object;Ljava/lang/Class;Z)Ljava/lang/Object;+333
J 403 C1 com.sun.jna.Function.invoke(Ljava/lang/Class;[Ljava/lang/Object;Ljava/util/Map;)Ljava/lang/Object; (526 bytes) @ 0x0294cd98 [0x0294c910+0x488]
j  com.sun.jna.Library$Handler.invoke(Ljava/lang/Object;Ljava/lang/reflect/Method;[Ljava/lang/Object;)Ljava/lang/Object;+341
j  Luxand.$Proxy0.FSDK_LoadImageFromBuffer(Lcom/sun/jna/ptr/IntByReference;[BIIII)I+52
J 295 C1 Luxand.FSDK.LoadImageFromAWTImage(LLuxand/FSDK$HImage;Ljava/awt/Image;I)I (456 bytes) @ 0x02929b8c [0x02929240+0x94c]
j  liverecognition.AppFace$13.run()V+28
v  ~StubRoutines::call_stub
V  [jvm.dll+0x15b985]
V  [jvm.dll+0x22262e]
V  [jvm.dll+0x15ba1e]
V  [jvm.dll+0x15bba6]
V  [jvm.dll+0x15bc17]
V  [jvm.dll+0xffb3f]
V  [jvm.dll+0x17eb50]
V  [jvm.dll+0x17f3ca]
V  [jvm.dll+0x1c3fe6]
C  [msvcr100.dll+0x5c556]
C  [msvcr100.dll+0x5c600]
C  [KERNEL32.DLL+0x18484]
C  [ntdll.dll+0x62fea]
C  [ntdll.dll+0x62fba]
C  0x00000000

Java frames: (J=compiled Java code, j=interpreted, Vv=VM code)
j  com.sun.jna.Native.invokeInt(JI[Ljava/lang/Object;)I+0
j  com.sun.jna.Function.invoke([Ljava/lang/Object;Ljava/lang/Class;Z)Ljava/lang/Object;+333
J 403 C1 com.sun.jna.Function.invoke(Ljava/lang/Class;[Ljava/lang/Object;Ljava/util/Map;)Ljava/lang/Object; (526 bytes) @ 0x0294cd98 [0x0294c910+0x488]
j  com.sun.jna.Library$Handler.invoke(Ljava/lang/Object;Ljava/lang/reflect/Method;[Ljava/lang/Object;)Ljava/lang/Object;+341
j  Luxand.$Proxy0.FSDK_LoadImageFromBuffer(Lcom/sun/jna/ptr/IntByReference;[BIIII)I+52
J 295 C1 Luxand.FSDK.LoadImageFromAWTImage(LLuxand/FSDK$HImage;Ljava/awt/Image;I)I (456 bytes) @ 0x02929b8c [0x02929240+0x94c]
j  liverecognition.AppFace$13.run()V+28
v  ~StubRoutines::call_stub

---------------  P R O C E S S  ---------------

Java Threads: ( => current thread )
  0x1690c800 JavaThread "Thread-0" daemon [_thread_in_native, id=7028, stack(0x203c0000,0x20410000)]
=>0x1690e000 JavaThread "Thread-686" [_thread_in_vm, id=4700, stack(0x16010000,0x16060000)]
  0x1690c000 JavaThread "Thread-229" [_thread_in_native, id=14664, stack(0x15f80000,0x15fd0000)]
  0x168e6c00 JavaThread "WebSocketTimer" [_thread_blocked, id=8116, stack(0x1f130000,0x1f180000)]
  0x154d2800 JavaThread "WebSocketWriteThread-20" [_thread_blocked, id=12512, stack(0x1efa0000,0x1eff0000)]
  0x168e1c00 JavaThread "WebSocketConnectReadThread-19" [_thread_in_native, id=13000, stack(0x1ee90000,0x1eee0000)]
  0x168e1400 JavaThread "Thread-3" [_thread_in_native, id=13036, stack(0x1ee40000,0x1ee90000)]
  0x00e5d400 JavaThread "DestroyJavaVM" [_thread_blocked, id=13484, stack(0x00740000,0x00790000)]
  0x15493800 JavaThread "AWT-EventQueue-0" [_thread_blocked, id=5508, stack(0x15ef0000,0x15f40000)]
  0x15480c00 JavaThread "AWT-Shutdown" [_thread_blocked, id=9068, stack(0x15cd0000,0x15d20000)]
  0x15480800 JavaThread "Java2D Disposer" daemon [_thread_blocked, id=13616, stack(0x15c80000,0x15cd0000)]
  0x00d38800 JavaThread "Service Thread" daemon [_thread_blocked, id=4996, stack(0x152a0000,0x152f0000)]
  0x00d12000 JavaThread "C1 CompilerThread0" daemon [_thread_blocked, id=1648, stack(0x15210000,0x15260000)]
  0x00d11000 JavaThread "Attach Listener" daemon [_thread_blocked, id=10832, stack(0x15180000,0x151d0000)]
  0x00d0f000 JavaThread "Signal Dispatcher" daemon [_thread_blocked, id=10448, stack(0x15130000,0x15180000)]
  0x00d05c00 JavaThread "Finalizer" daemon [_thread_blocked, id=3176, stack(0x04930000,0x04980000)]
  0x00ca7c00 JavaThread "Reference Handler" daemon [_thread_blocked, id=2156, stack(0x048a0000,0x048f0000)]

Other Threads:
  0x00ca4800 VMThread [stack: 0x04810000,0x04860000] [id=12456]
  0x00d46800 WatcherThread [stack: 0x15330000,0x15380000] [id=5852]

VM state:not at safepoint (normal execution)

VM Mutex/Monitor currently owned by a thread: None

Heap:
 def new generation   total 18816K, used 8861K [0x04a00000, 0x05e60000, 0x09f50000)
  eden space 16768K,  45% used [0x04a00000, 0x0516d9c8, 0x05a60000)
  from space 2048K,  61% used [0x05c60000, 0x05d99a48, 0x05e60000)
  to   space 2048K,   0% used [0x05a60000, 0x05a60000, 0x05c60000)
 tenured generation   total 41516K, used 16068K [0x09f50000, 0x0c7db000, 0x14a00000)
   the space 41516K,  38% used [0x09f50000, 0x0af01298, 0x0af01400, 0x0c7db000)
 Metaspace       used 4272K, capacity 4480K, committed 4480K, reserved 4480K

Card table byte_map: [0x00e60000,0x00ef0000] byte_map_base: 0x00e3b000

Polling page: 0x00a20000

CodeCache: size=32768Kb used=2164Kb max_used=2164Kb free=30603Kb
 bounds [0x02810000, 0x02a30000, 0x04810000]
 total_blobs=1146 nmethods=887 adapters=189
 compilation: enabled

Compilation events (10 events):
Event: 24.461 Thread 0x00d12000  892             java.security.AccessControlContext::<init> (63 bytes)
Event: 24.461 Thread 0x00d12000 nmethod 892 0x02a2c948 code [0x02a2ca50, 0x02a2cb6c]
Event: 25.004 Thread 0x00d12000  893             sun.java2d.pipe.Region::isInsideQuickCheck (57 bytes)
Event: 25.004 Thread 0x00d12000 nmethod 893 0x02a2cc48 code [0x02a2cd40, 0x02a2ce20]
Event: 25.606 Thread 0x00d12000  894             java.util.LinkedList::unlinkFirst (64 bytes)
Event: 25.606 Thread 0x00d12000 nmethod 894 0x02a2ce88 code [0x02a2cf80, 0x02a2d080]
Event: 25.628 Thread 0x00d12000  895             java.util.logging.LogManager$LoggerContext::getOwner (5 bytes)
Event: 25.628 Thread 0x00d12000 nmethod 895 0x02a2d108 code [0x02a2d200, 0x02a2d280]
Event: 25.655 Thread 0x00d12000  896             java.lang.reflect.Field::getModifiers (5 bytes)
Event: 25.655 Thread 0x00d12000 nmethod 896 0x02a2d2c8 code [0x02a2d3c0, 0x02a2d440]

GC Heap History (10 events):
Event: 24.929 GC heap before
{Heap before GC invocations=249 (full 35):
 def new generation   total 18752K, used 16870K [0x04a00000, 0x05e50000, 0x09f50000)
  eden space 16704K,  94% used [0x04a00000, 0x05979f68, 0x05a50000)
  from space 2048K,  49% used [0x05c50000, 0x05d4fb90, 0x05e50000)
  to   space 2048K,   0% used [0x05a50000, 0x05a50000, 0x05c50000)
 tenured generation   total 41516K, used 30610K [0x09f50000, 0x0c7db000, 0x14a00000)
   the space 41516K,  73% used [0x09f50000, 0x0bd34ac0, 0x0bd34c00, 0x0c7db000)
 Metaspace       used 4248K, capacity 4448K, committed 4480K, reserved 4480K
Event: 24.931 GC heap after
Heap after GC invocations=250 (full 35):
 def new generation   total 18752K, used 1305K [0x04a00000, 0x05e50000, 0x09f50000)
  eden space 16704K,   0% used [0x04a00000, 0x04a00000, 0x05a50000)
  from space 2048K,  63% used [0x05a50000, 0x05b96758, 0x05c50000)
  to   space 2048K,   0% used [0x05c50000, 0x05c50000, 0x05e50000)
 tenured generation   total 41516K, used 33910K [0x09f50000, 0x0c7db000, 0x14a00000)
   the space 41516K,  81% used [0x09f50000, 0x0c06daf0, 0x0c06dc00, 0x0c7db000)
 Metaspace       used 4248K, capacity 4448K, committed 4480K, reserved 4480K
}
Event: 25.106 GC heap before
{Heap before GC invocations=250 (full 35):
 def new generation   total 18752K, used 18009K [0x04a00000, 0x05e50000, 0x09f50000)
  eden space 16704K, 100% used [0x04a00000, 0x05a50000, 0x05a50000)
  from space 2048K,  63% used [0x05a50000, 0x05b96758, 0x05c50000)
  to   space 2048K,   0% used [0x05c50000, 0x05c50000, 0x05e50000)
 tenured generation   total 41516K, used 33910K [0x09f50000, 0x0c7db000, 0x14a00000)
   the space 41516K,  81% used [0x09f50000, 0x0c06daf0, 0x0c06dc00, 0x0c7db000)
 Metaspace       used 4248K, capacity 4448K, committed 4480K, reserved 4480K
Event: 25.108 GC heap after
Heap after GC invocations=251 (full 35):
 def new generation   total 18752K, used 938K [0x04a00000, 0x05e50000, 0x09f50000)
  eden space 16704K,   0% used [0x04a00000, 0x04a00000, 0x05a50000)
  from space 2048K,  45% used [0x05c50000, 0x05d3aba0, 0x05e50000)
  to   space 2048K,   0% used [0x05a50000, 0x05a50000, 0x05c50000)
 tenured generation   total 41516K, used 38734K [0x09f50000, 0x0c7db000, 0x14a00000)
   the space 41516K,  93% used [0x09f50000, 0x0c5238e0, 0x0c523a00, 0x0c7db000)
 Metaspace       used 4248K, capacity 4448K, committed 4480K, reserved 4480K
}
Event: 25.257 GC heap before
{Heap before GC invocations=251 (full 35):
 def new generation   total 18752K, used 16986K [0x04a00000, 0x05e50000, 0x09f50000)
  eden space 16704K,  96% used [0x04a00000, 0x059abfd8, 0x05a50000)
  from space 2048K,  45% used [0x05c50000, 0x05d3aba0, 0x05e50000)
  to   space 2048K,   0% used [0x05a50000, 0x05a50000, 0x05c50000)
 tenured generation   total 41516K, used 38734K [0x09f50000, 0x0c7db000, 0x14a00000)
   the space 41516K,  93% used [0x09f50000, 0x0c5238e0, 0x0c523a00, 0x0c7db000)
 Metaspace       used 4248K, capacity 4448K, committed 4480K, reserved 4480K
Event: 25.259 GC heap after
Heap after GC invocations=252 (full 35):
 def new generation   total 18752K, used 1297K [0x04a00000, 0x05e50000, 0x09f50000)
  eden space 16704K,   0% used [0x04a00000, 0x04a00000, 0x05a50000)
  from space 2048K,  63% used [0x05a50000, 0x05b94650, 0x05c50000)
  to   space 2048K,   0% used [0x05c50000, 0x05c50000, 0x05e50000)
 tenured generation   total 41516K, used 39934K [0x09f50000, 0x0c7db000, 0x14a00000)
   the space 41516K,  96% used [0x09f50000, 0x0c64f8f0, 0x0c64fa00, 0x0c7db000)
 Metaspace       used 4248K, capacity 4448K, committed 4480K, reserved 4480K
}
Event: 25.394 GC heap before
{Heap before GC invocations=252 (full 35):
 def new generation   total 18752K, used 17264K [0x04a00000, 0x05e50000, 0x09f50000)
  eden space 16704K,  95% used [0x04a00000, 0x05997bf8, 0x05a50000)
  from space 2048K,  63% used [0x05a50000, 0x05b94650, 0x05c50000)
  to   space 2048K,   0% used [0x05c50000, 0x05c50000, 0x05e50000)
 tenured generation   total 41516K, used 39934K [0x09f50000, 0x0c7db000, 0x14a00000)
   the space 41516K,  96% used [0x09f50000, 0x0c64f8f0, 0x0c64fa00, 0x0c7db000)
 Metaspace       used 4248K, capacity 4448K, committed 4480K, reserved 4480K
Event: 25.412 GC heap after
Heap after GC invocations=253 (full 36):
 def new generation   total 18816K, used 0K [0x04a00000, 0x05e60000, 0x09f50000)
  eden space 16768K,   0% used [0x04a00000, 0x04a00000, 0x05a60000)
  from space 2048K,   0% used [0x05a60000, 0x05a60000, 0x05c60000)
  to   space 2048K,   0% used [0x05c60000, 0x05c60000, 0x05e60000)
 tenured generation   total 41516K, used 12768K [0x09f50000, 0x0c7db000, 0x14a00000)
   the space 41516K,  30% used [0x09f50000, 0x0abc8268, 0x0abc8400, 0x0c7db000)
 Metaspace       used 4248K, capacity 4448K, committed 4480K, reserved 4480K
}
Event: 25.625 GC heap before
{Heap before GC invocations=253 (full 36):
 def new generation   total 18816K, used 16616K [0x04a00000, 0x05e60000, 0x09f50000)
  eden space 16768K,  99% used [0x04a00000, 0x05a3a348, 0x05a60000)
  from space 2048K,   0% used [0x05a60000, 0x05a60000, 0x05c60000)
  to   space 2048K,   0% used [0x05c60000, 0x05c60000, 0x05e60000)
 tenured generation   total 41516K, used 12768K [0x09f50000, 0x0c7db000, 0x14a00000)
   the space 41516K,  30% used [0x09f50000, 0x0abc8268, 0x0abc8400, 0x0c7db000)
 Metaspace       used 4248K, capacity 4448K, committed 4480K, reserved 4480K
Event: 25.627 GC heap after
Heap after GC invocations=254 (full 36):
 def new generation   total 18816K, used 1254K [0x04a00000, 0x05e60000, 0x09f50000)
  eden space 16768K,   0% used [0x04a00000, 0x04a00000, 0x05a60000)
  from space 2048K,  61% used [0x05c60000, 0x05d99a48, 0x05e60000)
  to   space 2048K,   0% used [0x05a60000, 0x05a60000, 0x05c60000)
 tenured generation   total 41516K, used 16068K [0x09f50000, 0x0c7db000, 0x14a00000)
   the space 41516K,  38% used [0x09f50000, 0x0af01298, 0x0af01400, 0x0c7db000)
 Metaspace       used 4248K, capacity 4448K, committed 4480K, reserved 4480K
}

Deoptimization events (0 events):
No events

Classes redefined (0 events):
No events

Internal exceptions (10 events):
Event: 0.260 Thread 0x00e5d400 Exception <a 'java/lang/ClassNotFoundException': Tree> (0x04d12aa8) thrown at [C:\re\workspace\8-2-build-windows-i586-cygwin\jdk8u171\10807\hotspot\src\share\vm\classfile\systemDictionary.cpp, line 210]
Event: 0.260 Thread 0x00e5d400 Exception <a 'java/lang/ClassNotFoundException': javax/swing/JTreeCell> (0x04d12de0) thrown at [C:\re\workspace\8-2-build-windows-i586-cygwin\jdk8u171\10807\hotspot\src\share\vm\classfile\systemDictionary.cpp, line 210]
Event: 0.260 Thread 0x00e5d400 Exception <a 'java/lang/ClassNotFoundException': TreeCell> (0x04d13228) thrown at [C:\re\workspace\8-2-build-windows-i586-cygwin\jdk8u171\10807\hotspot\src\share\vm\classfile\systemDictionary.cpp, line 210]
Event: 0.261 Thread 0x00e5d400 Exception <a 'java/lang/ClassNotFoundException': RootPane> (0x04d13ba0) thrown at [C:\re\workspace\8-2-build-windows-i586-cygwin\jdk8u171\10807\hotspot\src\share\vm\classfile\systemDictionary.cpp, line 210]
Event: 9.575 Thread 0x1690c000 Exception <a 'java/io/FileNotFoundException'> (0x04ec1f58) thrown at [C:\re\workspace\8-2-build-windows-i586-cygwin\jdk8u171\10807\hotspot\src\share\vm\prims\jni.cpp, line 709]
Event: 9.582 Thread 0x1690c000 Exception <a 'java/io/FileNotFoundException'> (0x04ee3d08) thrown at [C:\re\workspace\8-2-build-windows-i586-cygwin\jdk8u171\10807\hotspot\src\share\vm\prims\jni.cpp, line 709]
Event: 23.585 Thread 0x1690c000 Exception <a 'java/io/FileNotFoundException'> (0x05065830) thrown at [C:\re\workspace\8-2-build-windows-i586-cygwin\jdk8u171\10807\hotspot\src\share\vm\prims\jni.cpp, line 709]
Event: 23.585 Thread 0x1690c000 Exception <a 'java/io/FileNotFoundException'> (0x050662b8) thrown at [C:\re\workspace\8-2-build-windows-i586-cygwin\jdk8u171\10807\hotspot\src\share\vm\prims\jni.cpp, line 709]
Event: 23.593 Thread 0x1690c000 Exception <a 'java/io/FileNotFoundException'> (0x05092b08) thrown at [C:\re\workspace\8-2-build-windows-i586-cygwin\jdk8u171\10807\hotspot\src\share\vm\prims\jni.cpp, line 709]
Event: 23.593 Thread 0x1690c000 Exception <a 'java/io/FileNotFoundException'> (0x050935b8) thrown at [C:\re\workspace\8-2-build-windows-i586-cygwin\jdk8u171\10807\hotspot\src\share\vm\prims\jni.cpp, line 709]

Events (10 events):
Event: 25.628 loading class java/util/WeakHashMap$KeyIterator done
Event: 25.628 Thread 0x1690dc00 Thread exited: 0x1690dc00
Event: 25.628 Thread 0x1690d400 Thread exited: 0x1690d400
Event: 25.634 Thread 0x15481400 Thread exited: 0x15481400
Event: 25.657 loading class java/lang/ProcessBuilder
Event: 25.657 loading class java/lang/ProcessBuilder done
Event: 25.658 loading class java/lang/ProcessImpl
Event: 25.658 loading class java/lang/Process
Event: 25.658 loading class java/lang/Process done
Event: 25.658 loading class java/lang/ProcessImpl done


Dynamic libraries:
0x013c0000 - 0x013f3000 	C:\Program Files (x86)\Java\jdk1.8.0_171\jre\bin\java.exe
0x77880000 - 0x77a10000 	C:\WINDOWS\SYSTEM32\ntdll.dll
0x770c0000 - 0x771a0000 	C:\WINDOWS\System32\KERNEL32.DLL
0x76ea0000 - 0x77084000 	C:\WINDOWS\System32\KERNELBASE.dll
0x72fa0000 - 0x7303d000 	C:\WINDOWS\SYSTEM32\apphelp.dll
0x76ac0000 - 0x76b38000 	C:\WINDOWS\System32\ADVAPI32.dll
0x76c10000 - 0x76ccf000 	C:\WINDOWS\System32\msvcrt.dll
0x74340000 - 0x74384000 	C:\WINDOWS\System32\sechost.dll
0x74270000 - 0x74330000 	C:\WINDOWS\System32\RPCRT4.dll
0x74140000 - 0x74160000 	C:\WINDOWS\System32\SspiCli.dll
0x74130000 - 0x7413a000 	C:\WINDOWS\System32\CRYPTBASE.dll
0x74200000 - 0x74258000 	C:\WINDOWS\System32\bcryptPrimitives.dll
0x77450000 - 0x775dd000 	C:\WINDOWS\System32\USER32.dll
0x74600000 - 0x74617000 	C:\WINDOWS\System32\win32u.dll
0x77090000 - 0x770b2000 	C:\WINDOWS\System32\GDI32.dll
0x76d30000 - 0x76e94000 	C:\WINDOWS\System32\gdi32full.dll
0x75bd0000 - 0x75c4d000 	C:\WINDOWS\System32\msvcp_win.dll
0x76560000 - 0x7667e000 	C:\WINDOWS\System32\ucrtbase.dll
0x738d0000 - 0x73ad4000 	C:\WINDOWS\WinSxS\x86_microsoft.windows.common-controls_6595b64144ccf1df_6.0.17134.112_none_42ecccf244e44518\COMCTL32.dll
0x75970000 - 0x75bcc000 	C:\WINDOWS\System32\combase.dll
0x76530000 - 0x76556000 	C:\WINDOWS\System32\IMM32.DLL
0x72e50000 - 0x72f0f000 	C:\Program Files (x86)\Java\jdk1.8.0_171\jre\bin\msvcr100.dll
0x72a70000 - 0x72e41000 	C:\Program Files (x86)\Java\jdk1.8.0_171\jre\bin\client\jvm.dll
0x74330000 - 0x74336000 	C:\WINDOWS\System32\PSAPI.DLL
0x73b40000 - 0x73b48000 	C:\WINDOWS\SYSTEM32\VERSION.dll
0x73420000 - 0x73428000 	C:\WINDOWS\SYSTEM32\WSOCK32.dll
0x76b40000 - 0x76ba7000 	C:\WINDOWS\System32\WS2_32.dll
0x72a40000 - 0x72a64000 	C:\WINDOWS\SYSTEM32\WINMM.dll
0x72a10000 - 0x72a33000 	C:\WINDOWS\SYSTEM32\winmmbase.dll
0x76bb0000 - 0x76be9000 	C:\WINDOWS\System32\cfgmgr32.dll
0x72a00000 - 0x72a0c000 	C:\Program Files (x86)\Java\jdk1.8.0_171\jre\bin\verify.dll
0x729d0000 - 0x729f2000 	C:\Program Files (x86)\Java\jdk1.8.0_171\jre\bin\java.dll
0x729b0000 - 0x729c4000 	C:\Program Files (x86)\Java\jdk1.8.0_171\jre\bin\zip.dll
0x74620000 - 0x7596a000 	C:\WINDOWS\System32\SHELL32.dll
0x77670000 - 0x776f8000 	C:\WINDOWS\System32\shcore.dll
0x75f70000 - 0x7652a000 	C:\WINDOWS\System32\windows.storage.dll
0x75f20000 - 0x75f65000 	C:\WINDOWS\System32\shlwapi.dll
0x74390000 - 0x7439f000 	C:\WINDOWS\System32\kernel.appcore.dll
0x771a0000 - 0x771b8000 	C:\WINDOWS\System32\profapi.dll
0x75d30000 - 0x75d75000 	C:\WINDOWS\System32\powrprof.dll
0x76680000 - 0x76688000 	C:\WINDOWS\System32\FLTLIB.DLL
0x727f0000 - 0x72935000 	C:\Program Files (x86)\Java\jdk1.8.0_171\jre\bin\awt.dll
0x74160000 - 0x741f6000 	C:\WINDOWS\System32\OLEAUT32.dll
0x73840000 - 0x738bc000 	C:\WINDOWS\system32\uxtheme.dll
0x744b0000 - 0x745f4000 	C:\WINDOWS\System32\MSCTF.dll
0x72770000 - 0x72793000 	C:\WINDOWS\system32\dwmapi.dll
0x743a0000 - 0x7449c000 	C:\WINDOWS\System32\ole32.dll
0x72550000 - 0x72589000 	C:\Program Files (x86)\Java\jdk1.8.0_171\jre\bin\fontmanager.dll
0x725d0000 - 0x726a9000 	C:\WINDOWS\system32\opengl32.dll
0x72590000 - 0x725cf000 	C:\WINDOWS\SYSTEM32\GLU32.dll
0x6eda0000 - 0x6edc6000 	C:\Program Files (x86)\Java\jdk1.8.0_171\jre\bin\jpeg.dll
0x72990000 - 0x729a5000 	C:\Program Files (x86)\Java\jdk1.8.0_171\jre\bin\net.dll
0x733b0000 - 0x73406000 	C:\WINDOWS\system32\mswsock.dll
0x72980000 - 0x7298f000 	C:\Program Files (x86)\Java\jdk1.8.0_171\jre\bin\nio.dll
0x720c0000 - 0x720f2000 	C:\Program Files (x86)\Java\jdk1.8.0_171\jre\bin\t2k.dll
0x16c20000 - 0x1a3e2000 	C:\Users\Alex\Desktop\facereconigtionWithRaspberry-master\appDesktop\facesdk.dll
0x73f40000 - 0x73f70000 	C:\WINDOWS\SYSTEM32\IPHLPAPI.DLL
0x727d0000 - 0x727e3000 	C:\WINDOWS\SYSTEM32\CRYPTSP.dll
0x727a0000 - 0x727cf000 	C:\WINDOWS\system32\rsaenh.dll
0x73510000 - 0x73529000 	C:\WINDOWS\SYSTEM32\bcrypt.dll
0x73b10000 - 0x73b31000 	C:\WINDOWS\SYSTEM32\USERENV.dll
0x74260000 - 0x74267000 	C:\WINDOWS\System32\NSI.dll
0x72960000 - 0x72973000 	C:\WINDOWS\SYSTEM32\dhcpcsvc6.DLL
0x72940000 - 0x72954000 	C:\WINDOWS\SYSTEM32\dhcpcsvc.DLL
0x16170000 - 0x161c5000 	C:\Users\Alex\AppData\Local\Temp\jna7605752334032504018.dll
0x73070000 - 0x731f2000 	C:\WINDOWS\SYSTEM32\dbghelp.dll
0x724d0000 - 0x7254e000 	C:\WINDOWS\System32\TextInputFramework.dll
0x721e0000 - 0x7243d000 	C:\WINDOWS\System32\CoreUIComponents.dll
0x72440000 - 0x724cb000 	C:\WINDOWS\System32\CoreMessaging.dll
0x73200000 - 0x73229000 	C:\WINDOWS\SYSTEM32\ntmarta.dll
0x72100000 - 0x721d6000 	C:\WINDOWS\SYSTEM32\wintypes.dll
0x161e0000 - 0x161e7000 	C:\Program Files (x86)\Internet Download Manager\idmmkb.dll
0x70690000 - 0x706b4000 	C:\Program Files (x86)\Java\jdk1.8.0_171\jre\bin\dcpr.dll
0x73320000 - 0x733ae000 	C:\WINDOWS\SYSTEM32\DNSAPI.dll
0x73310000 - 0x73318000 	C:\Windows\System32\rasadhlp.dll
0x732c0000 - 0x7330f000 	C:\WINDOWS\System32\fwpuclnt.dll
0x72750000 - 0x72761000 	C:\WINDOWS\system32\napinsp.dll
0x72730000 - 0x72746000 	C:\WINDOWS\system32\pnrpnsp.dll
0x72710000 - 0x72723000 	C:\WINDOWS\system32\NLAapi.dll
0x72700000 - 0x7270c000 	C:\WINDOWS\System32\winrnr.dll
0x726e0000 - 0x726f1000 	C:\WINDOWS\System32\wshbth.dll
0x70f60000 - 0x70f80000 	C:\Program Files (x86)\Java\jdk1.8.0_171\jre\bin\sunec.dll
0x70f50000 - 0x70f59000 	C:\Program Files (x86)\Java\jdk1.8.0_171\jre\bin\sunmscapi.dll
0x75d80000 - 0x75f16000 	C:\WINDOWS\System32\CRYPT32.dll
0x77270000 - 0x7727e000 	C:\WINDOWS\System32\MSASN1.dll

VM Arguments:
jvm_args: -Dfile.encoding=UTF-8 
java_command: liverecognition.AppFace
java_class_path (initial): C:\Users\Alex\Desktop\facereconigtionWithRaspberry-master\appDesktop\FaceSDK.jar;C:\Users\Alex\Desktop\facereconigtionWithRaspberry-master\appDesktop\jna.jar;C:\Users\Alex\Desktop\facereconigtionWithRaspberry-master\appDesktop\lib\mail.jar;C:\Users\Alex\Desktop\facereconigtionWithRaspberry-master\appDesktop\lib\swingx-1.6.1.jar;C:\Users\Alex\Desktop\facereconigtionWithRaspberry-master\appDesktop\lib\jfoenix-8.0.4.jar;C:\Users\Alex\Desktop\facereconigtionWithRaspberry-master\appDesktop\lib\twilio-java-sdk-6.3.0.jar;C:\Users\Alex\Desktop\facereconigtionWithRaspberry-master\appDesktop\lib\Java-WebSocket-1.3.8.jar;C:\Users\Alex\Desktop\facereconigtionWithRaspberry-master\appDesktop\build\classes
Launcher Type: SUN_STANDARD

Environment Variables:
PATH=C:\Program Files (x86)\Common Files\Oracle\Java\javapath;C:\Python27\;C:\Python27\Scripts;C:\WINDOWS\system32;C:\WINDOWS;C:\WINDOWS\System32\Wbem;C:\WINDOWS\System32\WindowsPowerShell\v1.0\;C:\Program Files\Git\cmd;C:\Program Files\dotnet\;C:\Program Files\Microsoft SQL Server\130\Tools\Binn\;C:\Program Files\Microsoft SQL Server\Client SDK\ODBC\130\Tools\Binn\;C:\Program Files (x86)\Microsoft SQL Server\130\Tools\Binn\;C:\Program Files\Microsoft SQL Server\130\DTS\Binn\;C:\Program Files (x86)\Microsoft SQL Server\Client SDK\ODBC\130\Tools\Binn\;C:\Program Files (x86)\Microsoft SQL Server\140\Tools\Binn\;C:\Program Files (x86)\Microsoft SQL Server\140\DTS\Binn\;C:\Program Files (x86)\Microsoft SQL Server\140\Tools\Binn\ManagementStudio\;C:\xampp\php;C:\ProgramData\ComposerSetup\bin;C:\Program Files\SlikSvn\bin;C:\Program Files\Java\apache-maven-3.5.3\bin;C:\Program Files (x86)\Java\jdk1.8.0_171;C:\Program Files (x86)\Java\jdk1.8.0_171\bin;C:\Program Files (x86)\Java\jdk1.8.0_171\lib;C:\Program Files (x86)\Java\jdk1.8.0_171\jre;C:\Program Files (x86)\Java\jdk1.8.0_171\jre\bin;C:\Program Files (x86)\Java\jdk1.8.0_171\jre\lib;C:\WINDOWS\System32\OpenSSH\;C:\Program Files (x86)\CMake\bin;C:\Program Files\nodejs\;C:\Users\Alex\AppData\Local\Microsoft\WindowsApps;C:\Users\Alex\AppData\Roaming\Composer\vendor\bin;C:\Program Files\Java\apache-maven-3.5.3\bin;;C:\Program Files\Microsoft VS Code\bin;C:\Users\Alex\AppData\Roaming\npm
USERNAME=Alex
OS=Windows_NT
PROCESSOR_IDENTIFIER=Intel64 Family 6 Model 42 Stepping 7, GenuineIntel



---------------  S Y S T E M  ---------------

OS: Windows 10.0 , 64 bit Build 17134 (10.0.17134.1)

CPU:total 4 (initial active 4) (2 cores per cpu, 2 threads per core) family 6 model 42 stepping 7, cmov, cx8, fxsr, mmx, sse, sse2, sse3, ssse3, sse4.1, sse4.2, popcnt, avx, aes, clmul, ht, tsc, tscinvbit

Memory: 4k page, physical 8294284k(3116240k free), swap 12488588k(6159820k free)

vm_info: Java HotSpot(TM) Client VM (25.171-b11) for windows-x86 JRE (1.8.0_171-b11), built on Mar 28 2018 14:51:22 by "java_re" with MS VC++ 10.0 (VS2010)

time: Thu Jun 28 08:26:46 2018
elapsed time: 25 seconds (0d 0h 0m 25s)

