#
# A fatal error has been detected by the Java Runtime Environment:
#
#  EXCEPTION_ACCESS_VIOLATION (0xc0000005) at pc=0x722c7739, pid=9724, tid=0x00003168
#
# JRE version: Java(TM) SE Runtime Environment (8.0_171-b11) (build 1.8.0_171-b11)
# Java VM: Java HotSpot(TM) Client VM (25.171-b11 mixed mode, sharing windows-x86 )
# Problematic frame:
# V  [jvm.dll+0xd7739]
#
# Failed to write core dump. Minidumps are not enabled by default on client versions of Windows
#
# If you would like to submit a bug report, please visit:
#   http://bugreport.java.com/bugreport/crash.jsp
#

---------------  T H R E A D  ---------------

Current thread (0x16cd8c00):  JavaThread "Thread-20616" [_thread_in_vm, id=12648, stack(0x006a0000,0x006f0000)]

siginfo: ExceptionCode=0xc0000005, reading address 0x00000000

Registers:
EAX=0x00000000, EBX=0x15c5f001, ECX=0x00000000, EDX=0x00000000
ESP=0x006eec4c, EBP=0x006eec58, ESI=0x15c5f018, EDI=0x16cd8c00
EIP=0x722c7739, EFLAGS=0x00010206

Top of Stack: (sp=0x006eec4c)
0x006eec4c:   006eed40 00000000 15c5f018 006eef48
0x006eec5c:   161a4228 16cd8d40 15c5f018 00000000
0x006eec6c:   006eec84 722bd468 00000001 00000001
0x006eec7c:   7226d1d8 006ef068 006eec98 00000030
0x006eec8c:   161a41b7 16cd8c00 006ef068 006eecac
0x006eec9c:   006eecac 006ef068 7233fc89 15642bf8
0x006eecac:   006eecc4 723401c2 15642bf8 00000030
0x006eecbc:   161a41a3 15642bf8 006eecdc 72272ea1 

Instructions: (pc=0x722c7739)
0x722c7719:   1a 0a 00 33 ff eb 02 8b f9 6a 06 57 e8 b6 fc f2
0x722c7729:   ff 8b 75 0c 83 c4 08 b3 01 85 f6 74 39 8b 45 10
0x722c7739:   8b 00 50 32 db e8 1d b0 f6 ff 83 c4 04 85 c0 74
0x722c7749:   25 8b 0e 8b 49 04 8b 50 08 39 04 0a 75 04 b0 01 


Register to memory mapping:

EAX=0x00000000 is an unknown value
EBX=0x15c5f001 is an unknown value
ECX=0x00000000 is an unknown value
EDX=0x00000000 is an unknown value
ESP=0x006eec4c is pointing into the stack for thread: 0x16cd8c00
EBP=0x006eec58 is pointing into the stack for thread: 0x16cd8c00
ESI=0x15c5f018 is an unknown value
EDI=0x16cd8c00 is a thread


Stack: [0x006a0000,0x006f0000],  sp=0x006eec4c,  free space=315k
Native frames: (J=compiled Java code, j=interpreted, Vv=VM code, C=native code)
V  [jvm.dll+0xd7739]
C  [jna1709139344548345055.dll+0x4228]
C  [jna1709139344548345055.dll+0x4d0e]
J 468  com.sun.jna.Native.invokeInt(JI[Ljava/lang/Object;)I (0 bytes) @ 0x025b0a86 [0x025b09e0+0xa6]
J 467 C1 com.sun.jna.Function.invoke([Ljava/lang/Object;Ljava/lang/Class;Z)Ljava/lang/Object; (1154 bytes) @ 0x025b50c4 [0x025b34f0+0x1bd4]
J 349 C1 com.sun.jna.Function.invoke(Ljava/lang/Class;[Ljava/lang/Object;Ljava/util/Map;)Ljava/lang/Object; (526 bytes) @ 0x0257a0d8 [0x02579c50+0x488]
J 466 C1 com.sun.jna.Library$Handler.invoke(Ljava/lang/Object;Ljava/lang/reflect/Method;[Ljava/lang/Object;)Ljava/lang/Object; (345 bytes) @ 0x025b168c [0x025b0e50+0x83c]
j  Luxand.$Proxy0.FSDK_LoadImageFromBuffer(Lcom/sun/jna/ptr/IntByReference;[BIIII)I+52
J 295 C1 Luxand.FSDK.LoadImageFromAWTImage(LLuxand/FSDK$HImage;Ljava/awt/Image;I)I (456 bytes) @ 0x0256a10c [0x025697c0+0x94c]
j  liverecognition.AppFace$12.run()V+28
v  ~StubRoutines::call_stub
V  [jvm.dll+0x15b985]
V  [jvm.dll+0x22262e]
V  [jvm.dll+0x15ba1e]
V  [jvm.dll+0x15bba6]
V  [jvm.dll+0x15bc17]
V  [jvm.dll+0xffb3f]
V  [jvm.dll+0x17eb50]
V  [jvm.dll+0x17f3ca]
V  [jvm.dll+0x1c3fe6]
C  [msvcr100.dll+0x5c556]
C  [msvcr100.dll+0x5c600]
C  [KERNEL32.DLL+0x18484]
C  [ntdll.dll+0x62fea]
C  [ntdll.dll+0x62fba]
C  0x00000000

Java frames: (J=compiled Java code, j=interpreted, Vv=VM code)
J 468  com.sun.jna.Native.invokeInt(JI[Ljava/lang/Object;)I (0 bytes) @ 0x025b0a42 [0x025b09e0+0x62]
J 467 C1 com.sun.jna.Function.invoke([Ljava/lang/Object;Ljava/lang/Class;Z)Ljava/lang/Object; (1154 bytes) @ 0x025b50c4 [0x025b34f0+0x1bd4]
J 349 C1 com.sun.jna.Function.invoke(Ljava/lang/Class;[Ljava/lang/Object;Ljava/util/Map;)Ljava/lang/Object; (526 bytes) @ 0x0257a0d8 [0x02579c50+0x488]
J 466 C1 com.sun.jna.Library$Handler.invoke(Ljava/lang/Object;Ljava/lang/reflect/Method;[Ljava/lang/Object;)Ljava/lang/Object; (345 bytes) @ 0x025b168c [0x025b0e50+0x83c]
j  Luxand.$Proxy0.FSDK_LoadImageFromBuffer(Lcom/sun/jna/ptr/IntByReference;[BIIII)I+52
J 295 C1 Luxand.FSDK.LoadImageFromAWTImage(LLuxand/FSDK$HImage;Ljava/awt/Image;I)I (456 bytes) @ 0x0256a10c [0x025697c0+0x94c]
j  liverecognition.AppFace$12.run()V+28
v  ~StubRoutines::call_stub

---------------  P R O C E S S  ---------------

Java Threads: ( => current thread )
=>0x16cd8c00 JavaThread "Thread-20616" [_thread_in_vm, id=12648, stack(0x006a0000,0x006f0000)]
  0x16cd6c00 JavaThread "Thread-0" daemon [_thread_in_native, id=3692, stack(0x00730000,0x00780000)]
  0x16cc6000 JavaThread "WebSocketTimer" [_thread_blocked, id=12968, stack(0x1fd30000,0x1fd80000)]
  0x16ccc800 JavaThread "WebSocketWriteThread-19" [_thread_blocked, id=4380, stack(0x1f3a0000,0x1f3f0000)]
  0x16cc2400 JavaThread "WebSocketConnectReadThread-18" [_thread_in_native, id=10796, stack(0x1f290000,0x1f2e0000)]
  0x16cb7400 JavaThread "Thread-3" [_thread_in_native, id=12404, stack(0x1f200000,0x1f250000)]
  0x0244d400 JavaThread "DestroyJavaVM" [_thread_blocked, id=9324, stack(0x020d0000,0x02120000)]
  0x15c7d400 JavaThread "AWT-EventQueue-0" [_thread_blocked, id=8348, stack(0x15fc0000,0x16010000)]
  0x15c6c400 JavaThread "AWT-Shutdown" [_thread_blocked, id=8332, stack(0x15db0000,0x15e00000)]
  0x15c6bc00 JavaThread "Java2D Disposer" daemon [_thread_blocked, id=1820, stack(0x15580000,0x155d0000)]
  0x02313000 JavaThread "Service Thread" daemon [_thread_blocked, id=9124, stack(0x148d0000,0x14920000)]
  0x022f2000 JavaThread "C1 CompilerThread0" daemon [_thread_blocked, id=1040, stack(0x14840000,0x14890000)]
  0x022f1000 JavaThread "Attach Listener" daemon [_thread_blocked, id=7732, stack(0x147b0000,0x14800000)]
  0x022ef000 JavaThread "Signal Dispatcher" daemon [_thread_blocked, id=5984, stack(0x14720000,0x14770000)]
  0x022e5c00 JavaThread "Finalizer" daemon [_thread_blocked, id=1796, stack(0x04570000,0x045c0000)]
  0x02287c00 JavaThread "Reference Handler" daemon [_thread_blocked, id=3040, stack(0x044e0000,0x04530000)]

Other Threads:
  0x02284800 VMThread [stack: 0x04450000,0x044a0000] [id=5652]
  0x02321000 WatcherThread [stack: 0x14960000,0x149b0000] [id=6876]

VM state:not at safepoint (normal execution)

VM Mutex/Monitor currently owned by a thread: None

Heap:
 def new generation   total 5568K, used 1280K [0x04600000, 0x04c00000, 0x09b50000)
  eden space 4992K,  25% used [0x04600000, 0x047402e0, 0x04ae0000)
  from space 576K,   0% used [0x04ae0000, 0x04ae0000, 0x04b70000)
  to   space 576K,   0% used [0x04b70000, 0x04b70000, 0x04c00000)
 tenured generation   total 12216K, used 6310K [0x09b50000, 0x0a73e000, 0x14600000)
   the space 12216K,  51% used [0x09b50000, 0x0a179bb0, 0x0a179c00, 0x0a73e000)
 Metaspace       used 2306K, capacity 2954K, committed 3008K, reserved 4480K

Card table byte_map: [0x02360000,0x023f0000] byte_map_base: 0x0233d000

Polling page: 0x02120000

CodeCache: size=32768Kb used=1830Kb max_used=1830Kb free=30937Kb
 bounds [0x02450000, 0x02620000, 0x04450000]
 total_blobs=924 nmethods=668 adapters=186
 compilation: enabled

Compilation events (10 events):
Event: 651.290 Thread 0x022f2000  671             java.util.concurrent.locks.ReentrantLock$Sync::isHeldExclusively (16 bytes)
Event: 651.291 Thread 0x022f2000 nmethod 671 0x02618108 code [0x02618200, 0x026182a0]
Event: 651.624 Thread 0x022f2000  672             java.awt.EventQueue::noEvents (29 bytes)
Event: 651.625 Thread 0x022f2000 nmethod 672 0x02618308 code [0x02618400, 0x026184e0]
Event: 652.093 Thread 0x022f2000  673             java.awt.Toolkit$SelectiveAWTEventListener::eventDispatched (745 bytes)
Event: 652.094 Thread 0x022f2000 nmethod 673 0x026185c8 code [0x02618700, 0x02618f8c]
Event: 652.155 Thread 0x022f2000  674             java.awt.Container::getChildAt (54 bytes)
Event: 652.155 Thread 0x022f2000 nmethod 674 0x02619488 code [0x026195a0, 0x026196f8]
Event: 653.251 Thread 0x022f2000  675             sun.util.logging.PlatformLogger$Level::intValue (9 bytes)
Event: 653.251 Thread 0x022f2000 nmethod 675 0x02619808 code [0x02619900, 0x026199a0]

GC Heap History (10 events):
Event: 652.518 GC heap before
{Heap before GC invocations=3854 (full 545):
 def new generation   total 5568K, used 5439K [0x04600000, 0x04c00000, 0x09b50000)
  eden space 4992K,  97% used [0x04600000, 0x04ac51a0, 0x04ae0000)
  from space 576K,  96% used [0x04b70000, 0x04bfac58, 0x04c00000)
  to   space 576K,   0% used [0x04ae0000, 0x04ae0000, 0x04b70000)
 tenured generation   total 12216K, used 8413K [0x09b50000, 0x0a73e000, 0x14600000)
   the space 12216K,  68% used [0x09b50000, 0x0a3877f8, 0x0a387800, 0x0a73e000)
 Metaspace       used 2282K, capacity 2954K, committed 3008K, reserved 4480K
Event: 652.519 GC heap after
Heap after GC invocations=3855 (full 545):
 def new generation   total 5568K, used 538K [0x04600000, 0x04c00000, 0x09b50000)
  eden space 4992K,   0% used [0x04600000, 0x04600000, 0x04ae0000)
  from space 576K,  93% used [0x04ae0000, 0x04b66a90, 0x04b70000)
  to   space 576K,   0% used [0x04b70000, 0x04b70000, 0x04c00000)
 tenured generation   total 12216K, used 9024K [0x09b50000, 0x0a73e000, 0x14600000)
   the space 12216K,  73% used [0x09b50000, 0x0a420170, 0x0a420200, 0x0a73e000)
 Metaspace       used 2282K, capacity 2954K, committed 3008K, reserved 4480K
}
Event: 652.754 GC heap before
{Heap before GC invocations=3855 (full 545):
 def new generation   total 5568K, used 5368K [0x04600000, 0x04c00000, 0x09b50000)
  eden space 4992K,  96% used [0x04600000, 0x04ab7790, 0x04ae0000)
  from space 576K,  93% used [0x04ae0000, 0x04b66a90, 0x04b70000)
  to   space 576K,   0% used [0x04b70000, 0x04b70000, 0x04c00000)
 tenured generation   total 12216K, used 9024K [0x09b50000, 0x0a73e000, 0x14600000)
   the space 12216K,  73% used [0x09b50000, 0x0a420170, 0x0a420200, 0x0a73e000)
 Metaspace       used 2282K, capacity 2954K, committed 3008K, reserved 4480K
Event: 652.755 GC heap after
Heap after GC invocations=3856 (full 545):
 def new generation   total 5568K, used 340K [0x04600000, 0x04c00000, 0x09b50000)
  eden space 4992K,   0% used [0x04600000, 0x04600000, 0x04ae0000)
  from space 576K,  59% used [0x04b70000, 0x04bc51a8, 0x04c00000)
  to   space 576K,   0% used [0x04ae0000, 0x04ae0000, 0x04b70000)
 tenured generation   total 12216K, used 9934K [0x09b50000, 0x0a73e000, 0x14600000)
   the space 12216K,  81% used [0x09b50000, 0x0a503830, 0x0a503a00, 0x0a73e000)
 Metaspace       used 2282K, capacity 2954K, committed 3008K, reserved 4480K
}
Event: 652.873 GC heap before
{Heap before GC invocations=3856 (full 545):
 def new generation   total 5568K, used 5332K [0x04600000, 0x04c00000, 0x09b50000)
  eden space 4992K, 100% used [0x04600000, 0x04ae0000, 0x04ae0000)
  from space 576K,  59% used [0x04b70000, 0x04bc51a8, 0x04c00000)
  to   space 576K,   0% used [0x04ae0000, 0x04ae0000, 0x04b70000)
 tenured generation   total 12216K, used 9934K [0x09b50000, 0x0a73e000, 0x14600000)
   the space 12216K,  81% used [0x09b50000, 0x0a503830, 0x0a503a00, 0x0a73e000)
 Metaspace       used 2282K, capacity 2954K, committed 3008K, reserved 4480K
Event: 652.874 GC heap after
Heap after GC invocations=3857 (full 545):
 def new generation   total 5568K, used 542K [0x04600000, 0x04c00000, 0x09b50000)
  eden space 4992K,   0% used [0x04600000, 0x04600000, 0x04ae0000)
  from space 576K,  94% used [0x04ae0000, 0x04b679f0, 0x04b70000)
  to   space 576K,   0% used [0x04b70000, 0x04b70000, 0x04c00000)
 tenured generation   total 12216K, used 10544K [0x09b50000, 0x0a73e000, 0x14600000)
   the space 12216K,  86% used [0x09b50000, 0x0a59c180, 0x0a59c200, 0x0a73e000)
 Metaspace       used 2282K, capacity 2954K, committed 3008K, reserved 4480K
}
Event: 653.085 GC heap before
{Heap before GC invocations=3857 (full 545):
 def new generation   total 5568K, used 5315K [0x04600000, 0x04c00000, 0x09b50000)
  eden space 4992K,  95% used [0x04600000, 0x04aa9240, 0x04ae0000)
  from space 576K,  94% used [0x04ae0000, 0x04b679f0, 0x04b70000)
  to   space 576K,   0% used [0x04b70000, 0x04b70000, 0x04c00000)
 tenured generation   total 12216K, used 10544K [0x09b50000, 0x0a73e000, 0x14600000)
   the space 12216K,  86% used [0x09b50000, 0x0a59c180, 0x0a59c200, 0x0a73e000)
 Metaspace       used 2282K, capacity 2954K, committed 3008K, reserved 4480K
Event: 653.086 GC heap after
Heap after GC invocations=3858 (full 545):
 def new generation   total 5568K, used 373K [0x04600000, 0x04c00000, 0x09b50000)
  eden space 4992K,   0% used [0x04600000, 0x04600000, 0x04ae0000)
  from space 576K,  64% used [0x04b70000, 0x04bcd668, 0x04c00000)
  to   space 576K,   0% used [0x04ae0000, 0x04ae0000, 0x04b70000)
 tenured generation   total 12216K, used 11154K [0x09b50000, 0x0a73e000, 0x14600000)
   the space 12216K,  91% used [0x09b50000, 0x0a634868, 0x0a634a00, 0x0a73e000)
 Metaspace       used 2282K, capacity 2954K, committed 3008K, reserved 4480K
}
Event: 653.297 GC heap before
{Heap before GC invocations=3858 (full 545):
 def new generation   total 5568K, used 5365K [0x04600000, 0x04c00000, 0x09b50000)
  eden space 4992K, 100% used [0x04600000, 0x04ae0000, 0x04ae0000)
  from space 576K,  64% used [0x04b70000, 0x04bcd668, 0x04c00000)
  to   space 576K,   0% used [0x04ae0000, 0x04ae0000, 0x04b70000)
 tenured generation   total 12216K, used 11154K [0x09b50000, 0x0a73e000, 0x14600000)
   the space 12216K,  91% used [0x09b50000, 0x0a634868, 0x0a634a00, 0x0a73e000)
 Metaspace       used 2306K, capacity 2954K, committed 3008K, reserved 4480K
Event: 653.310 GC heap after
Heap after GC invocations=3859 (full 546):
 def new generation   total 5568K, used 0K [0x04600000, 0x04c00000, 0x09b50000)
  eden space 4992K,   0% used [0x04600000, 0x04600000, 0x04ae0000)
  from space 576K,   0% used [0x04ae0000, 0x04ae0000, 0x04b70000)
  to   space 576K,   0% used [0x04b70000, 0x04b70000, 0x04c00000)
 tenured generation   total 12216K, used 6310K [0x09b50000, 0x0a73e000, 0x14600000)
   the space 12216K,  51% used [0x09b50000, 0x0a179bb0, 0x0a179c00, 0x0a73e000)
 Metaspace       used 2306K, capacity 2954K, committed 3008K, reserved 4480K
}

Deoptimization events (0 events):
No events

Classes redefined (0 events):
No events

Internal exceptions (10 events):
Event: 0.282 Thread 0x0244d400 Exception <a 'java/lang/ClassNotFoundException': ToolBar> (0x04911a08) thrown at [C:\re\workspace\8-2-build-windows-i586-cygwin\jdk8u171\10807\hotspot\src\share\vm\classfile\systemDictionary.cpp, line 210]
Event: 0.282 Thread 0x0244d400 Exception <a 'java/lang/ClassNotFoundException': ToggleButton> (0x04911f50) thrown at [C:\re\workspace\8-2-build-windows-i586-cygwin\jdk8u171\10807\hotspot\src\share\vm\classfile\systemDictionary.cpp, line 210]
Event: 0.282 Thread 0x0244d400 Exception <a 'java/lang/ClassNotFoundException': javax/swing/JToolBarSeparator> (0x04912358) thrown at [C:\re\workspace\8-2-build-windows-i586-cygwin\jdk8u171\10807\hotspot\src\share\vm\classfile\systemDictionary.cpp, line 210]
Event: 0.282 Thread 0x0244d400 Exception <a 'java/lang/ClassNotFoundException': ToolBarSeparator> (0x049127b0) thrown at [C:\re\workspace\8-2-build-windows-i586-cygwin\jdk8u171\10807\hotspot\src\share\vm\classfile\systemDictionary.cpp, line 210]
Event: 0.282 Thread 0x0244d400 Exception <a 'java/lang/ClassNotFoundException': ToolTip> (0x04912e80) thrown at [C:\re\workspace\8-2-build-windows-i586-cygwin\jdk8u171\10807\hotspot\src\share\vm\classfile\systemDictionary.cpp, line 210]
Event: 0.283 Thread 0x0244d400 Exception <a 'java/lang/ClassNotFoundException': Tree> (0x04913968) thrown at [C:\re\workspace\8-2-build-windows-i586-cygwin\jdk8u171\10807\hotspot\src\share\vm\classfile\systemDictionary.cpp, line 210]
Event: 0.283 Thread 0x0244d400 Exception <a 'java/lang/ClassNotFoundException': Tree> (0x04914008) thrown at [C:\re\workspace\8-2-build-windows-i586-cygwin\jdk8u171\10807\hotspot\src\share\vm\classfile\systemDictionary.cpp, line 210]
Event: 0.283 Thread 0x0244d400 Exception <a 'java/lang/ClassNotFoundException': javax/swing/JTreeCell> (0x04914340) thrown at [C:\re\workspace\8-2-build-windows-i586-cygwin\jdk8u171\10807\hotspot\src\share\vm\classfile\systemDictionary.cpp, line 210]
Event: 0.283 Thread 0x0244d400 Exception <a 'java/lang/ClassNotFoundException': TreeCell> (0x04914788) thrown at [C:\re\workspace\8-2-build-windows-i586-cygwin\jdk8u171\10807\hotspot\src\share\vm\classfile\systemDictionary.cpp, line 210]
Event: 0.283 Thread 0x0244d400 Exception <a 'java/lang/ClassNotFoundException': RootPane> (0x04915100) thrown at [C:\re\workspace\8-2-build-windows-i586-cygwin\jdk8u171\10807\hotspot\src\share\vm\classfile\systemDictionary.cpp, line 210]

Events (10 events):
Event: 653.259 loading class java/lang/Process
Event: 653.259 loading class java/lang/Process done
Event: 653.259 loading class java/lang/ProcessImpl done
Event: 653.277 Thread 0x16cd8c00 Thread added: 0x16cd8c00
Event: 653.280 Thread 0x15c6cc00 Thread exited: 0x15c6cc00
Event: 653.288 loading class java/lang/ProcessImpl$2
Event: 653.288 loading class java/lang/ProcessImpl$2 done
Event: 653.288 Thread 0x16cd7400 Thread exited: 0x16cd7400
Event: 653.296 Executing VM operation: GenCollectForAllocation
Event: 653.310 Executing VM operation: GenCollectForAllocation done


Dynamic libraries:
0x000f0000 - 0x00123000 	C:\Program Files (x86)\Java\jdk1.8.0_171\jre\bin\java.exe
0x76f80000 - 0x77110000 	C:\WINDOWS\SYSTEM32\ntdll.dll
0x73860000 - 0x73940000 	C:\WINDOWS\System32\KERNEL32.DLL
0x757e0000 - 0x759c4000 	C:\WINDOWS\System32\KERNELBASE.dll
0x72720000 - 0x727bd000 	C:\WINDOWS\SYSTEM32\apphelp.dll
0x75ac0000 - 0x75b38000 	C:\WINDOWS\System32\ADVAPI32.dll
0x73d70000 - 0x73e2f000 	C:\WINDOWS\System32\msvcrt.dll
0x76450000 - 0x76494000 	C:\WINDOWS\System32\sechost.dll
0x75da0000 - 0x75e60000 	C:\WINDOWS\System32\RPCRT4.dll
0x73840000 - 0x73860000 	C:\WINDOWS\System32\SspiCli.dll
0x73830000 - 0x7383a000 	C:\WINDOWS\System32\CRYPTBASE.dll
0x764a0000 - 0x764f8000 	C:\WINDOWS\System32\bcryptPrimitives.dll
0x75ed0000 - 0x7605d000 	C:\WINDOWS\System32\USER32.dll
0x73c70000 - 0x73c87000 	C:\WINDOWS\System32\win32u.dll
0x76590000 - 0x765b2000 	C:\WINDOWS\System32\GDI32.dll
0x739b0000 - 0x73b14000 	C:\WINDOWS\System32\gdi32full.dll
0x76c70000 - 0x76ced000 	C:\WINDOWS\System32\msvcp_win.dll
0x76060000 - 0x7617e000 	C:\WINDOWS\System32\ucrtbase.dll
0x72d80000 - 0x72f84000 	C:\WINDOWS\WinSxS\x86_microsoft.windows.common-controls_6595b64144ccf1df_6.0.17134.112_none_42ecccf244e44518\COMCTL32.dll
0x75b40000 - 0x75d9c000 	C:\WINDOWS\System32\combase.dll
0x757b0000 - 0x757d6000 	C:\WINDOWS\System32\IMM32.DLL
0x725d0000 - 0x7268f000 	C:\Program Files (x86)\Java\jdk1.8.0_171\jre\bin\msvcr100.dll
0x721f0000 - 0x725c1000 	C:\Program Files (x86)\Java\jdk1.8.0_171\jre\bin\client\jvm.dll
0x759e0000 - 0x759e6000 	C:\WINDOWS\System32\PSAPI.DLL
0x73740000 - 0x73748000 	C:\WINDOWS\SYSTEM32\WSOCK32.dll
0x733c0000 - 0x733c8000 	C:\WINDOWS\SYSTEM32\VERSION.dll
0x721c0000 - 0x721e4000 	C:\WINDOWS\SYSTEM32\WINMM.dll
0x75e60000 - 0x75ec7000 	C:\WINDOWS\System32\WS2_32.dll
0x72190000 - 0x721b3000 	C:\WINDOWS\SYSTEM32\winmmbase.dll
0x76b90000 - 0x76bc9000 	C:\WINDOWS\System32\cfgmgr32.dll
0x72180000 - 0x7218c000 	C:\Program Files (x86)\Java\jdk1.8.0_171\jre\bin\verify.dll
0x72150000 - 0x72172000 	C:\Program Files (x86)\Java\jdk1.8.0_171\jre\bin\java.dll
0x72130000 - 0x72144000 	C:\Program Files (x86)\Java\jdk1.8.0_171\jre\bin\zip.dll
0x74450000 - 0x7579a000 	C:\WINDOWS\System32\SHELL32.dll
0x73e90000 - 0x73f18000 	C:\WINDOWS\System32\shcore.dll
0x765c0000 - 0x76b7a000 	C:\WINDOWS\System32\windows.storage.dll
0x73f20000 - 0x73f65000 	C:\WINDOWS\System32\shlwapi.dll
0x76b80000 - 0x76b8f000 	C:\WINDOWS\System32\kernel.appcore.dll
0x743a0000 - 0x743b8000 	C:\WINDOWS\System32\profapi.dll
0x73e30000 - 0x73e75000 	C:\WINDOWS\System32\powrprof.dll
0x73e80000 - 0x73e88000 	C:\WINDOWS\System32\FLTLIB.DLL
0x71f70000 - 0x720b5000 	C:\Program Files (x86)\Java\jdk1.8.0_171\jre\bin\awt.dll
0x76bd0000 - 0x76c66000 	C:\WINDOWS\System32\OLEAUT32.dll
0x72cf0000 - 0x72d6c000 	C:\WINDOWS\system32\uxtheme.dll
0x73b20000 - 0x73c64000 	C:\WINDOWS\System32\MSCTF.dll
0x71ea0000 - 0x71ec3000 	C:\WINDOWS\system32\dwmapi.dll
0x76350000 - 0x7644c000 	C:\WINDOWS\System32\ole32.dll
0x71c80000 - 0x71cb9000 	C:\Program Files (x86)\Java\jdk1.8.0_171\jre\bin\fontmanager.dll
0x71d90000 - 0x71e69000 	C:\WINDOWS\system32\opengl32.dll
0x71d50000 - 0x71d8f000 	C:\WINDOWS\SYSTEM32\GLU32.dll
0x65a60000 - 0x65a86000 	C:\Program Files (x86)\Java\jdk1.8.0_171\jre\bin\jpeg.dll
0x72110000 - 0x72125000 	C:\Program Files (x86)\Java\jdk1.8.0_171\jre\bin\net.dll
0x736d0000 - 0x73726000 	C:\WINDOWS\system32\mswsock.dll
0x72100000 - 0x7210f000 	C:\Program Files (x86)\Java\jdk1.8.0_171\jre\bin\nio.dll
0x71660000 - 0x71692000 	C:\Program Files (x86)\Java\jdk1.8.0_171\jre\bin\t2k.dll
0x17000000 - 0x1a7c2000 	D:\development\App Java\face\facewithRaspberry\appDesktop\facesdk.dll
0x73610000 - 0x73640000 	C:\WINDOWS\SYSTEM32\IPHLPAPI.DLL
0x71f00000 - 0x71f13000 	C:\WINDOWS\SYSTEM32\CRYPTSP.dll
0x71ed0000 - 0x71eff000 	C:\WINDOWS\system32\rsaenh.dll
0x73590000 - 0x735a9000 	C:\WINDOWS\SYSTEM32\bcrypt.dll
0x73390000 - 0x733b1000 	C:\WINDOWS\SYSTEM32\USERENV.dll
0x73940000 - 0x73947000 	C:\WINDOWS\System32\NSI.dll
0x720e0000 - 0x720f3000 	C:\WINDOWS\SYSTEM32\dhcpcsvc6.DLL
0x720c0000 - 0x720d4000 	C:\WINDOWS\SYSTEM32\dhcpcsvc.DLL
0x161a0000 - 0x161f5000 	C:\Users\Alex\AppData\Local\Temp\jna1709139344548345055.dll
0x658d0000 - 0x65a52000 	C:\WINDOWS\SYSTEM32\dbghelp.dll
0x71a70000 - 0x71aee000 	C:\WINDOWS\System32\TextInputFramework.dll
0x71810000 - 0x71a6d000 	C:\WINDOWS\System32\CoreUIComponents.dll
0x71780000 - 0x7180b000 	C:\WINDOWS\System32\CoreMessaging.dll
0x72980000 - 0x729a9000 	C:\WINDOWS\SYSTEM32\ntmarta.dll
0x716a0000 - 0x71776000 	C:\WINDOWS\SYSTEM32\wintypes.dll
0x163d0000 - 0x163d7000 	C:\Program Files (x86)\Internet Download Manager\idmmkb.dll
0x714b0000 - 0x714d4000 	C:\Program Files (x86)\Java\jdk1.8.0_171\jre\bin\dcpr.dll

VM Arguments:
jvm_args: -Dfile.encoding=UTF-8 
java_command: liverecognition.AppFace
java_class_path (initial): D:\development\App Java\face\facewithRaspberry\appDesktop\FaceSDK.jar;D:\development\App Java\face\facewithRaspberry\appDesktop\jna.jar;D:\development\App Java\face\facewithRaspberry\appDesktop\lib\mail.jar;D:\development\App Java\face\facewithRaspberry\appDesktop\lib\swingx-1.6.1.jar;D:\development\App Java\face\facewithRaspberry\appDesktop\lib\jfoenix-8.0.4.jar;D:\development\App Java\face\facewithRaspberry\appDesktop\lib\twilio-java-sdk-6.3.0.jar;D:\development\App Java\face\facewithRaspberry\appDesktop\lib\Java-WebSocket-1.3.8.jar;D:\development\App Java\face\facewithRaspberry\appDesktop\build\classes
Launcher Type: SUN_STANDARD

Environment Variables:
PATH=C:\Program Files (x86)\Common Files\Oracle\Java\javapath;C:\Python27\;C:\Python27\Scripts;C:\WINDOWS\system32;C:\WINDOWS;C:\WINDOWS\System32\Wbem;C:\WINDOWS\System32\WindowsPowerShell\v1.0\;C:\Program Files\Git\cmd;C:\Program Files\dotnet\;C:\Program Files\Microsoft SQL Server\130\Tools\Binn\;C:\Program Files\Microsoft SQL Server\Client SDK\ODBC\130\Tools\Binn\;C:\Program Files (x86)\Microsoft SQL Server\130\Tools\Binn\;C:\Program Files\Microsoft SQL Server\130\DTS\Binn\;C:\Program Files (x86)\Microsoft SQL Server\Client SDK\ODBC\130\Tools\Binn\;C:\Program Files (x86)\Microsoft SQL Server\140\Tools\Binn\;C:\Program Files (x86)\Microsoft SQL Server\140\DTS\Binn\;C:\Program Files (x86)\Microsoft SQL Server\140\Tools\Binn\ManagementStudio\;C:\xampp\php;C:\ProgramData\ComposerSetup\bin;C:\Program Files\SlikSvn\bin;C:\Program Files\Java\apache-maven-3.5.3\bin;C:\Program Files (x86)\Java\jdk1.8.0_171;C:\Program Files (x86)\Java\jdk1.8.0_171\bin;C:\Program Files (x86)\Java\jdk1.8.0_171\lib;C:\Program Files (x86)\Java\jdk1.8.0_171\jre;C:\Program Files (x86)\Java\jdk1.8.0_171\jre\bin;C:\Program Files (x86)\Java\jdk1.8.0_171\jre\lib;C:\WINDOWS\System32\OpenSSH\;C:\Program Files (x86)\CMake\bin;C:\Program Files\nodejs\;C:\Users\Alex\AppData\Local\Microsoft\WindowsApps;C:\Users\Alex\AppData\Roaming\Composer\vendor\bin;C:\Program Files\Java\apache-maven-3.5.3\bin;;C:\Program Files\Microsoft VS Code\bin;C:\Users\Alex\AppData\Roaming\npm
USERNAME=Alex
OS=Windows_NT
PROCESSOR_IDENTIFIER=Intel64 Family 6 Model 42 Stepping 7, GenuineIntel



---------------  S Y S T E M  ---------------

OS: Windows 10.0 , 64 bit Build 17134 (10.0.17134.1)

CPU:total 4 (initial active 4) (2 cores per cpu, 2 threads per core) family 6 model 42 stepping 7, cmov, cx8, fxsr, mmx, sse, sse2, sse3, ssse3, sse4.1, sse4.2, popcnt, avx, aes, clmul, ht, tsc, tscinvbit

Memory: 4k page, physical 8294284k(2846768k free), swap 12750732k(4691580k free)

vm_info: Java HotSpot(TM) Client VM (25.171-b11) for windows-x86 JRE (1.8.0_171-b11), built on Mar 28 2018 14:51:22 by "java_re" with MS VC++ 10.0 (VS2010)

time: Wed Jun 27 03:06:58 2018
elapsed time: 653 seconds (0d 0h 10m 53s)

