#
# A fatal error has been detected by the Java Runtime Environment:
#
#  EXCEPTION_ACCESS_VIOLATION (0xc0000005) at pc=0x59007739, pid=13840, tid=0x00001748
#
# JRE version: Java(TM) SE Runtime Environment (8.0_171-b11) (build 1.8.0_171-b11)
# Java VM: Java HotSpot(TM) Client VM (25.171-b11 mixed mode windows-x86 )
# Problematic frame:
# V  [jvm.dll+0xd7739]
#
# Failed to write core dump. Minidumps are not enabled by default on client versions of Windows
#
# If you would like to submit a bug report, please visit:
#   http://bugreport.java.com/bugreport/crash.jsp
#

---------------  T H R E A D  ---------------

Current thread (0x151c7800):  JavaThread "Thread-22440" [_thread_in_vm, id=5960, stack(0x00d20000,0x00d70000)]

siginfo: ExceptionCode=0xc0000005, reading address 0x00000000

Registers:
EAX=0x00000000, EBX=0x165c4b01, ECX=0x00000000, EDX=0x00000000
ESP=0x00d6ebbc, EBP=0x00d6ebc8, ESI=0x165c4bc0, EDI=0x151c7800
EIP=0x59007739, EFLAGS=0x00010206

Top of Stack: (sp=0x00d6ebbc)
0x00d6ebbc:   00d6ecb0 00000000 165c4bc0 00d6eeb8
0x00d6ebcc:   1a834228 151c7940 165c4bc0 00000000
0x00d6ebdc:   00d6ebf4 58ffd468 00000001 00000001
0x00d6ebec:   58fad1d8 00d6efd8 00d6ec08 00000030
0x00d6ebfc:   1a8341b7 151c7800 00d6efd8 00d6ec1c
0x00d6ec0c:   00d6ec98 5907f02a 151c7800 00d6f090
0x00d6ec1c:   150767be 590801c2 14c7f470 00000030
0x00d6ec2c:   1a8341a3 00d6f090 150767be 58fb2ea1 

Instructions: (pc=0x59007739)
0x59007719:   1a 0a 00 33 ff eb 02 8b f9 6a 06 57 e8 b6 fc f2
0x59007729:   ff 8b 75 0c 83 c4 08 b3 01 85 f6 74 39 8b 45 10
0x59007739:   8b 00 50 32 db e8 1d b0 f6 ff 83 c4 04 85 c0 74
0x59007749:   25 8b 0e 8b 49 04 8b 50 08 39 04 0a 75 04 b0 01 


Register to memory mapping:

EAX=0x00000000 is an unknown value
EBX=0x165c4b01 is an unknown value
ECX=0x00000000 is an unknown value
EDX=0x00000000 is an unknown value
ESP=0x00d6ebbc is pointing into the stack for thread: 0x151c7800
EBP=0x00d6ebc8 is pointing into the stack for thread: 0x151c7800
ESI=0x165c4bc0 is an unknown value
EDI=0x151c7800 is a thread


Stack: [0x00d20000,0x00d70000],  sp=0x00d6ebbc,  free space=314k
Native frames: (J=compiled Java code, j=interpreted, Vv=VM code, C=native code)
V  [jvm.dll+0xd7739]
C  [jna6957554670789442449.dll+0x4228]
C  [jna6957554670789442449.dll+0x4d0e]
J 479  com.sun.jna.Native.invokeInt(JI[Ljava/lang/Object;)I (0 bytes) @ 0x02b03306 [0x02b03260+0xa6]
J 478 C1 com.sun.jna.Function.invoke([Ljava/lang/Object;Ljava/lang/Class;Z)Ljava/lang/Object; (1154 bytes) @ 0x02b05904 [0x02b03d30+0x1bd4]
J 334 C1 com.sun.jna.Function.invoke(Ljava/lang/Class;[Ljava/lang/Object;Ljava/util/Map;)Ljava/lang/Object; (526 bytes) @ 0x02ac8158 [0x02ac7cd0+0x488]
J 507 C1 com.sun.jna.Library$Handler.invoke(Ljava/lang/Object;Ljava/lang/reflect/Method;[Ljava/lang/Object;)Ljava/lang/Object; (345 bytes) @ 0x02b1758c [0x02b16d50+0x83c]
j  Luxand.$Proxy0.FSDK_LoadImageFromBuffer(Lcom/sun/jna/ptr/IntByReference;[BIIII)I+52
J 280 C1 Luxand.FSDK.LoadImageFromAWTImage(LLuxand/FSDK$HImage;Ljava/awt/Image;I)I (456 bytes) @ 0x02ab340c [0x02ab2ac0+0x94c]
j  liverecognition.AppFace$12.run()V+28
v  ~StubRoutines::call_stub
V  [jvm.dll+0x15b985]
V  [jvm.dll+0x22262e]
V  [jvm.dll+0x15ba1e]
V  [jvm.dll+0x15bba6]
V  [jvm.dll+0x15bc17]
V  [jvm.dll+0xffb3f]
V  [jvm.dll+0x17eb50]
V  [jvm.dll+0x17f3ca]
V  [jvm.dll+0x1c3fe6]
C  [msvcr100.dll+0x5c556]
C  [msvcr100.dll+0x5c600]
C  [KERNEL32.DLL+0x18484]
C  [ntdll.dll+0x62fea]
C  [ntdll.dll+0x62fba]
C  0x00000000

Java frames: (J=compiled Java code, j=interpreted, Vv=VM code)
J 479  com.sun.jna.Native.invokeInt(JI[Ljava/lang/Object;)I (0 bytes) @ 0x02b032c2 [0x02b03260+0x62]
J 478 C1 com.sun.jna.Function.invoke([Ljava/lang/Object;Ljava/lang/Class;Z)Ljava/lang/Object; (1154 bytes) @ 0x02b05904 [0x02b03d30+0x1bd4]
J 334 C1 com.sun.jna.Function.invoke(Ljava/lang/Class;[Ljava/lang/Object;Ljava/util/Map;)Ljava/lang/Object; (526 bytes) @ 0x02ac8158 [0x02ac7cd0+0x488]
J 507 C1 com.sun.jna.Library$Handler.invoke(Ljava/lang/Object;Ljava/lang/reflect/Method;[Ljava/lang/Object;)Ljava/lang/Object; (345 bytes) @ 0x02b1758c [0x02b16d50+0x83c]
j  Luxand.$Proxy0.FSDK_LoadImageFromBuffer(Lcom/sun/jna/ptr/IntByReference;[BIIII)I+52
J 280 C1 Luxand.FSDK.LoadImageFromAWTImage(LLuxand/FSDK$HImage;Ljava/awt/Image;I)I (456 bytes) @ 0x02ab340c [0x02ab2ac0+0x94c]
j  liverecognition.AppFace$12.run()V+28
v  ~StubRoutines::call_stub

---------------  P R O C E S S  ---------------

Java Threads: ( => current thread )
  0x151c9000 JavaThread "Thread-22441" [_thread_in_Java, id=12664, stack(0x15960000,0x159b0000)]
  0x151c7000 JavaThread "Thread-0" daemon [_thread_in_native, id=1808, stack(0x15d90000,0x15de0000)]
=>0x151c7800 JavaThread "Thread-22440" [_thread_in_vm, id=5960, stack(0x00d20000,0x00d70000)]
  0x165d2c00 JavaThread "WebSocketTimer" [_thread_blocked, id=11452, stack(0x20390000,0x203e0000)]
  0x165d4000 JavaThread "WebSocketWriteThread-19" [_thread_blocked, id=8500, stack(0x1fa00000,0x1fa50000)]
  0x165e7c00 JavaThread "WebSocketConnectReadThread-18" [_thread_in_native, id=5872, stack(0x1f8f0000,0x1f940000)]
  0x165d9c00 JavaThread "Thread-3" [_thread_in_native, id=2900, stack(0x1f860000,0x1f8b0000)]
  0x00cdd000 JavaThread "DestroyJavaVM" [_thread_blocked, id=13068, stack(0x01000000,0x01050000)]
  0x1525cc00 JavaThread "AWT-EventQueue-0" [_thread_blocked, id=6128, stack(0x16970000,0x169c0000)]
  0x15250000 JavaThread "AWT-Shutdown" [_thread_blocked, id=8928, stack(0x15910000,0x15960000)]
  0x1524f000 JavaThread "Java2D Disposer" daemon [_thread_blocked, id=12620, stack(0x15880000,0x158d0000)]
  0x150af800 JavaThread "Service Thread" daemon [_thread_blocked, id=11324, stack(0x15650000,0x156a0000)]
  0x1509ac00 JavaThread "C1 CompilerThread0" daemon [_thread_blocked, id=4696, stack(0x155c0000,0x15610000)]
  0x15099400 JavaThread "Attach Listener" daemon [_thread_blocked, id=13188, stack(0x15530000,0x15580000)]
  0x15097400 JavaThread "Signal Dispatcher" daemon [_thread_blocked, id=8884, stack(0x154a0000,0x154f0000)]
  0x1507a400 JavaThread "Finalizer" daemon [_thread_blocked, id=4372, stack(0x152f0000,0x15340000)]
  0x15064800 JavaThread "Reference Handler" daemon [_thread_blocked, id=9128, stack(0x15260000,0x152b0000)]

Other Threads:
  0x0299dc00 VMThread [stack: 0x04b50000,0x04ba0000] [id=10064]
  0x150b3000 WatcherThread [stack: 0x156e0000,0x15730000] [id=6004]

VM state:not at safepoint (normal execution)

VM Mutex/Monitor currently owned by a thread: None

Heap:
 def new generation   total 11520K, used 2985K [0x04c00000, 0x05880000, 0x0a150000)
  eden space 10240K,  29% used [0x04c00000, 0x04eea7e8, 0x05600000)
  from space 1280K,   0% used [0x05600000, 0x05600000, 0x05740000)
  to   space 1280K,   0% used [0x05740000, 0x05740000, 0x05880000)
 tenured generation   total 25484K, used 11004K [0x0a150000, 0x0ba33000, 0x14c00000)
   the space 25484K,  43% used [0x0a150000, 0x0ac0f120, 0x0ac0f200, 0x0ba33000)
 Metaspace       used 8806K, capacity 8978K, committed 9088K, reserved 9600K

Card table byte_map: [0x04a20000,0x04ab0000] byte_map_base: 0x049fa000

Polling page: 0x01070000

CodeCache: size=32768Kb used=1700Kb max_used=1872Kb free=31067Kb
 bounds [0x029a0000, 0x02b78000, 0x049a0000]
 total_blobs=827 nmethods=575 adapters=182
 compilation: enabled

Compilation events (10 events):
Event: 470.063 Thread 0x1509ac00 1180             java.awt.Container::getChildAt (54 bytes)
Event: 470.063 Thread 0x1509ac00 nmethod 1180 0x02aafb88 code [0x02aafca0, 0x02aafdf8]
Event: 470.166 Thread 0x1509ac00 1181             java.lang.Boolean::booleanValue (5 bytes)
Event: 470.167 Thread 0x1509ac00 nmethod 1181 0x02a654c8 code [0x02a655c0, 0x02a65640]
Event: 470.478 Thread 0x1509ac00 1182             java.awt.Component::getCursor_NoClientCode (30 bytes)
Event: 470.478 Thread 0x1509ac00 nmethod 1182 0x02a7bf48 code [0x02a7c070, 0x02a7c1a4]
Event: 470.479 Thread 0x1509ac00 1183   !         sun.awt.PostEventQueue::flush (168 bytes)
Event: 470.479 Thread 0x1509ac00 nmethod 1183 0x02adb9c8 code [0x02adbb60, 0x02adc304]
Event: 470.925 Thread 0x1509ac00 1184             java.awt.image.PackedColorModel::DecomposeMask (147 bytes)
Event: 470.925 Thread 0x1509ac00 nmethod 1184 0x02adad88 code [0x02adaf40, 0x02adb36c]

GC Heap History (10 events):
Event: 470.964 GC heap before
{Heap before GC invocations=6557 (full 930):
 def new generation   total 11520K, used 10524K [0x04c00000, 0x05880000, 0x0a150000)
  eden space 10240K,  90% used [0x04c00000, 0x0550c008, 0x05600000)
  from space 1280K,  98% used [0x05740000, 0x0587b3f0, 0x05880000)
  to   space 1280K,   0% used [0x05600000, 0x05600000, 0x05740000)
 tenured generation   total 25484K, used 13374K [0x0a150000, 0x0ba33000, 0x14c00000)
   the space 25484K,  52% used [0x0a150000, 0x0ae5f9f8, 0x0ae5fa00, 0x0ba33000)
 Metaspace       used 8783K, capacity 8946K, committed 9088K, reserved 9600K
Event: 470.965 GC heap after
Heap after GC invocations=6558 (full 930):
 def new generation   total 11520K, used 1229K [0x04c00000, 0x05880000, 0x0a150000)
  eden space 10240K,   0% used [0x04c00000, 0x04c00000, 0x05600000)
  from space 1280K,  96% used [0x05600000, 0x05733460, 0x05740000)
  to   space 1280K,   0% used [0x05740000, 0x05740000, 0x05880000)
 tenured generation   total 25484K, used 16675K [0x0a150000, 0x0ba33000, 0x14c00000)
   the space 25484K,  65% used [0x0a150000, 0x0b198f18, 0x0b199000, 0x0ba33000)
 Metaspace       used 8783K, capacity 8946K, committed 9088K, reserved 9600K
}
Event: 471.047 GC heap before
{Heap before GC invocations=6558 (full 930):
 def new generation   total 11520K, used 11469K [0x04c00000, 0x05880000, 0x0a150000)
  eden space 10240K, 100% used [0x04c00000, 0x05600000, 0x05600000)
  from space 1280K,  96% used [0x05600000, 0x05733460, 0x05740000)
  to   space 1280K,   0% used [0x05740000, 0x05740000, 0x05880000)
 tenured generation   total 25484K, used 16675K [0x0a150000, 0x0ba33000, 0x14c00000)
   the space 25484K,  65% used [0x0a150000, 0x0b198f18, 0x0b199000, 0x0ba33000)
 Metaspace       used 8783K, capacity 8946K, committed 9088K, reserved 9600K
Event: 471.048 GC heap after
Heap after GC invocations=6559 (full 930):
 def new generation   total 11520K, used 939K [0x04c00000, 0x05880000, 0x0a150000)
  eden space 10240K,   0% used [0x04c00000, 0x04c00000, 0x05600000)
  from space 1280K,  73% used [0x05740000, 0x0582ac78, 0x05880000)
  to   space 1280K,   0% used [0x05600000, 0x05600000, 0x05740000)
 tenured generation   total 25484K, used 20303K [0x0a150000, 0x0ba33000, 0x14c00000)
   the space 25484K,  79% used [0x0a150000, 0x0b523f50, 0x0b524000, 0x0ba33000)
 Metaspace       used 8783K, capacity 8946K, committed 9088K, reserved 9600K
}
Event: 471.201 GC heap before
{Heap before GC invocations=6559 (full 930):
 def new generation   total 11520K, used 10900K [0x04c00000, 0x05880000, 0x0a150000)
  eden space 10240K,  97% used [0x04c00000, 0x055ba468, 0x05600000)
  from space 1280K,  73% used [0x05740000, 0x0582ac78, 0x05880000)
  to   space 1280K,   0% used [0x05600000, 0x05600000, 0x05740000)
 tenured generation   total 25484K, used 20303K [0x0a150000, 0x0ba33000, 0x14c00000)
   the space 25484K,  79% used [0x0a150000, 0x0b523f50, 0x0b524000, 0x0ba33000)
 Metaspace       used 8783K, capacity 8946K, committed 9088K, reserved 9600K
Event: 471.203 GC heap after
Heap after GC invocations=6560 (full 930):
 def new generation   total 11520K, used 939K [0x04c00000, 0x05880000, 0x0a150000)
  eden space 10240K,   0% used [0x04c00000, 0x04c00000, 0x05600000)
  from space 1280K,  73% used [0x05600000, 0x056eac98, 0x05740000)
  to   space 1280K,   0% used [0x05740000, 0x05740000, 0x05880000)
 tenured generation   total 25484K, used 22731K [0x0a150000, 0x0ba33000, 0x14c00000)
   the space 25484K,  89% used [0x0a150000, 0x0b782dd0, 0x0b782e00, 0x0ba33000)
 Metaspace       used 8783K, capacity 8946K, committed 9088K, reserved 9600K
}
Event: 471.233 GC heap before
{Heap before GC invocations=6560 (full 930):
 def new generation   total 11520K, used 10831K [0x04c00000, 0x05880000, 0x0a150000)
  eden space 10240K,  96% used [0x04c00000, 0x055a9298, 0x05600000)
  from space 1280K,  73% used [0x05600000, 0x056eac98, 0x05740000)
  to   space 1280K,   0% used [0x05740000, 0x05740000, 0x05880000)
 tenured generation   total 25484K, used 22731K [0x0a150000, 0x0ba33000, 0x14c00000)
   the space 25484K,  89% used [0x0a150000, 0x0b782dd0, 0x0b782e00, 0x0ba33000)
 Metaspace       used 8783K, capacity 8946K, committed 9088K, reserved 9600K
Event: 471.234 GC heap after
Heap after GC invocations=6561 (full 930):
 def new generation   total 11520K, used 1260K [0x04c00000, 0x05880000, 0x0a150000)
  eden space 10240K,   0% used [0x04c00000, 0x04c00000, 0x05600000)
  from space 1280K,  98% used [0x05740000, 0x0587b3f0, 0x05880000)
  to   space 1280K,   0% used [0x05600000, 0x05600000, 0x05740000)
 tenured generation   total 25484K, used 22759K [0x0a150000, 0x0ba33000, 0x14c00000)
   the space 25484K,  89% used [0x0a150000, 0x0b789c60, 0x0b789e00, 0x0ba33000)
 Metaspace       used 8783K, capacity 8946K, committed 9088K, reserved 9600K
}
Event: 471.295 GC heap before
{Heap before GC invocations=6561 (full 930):
 def new generation   total 11520K, used 11005K [0x04c00000, 0x05880000, 0x0a150000)
  eden space 10240K,  95% used [0x04c00000, 0x05584098, 0x05600000)
  from space 1280K,  98% used [0x05740000, 0x0587b3f0, 0x05880000)
  to   space 1280K,   0% used [0x05600000, 0x05600000, 0x05740000)
 tenured generation   total 25484K, used 22759K [0x0a150000, 0x0ba33000, 0x14c00000)
   the space 25484K,  89% used [0x0a150000, 0x0b789c60, 0x0b789e00, 0x0ba33000)
 Metaspace       used 8788K, capacity 8946K, committed 9088K, reserved 9600K
Event: 471.312 GC heap after
Heap after GC invocations=6562 (full 931):
 def new generation   total 11520K, used 0K [0x04c00000, 0x05880000, 0x0a150000)
  eden space 10240K,   0% used [0x04c00000, 0x04c00000, 0x05600000)
  from space 1280K,   0% used [0x05600000, 0x05600000, 0x05740000)
  to   space 1280K,   0% used [0x05740000, 0x05740000, 0x05880000)
 tenured generation   total 25484K, used 11004K [0x0a150000, 0x0ba33000, 0x14c00000)
   the space 25484K,  43% used [0x0a150000, 0x0ac0f120, 0x0ac0f200, 0x0ba33000)
 Metaspace       used 8788K, capacity 8946K, committed 9088K, reserved 9600K
}

Deoptimization events (0 events):
No events

Classes redefined (0 events):
No events

Internal exceptions (10 events):
Event: 0.207 Thread 0x00cdd000 Exception <a 'java/lang/ClassNotFoundException': ToolBar> (0x04f09de8) thrown at [C:\re\workspace\8-2-build-windows-i586-cygwin\jdk8u171\10807\hotspot\src\share\vm\classfile\systemDictionary.cpp, line 210]
Event: 0.207 Thread 0x00cdd000 Exception <a 'java/lang/ClassNotFoundException': ToggleButton> (0x04f0a330) thrown at [C:\re\workspace\8-2-build-windows-i586-cygwin\jdk8u171\10807\hotspot\src\share\vm\classfile\systemDictionary.cpp, line 210]
Event: 0.207 Thread 0x00cdd000 Exception <a 'java/lang/ClassNotFoundException': javax/swing/JToolBarSeparator> (0x04f0a738) thrown at [C:\re\workspace\8-2-build-windows-i586-cygwin\jdk8u171\10807\hotspot\src\share\vm\classfile\systemDictionary.cpp, line 210]
Event: 0.207 Thread 0x00cdd000 Exception <a 'java/lang/ClassNotFoundException': ToolBarSeparator> (0x04f0ab90) thrown at [C:\re\workspace\8-2-build-windows-i586-cygwin\jdk8u171\10807\hotspot\src\share\vm\classfile\systemDictionary.cpp, line 210]
Event: 0.207 Thread 0x00cdd000 Exception <a 'java/lang/ClassNotFoundException': ToolTip> (0x04f0b238) thrown at [C:\re\workspace\8-2-build-windows-i586-cygwin\jdk8u171\10807\hotspot\src\share\vm\classfile\systemDictionary.cpp, line 210]
Event: 0.208 Thread 0x00cdd000 Exception <a 'java/lang/ClassNotFoundException': Tree> (0x04f0bd20) thrown at [C:\re\workspace\8-2-build-windows-i586-cygwin\jdk8u171\10807\hotspot\src\share\vm\classfile\systemDictionary.cpp, line 210]
Event: 0.208 Thread 0x00cdd000 Exception <a 'java/lang/ClassNotFoundException': Tree> (0x04f0c3c0) thrown at [C:\re\workspace\8-2-build-windows-i586-cygwin\jdk8u171\10807\hotspot\src\share\vm\classfile\systemDictionary.cpp, line 210]
Event: 0.208 Thread 0x00cdd000 Exception <a 'java/lang/ClassNotFoundException': javax/swing/JTreeCell> (0x04f0c6f8) thrown at [C:\re\workspace\8-2-build-windows-i586-cygwin\jdk8u171\10807\hotspot\src\share\vm\classfile\systemDictionary.cpp, line 210]
Event: 0.208 Thread 0x00cdd000 Exception <a 'java/lang/ClassNotFoundException': TreeCell> (0x04f0cb40) thrown at [C:\re\workspace\8-2-build-windows-i586-cygwin\jdk8u171\10807\hotspot\src\share\vm\classfile\systemDictionary.cpp, line 210]
Event: 0.209 Thread 0x00cdd000 Exception <a 'java/lang/ClassNotFoundException': RootPane> (0x04f0d4b8) thrown at [C:\re\workspace\8-2-build-windows-i586-cygwin\jdk8u171\10807\hotspot\src\share\vm\classfile\systemDictionary.cpp, line 210]

Events (10 events):
Event: 471.295 loading class java/util/WeakHashMap$KeyIterator
Event: 471.295 loading class java/util/WeakHashMap$HashIterator
Event: 471.295 loading class java/util/WeakHashMap$HashIterator done
Event: 471.295 loading class java/util/WeakHashMap$KeyIterator done
Event: 471.295 Thread 0x151c5800 Thread exited: 0x151c5800
Event: 471.295 Executing VM operation: GenCollectForAllocation
Event: 471.312 Executing VM operation: GenCollectForAllocation done
Event: 471.313 loading class java/lang/ProcessBuilder
Event: 471.314 loading class java/lang/ProcessBuilder done
Event: 471.314 loading class java/lang/ProcessImpl


Dynamic libraries:
0x00ce0000 - 0x00d13000 	C:\Program Files (x86)\Java\jdk1.8.0_171\jre\bin\java.exe
0x77470000 - 0x77600000 	C:\WINDOWS\SYSTEM32\ntdll.dll
0x76a20000 - 0x76b00000 	C:\WINDOWS\System32\KERNEL32.DLL
0x76fb0000 - 0x77194000 	C:\WINDOWS\System32\KERNELBASE.dll
0x73c80000 - 0x73d1d000 	C:\WINDOWS\SYSTEM32\apphelp.dll
0x756c0000 - 0x75738000 	C:\WINDOWS\System32\ADVAPI32.dll
0x75d80000 - 0x75e3f000 	C:\WINDOWS\System32\msvcrt.dll
0x77330000 - 0x77374000 	C:\WINDOWS\System32\sechost.dll
0x75e40000 - 0x75f00000 	C:\WINDOWS\System32\RPCRT4.dll
0x73d30000 - 0x73d50000 	C:\WINDOWS\System32\SspiCli.dll
0x73d20000 - 0x73d2a000 	C:\WINDOWS\System32\CRYPTBASE.dll
0x75900000 - 0x75958000 	C:\WINDOWS\System32\bcryptPrimitives.dll
0x75bf0000 - 0x75d7d000 	C:\WINDOWS\System32\USER32.dll
0x76e30000 - 0x76e47000 	C:\WINDOWS\System32\win32u.dll
0x76b10000 - 0x76b32000 	C:\WINDOWS\System32\GDI32.dll
0x767d0000 - 0x76934000 	C:\WINDOWS\System32\gdi32full.dll
0x76db0000 - 0x76e2d000 	C:\WINDOWS\System32\msvcp_win.dll
0x75790000 - 0x758ae000 	C:\WINDOWS\System32\ucrtbase.dll
0x73110000 - 0x73314000 	C:\WINDOWS\WinSxS\x86_microsoft.windows.common-controls_6595b64144ccf1df_6.0.17134.112_none_42ecccf244e44518\COMCTL32.dll
0x76530000 - 0x7678c000 	C:\WINDOWS\System32\combase.dll
0x76d70000 - 0x76d96000 	C:\WINDOWS\System32\IMM32.DLL
0x59310000 - 0x593cf000 	C:\Program Files (x86)\Java\jdk1.8.0_171\jre\bin\msvcr100.dll
0x58f30000 - 0x59301000 	C:\Program Files (x86)\Java\jdk1.8.0_171\jre\bin\client\jvm.dll
0x76520000 - 0x76526000 	C:\WINDOWS\System32\PSAPI.DLL
0x71f70000 - 0x71f78000 	C:\WINDOWS\SYSTEM32\VERSION.dll
0x72c20000 - 0x72c44000 	C:\WINDOWS\SYSTEM32\WINMM.dll
0x728c0000 - 0x728c8000 	C:\WINDOWS\SYSTEM32\WSOCK32.dll
0x75b20000 - 0x75b87000 	C:\WINDOWS\System32\WS2_32.dll
0x72890000 - 0x728b3000 	C:\WINDOWS\SYSTEM32\winmmbase.dll
0x76790000 - 0x767c9000 	C:\WINDOWS\System32\cfgmgr32.dll
0x59c10000 - 0x59c1c000 	C:\Program Files (x86)\Java\jdk1.8.0_171\jre\bin\verify.dll
0x58f00000 - 0x58f22000 	C:\Program Files (x86)\Java\jdk1.8.0_171\jre\bin\java.dll
0x58ee0000 - 0x58ef4000 	C:\Program Files (x86)\Java\jdk1.8.0_171\jre\bin\zip.dll
0x73d50000 - 0x7509a000 	C:\WINDOWS\System32\SHELL32.dll
0x75960000 - 0x759e8000 	C:\WINDOWS\System32\shcore.dll
0x750a0000 - 0x7565a000 	C:\WINDOWS\System32\windows.storage.dll
0x758b0000 - 0x758f5000 	C:\WINDOWS\System32\shlwapi.dll
0x76b40000 - 0x76b4f000 	C:\WINDOWS\System32\kernel.appcore.dll
0x75aa0000 - 0x75ab8000 	C:\WINDOWS\System32\profapi.dll
0x764d0000 - 0x76515000 	C:\WINDOWS\System32\powrprof.dll
0x76e50000 - 0x76e58000 	C:\WINDOWS\System32\FLTLIB.DLL
0x58d70000 - 0x58eb5000 	C:\Program Files (x86)\Java\jdk1.8.0_171\jre\bin\awt.dll
0x759f0000 - 0x75a86000 	C:\WINDOWS\System32\OLEAUT32.dll
0x73090000 - 0x7310c000 	C:\WINDOWS\system32\uxtheme.dll
0x76e60000 - 0x76fa4000 	C:\WINDOWS\System32\MSCTF.dll
0x71b00000 - 0x71b23000 	C:\WINDOWS\system32\dwmapi.dll
0x76be0000 - 0x76cdc000 	C:\WINDOWS\System32\ole32.dll
0x58b50000 - 0x58b89000 	C:\Program Files (x86)\Java\jdk1.8.0_171\jre\bin\fontmanager.dll
0x58c60000 - 0x58d39000 	C:\WINDOWS\system32\opengl32.dll
0x58c20000 - 0x58c5f000 	C:\WINDOWS\SYSTEM32\GLU32.dll
0x57aa0000 - 0x57ac6000 	C:\Program Files (x86)\Java\jdk1.8.0_171\jre\bin\jpeg.dll
0x58ec0000 - 0x58ed5000 	C:\Program Files (x86)\Java\jdk1.8.0_171\jre\bin\net.dll
0x726e0000 - 0x72736000 	C:\WINDOWS\system32\mswsock.dll
0x59770000 - 0x5977f000 	C:\Program Files (x86)\Java\jdk1.8.0_171\jre\bin\nio.dll
0x58b10000 - 0x58b42000 	C:\Program Files (x86)\Java\jdk1.8.0_171\jre\bin\t2k.dll
0x16b10000 - 0x1a2d2000 	C:\Users\PAUL\Desktop\proyecto\facewithRaspberry\appDesktop\facesdk.dll
0x73ae0000 - 0x73b10000 	C:\WINDOWS\SYSTEM32\IPHLPAPI.DLL
0x72530000 - 0x72543000 	C:\WINDOWS\SYSTEM32\CRYPTSP.dll
0x72500000 - 0x7252f000 	C:\WINDOWS\system32\rsaenh.dll
0x727e0000 - 0x727f9000 	C:\WINDOWS\SYSTEM32\bcrypt.dll
0x73c20000 - 0x73c41000 	C:\WINDOWS\SYSTEM32\USERENV.dll
0x75a90000 - 0x75a97000 	C:\WINDOWS\System32\NSI.dll
0x72760000 - 0x72773000 	C:\WINDOWS\SYSTEM32\dhcpcsvc6.DLL
0x72740000 - 0x72754000 	C:\WINDOWS\SYSTEM32\dhcpcsvc.DLL
0x1a830000 - 0x1a885000 	C:\Users\PAUL\AppData\Local\Temp\jna6957554670789442449.dll
0x71d20000 - 0x71ea2000 	C:\WINDOWS\SYSTEM32\dbghelp.dll
0x6db70000 - 0x6dbee000 	C:\WINDOWS\System32\TextInputFramework.dll
0x6dae0000 - 0x6db6b000 	C:\WINDOWS\System32\CoreMessaging.dll
0x6d880000 - 0x6dadd000 	C:\WINDOWS\System32\CoreUIComponents.dll
0x723b0000 - 0x723d9000 	C:\WINDOWS\SYSTEM32\ntmarta.dll
0x71650000 - 0x71726000 	C:\WINDOWS\SYSTEM32\wintypes.dll
0x58ab0000 - 0x58ad4000 	C:\Program Files (x86)\Java\jdk1.8.0_171\jre\bin\dcpr.dll

VM Arguments:
jvm_args: -Dfile.encoding=UTF-8 
java_command: liverecognition.AppFace
java_class_path (initial): C:\Users\PAUL\Desktop\proyecto\facewithRaspberry\appDesktop\FaceSDK.jar;C:\Users\PAUL\Desktop\proyecto\facewithRaspberry\appDesktop\jna.jar;C:\Users\PAUL\Desktop\proyecto\facewithRaspberry\appDesktop\lib\mail.jar;C:\Users\PAUL\Desktop\proyecto\facewithRaspberry\appDesktop\lib\swingx-1.6.1.jar;C:\Users\PAUL\Desktop\proyecto\facewithRaspberry\appDesktop\lib\jfoenix-8.0.4.jar;C:\Users\PAUL\Desktop\proyecto\facewithRaspberry\appDesktop\lib\twilio-java-sdk-6.3.0.jar;C:\Users\PAUL\Desktop\proyecto\facewithRaspberry\appDesktop\lib\Java-WebSocket-1.3.8.jar;C:\Users\PAUL\Desktop\proyecto\facewithRaspberry\appDesktop\build\classes
Launcher Type: SUN_STANDARD

Environment Variables:
JAVA_HOME=C:\Program Files\Java\jdk1.8.0_171
PATH=C:\Program Files (x86)\Common Files\Oracle\Java\javapath;C:\WINDOWS\system32;C:\WINDOWS;C:\WINDOWS\System32\Wbem;C:\WINDOWS\System32\WindowsPowerShell\v1.0\;C:\Program Files\Java\jdk1.8.0_171\bin;C:\WINDOWS\System32\OpenSSH\;C:\Program Files (x86)\PuTTY\;C:\Users\PAUL\AppData\Local\Microsoft\WindowsApps;C:\Users\PAUL\AppData\Local\Programs\MiKTeX 2.9\miktex\bin\x64\;;C:\Program Files (x86)\SSH Communications Security\SSH Secure Shell
USERNAME=PAUL
OS=Windows_NT
PROCESSOR_IDENTIFIER=Intel64 Family 6 Model 60 Stepping 3, GenuineIntel



---------------  S Y S T E M  ---------------

OS: Windows 10.0 , 64 bit Build 17134 (10.0.17134.1)

CPU:total 8 (initial active 8) (4 cores per cpu, 2 threads per core) family 6 model 60 stepping 3, cmov, cx8, fxsr, mmx, sse, sse2, sse3, ssse3, sse4.1, sse4.2, popcnt, avx, avx2, aes, clmul, erms, lzcnt, ht, tsc, tscinvbit, bmi1, bmi2

Memory: 4k page, physical 16696464k(12269656k free), swap 19711120k(15216940k free)

vm_info: Java HotSpot(TM) Client VM (25.171-b11) for windows-x86 JRE (1.8.0_171-b11), built on Mar 28 2018 14:51:22 by "java_re" with MS VC++ 10.0 (VS2010)

time: Wed Jun 27 13:28:59 2018
elapsed time: 471 seconds (0d 0h 7m 51s)

