#
# A fatal error has been detected by the Java Runtime Environment:
#
#  EXCEPTION_ACCESS_VIOLATION (0xc0000005) at pc=0x59007739, pid=9040, tid=0x000016d8
#
# JRE version: Java(TM) SE Runtime Environment (8.0_171-b11) (build 1.8.0_171-b11)
# Java VM: Java HotSpot(TM) Client VM (25.171-b11 mixed mode windows-x86 )
# Problematic frame:
# V  [jvm.dll+0xd7739]
#
# Failed to write core dump. Minidumps are not enabled by default on client versions of Windows
#
# If you would like to submit a bug report, please visit:
#   http://bugreport.java.com/bugreport/crash.jsp
#

---------------  T H R E A D  ---------------

Current thread (0x16d56000):  JavaThread "Thread-7320" [_thread_in_vm, id=5848, stack(0x01340000,0x01390000)]

siginfo: ExceptionCode=0xc0000005, reading address 0x00000000

Registers:
EAX=0x00000000, EBX=0x16cf9401, ECX=0x00000000, EDX=0x00000000
ESP=0x0138ef8c, EBP=0x0138ef98, ESI=0x16cf9450, EDI=0x16d56000
EIP=0x59007739, EFLAGS=0x00010206

Top of Stack: (sp=0x0138ef8c)
0x0138ef8c:   0138f040 00000000 16cf9450 0138f238
0x0138ef9c:   1af34228 16d56140 16cf9450 00000000
0x0138efac:   0138f624 58f965f8 00000080 00000020
0x0138efbc:   1af341b7 0138f060 031eb4d0 0138f630
0x0138efcc:   0138f634 00000000 0138f024 00000020
0x0138efdc:   1af341a3 0138f014 58f37333 16d56000
0x0138efec:   53a6f233 00000003 16d56000 00000000
0x0138effc:   0138efec 16d56000 0138f8ac 591f0faa 

Instructions: (pc=0x59007739)
0x59007719:   1a 0a 00 33 ff eb 02 8b f9 6a 06 57 e8 b6 fc f2
0x59007729:   ff 8b 75 0c 83 c4 08 b3 01 85 f6 74 39 8b 45 10
0x59007739:   8b 00 50 32 db e8 1d b0 f6 ff 83 c4 04 85 c0 74
0x59007749:   25 8b 0e 8b 49 04 8b 50 08 39 04 0a 75 04 b0 01 


Register to memory mapping:

EAX=0x00000000 is an unknown value
EBX=0x16cf9401 is a weak global jni handle
ECX=0x00000000 is an unknown value
EDX=0x00000000 is an unknown value
ESP=0x0138ef8c is pointing into the stack for thread: 0x16d56000
EBP=0x0138ef98 is pointing into the stack for thread: 0x16d56000
ESI=0x16cf9450 is an unknown value
EDI=0x16d56000 is a thread


Stack: [0x01340000,0x01390000],  sp=0x0138ef8c,  free space=315k
Native frames: (J=compiled Java code, j=interpreted, Vv=VM code, C=native code)
V  [jvm.dll+0xd7739]
C  [jna3461173041082226551.dll+0x4228]
C  [jna3461173041082226551.dll+0x4d0e]
J 489  com.sun.jna.Native.invokeInt(JI[Ljava/lang/Object;)I (0 bytes) @ 0x031f5f86 [0x031f5ee0+0xa6]
J 504 C1 com.sun.jna.Function.invoke([Ljava/lang/Object;Ljava/lang/Class;Z)Ljava/lang/Object; (1154 bytes) @ 0x03200584 [0x031fe9b0+0x1bd4]
J 335 C1 com.sun.jna.Function.invoke(Ljava/lang/Class;[Ljava/lang/Object;Ljava/util/Map;)Ljava/lang/Object; (526 bytes) @ 0x031ba718 [0x031ba290+0x488]
J 488 C1 com.sun.jna.Library$Handler.invoke(Ljava/lang/Object;Ljava/lang/reflect/Method;[Ljava/lang/Object;)Ljava/lang/Object; (345 bytes) @ 0x031f6b8c [0x031f6350+0x83c]
j  Luxand.$Proxy0.FSDK_GetImageBufferSize(ILcom/sun/jna/ptr/IntByReference;I)I+30
J 284 C1 Luxand.FSDK.SaveImageToAWTImage(LLuxand/FSDK$HImage;[Ljava/awt/Image;I)I (557 bytes) @ 0x031aab6c [0x031aaa10+0x15c]
j  liverecognition.AppFace$12.run()V+44
v  ~StubRoutines::call_stub
V  [jvm.dll+0x15b985]
V  [jvm.dll+0x22262e]
V  [jvm.dll+0x15ba1e]
V  [jvm.dll+0x15bba6]
V  [jvm.dll+0x15bc17]
V  [jvm.dll+0xffb3f]
V  [jvm.dll+0x17eb50]
V  [jvm.dll+0x17f3ca]
V  [jvm.dll+0x1c3fe6]
C  [msvcr100.dll+0x5c556]
C  [msvcr100.dll+0x5c600]
C  [KERNEL32.DLL+0x18484]
C  [ntdll.dll+0x62fea]
C  [ntdll.dll+0x62fba]
C  0x00000000

Java frames: (J=compiled Java code, j=interpreted, Vv=VM code)
J 489  com.sun.jna.Native.invokeInt(JI[Ljava/lang/Object;)I (0 bytes) @ 0x031f5f42 [0x031f5ee0+0x62]
J 504 C1 com.sun.jna.Function.invoke([Ljava/lang/Object;Ljava/lang/Class;Z)Ljava/lang/Object; (1154 bytes) @ 0x03200584 [0x031fe9b0+0x1bd4]
J 335 C1 com.sun.jna.Function.invoke(Ljava/lang/Class;[Ljava/lang/Object;Ljava/util/Map;)Ljava/lang/Object; (526 bytes) @ 0x031ba718 [0x031ba290+0x488]
J 488 C1 com.sun.jna.Library$Handler.invoke(Ljava/lang/Object;Ljava/lang/reflect/Method;[Ljava/lang/Object;)Ljava/lang/Object; (345 bytes) @ 0x031f6b8c [0x031f6350+0x83c]
j  Luxand.$Proxy0.FSDK_GetImageBufferSize(ILcom/sun/jna/ptr/IntByReference;I)I+30
J 284 C1 Luxand.FSDK.SaveImageToAWTImage(LLuxand/FSDK$HImage;[Ljava/awt/Image;I)I (557 bytes) @ 0x031aab6c [0x031aaa10+0x15c]
j  liverecognition.AppFace$12.run()V+44
v  ~StubRoutines::call_stub

---------------  P R O C E S S  ---------------

Java Threads: ( => current thread )
  0x16d56c00 JavaThread "Thread-0" daemon [_thread_in_native, id=9340, stack(0x20a80000,0x20ad0000)]
=>0x16d56000 JavaThread "Thread-7320" [_thread_in_vm, id=5848, stack(0x01340000,0x01390000)]
  0x16b41000 JavaThread "WebSocketTimer" [_thread_blocked, id=12640, stack(0x20c10000,0x20c60000)]
  0x16cdf400 JavaThread "WebSocketWriteThread-19" [_thread_blocked, id=10820, stack(0x200f0000,0x20140000)]
  0x16cf1000 JavaThread "WebSocketConnectReadThread-18" [_thread_in_native, id=1436, stack(0x1ffe0000,0x20030000)]
  0x16cf3000 JavaThread "Thread-3" [_thread_in_native, id=7920, stack(0x1ff50000,0x1ffa0000)]
  0x0153d000 JavaThread "DestroyJavaVM" [_thread_blocked, id=6340, stack(0x02ee0000,0x02f30000)]
  0x16ac8800 JavaThread "AWT-EventQueue-0" [_thread_blocked, id=12084, stack(0x16160000,0x161b0000)]
  0x158e0800 JavaThread "AWT-Shutdown" [_thread_blocked, id=2948, stack(0x15ff0000,0x16040000)]
  0x158dfc00 JavaThread "Java2D Disposer" daemon [_thread_blocked, id=3740, stack(0x15f60000,0x15fb0000)]
  0x15725c00 JavaThread "Service Thread" daemon [_thread_blocked, id=8876, stack(0x15d30000,0x15d80000)]
  0x1572ac00 JavaThread "C1 CompilerThread0" daemon [_thread_blocked, id=5424, stack(0x15ca0000,0x15cf0000)]
  0x15729400 JavaThread "Attach Listener" daemon [_thread_blocked, id=4560, stack(0x15c10000,0x15c60000)]
  0x15727400 JavaThread "Signal Dispatcher" daemon [_thread_blocked, id=4128, stack(0x15b80000,0x15bd0000)]
  0x1570a800 JavaThread "Finalizer" daemon [_thread_blocked, id=6356, stack(0x159c0000,0x15a10000)]
  0x156f4800 JavaThread "Reference Handler" daemon [_thread_blocked, id=11320, stack(0x15930000,0x15980000)]

Other Threads:
  0x0308e000 VMThread [stack: 0x156a0000,0x156f0000] [id=9204]
  0x1571f800 WatcherThread [stack: 0x15dc0000,0x15e10000] [id=7956]

VM state:not at safepoint (normal execution)

VM Mutex/Monitor currently owned by a thread: None

Heap:
 def new generation   total 12544K, used 5745K [0x05200000, 0x05f90000, 0x0a750000)
  eden space 11200K,  40% used [0x05200000, 0x056691c8, 0x05cf0000)
  from space 1344K,  91% used [0x05e40000, 0x05f73488, 0x05f90000)
  to   space 1344K,   0% used [0x05cf0000, 0x05cf0000, 0x05e40000)
 tenured generation   total 27656K, used 22805K [0x0a750000, 0x0c252000, 0x15200000)
   the space 27656K,  82% used [0x0a750000, 0x0bd95538, 0x0bd95600, 0x0c252000)
 Metaspace       used 8770K, capacity 8946K, committed 9088K, reserved 9600K

Card table byte_map: [0x05110000,0x051a0000] byte_map_base: 0x050e7000

Polling page: 0x02e80000

CodeCache: size=32768Kb used=1617Kb max_used=1858Kb free=31150Kb
 bounds [0x03090000, 0x03268000, 0x05090000]
 total_blobs=800 nmethods=548 adapters=182
 compilation: enabled

Compilation events (10 events):
Event: 143.040 Thread 0x1572ac00  916             java.util.ArrayList::calculateCapacity (16 bytes)
Event: 143.040 Thread 0x1572ac00 nmethod 916 0x031ed1c8 code [0x031ed2c0, 0x031ed350]
Event: 143.040 Thread 0x1572ac00  917             java.util.ArrayList::ensureExplicitCapacity (26 bytes)
Event: 143.040 Thread 0x1572ac00 nmethod 917 0x031f35c8 code [0x031f36d0, 0x031f377c]
Event: 143.200 Thread 0x1572ac00  918             java.security.SecureRandom::next (61 bytes)
Event: 143.201 Thread 0x1572ac00 nmethod 918 0x03134ac8 code [0x03134bd0, 0x03134d7c]
Event: 143.354 Thread 0x1572ac00  919             java.nio.Buffer::<init> (121 bytes)
Event: 143.354 Thread 0x1572ac00 nmethod 919 0x03133f48 code [0x03134100, 0x0313461c]
Event: 143.354 Thread 0x1572ac00  920             java.nio.Buffer::limit (62 bytes)
Event: 143.354 Thread 0x1572ac00 nmethod 920 0x031f5848 code [0x031f5950, 0x031f5a6c]

GC Heap History (10 events):
Event: 143.323 GC heap before
{Heap before GC invocations=2384 (full 336):
 def new generation   total 12544K, used 12481K [0x05200000, 0x05f90000, 0x0a750000)
  eden space 11200K, 100% used [0x05200000, 0x05cf0000, 0x05cf0000)
  from space 1344K,  95% used [0x05cf0000, 0x05e30728, 0x05e40000)
  to   space 1344K,   0% used [0x05e40000, 0x05e40000, 0x05f90000)
 tenured generation   total 27656K, used 10989K [0x0a750000, 0x0c252000, 0x15200000)
   the space 27656K,  39% used [0x0a750000, 0x0b20b610, 0x0b20b800, 0x0c252000)
 Metaspace       used 8746K, capacity 8914K, committed 8960K, reserved 9600K
Event: 143.325 GC heap after
Heap after GC invocations=2385 (full 336):
 def new generation   total 12544K, used 911K [0x05200000, 0x05f90000, 0x0a750000)
  eden space 11200K,   0% used [0x05200000, 0x05200000, 0x05cf0000)
  from space 1344K,  67% used [0x05e40000, 0x05f23f60, 0x05f90000)
  to   space 1344K,   0% used [0x05cf0000, 0x05cf0000, 0x05e40000)
 tenured generation   total 27656K, used 13445K [0x0a750000, 0x0c252000, 0x15200000)
   the space 27656K,  48% used [0x0a750000, 0x0b471790, 0x0b471800, 0x0c252000)
 Metaspace       used 8746K, capacity 8914K, committed 8960K, reserved 9600K
}
Event: 143.385 GC heap before
{Heap before GC invocations=2385 (full 336):
 def new generation   total 12544K, used 12111K [0x05200000, 0x05f90000, 0x0a750000)
  eden space 11200K, 100% used [0x05200000, 0x05cf0000, 0x05cf0000)
  from space 1344K,  67% used [0x05e40000, 0x05f23f60, 0x05f90000)
  to   space 1344K,   0% used [0x05cf0000, 0x05cf0000, 0x05e40000)
 tenured generation   total 27656K, used 13445K [0x0a750000, 0x0c252000, 0x15200000)
   the space 27656K,  48% used [0x0a750000, 0x0b471790, 0x0b471800, 0x0c252000)
 Metaspace       used 8746K, capacity 8914K, committed 8960K, reserved 9600K
Event: 143.387 GC heap after
Heap after GC invocations=2386 (full 336):
 def new generation   total 12544K, used 940K [0x05200000, 0x05f90000, 0x0a750000)
  eden space 11200K,   0% used [0x05200000, 0x05200000, 0x05cf0000)
  from space 1344K,  69% used [0x05cf0000, 0x05ddb2f0, 0x05e40000)
  to   space 1344K,   0% used [0x05e40000, 0x05e40000, 0x05f90000)
 tenured generation   total 27656K, used 19147K [0x0a750000, 0x0c252000, 0x15200000)
   the space 27656K,  69% used [0x0a750000, 0x0ba02e08, 0x0ba03000, 0x0c252000)
 Metaspace       used 8746K, capacity 8914K, committed 8960K, reserved 9600K
}
Event: 143.444 GC heap before
{Heap before GC invocations=2386 (full 336):
 def new generation   total 12544K, used 12140K [0x05200000, 0x05f90000, 0x0a750000)
  eden space 11200K, 100% used [0x05200000, 0x05cf0000, 0x05cf0000)
  from space 1344K,  69% used [0x05cf0000, 0x05ddb2f0, 0x05e40000)
  to   space 1344K,   0% used [0x05e40000, 0x05e40000, 0x05f90000)
 tenured generation   total 27656K, used 19147K [0x0a750000, 0x0c252000, 0x15200000)
   the space 27656K,  69% used [0x0a750000, 0x0ba02e08, 0x0ba03000, 0x0c252000)
 Metaspace       used 8746K, capacity 8914K, committed 8960K, reserved 9600K
Event: 143.445 GC heap after
Heap after GC invocations=2387 (full 336):
 def new generation   total 12544K, used 948K [0x05200000, 0x05f90000, 0x0a750000)
  eden space 11200K,   0% used [0x05200000, 0x05200000, 0x05cf0000)
  from space 1344K,  70% used [0x05e40000, 0x05f2d070, 0x05f90000)
  to   space 1344K,   0% used [0x05cf0000, 0x05cf0000, 0x05e40000)
 tenured generation   total 27656K, used 21576K [0x0a750000, 0x0c252000, 0x15200000)
   the space 27656K,  78% used [0x0a750000, 0x0bc62088, 0x0bc62200, 0x0c252000)
 Metaspace       used 8746K, capacity 8914K, committed 8960K, reserved 9600K
}
Event: 143.486 GC heap before
{Heap before GC invocations=2387 (full 336):
 def new generation   total 12544K, used 11239K [0x05200000, 0x05f90000, 0x0a750000)
  eden space 11200K,  91% used [0x05200000, 0x05c0ced0, 0x05cf0000)
  from space 1344K,  70% used [0x05e40000, 0x05f2d070, 0x05f90000)
  to   space 1344K,   0% used [0x05cf0000, 0x05cf0000, 0x05e40000)
 tenured generation   total 27656K, used 21576K [0x0a750000, 0x0c252000, 0x15200000)
   the space 27656K,  78% used [0x0a750000, 0x0bc62088, 0x0bc62200, 0x0c252000)
 Metaspace       used 8746K, capacity 8914K, committed 8960K, reserved 9600K
Event: 143.487 GC heap after
Heap after GC invocations=2388 (full 336):
 def new generation   total 12544K, used 1260K [0x05200000, 0x05f90000, 0x0a750000)
  eden space 11200K,   0% used [0x05200000, 0x05200000, 0x05cf0000)
  from space 1344K,  93% used [0x05cf0000, 0x05e2b3f0, 0x05e40000)
  to   space 1344K,   0% used [0x05e40000, 0x05e40000, 0x05f90000)
 tenured generation   total 27656K, used 21604K [0x0a750000, 0x0c252000, 0x15200000)
   the space 27656K,  78% used [0x0a750000, 0x0bc69038, 0x0bc69200, 0x0c252000)
 Metaspace       used 8746K, capacity 8914K, committed 8960K, reserved 9600K
}
Event: 143.535 GC heap before
{Heap before GC invocations=2388 (full 336):
 def new generation   total 12544K, used 11805K [0x05200000, 0x05f90000, 0x0a750000)
  eden space 11200K,  94% used [0x05200000, 0x05c4c3d8, 0x05cf0000)
  from space 1344K,  93% used [0x05cf0000, 0x05e2b3f0, 0x05e40000)
  to   space 1344K,   0% used [0x05e40000, 0x05e40000, 0x05f90000)
 tenured generation   total 27656K, used 21604K [0x0a750000, 0x0c252000, 0x15200000)
   the space 27656K,  78% used [0x0a750000, 0x0bc69038, 0x0bc69200, 0x0c252000)
 Metaspace       used 8746K, capacity 8914K, committed 8960K, reserved 9600K
Event: 143.536 GC heap after
Heap after GC invocations=2389 (full 336):
 def new generation   total 12544K, used 1229K [0x05200000, 0x05f90000, 0x0a750000)
  eden space 11200K,   0% used [0x05200000, 0x05200000, 0x05cf0000)
  from space 1344K,  91% used [0x05e40000, 0x05f73488, 0x05f90000)
  to   space 1344K,   0% used [0x05cf0000, 0x05cf0000, 0x05e40000)
 tenured generation   total 27656K, used 22805K [0x0a750000, 0x0c252000, 0x15200000)
   the space 27656K,  82% used [0x0a750000, 0x0bd95538, 0x0bd95600, 0x0c252000)
 Metaspace       used 8746K, capacity 8914K, committed 8960K, reserved 9600K
}

Deoptimization events (0 events):
No events

Classes redefined (0 events):
No events

Internal exceptions (10 events):
Event: 0.221 Thread 0x0153d000 Exception <a 'java/lang/ClassNotFoundException': ToggleButton> (0x0550a340) thrown at [C:\re\workspace\8-2-build-windows-i586-cygwin\jdk8u171\10807\hotspot\src\share\vm\classfile\systemDictionary.cpp, line 210]
Event: 0.221 Thread 0x0153d000 Exception <a 'java/lang/ClassNotFoundException': javax/swing/JToolBarSeparator> (0x0550a748) thrown at [C:\re\workspace\8-2-build-windows-i586-cygwin\jdk8u171\10807\hotspot\src\share\vm\classfile\systemDictionary.cpp, line 210]
Event: 0.221 Thread 0x0153d000 Exception <a 'java/lang/ClassNotFoundException': ToolBarSeparator> (0x0550aba0) thrown at [C:\re\workspace\8-2-build-windows-i586-cygwin\jdk8u171\10807\hotspot\src\share\vm\classfile\systemDictionary.cpp, line 210]
Event: 0.221 Thread 0x0153d000 Exception <a 'java/lang/ClassNotFoundException': ToolTip> (0x0550b248) thrown at [C:\re\workspace\8-2-build-windows-i586-cygwin\jdk8u171\10807\hotspot\src\share\vm\classfile\systemDictionary.cpp, line 210]
Event: 0.222 Thread 0x0153d000 Exception <a 'java/lang/ClassNotFoundException': Tree> (0x0550bd30) thrown at [C:\re\workspace\8-2-build-windows-i586-cygwin\jdk8u171\10807\hotspot\src\share\vm\classfile\systemDictionary.cpp, line 210]
Event: 0.222 Thread 0x0153d000 Exception <a 'java/lang/ClassNotFoundException': Tree> (0x0550c3d0) thrown at [C:\re\workspace\8-2-build-windows-i586-cygwin\jdk8u171\10807\hotspot\src\share\vm\classfile\systemDictionary.cpp, line 210]
Event: 0.222 Thread 0x0153d000 Exception <a 'java/lang/ClassNotFoundException': javax/swing/JTreeCell> (0x0550c708) thrown at [C:\re\workspace\8-2-build-windows-i586-cygwin\jdk8u171\10807\hotspot\src\share\vm\classfile\systemDictionary.cpp, line 210]
Event: 0.222 Thread 0x0153d000 Exception <a 'java/lang/ClassNotFoundException': TreeCell> (0x0550cb50) thrown at [C:\re\workspace\8-2-build-windows-i586-cygwin\jdk8u171\10807\hotspot\src\share\vm\classfile\systemDictionary.cpp, line 210]
Event: 0.222 Thread 0x0153d000 Exception <a 'java/lang/ClassNotFoundException': RootPane> (0x0550d4c8) thrown at [C:\re\workspace\8-2-build-windows-i586-cygwin\jdk8u171\10807\hotspot\src\share\vm\classfile\systemDictionary.cpp, line 210]
Event: 143.602 Thread 0x16d56000 Exception <a 'java/io/IOException': Stream Closed> (0x056136f0) thrown at [C:\re\workspace\8-2-build-windows-i586-cygwin\jdk8u171\10807\hotspot\src\share\vm\prims\jni.cpp, line 735]

Events (10 events):
Event: 143.582 loading class java/lang/ProcessBuilder
Event: 143.583 loading class java/lang/ProcessBuilder done
Event: 143.583 loading class java/lang/ProcessImpl
Event: 143.583 loading class java/lang/Process
Event: 143.583 loading class java/lang/Process done
Event: 143.583 loading class java/lang/ProcessImpl done
Event: 143.588 Thread 0x158e1c00 Thread exited: 0x158e1c00
Event: 143.590 loading class java/lang/ProcessImpl$2
Event: 143.590 loading class java/lang/ProcessImpl$2 done
Event: 143.590 Thread 0x16d55000 Thread exited: 0x16d55000


Dynamic libraries:
0x00ce0000 - 0x00d13000 	C:\Program Files (x86)\Java\jdk1.8.0_171\jre\bin\java.exe
0x77470000 - 0x77600000 	C:\WINDOWS\SYSTEM32\ntdll.dll
0x76a20000 - 0x76b00000 	C:\WINDOWS\System32\KERNEL32.DLL
0x76fb0000 - 0x77194000 	C:\WINDOWS\System32\KERNELBASE.dll
0x73c80000 - 0x73d1d000 	C:\WINDOWS\SYSTEM32\apphelp.dll
0x756c0000 - 0x75738000 	C:\WINDOWS\System32\ADVAPI32.dll
0x75d80000 - 0x75e3f000 	C:\WINDOWS\System32\msvcrt.dll
0x77330000 - 0x77374000 	C:\WINDOWS\System32\sechost.dll
0x75e40000 - 0x75f00000 	C:\WINDOWS\System32\RPCRT4.dll
0x73d30000 - 0x73d50000 	C:\WINDOWS\System32\SspiCli.dll
0x73d20000 - 0x73d2a000 	C:\WINDOWS\System32\CRYPTBASE.dll
0x75900000 - 0x75958000 	C:\WINDOWS\System32\bcryptPrimitives.dll
0x75bf0000 - 0x75d7d000 	C:\WINDOWS\System32\USER32.dll
0x76e30000 - 0x76e47000 	C:\WINDOWS\System32\win32u.dll
0x76b10000 - 0x76b32000 	C:\WINDOWS\System32\GDI32.dll
0x767d0000 - 0x76934000 	C:\WINDOWS\System32\gdi32full.dll
0x76db0000 - 0x76e2d000 	C:\WINDOWS\System32\msvcp_win.dll
0x75790000 - 0x758ae000 	C:\WINDOWS\System32\ucrtbase.dll
0x73110000 - 0x73314000 	C:\WINDOWS\WinSxS\x86_microsoft.windows.common-controls_6595b64144ccf1df_6.0.17134.112_none_42ecccf244e44518\COMCTL32.dll
0x76530000 - 0x7678c000 	C:\WINDOWS\System32\combase.dll
0x76d70000 - 0x76d96000 	C:\WINDOWS\System32\IMM32.DLL
0x59310000 - 0x593cf000 	C:\Program Files (x86)\Java\jdk1.8.0_171\jre\bin\msvcr100.dll
0x58f30000 - 0x59301000 	C:\Program Files (x86)\Java\jdk1.8.0_171\jre\bin\client\jvm.dll
0x76520000 - 0x76526000 	C:\WINDOWS\System32\PSAPI.DLL
0x728c0000 - 0x728c8000 	C:\WINDOWS\SYSTEM32\WSOCK32.dll
0x72c20000 - 0x72c44000 	C:\WINDOWS\SYSTEM32\WINMM.dll
0x71f70000 - 0x71f78000 	C:\WINDOWS\SYSTEM32\VERSION.dll
0x75b20000 - 0x75b87000 	C:\WINDOWS\System32\WS2_32.dll
0x72890000 - 0x728b3000 	C:\WINDOWS\SYSTEM32\WINMMBASE.dll
0x76790000 - 0x767c9000 	C:\WINDOWS\System32\cfgmgr32.dll
0x59c10000 - 0x59c1c000 	C:\Program Files (x86)\Java\jdk1.8.0_171\jre\bin\verify.dll
0x58f00000 - 0x58f22000 	C:\Program Files (x86)\Java\jdk1.8.0_171\jre\bin\java.dll
0x58ee0000 - 0x58ef4000 	C:\Program Files (x86)\Java\jdk1.8.0_171\jre\bin\zip.dll
0x73d50000 - 0x7509a000 	C:\WINDOWS\System32\SHELL32.dll
0x75960000 - 0x759e8000 	C:\WINDOWS\System32\shcore.dll
0x750a0000 - 0x7565a000 	C:\WINDOWS\System32\windows.storage.dll
0x758b0000 - 0x758f5000 	C:\WINDOWS\System32\shlwapi.dll
0x76b40000 - 0x76b4f000 	C:\WINDOWS\System32\kernel.appcore.dll
0x75aa0000 - 0x75ab8000 	C:\WINDOWS\System32\profapi.dll
0x764d0000 - 0x76515000 	C:\WINDOWS\System32\powrprof.dll
0x76e50000 - 0x76e58000 	C:\WINDOWS\System32\FLTLIB.DLL
0x58d70000 - 0x58eb5000 	C:\Program Files (x86)\Java\jdk1.8.0_171\jre\bin\awt.dll
0x759f0000 - 0x75a86000 	C:\WINDOWS\System32\OLEAUT32.dll
0x73090000 - 0x7310c000 	C:\WINDOWS\system32\uxtheme.dll
0x76e60000 - 0x76fa4000 	C:\WINDOWS\System32\MSCTF.dll
0x71b00000 - 0x71b23000 	C:\WINDOWS\system32\dwmapi.dll
0x76be0000 - 0x76cdc000 	C:\WINDOWS\System32\ole32.dll
0x58b50000 - 0x58b89000 	C:\Program Files (x86)\Java\jdk1.8.0_171\jre\bin\fontmanager.dll
0x58c60000 - 0x58d39000 	C:\WINDOWS\system32\opengl32.dll
0x58c20000 - 0x58c5f000 	C:\WINDOWS\SYSTEM32\GLU32.dll
0x57aa0000 - 0x57ac6000 	C:\Program Files (x86)\Java\jdk1.8.0_171\jre\bin\jpeg.dll
0x58ec0000 - 0x58ed5000 	C:\Program Files (x86)\Java\jdk1.8.0_171\jre\bin\net.dll
0x726e0000 - 0x72736000 	C:\WINDOWS\system32\mswsock.dll
0x59770000 - 0x5977f000 	C:\Program Files (x86)\Java\jdk1.8.0_171\jre\bin\nio.dll
0x58b10000 - 0x58b42000 	C:\Program Files (x86)\Java\jdk1.8.0_171\jre\bin\t2k.dll
0x17210000 - 0x1a9d2000 	C:\Users\PAUL\Desktop\proyecto\facewithRaspberry\appDesktop\facesdk.dll
0x73ae0000 - 0x73b10000 	C:\WINDOWS\SYSTEM32\IPHLPAPI.DLL
0x72530000 - 0x72543000 	C:\WINDOWS\SYSTEM32\CRYPTSP.dll
0x72500000 - 0x7252f000 	C:\WINDOWS\system32\rsaenh.dll
0x727e0000 - 0x727f9000 	C:\WINDOWS\SYSTEM32\bcrypt.dll
0x73c20000 - 0x73c41000 	C:\WINDOWS\SYSTEM32\USERENV.dll
0x75a90000 - 0x75a97000 	C:\WINDOWS\System32\NSI.dll
0x72760000 - 0x72773000 	C:\WINDOWS\SYSTEM32\dhcpcsvc6.DLL
0x72740000 - 0x72754000 	C:\WINDOWS\SYSTEM32\dhcpcsvc.DLL
0x1af30000 - 0x1af85000 	C:\Users\PAUL\AppData\Local\Temp\jna3461173041082226551.dll
0x71d20000 - 0x71ea2000 	C:\WINDOWS\SYSTEM32\dbghelp.dll
0x6db70000 - 0x6dbee000 	C:\WINDOWS\System32\TextInputFramework.dll
0x6d880000 - 0x6dadd000 	C:\WINDOWS\System32\CoreUIComponents.dll
0x6dae0000 - 0x6db6b000 	C:\WINDOWS\System32\CoreMessaging.dll
0x723b0000 - 0x723d9000 	C:\WINDOWS\SYSTEM32\ntmarta.dll
0x71650000 - 0x71726000 	C:\WINDOWS\SYSTEM32\wintypes.dll
0x58ab0000 - 0x58ad4000 	C:\Program Files (x86)\Java\jdk1.8.0_171\jre\bin\dcpr.dll

VM Arguments:
jvm_args: -Dfile.encoding=UTF-8 
java_command: liverecognition.AppFace
java_class_path (initial): C:\Users\PAUL\Desktop\proyecto\facewithRaspberry\appDesktop\FaceSDK.jar;C:\Users\PAUL\Desktop\proyecto\facewithRaspberry\appDesktop\jna.jar;C:\Users\PAUL\Desktop\proyecto\facewithRaspberry\appDesktop\lib\mail.jar;C:\Users\PAUL\Desktop\proyecto\facewithRaspberry\appDesktop\lib\swingx-1.6.1.jar;C:\Users\PAUL\Desktop\proyecto\facewithRaspberry\appDesktop\lib\jfoenix-8.0.4.jar;C:\Users\PAUL\Desktop\proyecto\facewithRaspberry\appDesktop\lib\twilio-java-sdk-6.3.0.jar;C:\Users\PAUL\Desktop\proyecto\facewithRaspberry\appDesktop\lib\Java-WebSocket-1.3.8.jar;C:\Users\PAUL\Desktop\proyecto\facewithRaspberry\appDesktop\build\classes
Launcher Type: SUN_STANDARD

Environment Variables:
JAVA_HOME=C:\Program Files\Java\jdk1.8.0_171
PATH=C:\Program Files (x86)\Common Files\Oracle\Java\javapath;C:\WINDOWS\system32;C:\WINDOWS;C:\WINDOWS\System32\Wbem;C:\WINDOWS\System32\WindowsPowerShell\v1.0\;C:\Program Files\Java\jdk1.8.0_171\bin;C:\WINDOWS\System32\OpenSSH\;C:\Program Files (x86)\PuTTY\;C:\Users\PAUL\AppData\Local\Microsoft\WindowsApps;C:\Users\PAUL\AppData\Local\Programs\MiKTeX 2.9\miktex\bin\x64\;;C:\Program Files (x86)\SSH Communications Security\SSH Secure Shell
USERNAME=PAUL
OS=Windows_NT
PROCESSOR_IDENTIFIER=Intel64 Family 6 Model 60 Stepping 3, GenuineIntel



---------------  S Y S T E M  ---------------

OS: Windows 10.0 , 64 bit Build 17134 (10.0.17134.1)

CPU:total 8 (initial active 8) (4 cores per cpu, 2 threads per core) family 6 model 60 stepping 3, cmov, cx8, fxsr, mmx, sse, sse2, sse3, ssse3, sse4.1, sse4.2, popcnt, avx, avx2, aes, clmul, erms, lzcnt, ht, tsc, tscinvbit, bmi1, bmi2

Memory: 4k page, physical 16696464k(12287152k free), swap 19711120k(15307996k free)

vm_info: Java HotSpot(TM) Client VM (25.171-b11) for windows-x86 JRE (1.8.0_171-b11), built on Mar 28 2018 14:51:22 by "java_re" with MS VC++ 10.0 (VS2010)

time: Wed Jun 27 12:41:50 2018
elapsed time: 143 seconds (0d 0h 2m 23s)

