#
# A fatal error has been detected by the Java Runtime Environment:
#
#  EXCEPTION_ACCESS_VIOLATION (0xc0000005) at pc=0x722c7739, pid=5200, tid=0x000023c0
#
# JRE version: Java(TM) SE Runtime Environment (8.0_171-b11) (build 1.8.0_171-b11)
# Java VM: Java HotSpot(TM) Client VM (25.171-b11 mixed mode windows-x86 )
# Problematic frame:
# V  [jvm.dll+0xd7739]
#
# Failed to write core dump. Minidumps are not enabled by default on client versions of Windows
#
# If you would like to submit a bug report, please visit:
#   http://bugreport.java.com/bugreport/crash.jsp
#

---------------  T H R E A D  ---------------

Current thread (0x16189c00):  JavaThread "Thread-188" [_thread_in_vm, id=9152, stack(0x164d0000,0x16520000)]

siginfo: ExceptionCode=0xc0000005, reading address 0x00000000

Registers:
EAX=0x00000000, EBX=0x1588d801, ECX=0x00000000, EDX=0x00000000
ESP=0x1651f46c, EBP=0x1651f478, ESI=0x1588d8a0, EDI=0x16189c00
EIP=0x722c7739, EFLAGS=0x00010206

Top of Stack: (sp=0x1651f46c)
0x1651f46c:   1651f560 00000000 1588d8a0 1651f768
0x1651f47c:   1af24228 16189d40 1588d8a0 00000000
0x1651f48c:   030ddaf1 16189d40 052eed60 030dddc1
0x1651f49c:   0000027f 00000000 0000ffff 00000030
0x1651f4ac:   1af241b7 1651f4dc 152dfa48 00000000
0x1651f4bc:   15274b78 00000000 1651f4d8 1651f508
0x1651f4cc:   030d47c4 052eed60 030da1e6 00000030
0x1651f4dc:   1af241a3 00000005 00000000 1651f4e0 

Instructions: (pc=0x722c7739)
0x722c7719:   1a 0a 00 33 ff eb 02 8b f9 6a 06 57 e8 b6 fc f2
0x722c7729:   ff 8b 75 0c 83 c4 08 b3 01 85 f6 74 39 8b 45 10
0x722c7739:   8b 00 50 32 db e8 1d b0 f6 ff 83 c4 04 85 c0 74
0x722c7749:   25 8b 0e 8b 49 04 8b 50 08 39 04 0a 75 04 b0 01 


Register to memory mapping:

EAX=0x00000000 is an unknown value
EBX=0x1588d801 is an unknown value
ECX=0x00000000 is an unknown value
EDX=0x00000000 is an unknown value
ESP=0x1651f46c is pointing into the stack for thread: 0x16189c00
EBP=0x1651f478 is pointing into the stack for thread: 0x16189c00
ESI=0x1588d8a0 is an unknown value
EDI=0x16189c00 is a thread


Stack: [0x164d0000,0x16520000],  sp=0x1651f46c,  free space=317k
Native frames: (J=compiled Java code, j=interpreted, Vv=VM code, C=native code)
V  [jvm.dll+0xd7739]
C  [jna1686981001035742687.dll+0x4228]
C  [jna1686981001035742687.dll+0x4d0e]
j  com.sun.jna.Native.invokeInt(JI[Ljava/lang/Object;)I+0
j  com.sun.jna.Function.invoke([Ljava/lang/Object;Ljava/lang/Class;Z)Ljava/lang/Object;+333
J 344 C1 com.sun.jna.Function.invoke(Ljava/lang/Class;[Ljava/lang/Object;Ljava/util/Map;)Ljava/lang/Object; (526 bytes) @ 0x031f8cd8 [0x031f8850+0x488]
j  com.sun.jna.Library$Handler.invoke(Ljava/lang/Object;Ljava/lang/reflect/Method;[Ljava/lang/Object;)Ljava/lang/Object;+341
j  Luxand.$Proxy0.FSDK_LoadImageFromBuffer(Lcom/sun/jna/ptr/IntByReference;[BIIII)I+52
J 300 C1 Luxand.FSDK.LoadImageFromAWTImage(LLuxand/FSDK$HImage;Ljava/awt/Image;I)I (456 bytes) @ 0x031e368c [0x031e2d40+0x94c]
j  liverecognition.AppFace$12.run()V+28
v  ~StubRoutines::call_stub
V  [jvm.dll+0x15b985]
V  [jvm.dll+0x22262e]
V  [jvm.dll+0x15ba1e]
V  [jvm.dll+0x15bba6]
V  [jvm.dll+0x15bc17]
V  [jvm.dll+0xffb3f]
V  [jvm.dll+0x17eb50]
V  [jvm.dll+0x17f3ca]
V  [jvm.dll+0x1c3fe6]
C  [msvcr100.dll+0x5c556]
C  [msvcr100.dll+0x5c600]
C  [KERNEL32.DLL+0x18484]
C  [ntdll.dll+0x62fea]
C  [ntdll.dll+0x62fba]
C  0x00000000

Java frames: (J=compiled Java code, j=interpreted, Vv=VM code)
j  com.sun.jna.Native.invokeInt(JI[Ljava/lang/Object;)I+0
j  com.sun.jna.Function.invoke([Ljava/lang/Object;Ljava/lang/Class;Z)Ljava/lang/Object;+333
J 344 C1 com.sun.jna.Function.invoke(Ljava/lang/Class;[Ljava/lang/Object;Ljava/util/Map;)Ljava/lang/Object; (526 bytes) @ 0x031f8cd8 [0x031f8850+0x488]
j  com.sun.jna.Library$Handler.invoke(Ljava/lang/Object;Ljava/lang/reflect/Method;[Ljava/lang/Object;)Ljava/lang/Object;+341
j  Luxand.$Proxy0.FSDK_LoadImageFromBuffer(Lcom/sun/jna/ptr/IntByReference;[BIIII)I+52
J 300 C1 Luxand.FSDK.LoadImageFromAWTImage(LLuxand/FSDK$HImage;Ljava/awt/Image;I)I (456 bytes) @ 0x031e368c [0x031e2d40+0x94c]
j  liverecognition.AppFace$12.run()V+28
v  ~StubRoutines::call_stub

---------------  P R O C E S S  ---------------

Java Threads: ( => current thread )
=>0x16189c00 JavaThread "Thread-188" [_thread_in_vm, id=9152, stack(0x164d0000,0x16520000)]
  0x1611a800 JavaThread "WebSocketTimer" [_thread_blocked, id=1464, stack(0x202d0000,0x20320000)]
  0x160aa000 JavaThread "WebSocketWriteThread-19" [_thread_blocked, id=304, stack(0x1f940000,0x1f990000)]
  0x160ac800 JavaThread "WebSocketConnectReadThread-18" [_thread_in_native, id=7104, stack(0x1f830000,0x1f880000)]
  0x16108000 JavaThread "Thread-3" [_thread_in_native, id=10572, stack(0x1f7a0000,0x1f7f0000)]
  0x030cd400 JavaThread "DestroyJavaVM" [_thread_blocked, id=4088, stack(0x02ef0000,0x02f40000)]
  0x15fdd000 JavaThread "AWT-EventQueue-0" [_thread_blocked, id=4256, stack(0x17030000,0x17080000)]
  0x158b6800 JavaThread "AWT-Shutdown" [_thread_blocked, id=5296, stack(0x16440000,0x16490000)]
  0x158b5c00 JavaThread "Java2D Disposer" daemon [_thread_blocked, id=10120, stack(0x163b0000,0x16400000)]
  0x15720000 JavaThread "Service Thread" daemon [_thread_blocked, id=6060, stack(0x15d80000,0x15dd0000)]
  0x156fc400 JavaThread "C1 CompilerThread0" daemon [_thread_blocked, id=11124, stack(0x15cf0000,0x15d40000)]
  0x156fb000 JavaThread "Attach Listener" daemon [_thread_blocked, id=868, stack(0x15c60000,0x15cb0000)]
  0x156f9000 JavaThread "Signal Dispatcher" daemon [_thread_blocked, id=3856, stack(0x15bd0000,0x15c20000)]
  0x156dac00 JavaThread "Finalizer" daemon [_thread_blocked, id=8816, stack(0x15a20000,0x15a70000)]
  0x156c6000 JavaThread "Reference Handler" daemon [_thread_blocked, id=12324, stack(0x15990000,0x159e0000)]

Other Threads:
  0x156c0400 VMThread [stack: 0x15900000,0x15950000] [id=1912]
  0x156f5400 WatcherThread [stack: 0x15e10000,0x15e60000] [id=744]

VM state:not at safepoint (normal execution)

VM Mutex/Monitor currently owned by a thread: None

Heap:
 def new generation   total 4992K, used 1600K [0x05200000, 0x05760000, 0x0a750000)
  eden space 4480K,  29% used [0x05200000, 0x0534d7d8, 0x05660000)
  from space 512K,  52% used [0x056e0000, 0x05722ae8, 0x05760000)
  to   space 512K,   0% used [0x05660000, 0x05660000, 0x056e0000)
 tenured generation   total 10944K, used 10352K [0x0a750000, 0x0b200000, 0x15200000)
   the space 10944K,  94% used [0x0a750000, 0x0b16c3c8, 0x0b16c400, 0x0b200000)
 Metaspace       used 8628K, capacity 8793K, committed 8832K, reserved 9600K

Card table byte_map: [0x05150000,0x051e0000] byte_map_base: 0x05127000

Polling page: 0x016f0000

CodeCache: size=32768Kb used=1250Kb max_used=1250Kb free=31517Kb
 bounds [0x030d0000, 0x03210000, 0x050d0000]
 total_blobs=634 nmethods=384 adapters=181
 compilation: enabled

Compilation events (10 events):
Event: 6.392 Thread 0x156fc400  383             sun.util.logging.PlatformLogger$DefaultLoggerProxy::isLoggable (29 bytes)
Event: 6.392 Thread 0x156fc400 nmethod 383 0x03204708 code [0x03204810, 0x03204900]
Event: 6.392 Thread 0x156fc400  384             sun.util.logging.PlatformLogger::isLoggable (38 bytes)
Event: 6.393 Thread 0x156fc400 nmethod 384 0x03204a48 code [0x03204b60, 0x03204c94]
Event: 6.409 Thread 0x156fc400  385             java.lang.AbstractStringBuilder::append (144 bytes)
Event: 6.410 Thread 0x156fc400 nmethod 385 0x03204d48 code [0x03204f10, 0x0320548c]
Event: 6.844 Thread 0x156fc400  387             java.lang.ThreadLocal::getMap (5 bytes)
Event: 6.845 Thread 0x156fc400 nmethod 387 0x03205cc8 code [0x03205dc0, 0x03205e40]
Event: 6.948 Thread 0x156fc400  388             sun.nio.fs.WindowsPathParser::normalize (233 bytes)
Event: 6.951 Thread 0x156fc400 nmethod 388 0x03205ec8 code [0x032061c0, 0x03207404]

GC Heap History (10 events):
Event: 6.290 GC heap before
{Heap before GC invocations=33 (full 4):
 def new generation   total 4992K, used 4792K [0x05200000, 0x05760000, 0x0a750000)
  eden space 4480K,  99% used [0x05200000, 0x0565fc48, 0x05660000)
  from space 512K,  61% used [0x05660000, 0x056ae598, 0x056e0000)
  to   space 512K,   0% used [0x056e0000, 0x056e0000, 0x05760000)
 tenured generation   total 10944K, used 6113K [0x0a750000, 0x0b200000, 0x15200000)
   the space 10944K,  55% used [0x0a750000, 0x0ad484c0, 0x0ad48600, 0x0b200000)
 Metaspace       used 8613K, capacity 8793K, committed 8832K, reserved 9600K
Event: 6.291 GC heap after
Heap after GC invocations=34 (full 4):
 def new generation   total 4992K, used 266K [0x05200000, 0x05760000, 0x0a750000)
  eden space 4480K,   0% used [0x05200000, 0x05200000, 0x05660000)
  from space 512K,  51% used [0x056e0000, 0x05722888, 0x05760000)
  to   space 512K,   0% used [0x05660000, 0x05660000, 0x056e0000)
 tenured generation   total 10944K, used 7322K [0x0a750000, 0x0b200000, 0x15200000)
   the space 10944K,  66% used [0x0a750000, 0x0ae76b20, 0x0ae76c00, 0x0b200000)
 Metaspace       used 8613K, capacity 8793K, committed 8832K, reserved 9600K
}
Event: 6.422 GC heap before
{Heap before GC invocations=34 (full 4):
 def new generation   total 4992K, used 4746K [0x05200000, 0x05760000, 0x0a750000)
  eden space 4480K, 100% used [0x05200000, 0x05660000, 0x05660000)
  from space 512K,  51% used [0x056e0000, 0x05722888, 0x05760000)
  to   space 512K,   0% used [0x05660000, 0x05660000, 0x056e0000)
 tenured generation   total 10944K, used 7322K [0x0a750000, 0x0b200000, 0x15200000)
   the space 10944K,  66% used [0x0a750000, 0x0ae76b20, 0x0ae76c00, 0x0b200000)
 Metaspace       used 8613K, capacity 8793K, committed 8832K, reserved 9600K
Event: 6.423 GC heap after
Heap after GC invocations=35 (full 4):
 def new generation   total 4992K, used 242K [0x05200000, 0x05760000, 0x0a750000)
  eden space 4480K,   0% used [0x05200000, 0x05200000, 0x05660000)
  from space 512K,  47% used [0x05660000, 0x0569c9c8, 0x056e0000)
  to   space 512K,   0% used [0x056e0000, 0x056e0000, 0x05760000)
 tenured generation   total 10944K, used 8232K [0x0a750000, 0x0b200000, 0x15200000)
   the space 10944K,  75% used [0x0a750000, 0x0af5a360, 0x0af5a400, 0x0b200000)
 Metaspace       used 8613K, capacity 8793K, committed 8832K, reserved 9600K
}
Event: 6.558 GC heap before
{Heap before GC invocations=35 (full 4):
 def new generation   total 4992K, used 4557K [0x05200000, 0x05760000, 0x0a750000)
  eden space 4480K,  96% used [0x05200000, 0x05636ce0, 0x05660000)
  from space 512K,  47% used [0x05660000, 0x0569c9c8, 0x056e0000)
  to   space 512K,   0% used [0x056e0000, 0x056e0000, 0x05760000)
 tenured generation   total 10944K, used 8232K [0x0a750000, 0x0b200000, 0x15200000)
   the space 10944K,  75% used [0x0a750000, 0x0af5a360, 0x0af5a400, 0x0b200000)
 Metaspace       used 8613K, capacity 8793K, committed 8832K, reserved 9600K
Event: 6.559 GC heap after
Heap after GC invocations=36 (full 4):
 def new generation   total 4992K, used 322K [0x05200000, 0x05760000, 0x0a750000)
  eden space 4480K,   0% used [0x05200000, 0x05200000, 0x05660000)
  from space 512K,  63% used [0x056e0000, 0x05730b30, 0x05760000)
  to   space 512K,   0% used [0x05660000, 0x05660000, 0x056e0000)
 tenured generation   total 10944K, used 8532K [0x0a750000, 0x0b200000, 0x15200000)
   the space 10944K,  77% used [0x0a750000, 0x0afa5370, 0x0afa5400, 0x0b200000)
 Metaspace       used 8613K, capacity 8793K, committed 8832K, reserved 9600K
}
Event: 6.815 GC heap before
{Heap before GC invocations=36 (full 4):
 def new generation   total 4992K, used 4802K [0x05200000, 0x05760000, 0x0a750000)
  eden space 4480K, 100% used [0x05200000, 0x05660000, 0x05660000)
  from space 512K,  63% used [0x056e0000, 0x05730b30, 0x05760000)
  to   space 512K,   0% used [0x05660000, 0x05660000, 0x056e0000)
 tenured generation   total 10944K, used 8532K [0x0a750000, 0x0b200000, 0x15200000)
   the space 10944K,  77% used [0x0a750000, 0x0afa5370, 0x0afa5400, 0x0b200000)
 Metaspace       used 8613K, capacity 8793K, committed 8832K, reserved 9600K
Event: 6.816 GC heap after
Heap after GC invocations=37 (full 4):
 def new generation   total 4992K, used 325K [0x05200000, 0x05760000, 0x0a750000)
  eden space 4480K,   0% used [0x05200000, 0x05200000, 0x05660000)
  from space 512K,  63% used [0x05660000, 0x056b1528, 0x056e0000)
  to   space 512K,   0% used [0x056e0000, 0x056e0000, 0x05760000)
 tenured generation   total 10944K, used 9443K [0x0a750000, 0x0b200000, 0x15200000)
   the space 10944K,  86% used [0x0a750000, 0x0b088c68, 0x0b088e00, 0x0b200000)
 Metaspace       used 8613K, capacity 8793K, committed 8832K, reserved 9600K
}
Event: 6.966 GC heap before
{Heap before GC invocations=37 (full 4):
 def new generation   total 4992K, used 4805K [0x05200000, 0x05760000, 0x0a750000)
  eden space 4480K, 100% used [0x05200000, 0x05660000, 0x05660000)
  from space 512K,  63% used [0x05660000, 0x056b1528, 0x056e0000)
  to   space 512K,   0% used [0x056e0000, 0x056e0000, 0x05760000)
 tenured generation   total 10944K, used 9443K [0x0a750000, 0x0b200000, 0x15200000)
   the space 10944K,  86% used [0x0a750000, 0x0b088c68, 0x0b088e00, 0x0b200000)
 Metaspace       used 8628K, capacity 8793K, committed 8832K, reserved 9600K
Event: 6.968 GC heap after
Heap after GC invocations=38 (full 4):
 def new generation   total 4992K, used 266K [0x05200000, 0x05760000, 0x0a750000)
  eden space 4480K,   0% used [0x05200000, 0x05200000, 0x05660000)
  from space 512K,  52% used [0x056e0000, 0x05722ae8, 0x05760000)
  to   space 512K,   0% used [0x05660000, 0x05660000, 0x056e0000)
 tenured generation   total 10944K, used 10352K [0x0a750000, 0x0b200000, 0x15200000)
   the space 10944K,  94% used [0x0a750000, 0x0b16c3c8, 0x0b16c400, 0x0b200000)
 Metaspace       used 8628K, capacity 8793K, committed 8832K, reserved 9600K
}

Deoptimization events (0 events):
No events

Classes redefined (0 events):
No events

Internal exceptions (10 events):
Event: 0.303 Thread 0x030cd400 Exception <a 'java/lang/ClassNotFoundException': ToggleButton> (0x05511160) thrown at [C:\re\workspace\8-2-build-windows-i586-cygwin\jdk8u171\10807\hotspot\src\share\vm\classfile\systemDictionary.cpp, line 210]
Event: 0.304 Thread 0x030cd400 Exception <a 'java/lang/ClassNotFoundException': javax/swing/JToolBarSeparator> (0x05511568) thrown at [C:\re\workspace\8-2-build-windows-i586-cygwin\jdk8u171\10807\hotspot\src\share\vm\classfile\systemDictionary.cpp, line 210]
Event: 0.304 Thread 0x030cd400 Exception <a 'java/lang/ClassNotFoundException': ToolBarSeparator> (0x055119c0) thrown at [C:\re\workspace\8-2-build-windows-i586-cygwin\jdk8u171\10807\hotspot\src\share\vm\classfile\systemDictionary.cpp, line 210]
Event: 0.304 Thread 0x030cd400 Exception <a 'java/lang/ClassNotFoundException': ToolTip> (0x05512078) thrown at [C:\re\workspace\8-2-build-windows-i586-cygwin\jdk8u171\10807\hotspot\src\share\vm\classfile\systemDictionary.cpp, line 210]
Event: 0.305 Thread 0x030cd400 Exception <a 'java/lang/ClassNotFoundException': Tree> (0x05512b60) thrown at [C:\re\workspace\8-2-build-windows-i586-cygwin\jdk8u171\10807\hotspot\src\share\vm\classfile\systemDictionary.cpp, line 210]
Event: 0.305 Thread 0x030cd400 Exception <a 'java/lang/ClassNotFoundException': Tree> (0x05513200) thrown at [C:\re\workspace\8-2-build-windows-i586-cygwin\jdk8u171\10807\hotspot\src\share\vm\classfile\systemDictionary.cpp, line 210]
Event: 0.305 Thread 0x030cd400 Exception <a 'java/lang/ClassNotFoundException': javax/swing/JTreeCell> (0x05513538) thrown at [C:\re\workspace\8-2-build-windows-i586-cygwin\jdk8u171\10807\hotspot\src\share\vm\classfile\systemDictionary.cpp, line 210]
Event: 0.305 Thread 0x030cd400 Exception <a 'java/lang/ClassNotFoundException': TreeCell> (0x05513980) thrown at [C:\re\workspace\8-2-build-windows-i586-cygwin\jdk8u171\10807\hotspot\src\share\vm\classfile\systemDictionary.cpp, line 210]
Event: 0.305 Thread 0x030cd400 Exception <a 'java/lang/ClassNotFoundException': RootPane> (0x055142f8) thrown at [C:\re\workspace\8-2-build-windows-i586-cygwin\jdk8u171\10807\hotspot\src\share\vm\classfile\systemDictionary.cpp, line 210]
Event: 0.372 Thread 0x15ff3800 Exception <a 'java/io/FileNotFoundException'> (0x0561ba58) thrown at [C:\re\workspace\8-2-build-windows-i586-cygwin\jdk8u171\10807\hotspot\src\share\vm\prims\jni.cpp, line 709]

Events (10 events):
Event: 6.966 Executing VM operation: GenCollectForAllocation
Event: 6.968 Executing VM operation: GenCollectForAllocation done
Event: 6.968 Executing VM operation: RevokeBias
Event: 6.968 Executing VM operation: RevokeBias done
Event: 6.968 Executing VM operation: RevokeBias
Event: 6.968 Executing VM operation: RevokeBias done
Event: 6.968 Executing VM operation: RevokeBias
Event: 6.969 Executing VM operation: RevokeBias done
Event: 6.969 Executing VM operation: RevokeBias
Event: 6.969 Executing VM operation: RevokeBias done


Dynamic libraries:
0x000f0000 - 0x00123000 	C:\Program Files (x86)\Java\jdk1.8.0_171\jre\bin\java.exe
0x76f80000 - 0x77110000 	C:\WINDOWS\SYSTEM32\ntdll.dll
0x73860000 - 0x73940000 	C:\WINDOWS\System32\KERNEL32.DLL
0x757e0000 - 0x759c4000 	C:\WINDOWS\System32\KERNELBASE.dll
0x72720000 - 0x727bd000 	C:\WINDOWS\SYSTEM32\apphelp.dll
0x75ac0000 - 0x75b38000 	C:\WINDOWS\System32\ADVAPI32.dll
0x73d70000 - 0x73e2f000 	C:\WINDOWS\System32\msvcrt.dll
0x76450000 - 0x76494000 	C:\WINDOWS\System32\sechost.dll
0x75da0000 - 0x75e60000 	C:\WINDOWS\System32\RPCRT4.dll
0x73840000 - 0x73860000 	C:\WINDOWS\System32\SspiCli.dll
0x73830000 - 0x7383a000 	C:\WINDOWS\System32\CRYPTBASE.dll
0x764a0000 - 0x764f8000 	C:\WINDOWS\System32\bcryptPrimitives.dll
0x75ed0000 - 0x7605d000 	C:\WINDOWS\System32\USER32.dll
0x73c70000 - 0x73c87000 	C:\WINDOWS\System32\win32u.dll
0x76590000 - 0x765b2000 	C:\WINDOWS\System32\GDI32.dll
0x739b0000 - 0x73b14000 	C:\WINDOWS\System32\gdi32full.dll
0x76c70000 - 0x76ced000 	C:\WINDOWS\System32\msvcp_win.dll
0x76060000 - 0x7617e000 	C:\WINDOWS\System32\ucrtbase.dll
0x72d80000 - 0x72f84000 	C:\WINDOWS\WinSxS\x86_microsoft.windows.common-controls_6595b64144ccf1df_6.0.17134.112_none_42ecccf244e44518\COMCTL32.dll
0x75b40000 - 0x75d9c000 	C:\WINDOWS\System32\combase.dll
0x757b0000 - 0x757d6000 	C:\WINDOWS\System32\IMM32.DLL
0x725d0000 - 0x7268f000 	C:\Program Files (x86)\Java\jdk1.8.0_171\jre\bin\msvcr100.dll
0x721f0000 - 0x725c1000 	C:\Program Files (x86)\Java\jdk1.8.0_171\jre\bin\client\jvm.dll
0x759e0000 - 0x759e6000 	C:\WINDOWS\System32\PSAPI.DLL
0x73740000 - 0x73748000 	C:\WINDOWS\SYSTEM32\WSOCK32.dll
0x733c0000 - 0x733c8000 	C:\WINDOWS\SYSTEM32\VERSION.dll
0x721c0000 - 0x721e4000 	C:\WINDOWS\SYSTEM32\WINMM.dll
0x75e60000 - 0x75ec7000 	C:\WINDOWS\System32\WS2_32.dll
0x72190000 - 0x721b3000 	C:\WINDOWS\SYSTEM32\winmmbase.dll
0x76b90000 - 0x76bc9000 	C:\WINDOWS\System32\cfgmgr32.dll
0x72180000 - 0x7218c000 	C:\Program Files (x86)\Java\jdk1.8.0_171\jre\bin\verify.dll
0x72150000 - 0x72172000 	C:\Program Files (x86)\Java\jdk1.8.0_171\jre\bin\java.dll
0x72130000 - 0x72144000 	C:\Program Files (x86)\Java\jdk1.8.0_171\jre\bin\zip.dll
0x74450000 - 0x7579a000 	C:\WINDOWS\System32\SHELL32.dll
0x73e90000 - 0x73f18000 	C:\WINDOWS\System32\shcore.dll
0x765c0000 - 0x76b7a000 	C:\WINDOWS\System32\windows.storage.dll
0x73f20000 - 0x73f65000 	C:\WINDOWS\System32\shlwapi.dll
0x76b80000 - 0x76b8f000 	C:\WINDOWS\System32\kernel.appcore.dll
0x743a0000 - 0x743b8000 	C:\WINDOWS\System32\profapi.dll
0x73e30000 - 0x73e75000 	C:\WINDOWS\System32\powrprof.dll
0x73e80000 - 0x73e88000 	C:\WINDOWS\System32\FLTLIB.DLL
0x71f70000 - 0x720b5000 	C:\Program Files (x86)\Java\jdk1.8.0_171\jre\bin\awt.dll
0x76bd0000 - 0x76c66000 	C:\WINDOWS\System32\OLEAUT32.dll
0x72cf0000 - 0x72d6c000 	C:\WINDOWS\system32\uxtheme.dll
0x73b20000 - 0x73c64000 	C:\WINDOWS\System32\MSCTF.dll
0x71ea0000 - 0x71ec3000 	C:\WINDOWS\system32\dwmapi.dll
0x76350000 - 0x7644c000 	C:\WINDOWS\System32\ole32.dll
0x71c80000 - 0x71cb9000 	C:\Program Files (x86)\Java\jdk1.8.0_171\jre\bin\fontmanager.dll
0x71d90000 - 0x71e69000 	C:\WINDOWS\system32\opengl32.dll
0x71d50000 - 0x71d8f000 	C:\WINDOWS\SYSTEM32\GLU32.dll
0x72110000 - 0x72125000 	C:\Program Files (x86)\Java\jdk1.8.0_171\jre\bin\net.dll
0x736d0000 - 0x73726000 	C:\WINDOWS\system32\mswsock.dll
0x72100000 - 0x7210f000 	C:\Program Files (x86)\Java\jdk1.8.0_171\jre\bin\nio.dll
0x71660000 - 0x71692000 	C:\Program Files (x86)\Java\jdk1.8.0_171\jre\bin\t2k.dll
0x17210000 - 0x1a9d2000 	D:\development\App Java\face\facewithRaspberry\appDesktop\facesdk.dll
0x73610000 - 0x73640000 	C:\WINDOWS\SYSTEM32\IPHLPAPI.DLL
0x71f00000 - 0x71f13000 	C:\WINDOWS\SYSTEM32\CRYPTSP.dll
0x71ed0000 - 0x71eff000 	C:\WINDOWS\system32\rsaenh.dll
0x73590000 - 0x735a9000 	C:\WINDOWS\SYSTEM32\bcrypt.dll
0x73390000 - 0x733b1000 	C:\WINDOWS\SYSTEM32\USERENV.dll
0x73940000 - 0x73947000 	C:\WINDOWS\System32\NSI.dll
0x720e0000 - 0x720f3000 	C:\WINDOWS\SYSTEM32\dhcpcsvc6.DLL
0x720c0000 - 0x720d4000 	C:\WINDOWS\SYSTEM32\dhcpcsvc.DLL
0x1af20000 - 0x1af75000 	C:\Users\Alex\AppData\Local\Temp\jna1686981001035742687.dll
0x658d0000 - 0x65a52000 	C:\WINDOWS\SYSTEM32\dbghelp.dll
0x71a70000 - 0x71aee000 	C:\WINDOWS\System32\TextInputFramework.dll
0x71780000 - 0x7180b000 	C:\WINDOWS\System32\CoreMessaging.dll
0x71810000 - 0x71a6d000 	C:\WINDOWS\System32\CoreUIComponents.dll
0x72980000 - 0x729a9000 	C:\WINDOWS\SYSTEM32\ntmarta.dll
0x716a0000 - 0x71776000 	C:\WINDOWS\SYSTEM32\wintypes.dll
0x1b850000 - 0x1b857000 	C:\Program Files (x86)\Internet Download Manager\idmmkb.dll
0x714b0000 - 0x714d4000 	C:\Program Files (x86)\Java\jdk1.8.0_171\jre\bin\dcpr.dll
0x65a60000 - 0x65a86000 	C:\Program Files (x86)\Java\jdk1.8.0_171\jre\bin\jpeg.dll

VM Arguments:
jvm_args: -Dfile.encoding=UTF-8 
java_command: liverecognition.AppFace
java_class_path (initial): D:\development\App Java\face\facewithRaspberry\appDesktop\FaceSDK.jar;D:\development\App Java\face\facewithRaspberry\appDesktop\jna.jar;D:\development\App Java\face\facewithRaspberry\appDesktop\lib\mail.jar;D:\development\App Java\face\facewithRaspberry\appDesktop\lib\swingx-1.6.1.jar;D:\development\App Java\face\facewithRaspberry\appDesktop\lib\jfoenix-8.0.4.jar;D:\development\App Java\face\facewithRaspberry\appDesktop\lib\twilio-java-sdk-6.3.0.jar;D:\development\App Java\face\facewithRaspberry\appDesktop\lib\Java-WebSocket-1.3.8.jar;D:\development\App Java\face\facewithRaspberry\appDesktop\build\classes
Launcher Type: SUN_STANDARD

Environment Variables:
PATH=C:\Program Files (x86)\Common Files\Oracle\Java\javapath;C:\Python27\;C:\Python27\Scripts;C:\WINDOWS\system32;C:\WINDOWS;C:\WINDOWS\System32\Wbem;C:\WINDOWS\System32\WindowsPowerShell\v1.0\;C:\Program Files\Git\cmd;C:\Program Files\dotnet\;C:\Program Files\Microsoft SQL Server\130\Tools\Binn\;C:\Program Files\Microsoft SQL Server\Client SDK\ODBC\130\Tools\Binn\;C:\Program Files (x86)\Microsoft SQL Server\130\Tools\Binn\;C:\Program Files\Microsoft SQL Server\130\DTS\Binn\;C:\Program Files (x86)\Microsoft SQL Server\Client SDK\ODBC\130\Tools\Binn\;C:\Program Files (x86)\Microsoft SQL Server\140\Tools\Binn\;C:\Program Files (x86)\Microsoft SQL Server\140\DTS\Binn\;C:\Program Files (x86)\Microsoft SQL Server\140\Tools\Binn\ManagementStudio\;C:\xampp\php;C:\ProgramData\ComposerSetup\bin;C:\Program Files\SlikSvn\bin;C:\Program Files\Java\apache-maven-3.5.3\bin;C:\Program Files (x86)\Java\jdk1.8.0_171;C:\Program Files (x86)\Java\jdk1.8.0_171\bin;C:\Program Files (x86)\Java\jdk1.8.0_171\lib;C:\Program Files (x86)\Java\jdk1.8.0_171\jre;C:\Program Files (x86)\Java\jdk1.8.0_171\jre\bin;C:\Program Files (x86)\Java\jdk1.8.0_171\jre\lib;C:\WINDOWS\System32\OpenSSH\;C:\Program Files (x86)\CMake\bin;C:\Program Files\nodejs\;C:\Users\Alex\AppData\Local\Microsoft\WindowsApps;C:\Users\Alex\AppData\Roaming\Composer\vendor\bin;C:\Program Files\Java\apache-maven-3.5.3\bin;;C:\Program Files\Microsoft VS Code\bin;C:\Users\Alex\AppData\Roaming\npm
USERNAME=Alex
OS=Windows_NT
PROCESSOR_IDENTIFIER=Intel64 Family 6 Model 42 Stepping 7, GenuineIntel



---------------  S Y S T E M  ---------------

OS: Windows 10.0 , 64 bit Build 17134 (10.0.17134.1)

CPU:total 4 (initial active 4) (2 cores per cpu, 2 threads per core) family 6 model 42 stepping 7, cmov, cx8, fxsr, mmx, sse, sse2, sse3, ssse3, sse4.1, sse4.2, popcnt, avx, aes, clmul, ht, tsc, tscinvbit

Memory: 4k page, physical 8294284k(2889088k free), swap 12750732k(4622140k free)

vm_info: Java HotSpot(TM) Client VM (25.171-b11) for windows-x86 JRE (1.8.0_171-b11), built on Mar 28 2018 14:51:22 by "java_re" with MS VC++ 10.0 (VS2010)

time: Wed Jun 27 02:50:08 2018
elapsed time: 7 seconds (0d 0h 0m 7s)

