#
# A fatal error has been detected by the Java Runtime Environment:
#
#  EXCEPTION_ACCESS_VIOLATION (0xc0000005) at pc=0x722c7739, pid=1980, tid=0x000018e0
#
# JRE version: Java(TM) SE Runtime Environment (8.0_171-b11) (build 1.8.0_171-b11)
# Java VM: Java HotSpot(TM) Client VM (25.171-b11 mixed mode, sharing windows-x86 )
# Problematic frame:
# V  [jvm.dll+0xd7739]
#
# Failed to write core dump. Minidumps are not enabled by default on client versions of Windows
#
# If you would like to submit a bug report, please visit:
#   http://bugreport.java.com/bugreport/crash.jsp
#

---------------  T H R E A D  ---------------

Current thread (0x15cb9400):  JavaThread "Thread-176" [_thread_in_vm, id=6368, stack(0x15e90000,0x15ee0000)]

siginfo: ExceptionCode=0xc0000005, reading address 0x00000000

Registers:
EAX=0x00000000, EBX=0x15c5fb01, ECX=0x00000000, EDX=0x00000000
ESP=0x15edee9c, EBP=0x15edeea8, ESI=0x15c5fbc8, EDI=0x15cb9400
EIP=0x722c7739, EFLAGS=0x00010202

Top of Stack: (sp=0x15edee9c)
0x15edee9c:   15edef90 00000000 15c5fbc8 15edf198
0x15edeeac:   16114228 15cb9540 15c5fbc8 00000000
0x15edeebc:   022fdaf1 15cb9540 04765570 022fddc1
0x15edeecc:   0000027f 00000000 0000ffff 00000030
0x15edeedc:   161141b7 15edef0c 156430f0 00000000
0x15edeeec:   1560ac70 00000000 15edef08 15edef38
0x15edeefc:   022f47c4 04765570 022fa1e6 00000030
0x15edef0c:   161141a3 00000005 00000000 15edef10 

Instructions: (pc=0x722c7739)
0x722c7719:   1a 0a 00 33 ff eb 02 8b f9 6a 06 57 e8 b6 fc f2
0x722c7729:   ff 8b 75 0c 83 c4 08 b3 01 85 f6 74 39 8b 45 10
0x722c7739:   8b 00 50 32 db e8 1d b0 f6 ff 83 c4 04 85 c0 74
0x722c7749:   25 8b 0e 8b 49 04 8b 50 08 39 04 0a 75 04 b0 01 


Register to memory mapping:

EAX=0x00000000 is an unknown value
EBX=0x15c5fb01 is an unknown value
ECX=0x00000000 is an unknown value
EDX=0x00000000 is an unknown value
ESP=0x15edee9c is pointing into the stack for thread: 0x15cb9400
EBP=0x15edeea8 is pointing into the stack for thread: 0x15cb9400
ESI=0x15c5fbc8 is an unknown value
EDI=0x15cb9400 is a thread


Stack: [0x15e90000,0x15ee0000],  sp=0x15edee9c,  free space=315k
Native frames: (J=compiled Java code, j=interpreted, Vv=VM code, C=native code)
V  [jvm.dll+0xd7739]
C  [jna1725778627608602985.dll+0x4228]
C  [jna1725778627608602985.dll+0x4d0e]
j  com.sun.jna.Native.invokeInt(JI[Ljava/lang/Object;)I+0
j  com.sun.jna.Function.invoke([Ljava/lang/Object;Ljava/lang/Class;Z)Ljava/lang/Object;+333
J 347 C1 com.sun.jna.Function.invoke(Ljava/lang/Class;[Ljava/lang/Object;Ljava/util/Map;)Ljava/lang/Object; (526 bytes) @ 0x02419c98 [0x02419810+0x488]
j  com.sun.jna.Library$Handler.invoke(Ljava/lang/Object;Ljava/lang/reflect/Method;[Ljava/lang/Object;)Ljava/lang/Object;+341
j  Luxand.$Proxy0.FSDK_LoadImageFromBuffer(Lcom/sun/jna/ptr/IntByReference;[BIIII)I+52
J 300 C1 Luxand.FSDK.LoadImageFromAWTImage(LLuxand/FSDK$HImage;Ljava/awt/Image;I)I (456 bytes) @ 0x0240390c [0x02402fc0+0x94c]
j  liverecognition.AppFace$12.run()V+28
v  ~StubRoutines::call_stub
V  [jvm.dll+0x15b985]
V  [jvm.dll+0x22262e]
V  [jvm.dll+0x15ba1e]
V  [jvm.dll+0x15bba6]
V  [jvm.dll+0x15bc17]
V  [jvm.dll+0xffb3f]
V  [jvm.dll+0x17eb50]
V  [jvm.dll+0x17f3ca]
V  [jvm.dll+0x1c3fe6]
C  [msvcr100.dll+0x5c556]
C  [msvcr100.dll+0x5c600]
C  [KERNEL32.DLL+0x18484]
C  [ntdll.dll+0x62fea]
C  [ntdll.dll+0x62fba]
C  0x00000000

Java frames: (J=compiled Java code, j=interpreted, Vv=VM code)
j  com.sun.jna.Native.invokeInt(JI[Ljava/lang/Object;)I+0
j  com.sun.jna.Function.invoke([Ljava/lang/Object;Ljava/lang/Class;Z)Ljava/lang/Object;+333
J 347 C1 com.sun.jna.Function.invoke(Ljava/lang/Class;[Ljava/lang/Object;Ljava/util/Map;)Ljava/lang/Object; (526 bytes) @ 0x02419c98 [0x02419810+0x488]
j  com.sun.jna.Library$Handler.invoke(Ljava/lang/Object;Ljava/lang/reflect/Method;[Ljava/lang/Object;)Ljava/lang/Object;+341
j  Luxand.$Proxy0.FSDK_LoadImageFromBuffer(Lcom/sun/jna/ptr/IntByReference;[BIIII)I+52
J 300 C1 Luxand.FSDK.LoadImageFromAWTImage(LLuxand/FSDK$HImage;Ljava/awt/Image;I)I (456 bytes) @ 0x0240390c [0x02402fc0+0x94c]
j  liverecognition.AppFace$12.run()V+28
v  ~StubRoutines::call_stub

---------------  P R O C E S S  ---------------

Java Threads: ( => current thread )
=>0x15cb9400 JavaThread "Thread-176" [_thread_in_vm, id=6368, stack(0x15e90000,0x15ee0000)]
  0x1a74bc00 JavaThread "WebSocketTimer" [_thread_blocked, id=8624, stack(0x1fda0000,0x1fdf0000)]
  0x1a749c00 JavaThread "WebSocketWriteThread-19" [_thread_blocked, id=10016, stack(0x1f410000,0x1f460000)]
  0x1a73c000 JavaThread "WebSocketConnectReadThread-18" [_thread_in_native, id=4740, stack(0x1f300000,0x1f350000)]
  0x1a71bc00 JavaThread "Thread-3" [_thread_in_native, id=9660, stack(0x1f270000,0x1f2c0000)]
  0x022ed400 JavaThread "DestroyJavaVM" [_thread_blocked, id=1664, stack(0x02170000,0x021c0000)]
  0x15c7e000 JavaThread "AWT-EventQueue-0" [_thread_blocked, id=2012, stack(0x15fe0000,0x16030000)]
  0x15c6c800 JavaThread "AWT-Shutdown" [_thread_blocked, id=12780, stack(0x15e00000,0x15e50000)]
  0x15c6c000 JavaThread "Java2D Disposer" daemon [_thread_blocked, id=5540, stack(0x15d70000,0x15dc0000)]
  0x02282c00 JavaThread "Service Thread" daemon [_thread_blocked, id=8228, stack(0x153b0000,0x15400000)]
  0x02263c00 JavaThread "C1 CompilerThread0" daemon [_thread_blocked, id=4880, stack(0x15320000,0x15370000)]
  0x02262c00 JavaThread "Attach Listener" daemon [_thread_blocked, id=11020, stack(0x15290000,0x152e0000)]
  0x0225f000 JavaThread "Signal Dispatcher" daemon [_thread_blocked, id=6184, stack(0x15200000,0x15250000)]
  0x02255c00 JavaThread "Finalizer" daemon [_thread_blocked, id=3196, stack(0x15050000,0x150a0000)]
  0x021f7c00 JavaThread "Reference Handler" daemon [_thread_blocked, id=6984, stack(0x14990000,0x149e0000)]

Other Threads:
  0x021f4800 VMThread [stack: 0x14900000,0x14950000] [id=3740]
  0x02298c00 WatcherThread [stack: 0x15440000,0x15490000] [id=6712]

VM state:not at safepoint (normal execution)

VM Mutex/Monitor currently owned by a thread: None

Heap:
 def new generation   total 4992K, used 4162K [0x04400000, 0x04960000, 0x09950000)
  eden space 4480K,  85% used [0x04400000, 0x047c03a0, 0x04860000)
  from space 512K,  62% used [0x04860000, 0x048b0768, 0x048e0000)
  to   space 512K,   0% used [0x048e0000, 0x048e0000, 0x04960000)
 tenured generation   total 10944K, used 10419K [0x09950000, 0x0a400000, 0x14400000)
   the space 10944K,  95% used [0x09950000, 0x0a37cf90, 0x0a37d000, 0x0a400000)
 Metaspace       used 2161K, capacity 2961K, committed 3008K, reserved 4480K

Card table byte_map: [0x04370000,0x04400000] byte_map_base: 0x0434e000

Polling page: 0x00930000

CodeCache: size=32768Kb used=1221Kb max_used=1221Kb free=31546Kb
 bounds [0x022f0000, 0x02428000, 0x042f0000]
 total_blobs=614 nmethods=362 adapters=183
 compilation: enabled

Compilation events (10 events):
Event: 5.797 Thread 0x02263c00  362             java.util.concurrent.locks.AbstractOwnableSynchronizer::getExclusiveOwnerThread (5 bytes)
Event: 5.798 Thread 0x02263c00 nmethod 362 0x0241f5c8 code [0x0241f6c0, 0x0241f740]
Event: 5.798 Thread 0x02263c00  363             java.util.EventObject::getSource (5 bytes)
Event: 5.798 Thread 0x02263c00 nmethod 363 0x0241f788 code [0x0241f880, 0x0241f900]
Event: 5.946 Thread 0x02263c00  364   !         java.awt.Container::getMouseEventTargetImpl (255 bytes)
Event: 5.947 Thread 0x02263c00 nmethod 364 0x0241f948 code [0x0241faf0, 0x024201b4]
Event: 5.982 Thread 0x02263c00  365             java.util.concurrent.locks.AbstractQueuedSynchronizer::getState (5 bytes)
Event: 5.982 Thread 0x02263c00 nmethod 365 0x02420808 code [0x02420900, 0x02420980]
Event: 6.166 Thread 0x02263c00  366             java.lang.AbstractStringBuilder::append (144 bytes)
Event: 6.167 Thread 0x02263c00 nmethod 366 0x024209c8 code [0x02420b90, 0x0242110c]

GC Heap History (10 events):
Event: 5.567 GC heap before
{Heap before GC invocations=30 (full 4):
 def new generation   total 4992K, used 4745K [0x04400000, 0x04960000, 0x09950000)
  eden space 4480K, 100% used [0x04400000, 0x04860000, 0x04860000)
  from space 512K,  51% used [0x048e0000, 0x04922410, 0x04960000)
  to   space 512K,   0% used [0x04860000, 0x04860000, 0x048e0000)
 tenured generation   total 10944K, used 6573K [0x09950000, 0x0a400000, 0x14400000)
   the space 10944K,  60% used [0x09950000, 0x09fbb610, 0x09fbb800, 0x0a400000)
 Metaspace       used 2137K, capacity 2961K, committed 3008K, reserved 4480K
Event: 5.568 GC heap after
Heap after GC invocations=31 (full 4):
 def new generation   total 4992K, used 242K [0x04400000, 0x04960000, 0x09950000)
  eden space 4480K,   0% used [0x04400000, 0x04400000, 0x04860000)
  from space 512K,  47% used [0x04860000, 0x0489c808, 0x048e0000)
  to   space 512K,   0% used [0x048e0000, 0x048e0000, 0x04960000)
 tenured generation   total 10944K, used 7484K [0x09950000, 0x0a400000, 0x14400000)
   the space 10944K,  68% used [0x09950000, 0x0a09f1b8, 0x0a09f200, 0x0a400000)
 Metaspace       used 2137K, capacity 2961K, committed 3008K, reserved 4480K
}
Event: 5.667 GC heap before
{Heap before GC invocations=31 (full 4):
 def new generation   total 4992K, used 4567K [0x04400000, 0x04960000, 0x09950000)
  eden space 4480K,  96% used [0x04400000, 0x048397c0, 0x04860000)
  from space 512K,  47% used [0x04860000, 0x0489c808, 0x048e0000)
  to   space 512K,   0% used [0x048e0000, 0x048e0000, 0x04960000)
 tenured generation   total 10944K, used 7484K [0x09950000, 0x0a400000, 0x14400000)
   the space 10944K,  68% used [0x09950000, 0x0a09f1b8, 0x0a09f200, 0x0a400000)
 Metaspace       used 2137K, capacity 2961K, committed 3008K, reserved 4480K
Event: 5.667 GC heap after
Heap after GC invocations=32 (full 4):
 def new generation   total 4992K, used 321K [0x04400000, 0x04960000, 0x09950000)
  eden space 4480K,   0% used [0x04400000, 0x04400000, 0x04860000)
  from space 512K,  62% used [0x048e0000, 0x04930638, 0x04960000)
  to   space 512K,   0% used [0x04860000, 0x04860000, 0x048e0000)
 tenured generation   total 10944K, used 7784K [0x09950000, 0x0a400000, 0x14400000)
   the space 10944K,  71% used [0x09950000, 0x0a0ea1c8, 0x0a0ea200, 0x0a400000)
 Metaspace       used 2137K, capacity 2961K, committed 3008K, reserved 4480K
}
Event: 5.940 GC heap before
{Heap before GC invocations=32 (full 4):
 def new generation   total 4992K, used 4794K [0x04400000, 0x04960000, 0x09950000)
  eden space 4480K,  99% used [0x04400000, 0x0485e538, 0x04860000)
  from space 512K,  62% used [0x048e0000, 0x04930638, 0x04960000)
  to   space 512K,   0% used [0x04860000, 0x04860000, 0x048e0000)
 tenured generation   total 10944K, used 7784K [0x09950000, 0x0a400000, 0x14400000)
   the space 10944K,  71% used [0x09950000, 0x0a0ea1c8, 0x0a0ea200, 0x0a400000)
 Metaspace       used 2137K, capacity 2961K, committed 3008K, reserved 4480K
Event: 5.941 GC heap after
Heap after GC invocations=33 (full 4):
 def new generation   total 4992K, used 374K [0x04400000, 0x04960000, 0x09950000)
  eden space 4480K,   0% used [0x04400000, 0x04400000, 0x04860000)
  from space 512K,  73% used [0x04860000, 0x048bda50, 0x048e0000)
  to   space 512K,   0% used [0x048e0000, 0x048e0000, 0x04960000)
 tenured generation   total 10944K, used 8694K [0x09950000, 0x0a400000, 0x14400000)
   the space 10944K,  79% used [0x09950000, 0x0a1cd860, 0x0a1cda00, 0x0a400000)
 Metaspace       used 2137K, capacity 2961K, committed 3008K, reserved 4480K
}
Event: 6.069 GC heap before
{Heap before GC invocations=33 (full 4):
 def new generation   total 4992K, used 4854K [0x04400000, 0x04960000, 0x09950000)
  eden space 4480K, 100% used [0x04400000, 0x04860000, 0x04860000)
  from space 512K,  73% used [0x04860000, 0x048bda50, 0x048e0000)
  to   space 512K,   0% used [0x048e0000, 0x048e0000, 0x04960000)
 tenured generation   total 10944K, used 8694K [0x09950000, 0x0a400000, 0x14400000)
   the space 10944K,  79% used [0x09950000, 0x0a1cd860, 0x0a1cda00, 0x0a400000)
 Metaspace       used 2137K, capacity 2961K, committed 3008K, reserved 4480K
Event: 6.070 GC heap after
Heap after GC invocations=34 (full 4):
 def new generation   total 4992K, used 250K [0x04400000, 0x04960000, 0x09950000)
  eden space 4480K,   0% used [0x04400000, 0x04400000, 0x04860000)
  from space 512K,  48% used [0x048e0000, 0x0491e8e0, 0x04960000)
  to   space 512K,   0% used [0x04860000, 0x04860000, 0x048e0000)
 tenured generation   total 10944K, used 9594K [0x09950000, 0x0a400000, 0x14400000)
   the space 10944K,  87% used [0x09950000, 0x0a2aeb60, 0x0a2aec00, 0x0a400000)
 Metaspace       used 2137K, capacity 2961K, committed 3008K, reserved 4480K
}
Event: 6.177 GC heap before
{Heap before GC invocations=34 (full 4):
 def new generation   total 4992K, used 4540K [0x04400000, 0x04960000, 0x09950000)
  eden space 4480K,  95% used [0x04400000, 0x04830968, 0x04860000)
  from space 512K,  48% used [0x048e0000, 0x0491e8e0, 0x04960000)
  to   space 512K,   0% used [0x04860000, 0x04860000, 0x048e0000)
 tenured generation   total 10944K, used 9594K [0x09950000, 0x0a400000, 0x14400000)
   the space 10944K,  87% used [0x09950000, 0x0a2aeb60, 0x0a2aec00, 0x0a400000)
 Metaspace       used 2137K, capacity 2961K, committed 3008K, reserved 4480K
Event: 6.178 GC heap after
Heap after GC invocations=35 (full 4):
 def new generation   total 4992K, used 321K [0x04400000, 0x04960000, 0x09950000)
  eden space 4480K,   0% used [0x04400000, 0x04400000, 0x04860000)
  from space 512K,  62% used [0x04860000, 0x048b0768, 0x048e0000)
  to   space 512K,   0% used [0x048e0000, 0x048e0000, 0x04960000)
 tenured generation   total 10944K, used 10419K [0x09950000, 0x0a400000, 0x14400000)
   the space 10944K,  95% used [0x09950000, 0x0a37cf90, 0x0a37d000, 0x0a400000)
 Metaspace       used 2137K, capacity 2961K, committed 3008K, reserved 4480K
}

Deoptimization events (0 events):
No events

Classes redefined (0 events):
No events

Internal exceptions (10 events):
Event: 0.190 Thread 0x022ed400 Exception <a 'java/lang/ClassNotFoundException': ToolBar> (0x04710c90) thrown at [C:\re\workspace\8-2-build-windows-i586-cygwin\jdk8u171\10807\hotspot\src\share\vm\classfile\systemDictionary.cpp, line 210]
Event: 0.190 Thread 0x022ed400 Exception <a 'java/lang/ClassNotFoundException': ToggleButton> (0x047111d8) thrown at [C:\re\workspace\8-2-build-windows-i586-cygwin\jdk8u171\10807\hotspot\src\share\vm\classfile\systemDictionary.cpp, line 210]
Event: 0.190 Thread 0x022ed400 Exception <a 'java/lang/ClassNotFoundException': javax/swing/JToolBarSeparator> (0x047115e0) thrown at [C:\re\workspace\8-2-build-windows-i586-cygwin\jdk8u171\10807\hotspot\src\share\vm\classfile\systemDictionary.cpp, line 210]
Event: 0.190 Thread 0x022ed400 Exception <a 'java/lang/ClassNotFoundException': ToolBarSeparator> (0x04711a38) thrown at [C:\re\workspace\8-2-build-windows-i586-cygwin\jdk8u171\10807\hotspot\src\share\vm\classfile\systemDictionary.cpp, line 210]
Event: 0.190 Thread 0x022ed400 Exception <a 'java/lang/ClassNotFoundException': ToolTip> (0x04712108) thrown at [C:\re\workspace\8-2-build-windows-i586-cygwin\jdk8u171\10807\hotspot\src\share\vm\classfile\systemDictionary.cpp, line 210]
Event: 0.190 Thread 0x022ed400 Exception <a 'java/lang/ClassNotFoundException': Tree> (0x04712bf0) thrown at [C:\re\workspace\8-2-build-windows-i586-cygwin\jdk8u171\10807\hotspot\src\share\vm\classfile\systemDictionary.cpp, line 210]
Event: 0.190 Thread 0x022ed400 Exception <a 'java/lang/ClassNotFoundException': Tree> (0x04713290) thrown at [C:\re\workspace\8-2-build-windows-i586-cygwin\jdk8u171\10807\hotspot\src\share\vm\classfile\systemDictionary.cpp, line 210]
Event: 0.190 Thread 0x022ed400 Exception <a 'java/lang/ClassNotFoundException': javax/swing/JTreeCell> (0x047135c8) thrown at [C:\re\workspace\8-2-build-windows-i586-cygwin\jdk8u171\10807\hotspot\src\share\vm\classfile\systemDictionary.cpp, line 210]
Event: 0.191 Thread 0x022ed400 Exception <a 'java/lang/ClassNotFoundException': TreeCell> (0x04713a10) thrown at [C:\re\workspace\8-2-build-windows-i586-cygwin\jdk8u171\10807\hotspot\src\share\vm\classfile\systemDictionary.cpp, line 210]
Event: 0.191 Thread 0x022ed400 Exception <a 'java/lang/ClassNotFoundException': RootPane> (0x04714388) thrown at [C:\re\workspace\8-2-build-windows-i586-cygwin\jdk8u171\10807\hotspot\src\share\vm\classfile\systemDictionary.cpp, line 210]

Events (10 events):
Event: 6.269 loading class java/lang/ProcessBuilder done
Event: 6.274 Thread 0x15c6d000 Thread exited: 0x15c6d000
Event: 6.275 loading class java/lang/ProcessImpl
Event: 6.276 loading class java/lang/Process
Event: 6.276 loading class java/lang/Process done
Event: 6.276 loading class java/lang/ProcessImpl done
Event: 6.304 loading class java/lang/ProcessImpl$2
Event: 6.304 loading class java/lang/ProcessImpl$2 done
Event: 6.304 Thread 0x15cb9000 Thread exited: 0x15cb9000
Event: 6.342 Thread 0x15cb9400 Thread added: 0x15cb9400


Dynamic libraries:
0x000f0000 - 0x00123000 	C:\Program Files (x86)\Java\jdk1.8.0_171\jre\bin\java.exe
0x76f80000 - 0x77110000 	C:\WINDOWS\SYSTEM32\ntdll.dll
0x73860000 - 0x73940000 	C:\WINDOWS\System32\KERNEL32.DLL
0x757e0000 - 0x759c4000 	C:\WINDOWS\System32\KERNELBASE.dll
0x72720000 - 0x727bd000 	C:\WINDOWS\SYSTEM32\apphelp.dll
0x75ac0000 - 0x75b38000 	C:\WINDOWS\System32\ADVAPI32.dll
0x73d70000 - 0x73e2f000 	C:\WINDOWS\System32\msvcrt.dll
0x76450000 - 0x76494000 	C:\WINDOWS\System32\sechost.dll
0x75da0000 - 0x75e60000 	C:\WINDOWS\System32\RPCRT4.dll
0x73840000 - 0x73860000 	C:\WINDOWS\System32\SspiCli.dll
0x73830000 - 0x7383a000 	C:\WINDOWS\System32\CRYPTBASE.dll
0x764a0000 - 0x764f8000 	C:\WINDOWS\System32\bcryptPrimitives.dll
0x75ed0000 - 0x7605d000 	C:\WINDOWS\System32\USER32.dll
0x73c70000 - 0x73c87000 	C:\WINDOWS\System32\win32u.dll
0x76590000 - 0x765b2000 	C:\WINDOWS\System32\GDI32.dll
0x739b0000 - 0x73b14000 	C:\WINDOWS\System32\gdi32full.dll
0x76c70000 - 0x76ced000 	C:\WINDOWS\System32\msvcp_win.dll
0x76060000 - 0x7617e000 	C:\WINDOWS\System32\ucrtbase.dll
0x72d80000 - 0x72f84000 	C:\WINDOWS\WinSxS\x86_microsoft.windows.common-controls_6595b64144ccf1df_6.0.17134.112_none_42ecccf244e44518\COMCTL32.dll
0x75b40000 - 0x75d9c000 	C:\WINDOWS\System32\combase.dll
0x757b0000 - 0x757d6000 	C:\WINDOWS\System32\IMM32.DLL
0x725d0000 - 0x7268f000 	C:\Program Files (x86)\Java\jdk1.8.0_171\jre\bin\msvcr100.dll
0x721f0000 - 0x725c1000 	C:\Program Files (x86)\Java\jdk1.8.0_171\jre\bin\client\jvm.dll
0x759e0000 - 0x759e6000 	C:\WINDOWS\System32\PSAPI.DLL
0x721c0000 - 0x721e4000 	C:\WINDOWS\SYSTEM32\WINMM.dll
0x73740000 - 0x73748000 	C:\WINDOWS\SYSTEM32\WSOCK32.dll
0x733c0000 - 0x733c8000 	C:\WINDOWS\SYSTEM32\VERSION.dll
0x75e60000 - 0x75ec7000 	C:\WINDOWS\System32\WS2_32.dll
0x72190000 - 0x721b3000 	C:\WINDOWS\SYSTEM32\winmmbase.dll
0x76b90000 - 0x76bc9000 	C:\WINDOWS\System32\cfgmgr32.dll
0x72180000 - 0x7218c000 	C:\Program Files (x86)\Java\jdk1.8.0_171\jre\bin\verify.dll
0x72150000 - 0x72172000 	C:\Program Files (x86)\Java\jdk1.8.0_171\jre\bin\java.dll
0x72130000 - 0x72144000 	C:\Program Files (x86)\Java\jdk1.8.0_171\jre\bin\zip.dll
0x74450000 - 0x7579a000 	C:\WINDOWS\System32\SHELL32.dll
0x73e90000 - 0x73f18000 	C:\WINDOWS\System32\shcore.dll
0x765c0000 - 0x76b7a000 	C:\WINDOWS\System32\windows.storage.dll
0x73f20000 - 0x73f65000 	C:\WINDOWS\System32\shlwapi.dll
0x76b80000 - 0x76b8f000 	C:\WINDOWS\System32\kernel.appcore.dll
0x743a0000 - 0x743b8000 	C:\WINDOWS\System32\profapi.dll
0x73e30000 - 0x73e75000 	C:\WINDOWS\System32\powrprof.dll
0x73e80000 - 0x73e88000 	C:\WINDOWS\System32\FLTLIB.DLL
0x71f70000 - 0x720b5000 	C:\Program Files (x86)\Java\jdk1.8.0_171\jre\bin\awt.dll
0x76bd0000 - 0x76c66000 	C:\WINDOWS\System32\OLEAUT32.dll
0x72cf0000 - 0x72d6c000 	C:\WINDOWS\system32\uxtheme.dll
0x73b20000 - 0x73c64000 	C:\WINDOWS\System32\MSCTF.dll
0x71ea0000 - 0x71ec3000 	C:\WINDOWS\system32\dwmapi.dll
0x76350000 - 0x7644c000 	C:\WINDOWS\System32\ole32.dll
0x71c80000 - 0x71cb9000 	C:\Program Files (x86)\Java\jdk1.8.0_171\jre\bin\fontmanager.dll
0x71d90000 - 0x71e69000 	C:\WINDOWS\system32\opengl32.dll
0x71d50000 - 0x71d8f000 	C:\WINDOWS\SYSTEM32\GLU32.dll
0x65a60000 - 0x65a86000 	C:\Program Files (x86)\Java\jdk1.8.0_171\jre\bin\jpeg.dll
0x72110000 - 0x72125000 	C:\Program Files (x86)\Java\jdk1.8.0_171\jre\bin\net.dll
0x736d0000 - 0x73726000 	C:\WINDOWS\system32\mswsock.dll
0x72100000 - 0x7210f000 	C:\Program Files (x86)\Java\jdk1.8.0_171\jre\bin\nio.dll
0x71660000 - 0x71692000 	C:\Program Files (x86)\Java\jdk1.8.0_171\jre\bin\t2k.dll
0x16c00000 - 0x1a3c2000 	D:\development\App Java\face\facewithRaspberry\appDesktop\facesdk.dll
0x73610000 - 0x73640000 	C:\WINDOWS\SYSTEM32\IPHLPAPI.DLL
0x71f00000 - 0x71f13000 	C:\WINDOWS\SYSTEM32\CRYPTSP.dll
0x71ed0000 - 0x71eff000 	C:\WINDOWS\system32\rsaenh.dll
0x73590000 - 0x735a9000 	C:\WINDOWS\SYSTEM32\bcrypt.dll
0x73390000 - 0x733b1000 	C:\WINDOWS\SYSTEM32\USERENV.dll
0x73940000 - 0x73947000 	C:\WINDOWS\System32\NSI.dll
0x720e0000 - 0x720f3000 	C:\WINDOWS\SYSTEM32\dhcpcsvc6.DLL
0x720c0000 - 0x720d4000 	C:\WINDOWS\SYSTEM32\dhcpcsvc.DLL
0x16110000 - 0x16165000 	C:\Users\Alex\AppData\Local\Temp\jna1725778627608602985.dll
0x658d0000 - 0x65a52000 	C:\WINDOWS\SYSTEM32\dbghelp.dll
0x71a70000 - 0x71aee000 	C:\WINDOWS\System32\TextInputFramework.dll
0x71810000 - 0x71a6d000 	C:\WINDOWS\System32\CoreUIComponents.dll
0x71780000 - 0x7180b000 	C:\WINDOWS\System32\CoreMessaging.dll
0x72980000 - 0x729a9000 	C:\WINDOWS\SYSTEM32\ntmarta.dll
0x716a0000 - 0x71776000 	C:\WINDOWS\SYSTEM32\wintypes.dll
0x16090000 - 0x16097000 	C:\Program Files (x86)\Internet Download Manager\idmmkb.dll
0x714b0000 - 0x714d4000 	C:\Program Files (x86)\Java\jdk1.8.0_171\jre\bin\dcpr.dll

VM Arguments:
jvm_args: -Dfile.encoding=UTF-8 
java_command: liverecognition.AppFace
java_class_path (initial): D:\development\App Java\face\facewithRaspberry\appDesktop\FaceSDK.jar;D:\development\App Java\face\facewithRaspberry\appDesktop\jna.jar;D:\development\App Java\face\facewithRaspberry\appDesktop\lib\mail.jar;D:\development\App Java\face\facewithRaspberry\appDesktop\lib\swingx-1.6.1.jar;D:\development\App Java\face\facewithRaspberry\appDesktop\lib\jfoenix-8.0.4.jar;D:\development\App Java\face\facewithRaspberry\appDesktop\lib\twilio-java-sdk-6.3.0.jar;D:\development\App Java\face\facewithRaspberry\appDesktop\lib\Java-WebSocket-1.3.8.jar;D:\development\App Java\face\facewithRaspberry\appDesktop\build\classes
Launcher Type: SUN_STANDARD

Environment Variables:
PATH=C:\Program Files (x86)\Common Files\Oracle\Java\javapath;C:\Python27\;C:\Python27\Scripts;C:\WINDOWS\system32;C:\WINDOWS;C:\WINDOWS\System32\Wbem;C:\WINDOWS\System32\WindowsPowerShell\v1.0\;C:\Program Files\Git\cmd;C:\Program Files\dotnet\;C:\Program Files\Microsoft SQL Server\130\Tools\Binn\;C:\Program Files\Microsoft SQL Server\Client SDK\ODBC\130\Tools\Binn\;C:\Program Files (x86)\Microsoft SQL Server\130\Tools\Binn\;C:\Program Files\Microsoft SQL Server\130\DTS\Binn\;C:\Program Files (x86)\Microsoft SQL Server\Client SDK\ODBC\130\Tools\Binn\;C:\Program Files (x86)\Microsoft SQL Server\140\Tools\Binn\;C:\Program Files (x86)\Microsoft SQL Server\140\DTS\Binn\;C:\Program Files (x86)\Microsoft SQL Server\140\Tools\Binn\ManagementStudio\;C:\xampp\php;C:\ProgramData\ComposerSetup\bin;C:\Program Files\SlikSvn\bin;C:\Program Files\Java\apache-maven-3.5.3\bin;C:\Program Files (x86)\Java\jdk1.8.0_171;C:\Program Files (x86)\Java\jdk1.8.0_171\bin;C:\Program Files (x86)\Java\jdk1.8.0_171\lib;C:\Program Files (x86)\Java\jdk1.8.0_171\jre;C:\Program Files (x86)\Java\jdk1.8.0_171\jre\bin;C:\Program Files (x86)\Java\jdk1.8.0_171\jre\lib;C:\WINDOWS\System32\OpenSSH\;C:\Program Files (x86)\CMake\bin;C:\Program Files\nodejs\;C:\Users\Alex\AppData\Local\Microsoft\WindowsApps;C:\Users\Alex\AppData\Roaming\Composer\vendor\bin;C:\Program Files\Java\apache-maven-3.5.3\bin;;C:\Program Files\Microsoft VS Code\bin;C:\Users\Alex\AppData\Roaming\npm
USERNAME=Alex
OS=Windows_NT
PROCESSOR_IDENTIFIER=Intel64 Family 6 Model 42 Stepping 7, GenuineIntel



---------------  S Y S T E M  ---------------

OS: Windows 10.0 , 64 bit Build 17134 (10.0.17134.1)

CPU:total 4 (initial active 4) (2 cores per cpu, 2 threads per core) family 6 model 42 stepping 7, cmov, cx8, fxsr, mmx, sse, sse2, sse3, ssse3, sse4.1, sse4.2, popcnt, avx, aes, clmul, ht, tsc, tscinvbit

Memory: 4k page, physical 8294284k(2964248k free), swap 12750732k(4665952k free)

vm_info: Java HotSpot(TM) Client VM (25.171-b11) for windows-x86 JRE (1.8.0_171-b11), built on Mar 28 2018 14:51:22 by "java_re" with MS VC++ 10.0 (VS2010)

time: Wed Jun 27 02:46:16 2018
elapsed time: 6 seconds (0d 0h 0m 6s)

