#
# A fatal error has been detected by the Java Runtime Environment:
#
#  EXCEPTION_ACCESS_VIOLATION (0xc0000005) at pc=0x722c7739, pid=3104, tid=0x00001b58
#
# JRE version: Java(TM) SE Runtime Environment (8.0_171-b11) (build 1.8.0_171-b11)
# Java VM: Java HotSpot(TM) Client VM (25.171-b11 mixed mode windows-x86 )
# Problematic frame:
# V  [jvm.dll+0xd7739]
#
# Failed to write core dump. Minidumps are not enabled by default on client versions of Windows
#
# If you would like to submit a bug report, please visit:
#   http://bugreport.java.com/bugreport/crash.jsp
#

---------------  T H R E A D  ---------------

Current thread (0x166a6800):  JavaThread "Thread-14201" [_thread_in_vm, id=7000, stack(0x00fc0000,0x01010000)]

siginfo: ExceptionCode=0xc0000005, reading address 0x00000000

Registers:
EAX=0x00000000, EBX=0x164a5c01, ECX=0x00000000, EDX=0x00000000
ESP=0x0100ee3c, EBP=0x0100ee48, ESI=0x164a5c48, EDI=0x166a6800
EIP=0x722c7739, EFLAGS=0x00010206

Top of Stack: (sp=0x0100ee3c)
0x0100ee3c:   0100ef30 00000000 164a5c48 0100f138
0x0100ee4c:   1a8d4228 166a6940 164a5c48 00000000
0x0100ee5c:   0100ee74 722bd468 00000001 00000001
0x0100ee6c:   7226d1d8 0100f258 0100ee88 00000030
0x0100ee7c:   1a8d41b7 166a6800 0100f258 0100ee9c
0x0100ee8c:   0100ee9c 0100f258 7233fc89 14c7f470
0x0100ee9c:   0100eeb4 723401c2 14c7f470 00000030
0x0100eeac:   1a8d41a3 14c7f470 0100eecc 72272ea1 

Instructions: (pc=0x722c7739)
0x722c7719:   1a 0a 00 33 ff eb 02 8b f9 6a 06 57 e8 b6 fc f2
0x722c7729:   ff 8b 75 0c 83 c4 08 b3 01 85 f6 74 39 8b 45 10
0x722c7739:   8b 00 50 32 db e8 1d b0 f6 ff 83 c4 04 85 c0 74
0x722c7749:   25 8b 0e 8b 49 04 8b 50 08 39 04 0a 75 04 b0 01 


Register to memory mapping:

EAX=0x00000000 is an unknown value
EBX=0x164a5c01 is an unknown value
ECX=0x00000000 is an unknown value
EDX=0x00000000 is an unknown value
ESP=0x0100ee3c is pointing into the stack for thread: 0x166a6800
EBP=0x0100ee48 is pointing into the stack for thread: 0x166a6800
ESI=0x164a5c48 is an unknown value
EDI=0x166a6800 is a thread


Stack: [0x00fc0000,0x01010000],  sp=0x0100ee3c,  free space=315k
Native frames: (J=compiled Java code, j=interpreted, Vv=VM code, C=native code)
V  [jvm.dll+0xd7739]
C  [jna9191526554617538330.dll+0x4228]
C  [jna9191526554617538330.dll+0x4d0e]
J 1053  com.sun.jna.Native.invokeInt(JI[Ljava/lang/Object;)I (0 bytes) @ 0x02ce8cc6 [0x02ce8c20+0xa6]
J 1042 C1 com.sun.jna.Function.invoke([Ljava/lang/Object;Ljava/lang/Class;Z)Ljava/lang/Object; (1154 bytes) @ 0x02cdda84 [0x02cdbeb0+0x1bd4]
J 393 C1 com.sun.jna.Function.invoke(Ljava/lang/Class;[Ljava/lang/Object;Ljava/util/Map;)Ljava/lang/Object; (526 bytes) @ 0x02bcb198 [0x02bcad10+0x488]
J 1132 C1 com.sun.jna.Library$Handler.invoke(Ljava/lang/Object;Ljava/lang/reflect/Method;[Ljava/lang/Object;)Ljava/lang/Object; (345 bytes) @ 0x02b5e4cc [0x02b5dc90+0x83c]
j  Luxand.$Proxy0.FSDK_LoadImageFromBuffer(Lcom/sun/jna/ptr/IntByReference;[BIIII)I+52
J 302 C1 Luxand.FSDK.LoadImageFromAWTImage(LLuxand/FSDK$HImage;Ljava/awt/Image;I)I (456 bytes) @ 0x02bab20c [0x02baa8c0+0x94c]
J 1659 C1 liverecognition.AppFace$12.run()V (734 bytes) @ 0x02cef6d8 [0x02cef610+0xc8]
v  ~StubRoutines::call_stub
V  [jvm.dll+0x15b985]
V  [jvm.dll+0x22262e]
V  [jvm.dll+0x15ba1e]
V  [jvm.dll+0x15bba6]
V  [jvm.dll+0x15bc17]
V  [jvm.dll+0xffb3f]
V  [jvm.dll+0x17eb50]
V  [jvm.dll+0x17f3ca]
V  [jvm.dll+0x1c3fe6]
C  [msvcr100.dll+0x5c556]
C  [msvcr100.dll+0x5c600]
C  [KERNEL32.DLL+0x18484]
C  [ntdll.dll+0x62fea]
C  [ntdll.dll+0x62fba]
C  0x00000000

Java frames: (J=compiled Java code, j=interpreted, Vv=VM code)
J 1053  com.sun.jna.Native.invokeInt(JI[Ljava/lang/Object;)I (0 bytes) @ 0x02ce8c82 [0x02ce8c20+0x62]
J 1042 C1 com.sun.jna.Function.invoke([Ljava/lang/Object;Ljava/lang/Class;Z)Ljava/lang/Object; (1154 bytes) @ 0x02cdda84 [0x02cdbeb0+0x1bd4]
J 393 C1 com.sun.jna.Function.invoke(Ljava/lang/Class;[Ljava/lang/Object;Ljava/util/Map;)Ljava/lang/Object; (526 bytes) @ 0x02bcb198 [0x02bcad10+0x488]
J 1132 C1 com.sun.jna.Library$Handler.invoke(Ljava/lang/Object;Ljava/lang/reflect/Method;[Ljava/lang/Object;)Ljava/lang/Object; (345 bytes) @ 0x02b5e4cc [0x02b5dc90+0x83c]
j  Luxand.$Proxy0.FSDK_LoadImageFromBuffer(Lcom/sun/jna/ptr/IntByReference;[BIIII)I+52
J 302 C1 Luxand.FSDK.LoadImageFromAWTImage(LLuxand/FSDK$HImage;Ljava/awt/Image;I)I (456 bytes) @ 0x02bab20c [0x02baa8c0+0x94c]
J 1659 C1 liverecognition.AppFace$12.run()V (734 bytes) @ 0x02cef6d8 [0x02cef610+0xc8]
v  ~StubRoutines::call_stub

---------------  P R O C E S S  ---------------

Java Threads: ( => current thread )
  0x166a4000 JavaThread "Thread-14202" [_thread_in_native, id=4928, stack(0x00d70000,0x00dc0000)]
=>0x166a6800 JavaThread "Thread-14201" [_thread_in_vm, id=7000, stack(0x00fc0000,0x01010000)]
  0x16642c00 JavaThread "WebSocketTimer" [_thread_blocked, id=13000, stack(0x1fc60000,0x1fcb0000)]
  0x16628c00 JavaThread "WebSocketWriteThread-19" [_thread_blocked, id=4064, stack(0x1f250000,0x1f2a0000)]
  0x16628800 JavaThread "WebSocketConnectReadThread-18" [_thread_in_native, id=11960, stack(0x1f1c0000,0x1f210000)]
  0x1660dc00 JavaThread "Thread-3" [_thread_in_native, id=5560, stack(0x1f130000,0x1f180000)]
  0x02a8d400 JavaThread "DestroyJavaVM" [_thread_blocked, id=2472, stack(0x02890000,0x028e0000)]
  0x16432400 JavaThread "AWT-EventQueue-0" [_thread_blocked, id=13068, stack(0x169d0000,0x16a20000)]
  0x1525b000 JavaThread "AWT-Shutdown" [_thread_blocked, id=6104, stack(0x159b0000,0x15a00000)]
  0x1525a400 JavaThread "Java2D Disposer" daemon [_thread_blocked, id=10324, stack(0x15920000,0x15970000)]
  0x15096800 JavaThread "Service Thread" daemon [_thread_blocked, id=4292, stack(0x156f0000,0x15740000)]
  0x15090400 JavaThread "C1 CompilerThread0" daemon [_thread_blocked, id=868, stack(0x15660000,0x156b0000)]
  0x1508f400 JavaThread "Attach Listener" daemon [_thread_blocked, id=444, stack(0x155d0000,0x15620000)]
  0x1508d400 JavaThread "Signal Dispatcher" daemon [_thread_blocked, id=8508, stack(0x15540000,0x15590000)]
  0x1507ac00 JavaThread "Finalizer" daemon [_thread_blocked, id=11700, stack(0x15380000,0x153d0000)]
  0x15066000 JavaThread "Reference Handler" daemon [_thread_blocked, id=9360, stack(0x152f0000,0x15340000)]

Other Threads:
  0x15060400 VMThread [stack: 0x15260000,0x152b0000] [id=7688]
  0x1509a000 WatcherThread [stack: 0x15780000,0x157d0000] [id=11532]

VM state:not at safepoint (normal execution)

VM Mutex/Monitor currently owned by a thread: None

Heap:
 def new generation   total 10240K, used 9268K [0x04c00000, 0x05710000, 0x0a150000)
  eden space 9152K,  90% used [0x04c00000, 0x05412180, 0x054f0000)
  from space 1088K,  92% used [0x054f0000, 0x055eaf10, 0x05600000)
  to   space 1088K,   0% used [0x05600000, 0x05600000, 0x05710000)
 tenured generation   total 22532K, used 18263K [0x0a150000, 0x0b751000, 0x14c00000)
   the space 22532K,  81% used [0x0a150000, 0x0b325e00, 0x0b325e00, 0x0b751000)
 Metaspace       used 11698K, capacity 11910K, committed 12032K, reserved 12672K

Card table byte_map: [0x04b10000,0x04ba0000] byte_map_base: 0x04aea000

Polling page: 0x028f0000

CodeCache: size=32768Kb used=1927Kb max_used=2452Kb free=30840Kb
 bounds [0x02a90000, 0x02d18000, 0x04a90000]
 total_blobs=892 nmethods=634 adapters=188
 compilation: enabled

Compilation events (10 events):
Event: 458.263 Thread 0x15090400 1935   !         java.awt.Container::getMouseEventTargetImpl (255 bytes)
Event: 458.264 Thread 0x15090400 nmethod 1935 0x02c7de08 code [0x02c7dfb0, 0x02c7e674]
Event: 458.415 Thread 0x15090400 1936             java.util.concurrent.locks.ReentrantLock::unlock (10 bytes)
Event: 458.415 Thread 0x15090400 nmethod 1936 0x02c6ac88 code [0x02c6ada0, 0x02c6ae98]
Event: 458.416 Thread 0x15090400 1937             java.util.concurrent.locks.ReentrantLock::lock (8 bytes)
Event: 458.416 Thread 0x15090400 nmethod 1937 0x02b85348 code [0x02b85450, 0x02b854ec]
Event: 458.981 Thread 0x15090400 1938             java.util.EventObject::getSource (5 bytes)
Event: 458.981 Thread 0x15090400 nmethod 1938 0x02c8e3c8 code [0x02c8e4c0, 0x02c8e540]
Event: 459.540 Thread 0x15090400 1939  s          java.lang.Throwable::fillInStackTrace (29 bytes)
Event: 459.541 Thread 0x15090400 nmethod 1939 0x02c6a648 code [0x02c6a750, 0x02c6a95c]

GC Heap History (10 events):
Event: 459.415 GC heap before
{Heap before GC invocations=1822 (full 162):
 def new generation   total 10240K, used 10035K [0x04c00000, 0x05710000, 0x0a150000)
  eden space 9152K,  99% used [0x04c00000, 0x054e5720, 0x054f0000)
  from space 1088K,  85% used [0x05600000, 0x056e77e0, 0x05710000)
  to   space 1088K,   0% used [0x054f0000, 0x054f0000, 0x05600000)
 tenured generation   total 22532K, used 12500K [0x0a150000, 0x0b751000, 0x14c00000)
   the space 22532K,  55% used [0x0a150000, 0x0ad85200, 0x0ad85200, 0x0b751000)
 Metaspace       used 11674K, capacity 11878K, committed 12032K, reserved 12672K
Event: 459.417 GC heap after
Heap after GC invocations=1823 (full 162):
 def new generation   total 10240K, used 876K [0x04c00000, 0x05710000, 0x0a150000)
  eden space 9152K,   0% used [0x04c00000, 0x04c00000, 0x054f0000)
  from space 1088K,  80% used [0x054f0000, 0x055cb100, 0x05600000)
  to   space 1088K,   0% used [0x05600000, 0x05600000, 0x05710000)
 tenured generation   total 22532K, used 13410K [0x0a150000, 0x0b751000, 0x14c00000)
   the space 22532K,  59% used [0x0a150000, 0x0ae68a40, 0x0ae68c00, 0x0b751000)
 Metaspace       used 11674K, capacity 11878K, committed 12032K, reserved 12672K
}
Event: 459.732 GC heap before
{Heap before GC invocations=1823 (full 162):
 def new generation   total 10240K, used 10028K [0x04c00000, 0x05710000, 0x0a150000)
  eden space 9152K, 100% used [0x04c00000, 0x054f0000, 0x054f0000)
  from space 1088K,  80% used [0x054f0000, 0x055cb100, 0x05600000)
  to   space 1088K,   0% used [0x05600000, 0x05600000, 0x05710000)
 tenured generation   total 22532K, used 13410K [0x0a150000, 0x0b751000, 0x14c00000)
   the space 22532K,  59% used [0x0a150000, 0x0ae68a40, 0x0ae68c00, 0x0b751000)
 Metaspace       used 11674K, capacity 11878K, committed 12032K, reserved 12672K
Event: 459.733 GC heap after
Heap after GC invocations=1824 (full 162):
 def new generation   total 10240K, used 865K [0x04c00000, 0x05710000, 0x0a150000)
  eden space 9152K,   0% used [0x04c00000, 0x04c00000, 0x054f0000)
  from space 1088K,  79% used [0x05600000, 0x056d8748, 0x05710000)
  to   space 1088K,   0% used [0x054f0000, 0x054f0000, 0x05600000)
 tenured generation   total 22532K, used 15231K [0x0a150000, 0x0b751000, 0x14c00000)
   the space 22532K,  67% used [0x0a150000, 0x0b02fd68, 0x0b02fe00, 0x0b751000)
 Metaspace       used 11674K, capacity 11878K, committed 12032K, reserved 12672K
}
Event: 459.913 GC heap before
{Heap before GC invocations=1824 (full 162):
 def new generation   total 10240K, used 9873K [0x04c00000, 0x05710000, 0x0a150000)
  eden space 9152K,  98% used [0x04c00000, 0x054cbe68, 0x054f0000)
  from space 1088K,  79% used [0x05600000, 0x056d8748, 0x05710000)
  to   space 1088K,   0% used [0x054f0000, 0x054f0000, 0x05600000)
 tenured generation   total 22532K, used 15231K [0x0a150000, 0x0b751000, 0x14c00000)
   the space 22532K,  67% used [0x0a150000, 0x0b02fd68, 0x0b02fe00, 0x0b751000)
 Metaspace       used 11674K, capacity 11878K, committed 12032K, reserved 12672K
Event: 459.914 GC heap after
Heap after GC invocations=1825 (full 162):
 def new generation   total 10240K, used 874K [0x04c00000, 0x05710000, 0x0a150000)
  eden space 9152K,   0% used [0x04c00000, 0x04c00000, 0x054f0000)
  from space 1088K,  80% used [0x054f0000, 0x055ca8a0, 0x05600000)
  to   space 1088K,   0% used [0x05600000, 0x05600000, 0x05710000)
 tenured generation   total 22532K, used 16442K [0x0a150000, 0x0b751000, 0x14c00000)
   the space 22532K,  72% used [0x0a150000, 0x0b15ea40, 0x0b15ec00, 0x0b751000)
 Metaspace       used 11674K, capacity 11878K, committed 12032K, reserved 12672K
}
Event: 460.148 GC heap before
{Heap before GC invocations=1825 (full 162):
 def new generation   total 10240K, used 10000K [0x04c00000, 0x05710000, 0x0a150000)
  eden space 9152K,  99% used [0x04c00000, 0x054e9850, 0x054f0000)
  from space 1088K,  80% used [0x054f0000, 0x055ca8a0, 0x05600000)
  to   space 1088K,   0% used [0x05600000, 0x05600000, 0x05710000)
 tenured generation   total 22532K, used 16442K [0x0a150000, 0x0b751000, 0x14c00000)
   the space 22532K,  72% used [0x0a150000, 0x0b15ea40, 0x0b15ec00, 0x0b751000)
 Metaspace       used 11674K, capacity 11878K, committed 12032K, reserved 12672K
Event: 460.150 GC heap after
Heap after GC invocations=1826 (full 162):
 def new generation   total 10240K, used 959K [0x04c00000, 0x05710000, 0x0a150000)
  eden space 9152K,   0% used [0x04c00000, 0x04c00000, 0x054f0000)
  from space 1088K,  88% used [0x05600000, 0x056efde8, 0x05710000)
  to   space 1088K,   0% used [0x054f0000, 0x054f0000, 0x05600000)
 tenured generation   total 22532K, used 17352K [0x0a150000, 0x0b751000, 0x14c00000)
   the space 22532K,  77% used [0x0a150000, 0x0b2423e0, 0x0b242400, 0x0b751000)
 Metaspace       used 11674K, capacity 11878K, committed 12032K, reserved 12672K
}
Event: 460.460 GC heap before
{Heap before GC invocations=1826 (full 162):
 def new generation   total 10240K, used 10111K [0x04c00000, 0x05710000, 0x0a150000)
  eden space 9152K, 100% used [0x04c00000, 0x054f0000, 0x054f0000)
  from space 1088K,  88% used [0x05600000, 0x056efde8, 0x05710000)
  to   space 1088K,   0% used [0x054f0000, 0x054f0000, 0x05600000)
 tenured generation   total 22532K, used 17352K [0x0a150000, 0x0b751000, 0x14c00000)
   the space 22532K,  77% used [0x0a150000, 0x0b2423e0, 0x0b242400, 0x0b751000)
 Metaspace       used 11674K, capacity 11878K, committed 12032K, reserved 12672K
Event: 460.461 GC heap after
Heap after GC invocations=1827 (full 162):
 def new generation   total 10240K, used 1003K [0x04c00000, 0x05710000, 0x0a150000)
  eden space 9152K,   0% used [0x04c00000, 0x04c00000, 0x054f0000)
  from space 1088K,  92% used [0x054f0000, 0x055eaf10, 0x05600000)
  to   space 1088K,   0% used [0x05600000, 0x05600000, 0x05710000)
 tenured generation   total 22532K, used 18263K [0x0a150000, 0x0b751000, 0x14c00000)
   the space 22532K,  81% used [0x0a150000, 0x0b325e00, 0x0b325e00, 0x0b751000)
 Metaspace       used 11674K, capacity 11878K, committed 12032K, reserved 12672K
}

Deoptimization events (0 events):
No events

Classes redefined (0 events):
No events

Internal exceptions (10 events):
Event: 0.377 Thread 0x02a8d400 Exception <a 'java/lang/ClassNotFoundException': Tree> (0x04f130f8) thrown at [C:\re\workspace\8-2-build-windows-i586-cygwin\jdk8u171\10807\hotspot\src\share\vm\classfile\systemDictionary.cpp, line 210]
Event: 0.377 Thread 0x02a8d400 Exception <a 'java/lang/ClassNotFoundException': javax/swing/JTreeCell> (0x04f13430) thrown at [C:\re\workspace\8-2-build-windows-i586-cygwin\jdk8u171\10807\hotspot\src\share\vm\classfile\systemDictionary.cpp, line 210]
Event: 0.377 Thread 0x02a8d400 Exception <a 'java/lang/ClassNotFoundException': TreeCell> (0x04f13878) thrown at [C:\re\workspace\8-2-build-windows-i586-cygwin\jdk8u171\10807\hotspot\src\share\vm\classfile\systemDictionary.cpp, line 210]
Event: 0.377 Thread 0x02a8d400 Exception <a 'java/lang/ClassNotFoundException': RootPane> (0x04f141f0) thrown at [C:\re\workspace\8-2-build-windows-i586-cygwin\jdk8u171\10807\hotspot\src\share\vm\classfile\systemDictionary.cpp, line 210]
Event: 13.065 Thread 0x166a4800 Exception <a 'java/io/FileNotFoundException'> (0x04f64760) thrown at [C:\re\workspace\8-2-build-windows-i586-cygwin\jdk8u171\10807\hotspot\src\share\vm\prims\jni.cpp, line 709]
Event: 13.071 Thread 0x166a4800 Exception <a 'java/io/FileNotFoundException'> (0x04f86530) thrown at [C:\re\workspace\8-2-build-windows-i586-cygwin\jdk8u171\10807\hotspot\src\share\vm\prims\jni.cpp, line 709]
Event: 16.458 Thread 0x166a6000 Exception <a 'java/io/FileNotFoundException'> (0x04d19660) thrown at [C:\re\workspace\8-2-build-windows-i586-cygwin\jdk8u171\10807\hotspot\src\share\vm\prims\jni.cpp, line 709]
Event: 16.458 Thread 0x166a6000 Exception <a 'java/io/FileNotFoundException'> (0x04d1a0c0) thrown at [C:\re\workspace\8-2-build-windows-i586-cygwin\jdk8u171\10807\hotspot\src\share\vm\prims\jni.cpp, line 709]
Event: 16.468 Thread 0x166a4800 Exception <a 'java/io/FileNotFoundException'> (0x04ddb6a0) thrown at [C:\re\workspace\8-2-build-windows-i586-cygwin\jdk8u171\10807\hotspot\src\share\vm\prims\jni.cpp, line 709]
Event: 16.468 Thread 0x166a4800 Exception <a 'java/io/FileNotFoundException'> (0x04de0158) thrown at [C:\re\workspace\8-2-build-windows-i586-cygwin\jdk8u171\10807\hotspot\src\share\vm\prims\jni.cpp, line 709]

Events (10 events):
Event: 460.672 loading class java/util/WeakHashMap$KeyIterator
Event: 460.672 loading class java/util/WeakHashMap$HashIterator
Event: 460.672 loading class java/util/WeakHashMap$HashIterator done
Event: 460.672 loading class java/util/WeakHashMap$KeyIterator done
Event: 460.673 Thread 0x166a3c00 Thread exited: 0x166a3c00
Event: 460.676 Thread 0x166a4000 Thread exited: 0x166a4000
Event: 460.677 Thread 0x1525bc00 Thread exited: 0x1525bc00
Event: 460.684 loading class java/lang/ProcessImpl$2
Event: 460.685 loading class java/lang/ProcessImpl$2 done
Event: 460.685 Thread 0x166a3400 Thread exited: 0x166a3400


Dynamic libraries:
0x000f0000 - 0x00123000 	C:\Program Files (x86)\Java\jdk1.8.0_171\jre\bin\java.exe
0x76f80000 - 0x77110000 	C:\WINDOWS\SYSTEM32\ntdll.dll
0x73860000 - 0x73940000 	C:\WINDOWS\System32\KERNEL32.DLL
0x757e0000 - 0x759c4000 	C:\WINDOWS\System32\KERNELBASE.dll
0x72720000 - 0x727bd000 	C:\WINDOWS\SYSTEM32\apphelp.dll
0x75ac0000 - 0x75b38000 	C:\WINDOWS\System32\ADVAPI32.dll
0x73d70000 - 0x73e2f000 	C:\WINDOWS\System32\msvcrt.dll
0x76450000 - 0x76494000 	C:\WINDOWS\System32\sechost.dll
0x75da0000 - 0x75e60000 	C:\WINDOWS\System32\RPCRT4.dll
0x73840000 - 0x73860000 	C:\WINDOWS\System32\SspiCli.dll
0x73830000 - 0x7383a000 	C:\WINDOWS\System32\CRYPTBASE.dll
0x764a0000 - 0x764f8000 	C:\WINDOWS\System32\bcryptPrimitives.dll
0x75ed0000 - 0x7605d000 	C:\WINDOWS\System32\USER32.dll
0x73c70000 - 0x73c87000 	C:\WINDOWS\System32\win32u.dll
0x76590000 - 0x765b2000 	C:\WINDOWS\System32\GDI32.dll
0x739b0000 - 0x73b14000 	C:\WINDOWS\System32\gdi32full.dll
0x76c70000 - 0x76ced000 	C:\WINDOWS\System32\msvcp_win.dll
0x76060000 - 0x7617e000 	C:\WINDOWS\System32\ucrtbase.dll
0x72d80000 - 0x72f84000 	C:\WINDOWS\WinSxS\x86_microsoft.windows.common-controls_6595b64144ccf1df_6.0.17134.112_none_42ecccf244e44518\COMCTL32.dll
0x75b40000 - 0x75d9c000 	C:\WINDOWS\System32\combase.dll
0x757b0000 - 0x757d6000 	C:\WINDOWS\System32\IMM32.DLL
0x725d0000 - 0x7268f000 	C:\Program Files (x86)\Java\jdk1.8.0_171\jre\bin\msvcr100.dll
0x721f0000 - 0x725c1000 	C:\Program Files (x86)\Java\jdk1.8.0_171\jre\bin\client\jvm.dll
0x759e0000 - 0x759e6000 	C:\WINDOWS\System32\PSAPI.DLL
0x733c0000 - 0x733c8000 	C:\WINDOWS\SYSTEM32\VERSION.dll
0x721c0000 - 0x721e4000 	C:\WINDOWS\SYSTEM32\WINMM.dll
0x73740000 - 0x73748000 	C:\WINDOWS\SYSTEM32\WSOCK32.dll
0x75e60000 - 0x75ec7000 	C:\WINDOWS\System32\WS2_32.dll
0x72190000 - 0x721b3000 	C:\WINDOWS\SYSTEM32\winmmbase.dll
0x76b90000 - 0x76bc9000 	C:\WINDOWS\System32\cfgmgr32.dll
0x72180000 - 0x7218c000 	C:\Program Files (x86)\Java\jdk1.8.0_171\jre\bin\verify.dll
0x72150000 - 0x72172000 	C:\Program Files (x86)\Java\jdk1.8.0_171\jre\bin\java.dll
0x72130000 - 0x72144000 	C:\Program Files (x86)\Java\jdk1.8.0_171\jre\bin\zip.dll
0x74450000 - 0x7579a000 	C:\WINDOWS\System32\SHELL32.dll
0x73e90000 - 0x73f18000 	C:\WINDOWS\System32\shcore.dll
0x765c0000 - 0x76b7a000 	C:\WINDOWS\System32\windows.storage.dll
0x73f20000 - 0x73f65000 	C:\WINDOWS\System32\shlwapi.dll
0x76b80000 - 0x76b8f000 	C:\WINDOWS\System32\kernel.appcore.dll
0x743a0000 - 0x743b8000 	C:\WINDOWS\System32\profapi.dll
0x73e30000 - 0x73e75000 	C:\WINDOWS\System32\powrprof.dll
0x73e80000 - 0x73e88000 	C:\WINDOWS\System32\FLTLIB.DLL
0x71f70000 - 0x720b5000 	C:\Program Files (x86)\Java\jdk1.8.0_171\jre\bin\awt.dll
0x76bd0000 - 0x76c66000 	C:\WINDOWS\System32\OLEAUT32.dll
0x72cf0000 - 0x72d6c000 	C:\WINDOWS\system32\uxtheme.dll
0x73b20000 - 0x73c64000 	C:\WINDOWS\System32\MSCTF.dll
0x71ea0000 - 0x71ec3000 	C:\WINDOWS\system32\dwmapi.dll
0x76350000 - 0x7644c000 	C:\WINDOWS\System32\ole32.dll
0x71c80000 - 0x71cb9000 	C:\Program Files (x86)\Java\jdk1.8.0_171\jre\bin\fontmanager.dll
0x71d90000 - 0x71e69000 	C:\WINDOWS\system32\opengl32.dll
0x71d50000 - 0x71d8f000 	C:\WINDOWS\SYSTEM32\GLU32.dll
0x72110000 - 0x72125000 	C:\Program Files (x86)\Java\jdk1.8.0_171\jre\bin\net.dll
0x736d0000 - 0x73726000 	C:\WINDOWS\system32\mswsock.dll
0x72100000 - 0x7210f000 	C:\Program Files (x86)\Java\jdk1.8.0_171\jre\bin\nio.dll
0x71660000 - 0x71692000 	C:\Program Files (x86)\Java\jdk1.8.0_171\jre\bin\t2k.dll
0x16bb0000 - 0x1a372000 	D:\development\App Java\face\facewithRaspberry\appDesktop\facesdk.dll
0x73610000 - 0x73640000 	C:\WINDOWS\SYSTEM32\IPHLPAPI.DLL
0x71f00000 - 0x71f13000 	C:\WINDOWS\SYSTEM32\CRYPTSP.dll
0x71ed0000 - 0x71eff000 	C:\WINDOWS\system32\rsaenh.dll
0x73590000 - 0x735a9000 	C:\WINDOWS\SYSTEM32\bcrypt.dll
0x73390000 - 0x733b1000 	C:\WINDOWS\SYSTEM32\USERENV.dll
0x73940000 - 0x73947000 	C:\WINDOWS\System32\NSI.dll
0x720e0000 - 0x720f3000 	C:\WINDOWS\SYSTEM32\dhcpcsvc6.DLL
0x720c0000 - 0x720d4000 	C:\WINDOWS\SYSTEM32\dhcpcsvc.DLL
0x1a8d0000 - 0x1a925000 	C:\Users\Alex\AppData\Local\Temp\jna9191526554617538330.dll
0x73200000 - 0x73382000 	C:\WINDOWS\SYSTEM32\dbghelp.dll
0x71a70000 - 0x71aee000 	C:\WINDOWS\System32\TextInputFramework.dll
0x71810000 - 0x71a6d000 	C:\WINDOWS\System32\CoreUIComponents.dll
0x71780000 - 0x7180b000 	C:\WINDOWS\System32\CoreMessaging.dll
0x72980000 - 0x729a9000 	C:\WINDOWS\SYSTEM32\ntmarta.dll
0x716a0000 - 0x71776000 	C:\WINDOWS\SYSTEM32\wintypes.dll
0x1b210000 - 0x1b217000 	C:\Program Files (x86)\Internet Download Manager\idmmkb.dll
0x714b0000 - 0x714d4000 	C:\Program Files (x86)\Java\jdk1.8.0_171\jre\bin\dcpr.dll
0x727e0000 - 0x72806000 	C:\Program Files (x86)\Java\jdk1.8.0_171\jre\bin\jpeg.dll
0x73640000 - 0x736ce000 	C:\WINDOWS\SYSTEM32\DNSAPI.dll
0x73600000 - 0x73608000 	C:\Windows\System32\rasadhlp.dll
0x735b0000 - 0x735ff000 	C:\WINDOWS\System32\fwpuclnt.dll
0x71d30000 - 0x71d41000 	C:\WINDOWS\system32\napinsp.dll
0x71d10000 - 0x71d26000 	C:\WINDOWS\system32\pnrpnsp.dll
0x71cf0000 - 0x71d03000 	C:\WINDOWS\system32\NLAapi.dll
0x71ce0000 - 0x71cec000 	C:\WINDOWS\System32\winrnr.dll
0x71cc0000 - 0x71cd1000 	C:\WINDOWS\System32\wshbth.dll
0x70ec0000 - 0x70ee0000 	C:\Program Files (x86)\Java\jdk1.8.0_171\jre\bin\sunec.dll
0x71f20000 - 0x71f29000 	C:\Program Files (x86)\Java\jdk1.8.0_171\jre\bin\sunmscapi.dll
0x76cf0000 - 0x76e86000 	C:\WINDOWS\System32\CRYPT32.dll
0x759d0000 - 0x759de000 	C:\WINDOWS\System32\MSASN1.dll

VM Arguments:
jvm_args: -Dfile.encoding=UTF-8 
java_command: liverecognition.AppFace
java_class_path (initial): D:\development\App Java\face\facewithRaspberry\appDesktop\FaceSDK.jar;D:\development\App Java\face\facewithRaspberry\appDesktop\jna.jar;D:\development\App Java\face\facewithRaspberry\appDesktop\lib\mail.jar;D:\development\App Java\face\facewithRaspberry\appDesktop\lib\swingx-1.6.1.jar;D:\development\App Java\face\facewithRaspberry\appDesktop\lib\jfoenix-8.0.4.jar;D:\development\App Java\face\facewithRaspberry\appDesktop\lib\twilio-java-sdk-6.3.0.jar;D:\development\App Java\face\facewithRaspberry\appDesktop\lib\Java-WebSocket-1.3.8.jar;D:\development\App Java\face\facewithRaspberry\appDesktop\build\classes
Launcher Type: SUN_STANDARD

Environment Variables:
PATH=C:\Program Files (x86)\Common Files\Oracle\Java\javapath;C:\Python27\;C:\Python27\Scripts;C:\WINDOWS\system32;C:\WINDOWS;C:\WINDOWS\System32\Wbem;C:\WINDOWS\System32\WindowsPowerShell\v1.0\;C:\Program Files\Git\cmd;C:\Program Files\dotnet\;C:\Program Files\Microsoft SQL Server\130\Tools\Binn\;C:\Program Files\Microsoft SQL Server\Client SDK\ODBC\130\Tools\Binn\;C:\Program Files (x86)\Microsoft SQL Server\130\Tools\Binn\;C:\Program Files\Microsoft SQL Server\130\DTS\Binn\;C:\Program Files (x86)\Microsoft SQL Server\Client SDK\ODBC\130\Tools\Binn\;C:\Program Files (x86)\Microsoft SQL Server\140\Tools\Binn\;C:\Program Files (x86)\Microsoft SQL Server\140\DTS\Binn\;C:\Program Files (x86)\Microsoft SQL Server\140\Tools\Binn\ManagementStudio\;C:\xampp\php;C:\ProgramData\ComposerSetup\bin;C:\Program Files\SlikSvn\bin;C:\Program Files\Java\apache-maven-3.5.3\bin;C:\Program Files (x86)\Java\jdk1.8.0_171;C:\Program Files (x86)\Java\jdk1.8.0_171\bin;C:\Program Files (x86)\Java\jdk1.8.0_171\lib;C:\Program Files (x86)\Java\jdk1.8.0_171\jre;C:\Program Files (x86)\Java\jdk1.8.0_171\jre\bin;C:\Program Files (x86)\Java\jdk1.8.0_171\jre\lib;C:\WINDOWS\System32\OpenSSH\;C:\Program Files (x86)\CMake\bin;C:\Program Files\nodejs\;C:\Users\Alex\AppData\Local\Microsoft\WindowsApps;C:\Users\Alex\AppData\Roaming\Composer\vendor\bin;C:\Program Files\Java\apache-maven-3.5.3\bin;;C:\Program Files\Microsoft VS Code\bin;C:\Users\Alex\AppData\Roaming\npm
USERNAME=Alex
OS=Windows_NT
PROCESSOR_IDENTIFIER=Intel64 Family 6 Model 42 Stepping 7, GenuineIntel



---------------  S Y S T E M  ---------------

OS: Windows 10.0 , 64 bit Build 17134 (10.0.17134.1)

CPU:total 4 (initial active 4) (2 cores per cpu, 2 threads per core) family 6 model 42 stepping 7, cmov, cx8, fxsr, mmx, sse, sse2, sse3, ssse3, sse4.1, sse4.2, popcnt, avx, aes, clmul, ht, tsc, tscinvbit

Memory: 4k page, physical 8294284k(2407204k free), swap 12750732k(4888328k free)

vm_info: Java HotSpot(TM) Client VM (25.171-b11) for windows-x86 JRE (1.8.0_171-b11), built on Mar 28 2018 14:51:22 by "java_re" with MS VC++ 10.0 (VS2010)

time: Wed Jun 27 00:50:24 2018
elapsed time: 460 seconds (0d 0h 7m 40s)

