#
# A fatal error has been detected by the Java Runtime Environment:
#
#  EXCEPTION_ACCESS_VIOLATION (0xc0000005) at pc=0x722c7739, pid=12408, tid=0x000033f4
#
# JRE version: Java(TM) SE Runtime Environment (8.0_171-b11) (build 1.8.0_171-b11)
# Java VM: Java HotSpot(TM) Client VM (25.171-b11 mixed mode windows-x86 )
# Problematic frame:
# V  [jvm.dll+0xd7739]
#
# Failed to write core dump. Minidumps are not enabled by default on client versions of Windows
#
# If you would like to submit a bug report, please visit:
#   http://bugreport.java.com/bugreport/crash.jsp
#

---------------  T H R E A D  ---------------

Current thread (0x15f7a800):  JavaThread "Thread-876" [_thread_in_vm, id=13300, stack(0x16e30000,0x16e80000)]

siginfo: ExceptionCode=0xc0000005, reading address 0x00000000

Registers:
EAX=0x00000000, EBX=0x15f36001, ECX=0x00000000, EDX=0x00000000
ESP=0x16e7eb9c, EBP=0x16e7eba8, ESI=0x15f36078, EDI=0x15f7a800
EIP=0x722c7739, EFLAGS=0x00010206

Top of Stack: (sp=0x16e7eb9c)
0x16e7eb9c:   16e7ec90 00000000 15f36078 16e7ee98
0x16e7ebac:   1aca4228 15f7a940 15f36078 00000000
0x16e7ebbc:   722c58b7 15000590 02e30697 16e7ec24
0x16e7ebcc:   16e7ebe0 7224f638 722581e8 00000030
0x16e7ebdc:   1aca41b7 16e7ec04 72236afa 0504bb6c
0x16e7ebec:   0a624800 15f7a800 152355b8 00000036
0x16e7ebfc:   16e7ec24 00000000 00000000 00000030
0x16e7ec0c:   1aca41a3 00000000 72237a32 15014b78 

Instructions: (pc=0x722c7739)
0x722c7719:   1a 0a 00 33 ff eb 02 8b f9 6a 06 57 e8 b6 fc f2
0x722c7729:   ff 8b 75 0c 83 c4 08 b3 01 85 f6 74 39 8b 45 10
0x722c7739:   8b 00 50 32 db e8 1d b0 f6 ff 83 c4 04 85 c0 74
0x722c7749:   25 8b 0e 8b 49 04 8b 50 08 39 04 0a 75 04 b0 01 


Register to memory mapping:

EAX=0x00000000 is an unknown value
EBX=0x15f36001 is an unknown value
ECX=0x00000000 is an unknown value
EDX=0x00000000 is an unknown value
ESP=0x16e7eb9c is pointing into the stack for thread: 0x15f7a800
EBP=0x16e7eba8 is pointing into the stack for thread: 0x15f7a800
ESI=0x15f36078 is an unknown value
EDI=0x15f7a800 is a thread


Stack: [0x16e30000,0x16e80000],  sp=0x16e7eb9c,  free space=314k
Native frames: (J=compiled Java code, j=interpreted, Vv=VM code, C=native code)
V  [jvm.dll+0xd7739]
C  [jna2254625454589252625.dll+0x4228]
C  [jna2254625454589252625.dll+0x4d0e]
j  com.sun.jna.Native.invokeInt(JI[Ljava/lang/Object;)I+0
j  com.sun.jna.Function.invoke([Ljava/lang/Object;Ljava/lang/Class;Z)Ljava/lang/Object;+333
J 377 C1 com.sun.jna.Function.invoke(Ljava/lang/Class;[Ljava/lang/Object;Ljava/util/Map;)Ljava/lang/Object; (526 bytes) @ 0x02f5ff98 [0x02f5fb10+0x488]
j  com.sun.jna.Library$Handler.invoke(Ljava/lang/Object;Ljava/lang/reflect/Method;[Ljava/lang/Object;)Ljava/lang/Object;+341
j  Luxand.$Proxy0.FSDK_FeedFrame(IJILcom/sun/jna/ptr/LongByReference;Lcom/sun/jna/Pointer;J)I+53
J 327 C1 Luxand.FSDK.FeedFrame(LLuxand/FSDK$HTracker;JLLuxand/FSDK$HImage;[J[J)I (131 bytes) @ 0x02f5c374 [0x02f5c100+0x274]
j  liverecognition.AppFace$12.run()V+86
v  ~StubRoutines::call_stub
V  [jvm.dll+0x15b985]
V  [jvm.dll+0x22262e]
V  [jvm.dll+0x15ba1e]
V  [jvm.dll+0x15bba6]
V  [jvm.dll+0x15bc17]
V  [jvm.dll+0xffb3f]
V  [jvm.dll+0x17eb50]
V  [jvm.dll+0x17f3ca]
V  [jvm.dll+0x1c3fe6]
C  [msvcr100.dll+0x5c556]
C  [msvcr100.dll+0x5c600]
C  [KERNEL32.DLL+0x18484]
C  [ntdll.dll+0x62fea]
C  [ntdll.dll+0x62fba]
C  0x00000000

Java frames: (J=compiled Java code, j=interpreted, Vv=VM code)
j  com.sun.jna.Native.invokeInt(JI[Ljava/lang/Object;)I+0
j  com.sun.jna.Function.invoke([Ljava/lang/Object;Ljava/lang/Class;Z)Ljava/lang/Object;+333
J 377 C1 com.sun.jna.Function.invoke(Ljava/lang/Class;[Ljava/lang/Object;Ljava/util/Map;)Ljava/lang/Object; (526 bytes) @ 0x02f5ff98 [0x02f5fb10+0x488]
j  com.sun.jna.Library$Handler.invoke(Ljava/lang/Object;Ljava/lang/reflect/Method;[Ljava/lang/Object;)Ljava/lang/Object;+341
j  Luxand.$Proxy0.FSDK_FeedFrame(IJILcom/sun/jna/ptr/LongByReference;Lcom/sun/jna/Pointer;J)I+53
J 327 C1 Luxand.FSDK.FeedFrame(LLuxand/FSDK$HTracker;JLLuxand/FSDK$HImage;[J[J)I (131 bytes) @ 0x02f5c374 [0x02f5c100+0x274]
j  liverecognition.AppFace$12.run()V+86
v  ~StubRoutines::call_stub

---------------  P R O C E S S  ---------------

Java Threads: ( => current thread )
  0x15f7a000 JavaThread "Thread-0" daemon [_thread_in_native, id=8564, stack(0x203c0000,0x20410000)]
=>0x15f7a800 JavaThread "Thread-876" [_thread_in_vm, id=13300, stack(0x16e30000,0x16e80000)]
  0x15f04800 JavaThread "WebSocketTimer" [_thread_blocked, id=10832, stack(0x20030000,0x20080000)]
  0x15f04000 JavaThread "WebSocketWriteThread-19" [_thread_blocked, id=11288, stack(0x1f6a0000,0x1f6f0000)]
  0x15f3dc00 JavaThread "WebSocketConnectReadThread-18" [_thread_in_native, id=12740, stack(0x1f590000,0x1f5e0000)]
  0x15f28800 JavaThread "Thread-3" [_thread_in_native, id=12320, stack(0x1f500000,0x1f550000)]
  0x014ed400 JavaThread "DestroyJavaVM" [_thread_blocked, id=6664, stack(0x02cc0000,0x02d10000)]
  0x15d1fc00 JavaThread "AWT-EventQueue-0" [_thread_blocked, id=10100, stack(0x16da0000,0x16df0000)]
  0x1565e400 JavaThread "AWT-Shutdown" [_thread_blocked, id=13100, stack(0x161a0000,0x161f0000)]
  0x1565dc00 JavaThread "Java2D Disposer" daemon [_thread_blocked, id=1316, stack(0x16110000,0x16160000)]
  0x15492c00 JavaThread "Service Thread" daemon [_thread_blocked, id=8868, stack(0x15ae0000,0x15b30000)]
  0x1549c800 JavaThread "C1 CompilerThread0" daemon [_thread_blocked, id=11896, stack(0x15a50000,0x15aa0000)]
  0x1549b800 JavaThread "Attach Listener" daemon [_thread_blocked, id=12480, stack(0x159c0000,0x15a10000)]
  0x15499800 JavaThread "Signal Dispatcher" daemon [_thread_blocked, id=8960, stack(0x15930000,0x15980000)]
  0x1547ac00 JavaThread "Finalizer" daemon [_thread_blocked, id=10968, stack(0x15780000,0x157d0000)]
  0x15466000 JavaThread "Reference Handler" daemon [_thread_blocked, id=10772, stack(0x156f0000,0x15740000)]

Other Threads:
  0x15460400 VMThread [stack: 0x15660000,0x156b0000] [id=9396]
  0x154a7000 WatcherThread [stack: 0x15b70000,0x15bc0000] [id=7584]

VM state:not at safepoint (normal execution)

VM Mutex/Monitor currently owned by a thread: None

Heap:
 def new generation   total 4992K, used 1054K [0x05000000, 0x05560000, 0x0a550000)
  eden space 4480K,  16% used [0x05000000, 0x050b5f28, 0x05460000)
  from space 512K,  63% used [0x05460000, 0x054b1cb0, 0x054e0000)
  to   space 512K,   0% used [0x054e0000, 0x054e0000, 0x05560000)
 tenured generation   total 10944K, used 8189K [0x0a550000, 0x0b000000, 0x15000000)
   the space 10944K,  74% used [0x0a550000, 0x0ad4f7a8, 0x0ad4f800, 0x0b000000)
 Metaspace       used 8627K, capacity 8813K, committed 8960K, reserved 9600K

Card table byte_map: [0x04eb0000,0x04f40000] byte_map_base: 0x04e88000

Polling page: 0x014b0000

CodeCache: size=32768Kb used=1455Kb max_used=1455Kb free=31312Kb
 bounds [0x02e30000, 0x02fa0000, 0x04e30000]
 total_blobs=766 nmethods=516 adapters=181
 compilation: enabled

Compilation events (10 events):
Event: 27.553 Thread 0x1549c800  517             java.awt.image.ComponentSampleModel::<init> (169 bytes)
Event: 27.554 Thread 0x1549c800 nmethod 517 0x02f9ad08 code [0x02f9ae80, 0x02f9b2a4]
Event: 27.815 Thread 0x1549c800  518             sun.awt.EventQueueItem::<init> (10 bytes)
Event: 27.815 Thread 0x1549c800 nmethod 518 0x02f9b608 code [0x02f9b700, 0x02f9b790]
Event: 27.819 Thread 0x1549c800  519             java.math.BigInteger::stripLeadingZeroBytes (132 bytes)
Event: 27.819 Thread 0x1549c800 nmethod 519 0x02f9b7c8 code [0x02f9b8d0, 0x02f9bb10]
Event: 27.921 Thread 0x1549c800  520             java.awt.GraphicsEnvironment::isHeadless (4 bytes)
Event: 27.922 Thread 0x1549c800 nmethod 520 0x02f9bd48 code [0x02f9be50, 0x02f9befc]
Event: 27.923 Thread 0x1549c800  521             java.awt.GraphicsEnvironment::getHeadlessProperty (22 bytes)
Event: 27.924 Thread 0x1549c800 nmethod 521 0x02f9bf88 code [0x02f9c090, 0x02f9c13c]

GC Heap History (10 events):
Event: 28.062 GC heap before
{Heap before GC invocations=166 (full 23):
 def new generation   total 4992K, used 4730K [0x05000000, 0x05560000, 0x0a550000)
  eden space 4480K, 100% used [0x05000000, 0x05460000, 0x05460000)
  from space 512K,  48% used [0x054e0000, 0x0551eb18, 0x05560000)
  to   space 512K,   0% used [0x05460000, 0x05460000, 0x054e0000)
 tenured generation   total 10944K, used 9631K [0x0a550000, 0x0b000000, 0x15000000)
   the space 10944K,  88% used [0x0a550000, 0x0aeb7c80, 0x0aeb7e00, 0x0b000000)
 Metaspace       used 8610K, capacity 8781K, committed 8832K, reserved 9600K
Event: 28.062 GC heap after
Heap after GC invocations=167 (full 23):
 def new generation   total 4992K, used 250K [0x05000000, 0x05560000, 0x0a550000)
  eden space 4480K,   0% used [0x05000000, 0x05000000, 0x05460000)
  from space 512K,  49% used [0x05460000, 0x0549ebe8, 0x054e0000)
  to   space 512K,   0% used [0x054e0000, 0x054e0000, 0x05560000)
 tenured generation   total 10944K, used 10531K [0x0a550000, 0x0b000000, 0x15000000)
   the space 10944K,  96% used [0x0a550000, 0x0af98cb0, 0x0af98e00, 0x0b000000)
 Metaspace       used 8610K, capacity 8781K, committed 8832K, reserved 9600K
}
Event: 28.218 GC heap before
{Heap before GC invocations=167 (full 23):
 def new generation   total 4992K, used 4626K [0x05000000, 0x05560000, 0x0a550000)
  eden space 4480K,  97% used [0x05000000, 0x05445d68, 0x05460000)
  from space 512K,  49% used [0x05460000, 0x0549ebe8, 0x054e0000)
  to   space 512K,   0% used [0x054e0000, 0x054e0000, 0x05560000)
 tenured generation   total 10944K, used 10531K [0x0a550000, 0x0b000000, 0x15000000)
   the space 10944K,  96% used [0x0a550000, 0x0af98cb0, 0x0af98e00, 0x0b000000)
 Metaspace       used 8610K, capacity 8781K, committed 8832K, reserved 9600K
Event: 28.228 GC heap after
Heap after GC invocations=168 (full 24):
 def new generation   total 4992K, used 0K [0x05000000, 0x05560000, 0x0a550000)
  eden space 4480K,   0% used [0x05000000, 0x05000000, 0x05460000)
  from space 512K,   0% used [0x054e0000, 0x054e0000, 0x05560000)
  to   space 512K,   0% used [0x05460000, 0x05460000, 0x054e0000)
 tenured generation   total 10944K, used 5779K [0x0a550000, 0x0b000000, 0x15000000)
   the space 10944K,  52% used [0x0a550000, 0x0aaf4c68, 0x0aaf4e00, 0x0b000000)
 Metaspace       used 8610K, capacity 8781K, committed 8832K, reserved 9600K
}
Event: 28.446 GC heap before
{Heap before GC invocations=168 (full 24):
 def new generation   total 4992K, used 4480K [0x05000000, 0x05560000, 0x0a550000)
  eden space 4480K, 100% used [0x05000000, 0x05460000, 0x05460000)
  from space 512K,   0% used [0x054e0000, 0x054e0000, 0x05560000)
  to   space 512K,   0% used [0x05460000, 0x05460000, 0x054e0000)
 tenured generation   total 10944K, used 5779K [0x0a550000, 0x0b000000, 0x15000000)
   the space 10944K,  52% used [0x0a550000, 0x0aaf4c68, 0x0aaf4e00, 0x0b000000)
 Metaspace       used 8610K, capacity 8781K, committed 8832K, reserved 9600K
Event: 28.447 GC heap after
Heap after GC invocations=169 (full 24):
 def new generation   total 4992K, used 264K [0x05000000, 0x05560000, 0x0a550000)
  eden space 4480K,   0% used [0x05000000, 0x05000000, 0x05460000)
  from space 512K,  51% used [0x05460000, 0x054a2250, 0x054e0000)
  to   space 512K,   0% used [0x054e0000, 0x054e0000, 0x05560000)
 tenured generation   total 10944K, used 6979K [0x0a550000, 0x0b000000, 0x15000000)
   the space 10944K,  63% used [0x0a550000, 0x0ac20ca8, 0x0ac20e00, 0x0b000000)
 Metaspace       used 8610K, capacity 8781K, committed 8832K, reserved 9600K
}
Event: 28.554 GC heap before
{Heap before GC invocations=169 (full 24):
 def new generation   total 4992K, used 4744K [0x05000000, 0x05560000, 0x0a550000)
  eden space 4480K, 100% used [0x05000000, 0x05460000, 0x05460000)
  from space 512K,  51% used [0x05460000, 0x054a2250, 0x054e0000)
  to   space 512K,   0% used [0x054e0000, 0x054e0000, 0x05560000)
 tenured generation   total 10944K, used 6979K [0x0a550000, 0x0b000000, 0x15000000)
   the space 10944K,  63% used [0x0a550000, 0x0ac20ca8, 0x0ac20e00, 0x0b000000)
 Metaspace       used 8610K, capacity 8781K, committed 8832K, reserved 9600K
Event: 28.555 GC heap after
Heap after GC invocations=170 (full 24):
 def new generation   total 4992K, used 241K [0x05000000, 0x05560000, 0x0a550000)
  eden space 4480K,   0% used [0x05000000, 0x05000000, 0x05460000)
  from space 512K,  47% used [0x054e0000, 0x0551c5c0, 0x05560000)
  to   space 512K,   0% used [0x05460000, 0x05460000, 0x054e0000)
 tenured generation   total 10944K, used 7889K [0x0a550000, 0x0b000000, 0x15000000)
   the space 10944K,  72% used [0x0a550000, 0x0ad04798, 0x0ad04800, 0x0b000000)
 Metaspace       used 8610K, capacity 8781K, committed 8832K, reserved 9600K
}
Event: 28.727 GC heap before
{Heap before GC invocations=170 (full 24):
 def new generation   total 4992K, used 4686K [0x05000000, 0x05560000, 0x0a550000)
  eden space 4480K,  99% used [0x05000000, 0x05457520, 0x05460000)
  from space 512K,  47% used [0x054e0000, 0x0551c5c0, 0x05560000)
  to   space 512K,   0% used [0x05460000, 0x05460000, 0x054e0000)
 tenured generation   total 10944K, used 7889K [0x0a550000, 0x0b000000, 0x15000000)
   the space 10944K,  72% used [0x0a550000, 0x0ad04798, 0x0ad04800, 0x0b000000)
 Metaspace       used 8611K, capacity 8781K, committed 8832K, reserved 9600K
Event: 28.729 GC heap after
Heap after GC invocations=171 (full 24):
 def new generation   total 4992K, used 327K [0x05000000, 0x05560000, 0x0a550000)
  eden space 4480K,   0% used [0x05000000, 0x05000000, 0x05460000)
  from space 512K,  63% used [0x05460000, 0x054b1cb0, 0x054e0000)
  to   space 512K,   0% used [0x054e0000, 0x054e0000, 0x05560000)
 tenured generation   total 10944K, used 8189K [0x0a550000, 0x0b000000, 0x15000000)
   the space 10944K,  74% used [0x0a550000, 0x0ad4f7a8, 0x0ad4f800, 0x0b000000)
 Metaspace       used 8611K, capacity 8781K, committed 8832K, reserved 9600K
}

Deoptimization events (0 events):
No events

Classes redefined (0 events):
No events

Internal exceptions (10 events):
Event: 0.327 Thread 0x014ed400 Exception <a 'java/lang/ClassNotFoundException': ToolBar> (0x05310490) thrown at [C:\re\workspace\8-2-build-windows-i586-cygwin\jdk8u171\10807\hotspot\src\share\vm\classfile\systemDictionary.cpp, line 210]
Event: 0.327 Thread 0x014ed400 Exception <a 'java/lang/ClassNotFoundException': ToggleButton> (0x053109d8) thrown at [C:\re\workspace\8-2-build-windows-i586-cygwin\jdk8u171\10807\hotspot\src\share\vm\classfile\systemDictionary.cpp, line 210]
Event: 0.327 Thread 0x014ed400 Exception <a 'java/lang/ClassNotFoundException': javax/swing/JToolBarSeparator> (0x05310de0) thrown at [C:\re\workspace\8-2-build-windows-i586-cygwin\jdk8u171\10807\hotspot\src\share\vm\classfile\systemDictionary.cpp, line 210]
Event: 0.327 Thread 0x014ed400 Exception <a 'java/lang/ClassNotFoundException': ToolBarSeparator> (0x05311238) thrown at [C:\re\workspace\8-2-build-windows-i586-cygwin\jdk8u171\10807\hotspot\src\share\vm\classfile\systemDictionary.cpp, line 210]
Event: 0.327 Thread 0x014ed400 Exception <a 'java/lang/ClassNotFoundException': ToolTip> (0x053118e0) thrown at [C:\re\workspace\8-2-build-windows-i586-cygwin\jdk8u171\10807\hotspot\src\share\vm\classfile\systemDictionary.cpp, line 210]
Event: 0.328 Thread 0x014ed400 Exception <a 'java/lang/ClassNotFoundException': Tree> (0x053123c8) thrown at [C:\re\workspace\8-2-build-windows-i586-cygwin\jdk8u171\10807\hotspot\src\share\vm\classfile\systemDictionary.cpp, line 210]
Event: 0.328 Thread 0x014ed400 Exception <a 'java/lang/ClassNotFoundException': Tree> (0x05312a68) thrown at [C:\re\workspace\8-2-build-windows-i586-cygwin\jdk8u171\10807\hotspot\src\share\vm\classfile\systemDictionary.cpp, line 210]
Event: 0.328 Thread 0x014ed400 Exception <a 'java/lang/ClassNotFoundException': javax/swing/JTreeCell> (0x05312da0) thrown at [C:\re\workspace\8-2-build-windows-i586-cygwin\jdk8u171\10807\hotspot\src\share\vm\classfile\systemDictionary.cpp, line 210]
Event: 0.328 Thread 0x014ed400 Exception <a 'java/lang/ClassNotFoundException': TreeCell> (0x053131e8) thrown at [C:\re\workspace\8-2-build-windows-i586-cygwin\jdk8u171\10807\hotspot\src\share\vm\classfile\systemDictionary.cpp, line 210]
Event: 0.329 Thread 0x014ed400 Exception <a 'java/lang/ClassNotFoundException': RootPane> (0x05313b60) thrown at [C:\re\workspace\8-2-build-windows-i586-cygwin\jdk8u171\10807\hotspot\src\share\vm\classfile\systemDictionary.cpp, line 210]

Events (10 events):
Event: 28.726 Thread 0x15f7b000 Thread exited: 0x15f7b000
Event: 28.727 Executing VM operation: GenCollectForAllocation
Event: 28.729 Executing VM operation: GenCollectForAllocation done
Event: 28.733 loading class java/lang/ProcessBuilder
Event: 28.733 loading class java/lang/ProcessBuilder done
Event: 28.733 loading class java/lang/ProcessImpl
Event: 28.733 loading class java/lang/Process
Event: 28.733 loading class java/lang/Process done
Event: 28.733 loading class java/lang/ProcessImpl done
Event: 28.734 Thread 0x1565ec00 Thread exited: 0x1565ec00


Dynamic libraries:
0x000f0000 - 0x00123000 	C:\Program Files (x86)\Java\jdk1.8.0_171\jre\bin\java.exe
0x76f80000 - 0x77110000 	C:\WINDOWS\SYSTEM32\ntdll.dll
0x73860000 - 0x73940000 	C:\WINDOWS\System32\KERNEL32.DLL
0x757e0000 - 0x759c4000 	C:\WINDOWS\System32\KERNELBASE.dll
0x72720000 - 0x727bd000 	C:\WINDOWS\SYSTEM32\apphelp.dll
0x75ac0000 - 0x75b38000 	C:\WINDOWS\System32\ADVAPI32.dll
0x73d70000 - 0x73e2f000 	C:\WINDOWS\System32\msvcrt.dll
0x76450000 - 0x76494000 	C:\WINDOWS\System32\sechost.dll
0x75da0000 - 0x75e60000 	C:\WINDOWS\System32\RPCRT4.dll
0x73840000 - 0x73860000 	C:\WINDOWS\System32\SspiCli.dll
0x73830000 - 0x7383a000 	C:\WINDOWS\System32\CRYPTBASE.dll
0x764a0000 - 0x764f8000 	C:\WINDOWS\System32\bcryptPrimitives.dll
0x75ed0000 - 0x7605d000 	C:\WINDOWS\System32\USER32.dll
0x73c70000 - 0x73c87000 	C:\WINDOWS\System32\win32u.dll
0x76590000 - 0x765b2000 	C:\WINDOWS\System32\GDI32.dll
0x739b0000 - 0x73b14000 	C:\WINDOWS\System32\gdi32full.dll
0x76c70000 - 0x76ced000 	C:\WINDOWS\System32\msvcp_win.dll
0x76060000 - 0x7617e000 	C:\WINDOWS\System32\ucrtbase.dll
0x72d80000 - 0x72f84000 	C:\WINDOWS\WinSxS\x86_microsoft.windows.common-controls_6595b64144ccf1df_6.0.17134.112_none_42ecccf244e44518\COMCTL32.dll
0x75b40000 - 0x75d9c000 	C:\WINDOWS\System32\combase.dll
0x757b0000 - 0x757d6000 	C:\WINDOWS\System32\IMM32.DLL
0x725d0000 - 0x7268f000 	C:\Program Files (x86)\Java\jdk1.8.0_171\jre\bin\msvcr100.dll
0x721f0000 - 0x725c1000 	C:\Program Files (x86)\Java\jdk1.8.0_171\jre\bin\client\jvm.dll
0x759e0000 - 0x759e6000 	C:\WINDOWS\System32\PSAPI.DLL
0x73740000 - 0x73748000 	C:\WINDOWS\SYSTEM32\WSOCK32.dll
0x721c0000 - 0x721e4000 	C:\WINDOWS\SYSTEM32\WINMM.dll
0x733c0000 - 0x733c8000 	C:\WINDOWS\SYSTEM32\VERSION.dll
0x75e60000 - 0x75ec7000 	C:\WINDOWS\System32\WS2_32.dll
0x72190000 - 0x721b3000 	C:\WINDOWS\SYSTEM32\winmmbase.dll
0x76b90000 - 0x76bc9000 	C:\WINDOWS\System32\cfgmgr32.dll
0x72180000 - 0x7218c000 	C:\Program Files (x86)\Java\jdk1.8.0_171\jre\bin\verify.dll
0x72150000 - 0x72172000 	C:\Program Files (x86)\Java\jdk1.8.0_171\jre\bin\java.dll
0x72130000 - 0x72144000 	C:\Program Files (x86)\Java\jdk1.8.0_171\jre\bin\zip.dll
0x74450000 - 0x7579a000 	C:\WINDOWS\System32\SHELL32.dll
0x73e90000 - 0x73f18000 	C:\WINDOWS\System32\shcore.dll
0x765c0000 - 0x76b7a000 	C:\WINDOWS\System32\windows.storage.dll
0x73f20000 - 0x73f65000 	C:\WINDOWS\System32\shlwapi.dll
0x76b80000 - 0x76b8f000 	C:\WINDOWS\System32\kernel.appcore.dll
0x743a0000 - 0x743b8000 	C:\WINDOWS\System32\profapi.dll
0x73e30000 - 0x73e75000 	C:\WINDOWS\System32\powrprof.dll
0x73e80000 - 0x73e88000 	C:\WINDOWS\System32\FLTLIB.DLL
0x71f70000 - 0x720b5000 	C:\Program Files (x86)\Java\jdk1.8.0_171\jre\bin\awt.dll
0x76bd0000 - 0x76c66000 	C:\WINDOWS\System32\OLEAUT32.dll
0x72cf0000 - 0x72d6c000 	C:\WINDOWS\system32\uxtheme.dll
0x73b20000 - 0x73c64000 	C:\WINDOWS\System32\MSCTF.dll
0x71ea0000 - 0x71ec3000 	C:\WINDOWS\system32\dwmapi.dll
0x76350000 - 0x7644c000 	C:\WINDOWS\System32\ole32.dll
0x71c80000 - 0x71cb9000 	C:\Program Files (x86)\Java\jdk1.8.0_171\jre\bin\fontmanager.dll
0x71d90000 - 0x71e69000 	C:\WINDOWS\system32\opengl32.dll
0x71d50000 - 0x71d8f000 	C:\WINDOWS\SYSTEM32\GLU32.dll
0x72110000 - 0x72125000 	C:\Program Files (x86)\Java\jdk1.8.0_171\jre\bin\net.dll
0x736d0000 - 0x73726000 	C:\WINDOWS\system32\mswsock.dll
0x72100000 - 0x7210f000 	C:\Program Files (x86)\Java\jdk1.8.0_171\jre\bin\nio.dll
0x71660000 - 0x71692000 	C:\Program Files (x86)\Java\jdk1.8.0_171\jre\bin\t2k.dll
0x16f80000 - 0x1a742000 	D:\development\App Java\face\facewithRaspberry\appDesktop\facesdk.dll
0x73610000 - 0x73640000 	C:\WINDOWS\SYSTEM32\IPHLPAPI.DLL
0x71f00000 - 0x71f13000 	C:\WINDOWS\SYSTEM32\CRYPTSP.dll
0x71ed0000 - 0x71eff000 	C:\WINDOWS\system32\rsaenh.dll
0x73590000 - 0x735a9000 	C:\WINDOWS\SYSTEM32\bcrypt.dll
0x73390000 - 0x733b1000 	C:\WINDOWS\SYSTEM32\USERENV.dll
0x73940000 - 0x73947000 	C:\WINDOWS\System32\NSI.dll
0x720e0000 - 0x720f3000 	C:\WINDOWS\SYSTEM32\dhcpcsvc6.DLL
0x720c0000 - 0x720d4000 	C:\WINDOWS\SYSTEM32\dhcpcsvc.DLL
0x1aca0000 - 0x1acf5000 	C:\Users\Alex\AppData\Local\Temp\jna2254625454589252625.dll
0x658d0000 - 0x65a52000 	C:\WINDOWS\SYSTEM32\dbghelp.dll
0x71a70000 - 0x71aee000 	C:\WINDOWS\System32\TextInputFramework.dll
0x71780000 - 0x7180b000 	C:\WINDOWS\System32\CoreMessaging.dll
0x71810000 - 0x71a6d000 	C:\WINDOWS\System32\CoreUIComponents.dll
0x72980000 - 0x729a9000 	C:\WINDOWS\SYSTEM32\ntmarta.dll
0x716a0000 - 0x71776000 	C:\WINDOWS\SYSTEM32\wintypes.dll
0x1b5e0000 - 0x1b5e7000 	C:\Program Files (x86)\Internet Download Manager\idmmkb.dll
0x714b0000 - 0x714d4000 	C:\Program Files (x86)\Java\jdk1.8.0_171\jre\bin\dcpr.dll
0x65a60000 - 0x65a86000 	C:\Program Files (x86)\Java\jdk1.8.0_171\jre\bin\jpeg.dll

VM Arguments:
jvm_args: -Dfile.encoding=UTF-8 
java_command: liverecognition.AppFace
java_class_path (initial): D:\development\App Java\face\facewithRaspberry\appDesktop\FaceSDK.jar;D:\development\App Java\face\facewithRaspberry\appDesktop\jna.jar;D:\development\App Java\face\facewithRaspberry\appDesktop\lib\mail.jar;D:\development\App Java\face\facewithRaspberry\appDesktop\lib\swingx-1.6.1.jar;D:\development\App Java\face\facewithRaspberry\appDesktop\lib\jfoenix-8.0.4.jar;D:\development\App Java\face\facewithRaspberry\appDesktop\lib\twilio-java-sdk-6.3.0.jar;D:\development\App Java\face\facewithRaspberry\appDesktop\lib\Java-WebSocket-1.3.8.jar;D:\development\App Java\face\facewithRaspberry\appDesktop\build\classes
Launcher Type: SUN_STANDARD

Environment Variables:
PATH=C:\Program Files (x86)\Common Files\Oracle\Java\javapath;C:\Python27\;C:\Python27\Scripts;C:\WINDOWS\system32;C:\WINDOWS;C:\WINDOWS\System32\Wbem;C:\WINDOWS\System32\WindowsPowerShell\v1.0\;C:\Program Files\Git\cmd;C:\Program Files\dotnet\;C:\Program Files\Microsoft SQL Server\130\Tools\Binn\;C:\Program Files\Microsoft SQL Server\Client SDK\ODBC\130\Tools\Binn\;C:\Program Files (x86)\Microsoft SQL Server\130\Tools\Binn\;C:\Program Files\Microsoft SQL Server\130\DTS\Binn\;C:\Program Files (x86)\Microsoft SQL Server\Client SDK\ODBC\130\Tools\Binn\;C:\Program Files (x86)\Microsoft SQL Server\140\Tools\Binn\;C:\Program Files (x86)\Microsoft SQL Server\140\DTS\Binn\;C:\Program Files (x86)\Microsoft SQL Server\140\Tools\Binn\ManagementStudio\;C:\xampp\php;C:\ProgramData\ComposerSetup\bin;C:\Program Files\SlikSvn\bin;C:\Program Files\Java\apache-maven-3.5.3\bin;C:\Program Files (x86)\Java\jdk1.8.0_171;C:\Program Files (x86)\Java\jdk1.8.0_171\bin;C:\Program Files (x86)\Java\jdk1.8.0_171\lib;C:\Program Files (x86)\Java\jdk1.8.0_171\jre;C:\Program Files (x86)\Java\jdk1.8.0_171\jre\bin;C:\Program Files (x86)\Java\jdk1.8.0_171\jre\lib;C:\WINDOWS\System32\OpenSSH\;C:\Program Files (x86)\CMake\bin;C:\Program Files\nodejs\;C:\Users\Alex\AppData\Local\Microsoft\WindowsApps;C:\Users\Alex\AppData\Roaming\Composer\vendor\bin;C:\Program Files\Java\apache-maven-3.5.3\bin;;C:\Program Files\Microsoft VS Code\bin;C:\Users\Alex\AppData\Roaming\npm
USERNAME=Alex
OS=Windows_NT
PROCESSOR_IDENTIFIER=Intel64 Family 6 Model 42 Stepping 7, GenuineIntel



---------------  S Y S T E M  ---------------

OS: Windows 10.0 , 64 bit Build 17134 (10.0.17134.1)

CPU:total 4 (initial active 4) (2 cores per cpu, 2 threads per core) family 6 model 42 stepping 7, cmov, cx8, fxsr, mmx, sse, sse2, sse3, ssse3, sse4.1, sse4.2, popcnt, avx, aes, clmul, ht, tsc, tscinvbit

Memory: 4k page, physical 8294284k(2870588k free), swap 12750732k(4632520k free)

vm_info: Java HotSpot(TM) Client VM (25.171-b11) for windows-x86 JRE (1.8.0_171-b11), built on Mar 28 2018 14:51:22 by "java_re" with MS VC++ 10.0 (VS2010)

time: Wed Jun 27 02:50:56 2018
elapsed time: 28 seconds (0d 0h 0m 28s)

