#
# A fatal error has been detected by the Java Runtime Environment:
#
#  EXCEPTION_ACCESS_VIOLATION (0xc0000005) at pc=0x722c7739, pid=11116, tid=0x000033a4
#
# JRE version: Java(TM) SE Runtime Environment (8.0_171-b11) (build 1.8.0_171-b11)
# Java VM: Java HotSpot(TM) Client VM (25.171-b11 mixed mode windows-x86 )
# Problematic frame:
# V  [jvm.dll+0xd7739]
#
# Failed to write core dump. Minidumps are not enabled by default on client versions of Windows
#
# If you would like to submit a bug report, please visit:
#   http://bugreport.java.com/bugreport/crash.jsp
#

---------------  T H R E A D  ---------------

Current thread (0x16385000):  JavaThread "Thread-15431" [_thread_in_vm, id=13220, stack(0x01320000,0x01370000)]

siginfo: ExceptionCode=0xc0000005, reading address 0x00000000

Registers:
EAX=0x00000000, EBX=0x1618e901, ECX=0x00000000, EDX=0x00000000
ESP=0x0136efcc, EBP=0x0136efd8, ESI=0x1618e9a0, EDI=0x16385000
EIP=0x722c7739, EFLAGS=0x00010206

Top of Stack: (sp=0x0136efcc)
0x0136efcc:   0136f080 00000000 1618e9a0 0136f278
0x0136efdc:   1ad54228 16385140 1618e9a0 00000000
0x0136efec:   0136f654 00000000 5cfa4802 00000020
0x0136effc:   1ad541b7 00000173 722067ca 16385000
0x0136f00c:   16389c18 03ffffef 162df89c 00000020
0x0136f01c:   1ad541a3 0136f054 721f7333 16385000
0x0136f02c:   9219bf7c 00000003 16385000 00000000
0x0136f03c:   0136f02c 16385000 0136f99c 724b0faa 

Instructions: (pc=0x722c7739)
0x722c7719:   1a 0a 00 33 ff eb 02 8b f9 6a 06 57 e8 b6 fc f2
0x722c7729:   ff 8b 75 0c 83 c4 08 b3 01 85 f6 74 39 8b 45 10
0x722c7739:   8b 00 50 32 db e8 1d b0 f6 ff 83 c4 04 85 c0 74
0x722c7749:   25 8b 0e 8b 49 04 8b 50 08 39 04 0a 75 04 b0 01 


Register to memory mapping:

EAX=0x00000000 is an unknown value
EBX=0x1618e901 is an unknown value
ECX=0x00000000 is an unknown value
EDX=0x00000000 is an unknown value
ESP=0x0136efcc is pointing into the stack for thread: 0x16385000
EBP=0x0136efd8 is pointing into the stack for thread: 0x16385000
ESI=0x1618e9a0 is an unknown value
EDI=0x16385000 is a thread


Stack: [0x01320000,0x01370000],  sp=0x0136efcc,  free space=315k
Native frames: (J=compiled Java code, j=interpreted, Vv=VM code, C=native code)
V  [jvm.dll+0xd7739]
C  [jna1498153802005341145.dll+0x4228]
C  [jna1498153802005341145.dll+0x4d0e]
J 543  com.sun.jna.Native.invokeInt(JI[Ljava/lang/Object;)I (0 bytes) @ 0x0305c546 [0x0305c4a0+0xa6]
J 556 C1 com.sun.jna.Function.invoke([Ljava/lang/Object;Ljava/lang/Class;Z)Ljava/lang/Object; (1154 bytes) @ 0x03064444 [0x03062870+0x1bd4]
J 391 C1 com.sun.jna.Function.invoke(Ljava/lang/Class;[Ljava/lang/Object;Ljava/util/Map;)Ljava/lang/Object; (526 bytes) @ 0x0300a558 [0x0300a0d0+0x488]
J 542 C1 com.sun.jna.Library$Handler.invoke(Ljava/lang/Object;Ljava/lang/reflect/Method;[Ljava/lang/Object;)Ljava/lang/Object; (345 bytes) @ 0x0305d14c [0x0305c910+0x83c]
j  Luxand.$Proxy0.FSDK_GetImageBufferSize(ILcom/sun/jna/ptr/IntByReference;I)I+30
J 327 C1 Luxand.FSDK.SaveImageToAWTImage(LLuxand/FSDK$HImage;[Ljava/awt/Image;I)I (557 bytes) @ 0x02ff5eec [0x02ff5d90+0x15c]
J 1509 C1 liverecognition.AppFace$12.run()V (751 bytes) @ 0x03094cd0 [0x03094b50+0x180]
v  ~StubRoutines::call_stub
V  [jvm.dll+0x15b985]
V  [jvm.dll+0x22262e]
V  [jvm.dll+0x15ba1e]
V  [jvm.dll+0x15bba6]
V  [jvm.dll+0x15bc17]
V  [jvm.dll+0xffb3f]
V  [jvm.dll+0x17eb50]
V  [jvm.dll+0x17f3ca]
V  [jvm.dll+0x1c3fe6]
C  [msvcr100.dll+0x5c556]
C  [msvcr100.dll+0x5c600]
C  [KERNEL32.DLL+0x18484]
C  [ntdll.dll+0x62fea]
C  [ntdll.dll+0x62fba]
C  0x00000000

Java frames: (J=compiled Java code, j=interpreted, Vv=VM code)
J 543  com.sun.jna.Native.invokeInt(JI[Ljava/lang/Object;)I (0 bytes) @ 0x0305c502 [0x0305c4a0+0x62]
J 556 C1 com.sun.jna.Function.invoke([Ljava/lang/Object;Ljava/lang/Class;Z)Ljava/lang/Object; (1154 bytes) @ 0x03064444 [0x03062870+0x1bd4]
J 391 C1 com.sun.jna.Function.invoke(Ljava/lang/Class;[Ljava/lang/Object;Ljava/util/Map;)Ljava/lang/Object; (526 bytes) @ 0x0300a558 [0x0300a0d0+0x488]
J 542 C1 com.sun.jna.Library$Handler.invoke(Ljava/lang/Object;Ljava/lang/reflect/Method;[Ljava/lang/Object;)Ljava/lang/Object; (345 bytes) @ 0x0305d14c [0x0305c910+0x83c]
j  Luxand.$Proxy0.FSDK_GetImageBufferSize(ILcom/sun/jna/ptr/IntByReference;I)I+30
J 327 C1 Luxand.FSDK.SaveImageToAWTImage(LLuxand/FSDK$HImage;[Ljava/awt/Image;I)I (557 bytes) @ 0x02ff5eec [0x02ff5d90+0x15c]
J 1509 C1 liverecognition.AppFace$12.run()V (751 bytes) @ 0x03094cd0 [0x03094b50+0x180]
v  ~StubRoutines::call_stub

---------------  P R O C E S S  ---------------

Java Threads: ( => current thread )
  0x16383c00 JavaThread "Thread-0" daemon [_thread_in_native, id=10268, stack(0x1f760000,0x1f7b0000)]
=>0x16385000 JavaThread "Thread-15431" [_thread_in_vm, id=13220, stack(0x01320000,0x01370000)]
  0x16383800 JavaThread "TimerQueue" daemon [_thread_blocked, id=7616, stack(0x21c00000,0x21c50000)]
  0x16326000 JavaThread "WebSocketTimer" [_thread_blocked, id=13092, stack(0x202a0000,0x202f0000)]
  0x16319400 JavaThread "WebSocketWriteThread-19" [_thread_blocked, id=11124, stack(0x1f910000,0x1f960000)]
  0x162f2400 JavaThread "WebSocketConnectReadThread-18" [_thread_in_native, id=1752, stack(0x1f640000,0x1f690000)]
  0x162e2000 JavaThread "Thread-3" [_thread_in_native, id=11436, stack(0x1f5b0000,0x1f600000)]
  0x02d6d400 JavaThread "DestroyJavaVM" [_thread_blocked, id=12276, stack(0x02d10000,0x02d60000)]
  0x16100800 JavaThread "AWT-EventQueue-0" [_thread_blocked, id=6924, stack(0x16050000,0x160a0000)]
  0x156bc800 JavaThread "AWT-Windows" daemon [_thread_in_native, id=5268, stack(0x15ed0000,0x15f20000)]
  0x156bc000 JavaThread "AWT-Shutdown" [_thread_blocked, id=13140, stack(0x15e40000,0x15e90000)]
  0x156bb400 JavaThread "Java2D Disposer" daemon [_thread_blocked, id=6672, stack(0x15db0000,0x15e00000)]
  0x154f8800 JavaThread "Service Thread" daemon [_thread_blocked, id=11648, stack(0x15b80000,0x15bd0000)]
  0x154f2400 JavaThread "C1 CompilerThread0" daemon [_thread_blocked, id=1796, stack(0x15af0000,0x15b40000)]
  0x154f1800 JavaThread "Attach Listener" daemon [_thread_blocked, id=10532, stack(0x15a60000,0x15ab0000)]
  0x154ed800 JavaThread "Signal Dispatcher" daemon [_thread_blocked, id=7288, stack(0x159d0000,0x15a20000)]
  0x154dac00 JavaThread "Finalizer" daemon [_thread_blocked, id=1004, stack(0x15820000,0x15870000)]
  0x154c6000 JavaThread "Reference Handler" daemon [_thread_blocked, id=12704, stack(0x15790000,0x157e0000)]

Other Threads:
  0x154c0400 VMThread [stack: 0x15700000,0x15750000] [id=8464]
  0x154fbc00 WatcherThread [stack: 0x15c10000,0x15c60000] [id=1060]

VM state:not at safepoint (normal execution)

VM Mutex/Monitor currently owned by a thread: None

Heap:
 def new generation   total 8000K, used 1402K [0x05000000, 0x058a0000, 0x0a550000)
  eden space 7168K,  14% used [0x05000000, 0x0510a4d0, 0x05700000)
  from space 832K,  40% used [0x057d0000, 0x05824490, 0x058a0000)
  to   space 832K,   0% used [0x05700000, 0x05700000, 0x057d0000)
 tenured generation   total 17480K, used 15464K [0x0a550000, 0x0b662000, 0x15000000)
   the space 17480K,  88% used [0x0a550000, 0x0b46a0f0, 0x0b46a200, 0x0b662000)
 Metaspace       used 12187K, capacity 12390K, committed 12544K, reserved 12672K

Card table byte_map: [0x04f50000,0x04fe0000] byte_map_base: 0x04f28000

Polling page: 0x02d70000

CodeCache: size=32768Kb used=2036Kb max_used=2566Kb free=30731Kb
 bounds [0x02ed0000, 0x03170000, 0x04ed0000]
 total_blobs=954 nmethods=695 adapters=189
 compilation: enabled

Compilation events (10 events):
Event: 639.150 Thread 0x154f2400 3546   !         java.awt.Container::getMouseEventTargetImpl (255 bytes)
Event: 639.151 Thread 0x154f2400 nmethod 3546 0x030e1608 code [0x030e17b0, 0x030e1e74]
Event: 639.180 Thread 0x154f2400 3547             java.awt.Toolkit$SelectiveAWTEventListener::eventDispatched (745 bytes)
Event: 639.181 Thread 0x154f2400 nmethod 3547 0x02fabd88 code [0x02fabec0, 0x02fac74c]
Event: 639.721 Thread 0x154f2400 3548             java.awt.AWTEvent::getID (5 bytes)
Event: 639.722 Thread 0x154f2400 nmethod 3548 0x02fe14c8 code [0x02fe15c0, 0x02fe1640]
Event: 639.841 Thread 0x154f2400 3549             java.util.concurrent.locks.AbstractQueuedSynchronizer::setState (6 bytes)
Event: 639.842 Thread 0x154f2400 nmethod 3549 0x0305ebc8 code [0x0305ecc0, 0x0305ed40]
Event: 639.927 Thread 0x154f2400 3550             java.util.concurrent.locks.ReentrantLock$Sync::tryRelease (45 bytes)
Event: 639.928 Thread 0x154f2400 nmethod 3550 0x03043448 code [0x03043550, 0x0304368c]

GC Heap History (10 events):
Event: 639.100 GC heap before
{Heap before GC invocations=3231 (full 32):
 def new generation   total 8000K, used 7266K [0x05000000, 0x058a0000, 0x0a550000)
  eden space 7168K,  96% used [0x05000000, 0x056c2b98, 0x05700000)
  from space 832K,  41% used [0x05700000, 0x05755d98, 0x057d0000)
  to   space 832K,   0% used [0x057d0000, 0x057d0000, 0x058a0000)
 tenured generation   total 17480K, used 15453K [0x0a550000, 0x0b662000, 0x15000000)
   the space 17480K,  88% used [0x0a550000, 0x0b467530, 0x0b467600, 0x0b662000)
 Metaspace       used 12163K, capacity 12358K, committed 12544K, reserved 12672K
Event: 639.101 GC heap after
Heap after GC invocations=3232 (full 32):
 def new generation   total 8000K, used 394K [0x05000000, 0x058a0000, 0x0a550000)
  eden space 7168K,   0% used [0x05000000, 0x05000000, 0x05700000)
  from space 832K,  47% used [0x057d0000, 0x05832b08, 0x058a0000)
  to   space 832K,   0% used [0x05700000, 0x05700000, 0x057d0000)
 tenured generation   total 17480K, used 15453K [0x0a550000, 0x0b662000, 0x15000000)
   the space 17480K,  88% used [0x0a550000, 0x0b467530, 0x0b467600, 0x0b662000)
 Metaspace       used 12163K, capacity 12358K, committed 12544K, reserved 12672K
}
Event: 639.449 GC heap before
{Heap before GC invocations=3232 (full 32):
 def new generation   total 8000K, used 7562K [0x05000000, 0x058a0000, 0x0a550000)
  eden space 7168K, 100% used [0x05000000, 0x05700000, 0x05700000)
  from space 832K,  47% used [0x057d0000, 0x05832b08, 0x058a0000)
  to   space 832K,   0% used [0x05700000, 0x05700000, 0x057d0000)
 tenured generation   total 17480K, used 15453K [0x0a550000, 0x0b662000, 0x15000000)
   the space 17480K,  88% used [0x0a550000, 0x0b467530, 0x0b467600, 0x0b662000)
 Metaspace       used 12163K, capacity 12358K, committed 12544K, reserved 12672K
Event: 639.451 GC heap after
Heap after GC invocations=3233 (full 32):
 def new generation   total 8000K, used 570K [0x05000000, 0x058a0000, 0x0a550000)
  eden space 7168K,   0% used [0x05000000, 0x05000000, 0x05700000)
  from space 832K,  68% used [0x05700000, 0x0578eba8, 0x057d0000)
  to   space 832K,   0% used [0x057d0000, 0x057d0000, 0x058a0000)
 tenured generation   total 17480K, used 15453K [0x0a550000, 0x0b662000, 0x15000000)
   the space 17480K,  88% used [0x0a550000, 0x0b467530, 0x0b467600, 0x0b662000)
 Metaspace       used 12163K, capacity 12358K, committed 12544K, reserved 12672K
}
Event: 639.697 GC heap before
{Heap before GC invocations=3233 (full 32):
 def new generation   total 8000K, used 7712K [0x05000000, 0x058a0000, 0x0a550000)
  eden space 7168K,  99% used [0x05000000, 0x056f94f0, 0x05700000)
  from space 832K,  68% used [0x05700000, 0x0578eba8, 0x057d0000)
  to   space 832K,   0% used [0x057d0000, 0x057d0000, 0x058a0000)
 tenured generation   total 17480K, used 15453K [0x0a550000, 0x0b662000, 0x15000000)
   the space 17480K,  88% used [0x0a550000, 0x0b467530, 0x0b467600, 0x0b662000)
 Metaspace       used 12163K, capacity 12358K, committed 12544K, reserved 12672K
Event: 639.698 GC heap after
Heap after GC invocations=3234 (full 32):
 def new generation   total 8000K, used 23K [0x05000000, 0x058a0000, 0x0a550000)
  eden space 7168K,   0% used [0x05000000, 0x05000000, 0x05700000)
  from space 832K,   2% used [0x057d0000, 0x057d5ee0, 0x058a0000)
  to   space 832K,   0% used [0x05700000, 0x05700000, 0x057d0000)
 tenured generation   total 17480K, used 15464K [0x0a550000, 0x0b662000, 0x15000000)
   the space 17480K,  88% used [0x0a550000, 0x0b46a0f0, 0x0b46a200, 0x0b662000)
 Metaspace       used 12163K, capacity 12358K, committed 12544K, reserved 12672K
}
Event: 639.931 GC heap before
{Heap before GC invocations=3234 (full 32):
 def new generation   total 8000K, used 7132K [0x05000000, 0x058a0000, 0x0a550000)
  eden space 7168K,  99% used [0x05000000, 0x056f1438, 0x05700000)
  from space 832K,   2% used [0x057d0000, 0x057d5ee0, 0x058a0000)
  to   space 832K,   0% used [0x05700000, 0x05700000, 0x057d0000)
 tenured generation   total 17480K, used 15464K [0x0a550000, 0x0b662000, 0x15000000)
   the space 17480K,  88% used [0x0a550000, 0x0b46a0f0, 0x0b46a200, 0x0b662000)
 Metaspace       used 12163K, capacity 12358K, committed 12544K, reserved 12672K
Event: 639.931 GC heap after
Heap after GC invocations=3235 (full 32):
 def new generation   total 8000K, used 333K [0x05000000, 0x058a0000, 0x0a550000)
  eden space 7168K,   0% used [0x05000000, 0x05000000, 0x05700000)
  from space 832K,  40% used [0x05700000, 0x05753778, 0x057d0000)
  to   space 832K,   0% used [0x057d0000, 0x057d0000, 0x058a0000)
 tenured generation   total 17480K, used 15464K [0x0a550000, 0x0b662000, 0x15000000)
   the space 17480K,  88% used [0x0a550000, 0x0b46a0f0, 0x0b46a200, 0x0b662000)
 Metaspace       used 12163K, capacity 12358K, committed 12544K, reserved 12672K
}
Event: 640.209 GC heap before
{Heap before GC invocations=3235 (full 32):
 def new generation   total 8000K, used 7449K [0x05000000, 0x058a0000, 0x0a550000)
  eden space 7168K,  99% used [0x05000000, 0x056f2ff0, 0x05700000)
  from space 832K,  40% used [0x05700000, 0x05753778, 0x057d0000)
  to   space 832K,   0% used [0x057d0000, 0x057d0000, 0x058a0000)
 tenured generation   total 17480K, used 15464K [0x0a550000, 0x0b662000, 0x15000000)
   the space 17480K,  88% used [0x0a550000, 0x0b46a0f0, 0x0b46a200, 0x0b662000)
 Metaspace       used 12163K, capacity 12358K, committed 12544K, reserved 12672K
Event: 640.211 GC heap after
Heap after GC invocations=3236 (full 32):
 def new generation   total 8000K, used 337K [0x05000000, 0x058a0000, 0x0a550000)
  eden space 7168K,   0% used [0x05000000, 0x05000000, 0x05700000)
  from space 832K,  40% used [0x057d0000, 0x05824490, 0x058a0000)
  to   space 832K,   0% used [0x05700000, 0x05700000, 0x057d0000)
 tenured generation   total 17480K, used 15464K [0x0a550000, 0x0b662000, 0x15000000)
   the space 17480K,  88% used [0x0a550000, 0x0b46a0f0, 0x0b46a200, 0x0b662000)
 Metaspace       used 12163K, capacity 12358K, committed 12544K, reserved 12672K
}

Deoptimization events (0 events):
No events

Classes redefined (0 events):
No events

Internal exceptions (10 events):
Event: 0.417 Thread 0x02d6d400 Exception <a 'java/lang/ClassNotFoundException': Tree> (0x053129f0) thrown at [C:\re\workspace\8-2-build-windows-i586-cygwin\jdk8u171\10807\hotspot\src\share\vm\classfile\systemDictionary.cpp, line 210]
Event: 0.417 Thread 0x02d6d400 Exception <a 'java/lang/ClassNotFoundException': javax/swing/JTreeCell> (0x05312d28) thrown at [C:\re\workspace\8-2-build-windows-i586-cygwin\jdk8u171\10807\hotspot\src\share\vm\classfile\systemDictionary.cpp, line 210]
Event: 0.417 Thread 0x02d6d400 Exception <a 'java/lang/ClassNotFoundException': TreeCell> (0x05313170) thrown at [C:\re\workspace\8-2-build-windows-i586-cygwin\jdk8u171\10807\hotspot\src\share\vm\classfile\systemDictionary.cpp, line 210]
Event: 0.417 Thread 0x02d6d400 Exception <a 'java/lang/ClassNotFoundException': RootPane> (0x05313ae8) thrown at [C:\re\workspace\8-2-build-windows-i586-cygwin\jdk8u171\10807\hotspot\src\share\vm\classfile\systemDictionary.cpp, line 210]
Event: 82.621 Thread 0x16383c00 Exception <a 'java/io/FileNotFoundException'> (0x0519ee78) thrown at [C:\re\workspace\8-2-build-windows-i586-cygwin\jdk8u171\10807\hotspot\src\share\vm\prims\jni.cpp, line 709]
Event: 82.629 Thread 0x16383c00 Exception <a 'java/io/FileNotFoundException'> (0x051c0c68) thrown at [C:\re\workspace\8-2-build-windows-i586-cygwin\jdk8u171\10807\hotspot\src\share\vm\prims\jni.cpp, line 709]
Event: 102.381 Thread 0x16383c00 Exception <a 'java/io/FileNotFoundException'> (0x050e3530) thrown at [C:\re\workspace\8-2-build-windows-i586-cygwin\jdk8u171\10807\hotspot\src\share\vm\prims\jni.cpp, line 709]
Event: 102.381 Thread 0x16383c00 Exception <a 'java/io/FileNotFoundException'> (0x050e3fb8) thrown at [C:\re\workspace\8-2-build-windows-i586-cygwin\jdk8u171\10807\hotspot\src\share\vm\prims\jni.cpp, line 709]
Event: 102.394 Thread 0x16383c00 Exception <a 'java/io/FileNotFoundException'> (0x05113698) thrown at [C:\re\workspace\8-2-build-windows-i586-cygwin\jdk8u171\10807\hotspot\src\share\vm\prims\jni.cpp, line 709]
Event: 102.394 Thread 0x16383c00 Exception <a 'java/io/FileNotFoundException'> (0x05114108) thrown at [C:\re\workspace\8-2-build-windows-i586-cygwin\jdk8u171\10807\hotspot\src\share\vm\prims\jni.cpp, line 709]

Events (10 events):
Event: 640.372 loading class java/util/WeakHashMap$HashIterator done
Event: 640.372 loading class java/util/WeakHashMap$KeyIterator done
Event: 640.372 Executing VM operation: RevokeBias
Event: 640.372 Executing VM operation: RevokeBias done
Event: 640.374 loading class java/lang/ProcessBuilder
Event: 640.375 loading class java/lang/ProcessBuilder done
Event: 640.375 loading class java/lang/ProcessImpl
Event: 640.376 loading class java/lang/Process
Event: 640.381 loading class java/lang/Process done
Event: 640.381 loading class java/lang/ProcessImpl done


Dynamic libraries:
0x000f0000 - 0x00123000 	C:\Program Files (x86)\Java\jdk1.8.0_171\jre\bin\java.exe
0x76f80000 - 0x77110000 	C:\WINDOWS\SYSTEM32\ntdll.dll
0x73860000 - 0x73940000 	C:\WINDOWS\System32\KERNEL32.DLL
0x757e0000 - 0x759c4000 	C:\WINDOWS\System32\KERNELBASE.dll
0x72720000 - 0x727bd000 	C:\WINDOWS\SYSTEM32\apphelp.dll
0x75ac0000 - 0x75b38000 	C:\WINDOWS\System32\ADVAPI32.dll
0x73d70000 - 0x73e2f000 	C:\WINDOWS\System32\msvcrt.dll
0x76450000 - 0x76494000 	C:\WINDOWS\System32\sechost.dll
0x75da0000 - 0x75e60000 	C:\WINDOWS\System32\RPCRT4.dll
0x73840000 - 0x73860000 	C:\WINDOWS\System32\SspiCli.dll
0x73830000 - 0x7383a000 	C:\WINDOWS\System32\CRYPTBASE.dll
0x764a0000 - 0x764f8000 	C:\WINDOWS\System32\bcryptPrimitives.dll
0x75ed0000 - 0x7605d000 	C:\WINDOWS\System32\USER32.dll
0x73c70000 - 0x73c87000 	C:\WINDOWS\System32\win32u.dll
0x76590000 - 0x765b2000 	C:\WINDOWS\System32\GDI32.dll
0x739b0000 - 0x73b14000 	C:\WINDOWS\System32\gdi32full.dll
0x76c70000 - 0x76ced000 	C:\WINDOWS\System32\msvcp_win.dll
0x76060000 - 0x7617e000 	C:\WINDOWS\System32\ucrtbase.dll
0x72d80000 - 0x72f84000 	C:\WINDOWS\WinSxS\x86_microsoft.windows.common-controls_6595b64144ccf1df_6.0.17134.112_none_42ecccf244e44518\COMCTL32.dll
0x75b40000 - 0x75d9c000 	C:\WINDOWS\System32\combase.dll
0x757b0000 - 0x757d6000 	C:\WINDOWS\System32\IMM32.DLL
0x725d0000 - 0x7268f000 	C:\Program Files (x86)\Java\jdk1.8.0_171\jre\bin\msvcr100.dll
0x721f0000 - 0x725c1000 	C:\Program Files (x86)\Java\jdk1.8.0_171\jre\bin\client\jvm.dll
0x759e0000 - 0x759e6000 	C:\WINDOWS\System32\PSAPI.DLL
0x721c0000 - 0x721e4000 	C:\WINDOWS\SYSTEM32\WINMM.dll
0x733c0000 - 0x733c8000 	C:\WINDOWS\SYSTEM32\VERSION.dll
0x73740000 - 0x73748000 	C:\WINDOWS\SYSTEM32\WSOCK32.dll
0x75e60000 - 0x75ec7000 	C:\WINDOWS\System32\WS2_32.dll
0x72190000 - 0x721b3000 	C:\WINDOWS\SYSTEM32\WINMMBASE.dll
0x76b90000 - 0x76bc9000 	C:\WINDOWS\System32\cfgmgr32.dll
0x72180000 - 0x7218c000 	C:\Program Files (x86)\Java\jdk1.8.0_171\jre\bin\verify.dll
0x72150000 - 0x72172000 	C:\Program Files (x86)\Java\jdk1.8.0_171\jre\bin\java.dll
0x72130000 - 0x72144000 	C:\Program Files (x86)\Java\jdk1.8.0_171\jre\bin\zip.dll
0x74450000 - 0x7579a000 	C:\WINDOWS\System32\SHELL32.dll
0x73e90000 - 0x73f18000 	C:\WINDOWS\System32\shcore.dll
0x765c0000 - 0x76b7a000 	C:\WINDOWS\System32\windows.storage.dll
0x73f20000 - 0x73f65000 	C:\WINDOWS\System32\shlwapi.dll
0x76b80000 - 0x76b8f000 	C:\WINDOWS\System32\kernel.appcore.dll
0x743a0000 - 0x743b8000 	C:\WINDOWS\System32\profapi.dll
0x73e30000 - 0x73e75000 	C:\WINDOWS\System32\powrprof.dll
0x73e80000 - 0x73e88000 	C:\WINDOWS\System32\FLTLIB.DLL
0x71f70000 - 0x720b5000 	C:\Program Files (x86)\Java\jdk1.8.0_171\jre\bin\awt.dll
0x76bd0000 - 0x76c66000 	C:\WINDOWS\System32\OLEAUT32.dll
0x72cf0000 - 0x72d6c000 	C:\WINDOWS\system32\uxtheme.dll
0x73b20000 - 0x73c64000 	C:\WINDOWS\System32\MSCTF.dll
0x71ea0000 - 0x71ec3000 	C:\WINDOWS\system32\dwmapi.dll
0x76350000 - 0x7644c000 	C:\WINDOWS\System32\ole32.dll
0x71c80000 - 0x71cb9000 	C:\Program Files (x86)\Java\jdk1.8.0_171\jre\bin\fontmanager.dll
0x71d90000 - 0x71e69000 	C:\WINDOWS\system32\opengl32.dll
0x71d50000 - 0x71d8f000 	C:\WINDOWS\SYSTEM32\GLU32.dll
0x72110000 - 0x72125000 	C:\Program Files (x86)\Java\jdk1.8.0_171\jre\bin\net.dll
0x736d0000 - 0x73726000 	C:\WINDOWS\system32\mswsock.dll
0x72100000 - 0x7210f000 	C:\Program Files (x86)\Java\jdk1.8.0_171\jre\bin\nio.dll
0x71660000 - 0x71692000 	C:\Program Files (x86)\Java\jdk1.8.0_171\jre\bin\t2k.dll
0x17040000 - 0x1a802000 	D:\development\App Java\face\facewithRaspberry\appDesktop\facesdk.dll
0x73610000 - 0x73640000 	C:\WINDOWS\SYSTEM32\IPHLPAPI.DLL
0x71f00000 - 0x71f13000 	C:\WINDOWS\SYSTEM32\CRYPTSP.dll
0x71ed0000 - 0x71eff000 	C:\WINDOWS\system32\rsaenh.dll
0x73590000 - 0x735a9000 	C:\WINDOWS\SYSTEM32\bcrypt.dll
0x73390000 - 0x733b1000 	C:\WINDOWS\SYSTEM32\USERENV.dll
0x73940000 - 0x73947000 	C:\WINDOWS\System32\NSI.dll
0x720e0000 - 0x720f3000 	C:\WINDOWS\SYSTEM32\dhcpcsvc6.DLL
0x720c0000 - 0x720d4000 	C:\WINDOWS\SYSTEM32\dhcpcsvc.DLL
0x1ad50000 - 0x1ada5000 	C:\Users\Alex\AppData\Local\Temp\jna1498153802005341145.dll
0x73200000 - 0x73382000 	C:\WINDOWS\SYSTEM32\dbghelp.dll
0x71a70000 - 0x71aee000 	C:\WINDOWS\System32\TextInputFramework.dll
0x71810000 - 0x71a6d000 	C:\WINDOWS\System32\CoreUIComponents.dll
0x71780000 - 0x7180b000 	C:\WINDOWS\System32\CoreMessaging.dll
0x72980000 - 0x729a9000 	C:\WINDOWS\SYSTEM32\ntmarta.dll
0x716a0000 - 0x71776000 	C:\WINDOWS\SYSTEM32\wintypes.dll
0x1b690000 - 0x1b697000 	C:\Program Files (x86)\Internet Download Manager\idmmkb.dll
0x714b0000 - 0x714d4000 	C:\Program Files (x86)\Java\jdk1.8.0_171\jre\bin\dcpr.dll
0x727e0000 - 0x72806000 	C:\Program Files (x86)\Java\jdk1.8.0_171\jre\bin\jpeg.dll
0x73640000 - 0x736ce000 	C:\WINDOWS\SYSTEM32\DNSAPI.dll
0x73600000 - 0x73608000 	C:\Windows\System32\rasadhlp.dll
0x735b0000 - 0x735ff000 	C:\WINDOWS\System32\fwpuclnt.dll
0x71d30000 - 0x71d41000 	C:\WINDOWS\system32\napinsp.dll
0x71d10000 - 0x71d26000 	C:\WINDOWS\system32\pnrpnsp.dll
0x71cf0000 - 0x71d03000 	C:\WINDOWS\system32\NLAapi.dll
0x71ce0000 - 0x71cec000 	C:\WINDOWS\System32\winrnr.dll
0x71cc0000 - 0x71cd1000 	C:\WINDOWS\System32\wshbth.dll
0x70ec0000 - 0x70ee0000 	C:\Program Files (x86)\Java\jdk1.8.0_171\jre\bin\sunec.dll
0x71f20000 - 0x71f29000 	C:\Program Files (x86)\Java\jdk1.8.0_171\jre\bin\sunmscapi.dll
0x76cf0000 - 0x76e86000 	C:\WINDOWS\System32\CRYPT32.dll
0x759d0000 - 0x759de000 	C:\WINDOWS\System32\MSASN1.dll
0x743c0000 - 0x74443000 	C:\WINDOWS\System32\clbcatq.dll
0x714e0000 - 0x71651000 	C:\WINDOWS\SYSTEM32\WindowsCodecs.dll

VM Arguments:
jvm_args: -Dfile.encoding=UTF-8 
java_command: liverecognition.AppFace
java_class_path (initial): D:\development\App Java\face\facewithRaspberry\appDesktop\FaceSDK.jar;D:\development\App Java\face\facewithRaspberry\appDesktop\jna.jar;D:\development\App Java\face\facewithRaspberry\appDesktop\lib\mail.jar;D:\development\App Java\face\facewithRaspberry\appDesktop\lib\swingx-1.6.1.jar;D:\development\App Java\face\facewithRaspberry\appDesktop\lib\jfoenix-8.0.4.jar;D:\development\App Java\face\facewithRaspberry\appDesktop\lib\twilio-java-sdk-6.3.0.jar;D:\development\App Java\face\facewithRaspberry\appDesktop\lib\Java-WebSocket-1.3.8.jar;D:\development\App Java\face\facewithRaspberry\appDesktop\build\classes
Launcher Type: SUN_STANDARD

Environment Variables:
PATH=C:\Program Files (x86)\Common Files\Oracle\Java\javapath;C:\Python27\;C:\Python27\Scripts;C:\WINDOWS\system32;C:\WINDOWS;C:\WINDOWS\System32\Wbem;C:\WINDOWS\System32\WindowsPowerShell\v1.0\;C:\Program Files\Git\cmd;C:\Program Files\dotnet\;C:\Program Files\Microsoft SQL Server\130\Tools\Binn\;C:\Program Files\Microsoft SQL Server\Client SDK\ODBC\130\Tools\Binn\;C:\Program Files (x86)\Microsoft SQL Server\130\Tools\Binn\;C:\Program Files\Microsoft SQL Server\130\DTS\Binn\;C:\Program Files (x86)\Microsoft SQL Server\Client SDK\ODBC\130\Tools\Binn\;C:\Program Files (x86)\Microsoft SQL Server\140\Tools\Binn\;C:\Program Files (x86)\Microsoft SQL Server\140\DTS\Binn\;C:\Program Files (x86)\Microsoft SQL Server\140\Tools\Binn\ManagementStudio\;C:\xampp\php;C:\ProgramData\ComposerSetup\bin;C:\Program Files\SlikSvn\bin;C:\Program Files\Java\apache-maven-3.5.3\bin;C:\Program Files (x86)\Java\jdk1.8.0_171;C:\Program Files (x86)\Java\jdk1.8.0_171\bin;C:\Program Files (x86)\Java\jdk1.8.0_171\lib;C:\Program Files (x86)\Java\jdk1.8.0_171\jre;C:\Program Files (x86)\Java\jdk1.8.0_171\jre\bin;C:\Program Files (x86)\Java\jdk1.8.0_171\jre\lib;C:\WINDOWS\System32\OpenSSH\;C:\Program Files (x86)\CMake\bin;C:\Program Files\nodejs\;C:\Users\Alex\AppData\Local\Microsoft\WindowsApps;C:\Users\Alex\AppData\Roaming\Composer\vendor\bin;C:\Program Files\Java\apache-maven-3.5.3\bin;;C:\Program Files\Microsoft VS Code\bin;C:\Users\Alex\AppData\Roaming\npm
USERNAME=Alex
OS=Windows_NT
PROCESSOR_IDENTIFIER=Intel64 Family 6 Model 42 Stepping 7, GenuineIntel



---------------  S Y S T E M  ---------------

OS: Windows 10.0 , 64 bit Build 17134 (10.0.17134.1)

CPU:total 4 (initial active 4) (2 cores per cpu, 2 threads per core) family 6 model 42 stepping 7, cmov, cx8, fxsr, mmx, sse, sse2, sse3, ssse3, sse4.1, sse4.2, popcnt, avx, aes, clmul, ht, tsc, tscinvbit

Memory: 4k page, physical 8294284k(2471048k free), swap 12750732k(4825816k free)

vm_info: Java HotSpot(TM) Client VM (25.171-b11) for windows-x86 JRE (1.8.0_171-b11), built on Mar 28 2018 14:51:22 by "java_re" with MS VC++ 10.0 (VS2010)

time: Wed Jun 27 00:19:05 2018
elapsed time: 640 seconds (0d 0h 10m 40s)

