#
# A fatal error has been detected by the Java Runtime Environment:
#
#  EXCEPTION_ACCESS_VIOLATION (0xc0000005) at pc=0x59007739, pid=13752, tid=0x00003770
#
# JRE version: Java(TM) SE Runtime Environment (8.0_171-b11) (build 1.8.0_171-b11)
# Java VM: Java HotSpot(TM) Client VM (25.171-b11 mixed mode windows-x86 )
# Problematic frame:
# V  [jvm.dll+0xd7739]
#
# Failed to write core dump. Minidumps are not enabled by default on client versions of Windows
#
# If you would like to submit a bug report, please visit:
#   http://bugreport.java.com/bugreport/crash.jsp
#

---------------  T H R E A D  ---------------

Current thread (0x16903400):  JavaThread "Thread-6443" [_thread_in_vm, id=14192, stack(0x01000000,0x01050000)]

siginfo: ExceptionCode=0xc0000005, reading address 0x00000000

Registers:
EAX=0x00000000, EBX=0x1553ff01, ECX=0x00000000, EDX=0x00000000
ESP=0x0104ecfc, EBP=0x0104ed08, ESI=0x1553ff58, EDI=0x16903400
EIP=0x59007739, EFLAGS=0x00010202

Top of Stack: (sp=0x0104ecfc)
0x0104ecfc:   0104edf0 00000000 1553ff58 0104eff8
0x0104ed0c:   1ab94228 16903540 1553ff58 00000000
0x0104ed1c:   0104ed34 58ffd468 00000001 00000001
0x0104ed2c:   58fad1d8 0104f118 0104ed48 00000030
0x0104ed3c:   1ab941b7 16903400 0104f118 0104ed5c
0x0104ed4c:   0104ed5c 0104f118 5907fc89 14f0f470
0x0104ed5c:   0104ed74 590801c2 14f0f470 00000030
0x0104ed6c:   1ab941a3 14f0f470 0104ed8c 58fb2ea1 

Instructions: (pc=0x59007739)
0x59007719:   1a 0a 00 33 ff eb 02 8b f9 6a 06 57 e8 b6 fc f2
0x59007729:   ff 8b 75 0c 83 c4 08 b3 01 85 f6 74 39 8b 45 10
0x59007739:   8b 00 50 32 db e8 1d b0 f6 ff 83 c4 04 85 c0 74
0x59007749:   25 8b 0e 8b 49 04 8b 50 08 39 04 0a 75 04 b0 01 


Register to memory mapping:

EAX=0x00000000 is an unknown value
EBX=0x1553ff01 is an unknown value
ECX=0x00000000 is an unknown value
EDX=0x00000000 is an unknown value
ESP=0x0104ecfc is pointing into the stack for thread: 0x16903400
EBP=0x0104ed08 is pointing into the stack for thread: 0x16903400
ESI=0x1553ff58 is an unknown value
EDI=0x16903400 is a thread


Stack: [0x01000000,0x01050000],  sp=0x0104ecfc,  free space=315k
Native frames: (J=compiled Java code, j=interpreted, Vv=VM code, C=native code)
V  [jvm.dll+0xd7739]
C  [jna5261190641650619939.dll+0x4228]
C  [jna5261190641650619939.dll+0x4d0e]
J 747  com.sun.jna.Native.invokeInt(JI[Ljava/lang/Object;)I (0 bytes) @ 0x02ebc046 [0x02ebbfa0+0xa6]
J 1206 C1 com.sun.jna.Function.invoke([Ljava/lang/Object;Ljava/lang/Class;Z)Ljava/lang/Object; (1154 bytes) @ 0x02f4f744 [0x02f4db70+0x1bd4]
J 354 C1 com.sun.jna.Function.invoke(Ljava/lang/Class;[Ljava/lang/Object;Ljava/util/Map;)Ljava/lang/Object; (526 bytes) @ 0x02e2ab98 [0x02e2a710+0x488]
J 1190 C1 com.sun.jna.Library$Handler.invoke(Ljava/lang/Object;Ljava/lang/reflect/Method;[Ljava/lang/Object;)Ljava/lang/Object; (345 bytes) @ 0x02e39d0c [0x02e394d0+0x83c]
j  Luxand.$Proxy0.FSDK_LoadImageFromBuffer(Lcom/sun/jna/ptr/IntByReference;[BIIII)I+52
J 293 C1 Luxand.FSDK.LoadImageFromAWTImage(LLuxand/FSDK$HImage;Ljava/awt/Image;I)I (456 bytes) @ 0x02e19b4c [0x02e19200+0x94c]
j  liverecognition.AppFace$12.run()V+28
v  ~StubRoutines::call_stub
V  [jvm.dll+0x15b985]
V  [jvm.dll+0x22262e]
V  [jvm.dll+0x15ba1e]
V  [jvm.dll+0x15bba6]
V  [jvm.dll+0x15bc17]
V  [jvm.dll+0xffb3f]
V  [jvm.dll+0x17eb50]
V  [jvm.dll+0x17f3ca]
V  [jvm.dll+0x1c3fe6]
C  [msvcr100.dll+0x5c556]
C  [msvcr100.dll+0x5c600]
C  [KERNEL32.DLL+0x18484]
C  [ntdll.dll+0x62fea]
C  [ntdll.dll+0x62fba]
C  0x00000000

Java frames: (J=compiled Java code, j=interpreted, Vv=VM code)
J 747  com.sun.jna.Native.invokeInt(JI[Ljava/lang/Object;)I (0 bytes) @ 0x02ebc002 [0x02ebbfa0+0x62]
J 1206 C1 com.sun.jna.Function.invoke([Ljava/lang/Object;Ljava/lang/Class;Z)Ljava/lang/Object; (1154 bytes) @ 0x02f4f744 [0x02f4db70+0x1bd4]
J 354 C1 com.sun.jna.Function.invoke(Ljava/lang/Class;[Ljava/lang/Object;Ljava/util/Map;)Ljava/lang/Object; (526 bytes) @ 0x02e2ab98 [0x02e2a710+0x488]
J 1190 C1 com.sun.jna.Library$Handler.invoke(Ljava/lang/Object;Ljava/lang/reflect/Method;[Ljava/lang/Object;)Ljava/lang/Object; (345 bytes) @ 0x02e39d0c [0x02e394d0+0x83c]
j  Luxand.$Proxy0.FSDK_LoadImageFromBuffer(Lcom/sun/jna/ptr/IntByReference;[BIIII)I+52
J 293 C1 Luxand.FSDK.LoadImageFromAWTImage(LLuxand/FSDK$HImage;Ljava/awt/Image;I)I (456 bytes) @ 0x02e19b4c [0x02e19200+0x94c]
j  liverecognition.AppFace$12.run()V+28
v  ~StubRoutines::call_stub

---------------  P R O C E S S  ---------------

Java Threads: ( => current thread )
=>0x16903400 JavaThread "Thread-6443" [_thread_in_vm, id=14192, stack(0x01000000,0x01050000)]
  0x16901400 JavaThread "Thread-0" daemon [_thread_in_native, id=13008, stack(0x20b50000,0x20ba0000)]
  0x16900800 JavaThread "Thread-5375" [_thread_blocked, id=1372, stack(0x01050000,0x010a0000)]
  0x16901000 JavaThread "TimerQueue" daemon [_thread_blocked, id=12404, stack(0x20b00000,0x20b50000)]
  0x168c4000 JavaThread "WebSocketTimer" [_thread_blocked, id=7012, stack(0x206d0000,0x20720000)]
  0x1689f000 JavaThread "WebSocketWriteThread-19" [_thread_blocked, id=11068, stack(0x1fd40000,0x1fd90000)]
  0x16884000 JavaThread "WebSocketConnectReadThread-18" [_thread_in_native, id=13624, stack(0x1fc30000,0x1fc80000)]
  0x168ae000 JavaThread "Thread-3" [_thread_in_native, id=8392, stack(0x1fba0000,0x1fbf0000)]
  0x02bfd000 JavaThread "DestroyJavaVM" [_thread_blocked, id=3348, stack(0x02b20000,0x02b70000)]
  0x166a0800 JavaThread "AWT-EventQueue-0" [_thread_blocked, id=5648, stack(0x16ca0000,0x16cf0000)]
  0x15570000 JavaThread "AWT-Shutdown" [_thread_blocked, id=5964, stack(0x15c70000,0x15cc0000)]
  0x1556f400 JavaThread "Java2D Disposer" daemon [_thread_blocked, id=14300, stack(0x15be0000,0x15c30000)]
  0x153ae000 JavaThread "Service Thread" daemon [_thread_blocked, id=6132, stack(0x159b0000,0x15a00000)]
  0x153bac00 JavaThread "C1 CompilerThread0" daemon [_thread_blocked, id=1920, stack(0x15920000,0x15970000)]
  0x153b9400 JavaThread "Attach Listener" daemon [_thread_blocked, id=2324, stack(0x15890000,0x158e0000)]
  0x153b7400 JavaThread "Signal Dispatcher" daemon [_thread_blocked, id=8208, stack(0x15800000,0x15850000)]
  0x1539a800 JavaThread "Finalizer" daemon [_thread_blocked, id=14248, stack(0x15650000,0x156a0000)]
  0x15384800 JavaThread "Reference Handler" daemon [_thread_blocked, id=8976, stack(0x155c0000,0x15610000)]

Other Threads:
  0x02cfdc00 VMThread [stack: 0x15330000,0x15380000] [id=12936]
  0x153b1400 WatcherThread [stack: 0x15a40000,0x15a90000] [id=11640]

VM state:not at safepoint (normal execution)

VM Mutex/Monitor currently owned by a thread: None

Heap:
 def new generation   total 20352K, used 17073K [0x04e00000, 0x06410000, 0x0a350000)
  eden space 18112K,  82% used [0x04e00000, 0x05c97720, 0x05fb0000)
  from space 2240K,  95% used [0x061e0000, 0x063f4f38, 0x06410000)
  to   space 2240K,   0% used [0x05fb0000, 0x05fb0000, 0x061e0000)
 tenured generation   total 45112K, used 18627K [0x0a350000, 0x0cf5e000, 0x14e00000)
   the space 45112K,  41% used [0x0a350000, 0x0b580fd0, 0x0b581000, 0x0cf5e000)
 Metaspace       used 12189K, capacity 12385K, committed 12544K, reserved 12672K

Card table byte_map: [0x14e00000,0x14e90000] byte_map_base: 0x14dd9000

Polling page: 0x01350000

CodeCache: size=32768Kb used=1922Kb max_used=2275Kb free=30845Kb
 bounds [0x02d00000, 0x02f60000, 0x04d00000]
 total_blobs=944 nmethods=684 adapters=189
 compilation: enabled

Compilation events (10 events):
Event: 137.473 Thread 0x153bac00 2583   !         java.awt.EventDispatchThread::filterAndCheckEvent (108 bytes)
Event: 137.474 Thread 0x153bac00 nmethod 2583 0x02e7b848 code [0x02e7b9a0, 0x02e7be24]
Event: 137.489 Thread 0x153bac00 2584             sun.awt.AWTAccessor::getComponentAccessor (18 bytes)
Event: 137.489 Thread 0x153bac00 nmethod 2584 0x02dd5948 code [0x02dd5a50, 0x02dd5aec]
Event: 137.610 Thread 0x153bac00 2585             java.awt.Container::getChildAt (54 bytes)
Event: 137.611 Thread 0x153bac00 nmethod 2585 0x02e3b288 code [0x02e3b3a0, 0x02e3b4f8]
Event: 137.744 Thread 0x153bac00 2586             java.lang.String::indexOf (70 bytes)
Event: 137.744 Thread 0x153bac00 nmethod 2586 0x02e6b808 code [0x02e6b910, 0x02e6ba3c]
Event: 137.745 Thread 0x153bac00 2587             java.lang.Number::<init> (5 bytes)
Event: 137.745 Thread 0x153bac00 nmethod 2587 0x02dd5788 code [0x02dd5880, 0x02dd5900]

GC Heap History (10 events):
Event: 137.428 GC heap before
{Heap before GC invocations=1657 (full 207):
 def new generation   total 20352K, used 20284K [0x04e00000, 0x06410000, 0x0a350000)
  eden space 18112K, 100% used [0x04e00000, 0x05fb0000, 0x05fb0000)
  from space 2240K,  96% used [0x05fb0000, 0x061cf220, 0x061e0000)
  to   space 2240K,   0% used [0x061e0000, 0x061e0000, 0x06410000)
 tenured generation   total 45112K, used 30767K [0x0a350000, 0x0cf5e000, 0x14e00000)
   the space 45112K,  68% used [0x0a350000, 0x0c15bd80, 0x0c15be00, 0x0cf5e000)
 Metaspace       used 12165K, capacity 12353K, committed 12544K, reserved 12672K
Event: 137.430 GC heap after
Heap after GC invocations=1658 (full 207):
 def new generation   total 20352K, used 2142K [0x04e00000, 0x06410000, 0x0a350000)
  eden space 18112K,   0% used [0x04e00000, 0x04e00000, 0x05fb0000)
  from space 2240K,  95% used [0x061e0000, 0x063f7958, 0x06410000)
  to   space 2240K,   0% used [0x05fb0000, 0x05fb0000, 0x061e0000)
 tenured generation   total 45112K, used 35623K [0x0a350000, 0x0cf5e000, 0x14e00000)
   the space 45112K,  78% used [0x0a350000, 0x0c619c18, 0x0c619e00, 0x0cf5e000)
 Metaspace       used 12165K, capacity 12353K, committed 12544K, reserved 12672K
}
Event: 137.500 GC heap before
{Heap before GC invocations=1658 (full 207):
 def new generation   total 20352K, used 19146K [0x04e00000, 0x06410000, 0x0a350000)
  eden space 18112K,  93% used [0x04e00000, 0x05e9b238, 0x05fb0000)
  from space 2240K,  95% used [0x061e0000, 0x063f7958, 0x06410000)
  to   space 2240K,   0% used [0x05fb0000, 0x05fb0000, 0x061e0000)
 tenured generation   total 45112K, used 35623K [0x0a350000, 0x0cf5e000, 0x14e00000)
   the space 45112K,  78% used [0x0a350000, 0x0c619c18, 0x0c619e00, 0x0cf5e000)
 Metaspace       used 12165K, capacity 12353K, committed 12544K, reserved 12672K
Event: 137.501 GC heap after
Heap after GC invocations=1659 (full 207):
 def new generation   total 20352K, used 2131K [0x04e00000, 0x06410000, 0x0a350000)
  eden space 18112K,   0% used [0x04e00000, 0x04e00000, 0x05fb0000)
  from space 2240K,  95% used [0x05fb0000, 0x061c4f98, 0x061e0000)
  to   space 2240K,   0% used [0x061e0000, 0x061e0000, 0x06410000)
 tenured generation   total 45112K, used 38050K [0x0a350000, 0x0cf5e000, 0x14e00000)
   the space 45112K,  84% used [0x0a350000, 0x0c878b98, 0x0c878c00, 0x0cf5e000)
 Metaspace       used 12165K, capacity 12353K, committed 12544K, reserved 12672K
}
Event: 137.687 GC heap before
{Heap before GC invocations=1659 (full 207):
 def new generation   total 20352K, used 19803K [0x04e00000, 0x06410000, 0x0a350000)
  eden space 18112K,  97% used [0x04e00000, 0x05f41dc0, 0x05fb0000)
  from space 2240K,  95% used [0x05fb0000, 0x061c4f98, 0x061e0000)
  to   space 2240K,   0% used [0x061e0000, 0x061e0000, 0x06410000)
 tenured generation   total 45112K, used 38050K [0x0a350000, 0x0cf5e000, 0x14e00000)
   the space 45112K,  84% used [0x0a350000, 0x0c878b98, 0x0c878c00, 0x0cf5e000)
 Metaspace       used 12165K, capacity 12353K, committed 12544K, reserved 12672K
Event: 137.690 GC heap after
Heap after GC invocations=1660 (full 207):
 def new generation   total 20352K, used 2172K [0x04e00000, 0x06410000, 0x0a350000)
  eden space 18112K,   0% used [0x04e00000, 0x04e00000, 0x05fb0000)
  from space 2240K,  96% used [0x061e0000, 0x063ff288, 0x06410000)
  to   space 2240K,   0% used [0x05fb0000, 0x05fb0000, 0x061e0000)
 tenured generation   total 45112K, used 40478K [0x0a350000, 0x0cf5e000, 0x14e00000)
   the space 45112K,  89% used [0x0a350000, 0x0cad7ae8, 0x0cad7c00, 0x0cf5e000)
 Metaspace       used 12165K, capacity 12353K, committed 12544K, reserved 12672K
}
Event: 137.759 GC heap before
{Heap before GC invocations=1660 (full 207):
 def new generation   total 20352K, used 20284K [0x04e00000, 0x06410000, 0x0a350000)
  eden space 18112K, 100% used [0x04e00000, 0x05fb0000, 0x05fb0000)
  from space 2240K,  96% used [0x061e0000, 0x063ff288, 0x06410000)
  to   space 2240K,   0% used [0x05fb0000, 0x05fb0000, 0x061e0000)
 tenured generation   total 45112K, used 40478K [0x0a350000, 0x0cf5e000, 0x14e00000)
   the space 45112K,  89% used [0x0a350000, 0x0cad7ae8, 0x0cad7c00, 0x0cf5e000)
 Metaspace       used 12165K, capacity 12353K, committed 12544K, reserved 12672K
Event: 137.776 GC heap after
Heap after GC invocations=1661 (full 208):
 def new generation   total 20352K, used 0K [0x04e00000, 0x06410000, 0x0a350000)
  eden space 18112K,   0% used [0x04e00000, 0x04e00000, 0x05fb0000)
  from space 2240K,   0% used [0x05fb0000, 0x05fb0000, 0x061e0000)
  to   space 2240K,   0% used [0x061e0000, 0x061e0000, 0x06410000)
 tenured generation   total 45112K, used 16227K [0x0a350000, 0x0cf5e000, 0x14e00000)
   the space 45112K,  35% used [0x0a350000, 0x0b328fb0, 0x0b329000, 0x0cf5e000)
 Metaspace       used 12165K, capacity 12353K, committed 12544K, reserved 12672K
}
Event: 137.832 GC heap before
{Heap before GC invocations=1661 (full 208):
 def new generation   total 20352K, used 16999K [0x04e00000, 0x06410000, 0x0a350000)
  eden space 18112K,  93% used [0x04e00000, 0x05e99c78, 0x05fb0000)
  from space 2240K,   0% used [0x05fb0000, 0x05fb0000, 0x061e0000)
  to   space 2240K,   0% used [0x061e0000, 0x061e0000, 0x06410000)
 tenured generation   total 45112K, used 16227K [0x0a350000, 0x0cf5e000, 0x14e00000)
   the space 45112K,  35% used [0x0a350000, 0x0b328fb0, 0x0b329000, 0x0cf5e000)
 Metaspace       used 12165K, capacity 12353K, committed 12544K, reserved 12672K
Event: 137.833 GC heap after
Heap after GC invocations=1662 (full 208):
 def new generation   total 20352K, used 2131K [0x04e00000, 0x06410000, 0x0a350000)
  eden space 18112K,   0% used [0x04e00000, 0x04e00000, 0x05fb0000)
  from space 2240K,  95% used [0x061e0000, 0x063f4f38, 0x06410000)
  to   space 2240K,   0% used [0x05fb0000, 0x05fb0000, 0x061e0000)
 tenured generation   total 45112K, used 18627K [0x0a350000, 0x0cf5e000, 0x14e00000)
   the space 45112K,  41% used [0x0a350000, 0x0b580fd0, 0x0b581000, 0x0cf5e000)
 Metaspace       used 12165K, capacity 12353K, committed 12544K, reserved 12672K
}

Deoptimization events (0 events):
No events

Classes redefined (0 events):
No events

Internal exceptions (10 events):
Event: 0.226 Thread 0x02bfd000 Exception <a 'java/lang/ClassNotFoundException': Tree> (0x0510c360) thrown at [C:\re\workspace\8-2-build-windows-i586-cygwin\jdk8u171\10807\hotspot\src\share\vm\classfile\systemDictionary.cpp, line 210]
Event: 0.226 Thread 0x02bfd000 Exception <a 'java/lang/ClassNotFoundException': javax/swing/JTreeCell> (0x0510c698) thrown at [C:\re\workspace\8-2-build-windows-i586-cygwin\jdk8u171\10807\hotspot\src\share\vm\classfile\systemDictionary.cpp, line 210]
Event: 0.226 Thread 0x02bfd000 Exception <a 'java/lang/ClassNotFoundException': TreeCell> (0x0510cae0) thrown at [C:\re\workspace\8-2-build-windows-i586-cygwin\jdk8u171\10807\hotspot\src\share\vm\classfile\systemDictionary.cpp, line 210]
Event: 0.227 Thread 0x02bfd000 Exception <a 'java/lang/ClassNotFoundException': RootPane> (0x0510d458) thrown at [C:\re\workspace\8-2-build-windows-i586-cygwin\jdk8u171\10807\hotspot\src\share\vm\classfile\systemDictionary.cpp, line 210]
Event: 15.741 Thread 0x16903c00 Exception <a 'java/io/FileNotFoundException'> (0x05a71020) thrown at [C:\re\workspace\8-2-build-windows-i586-cygwin\jdk8u171\10807\hotspot\src\share\vm\prims\jni.cpp, line 709]
Event: 15.747 Thread 0x16903c00 Exception <a 'java/io/FileNotFoundException'> (0x05a91778) thrown at [C:\re\workspace\8-2-build-windows-i586-cygwin\jdk8u171\10807\hotspot\src\share\vm\prims\jni.cpp, line 709]
Event: 18.216 Thread 0x16903c00 Exception <a 'java/io/FileNotFoundException'> (0x04f85c80) thrown at [C:\re\workspace\8-2-build-windows-i586-cygwin\jdk8u171\10807\hotspot\src\share\vm\prims\jni.cpp, line 709]
Event: 18.216 Thread 0x16903c00 Exception <a 'java/io/FileNotFoundException'> (0x04f86708) thrown at [C:\re\workspace\8-2-build-windows-i586-cygwin\jdk8u171\10807\hotspot\src\share\vm\prims\jni.cpp, line 709]
Event: 18.223 Thread 0x16903c00 Exception <a 'java/io/FileNotFoundException'> (0x04fb2a20) thrown at [C:\re\workspace\8-2-build-windows-i586-cygwin\jdk8u171\10807\hotspot\src\share\vm\prims\jni.cpp, line 709]
Event: 18.223 Thread 0x16903c00 Exception <a 'java/io/FileNotFoundException'> (0x04fb3490) thrown at [C:\re\workspace\8-2-build-windows-i586-cygwin\jdk8u171\10807\hotspot\src\share\vm\prims\jni.cpp, line 709]

Events (10 events):
Event: 138.004 loading class java/lang/ProcessBuilder done
Event: 138.004 loading class java/lang/ProcessImpl
Event: 138.004 loading class java/lang/Process
Event: 138.004 loading class java/lang/Process done
Event: 138.004 loading class java/lang/ProcessImpl done
Event: 138.011 loading class java/lang/ProcessImpl$2
Event: 138.011 loading class java/lang/ProcessImpl$2 done
Event: 138.011 Thread 0x16903c00 Thread exited: 0x16903c00
Event: 138.012 Thread 0x15571c00 Thread exited: 0x15571c00
Event: 138.020 Thread 0x16903400 Thread added: 0x16903400


Dynamic libraries:
0x00ce0000 - 0x00d13000 	C:\Program Files (x86)\Java\jdk1.8.0_171\jre\bin\java.exe
0x77470000 - 0x77600000 	C:\WINDOWS\SYSTEM32\ntdll.dll
0x76a20000 - 0x76b00000 	C:\WINDOWS\System32\KERNEL32.DLL
0x76fb0000 - 0x77194000 	C:\WINDOWS\System32\KERNELBASE.dll
0x73c80000 - 0x73d1d000 	C:\WINDOWS\SYSTEM32\apphelp.dll
0x756c0000 - 0x75738000 	C:\WINDOWS\System32\ADVAPI32.dll
0x75d80000 - 0x75e3f000 	C:\WINDOWS\System32\msvcrt.dll
0x77330000 - 0x77374000 	C:\WINDOWS\System32\sechost.dll
0x75e40000 - 0x75f00000 	C:\WINDOWS\System32\RPCRT4.dll
0x73d30000 - 0x73d50000 	C:\WINDOWS\System32\SspiCli.dll
0x73d20000 - 0x73d2a000 	C:\WINDOWS\System32\CRYPTBASE.dll
0x75900000 - 0x75958000 	C:\WINDOWS\System32\bcryptPrimitives.dll
0x75bf0000 - 0x75d7d000 	C:\WINDOWS\System32\USER32.dll
0x76e30000 - 0x76e47000 	C:\WINDOWS\System32\win32u.dll
0x76b10000 - 0x76b32000 	C:\WINDOWS\System32\GDI32.dll
0x767d0000 - 0x76934000 	C:\WINDOWS\System32\gdi32full.dll
0x76db0000 - 0x76e2d000 	C:\WINDOWS\System32\msvcp_win.dll
0x75790000 - 0x758ae000 	C:\WINDOWS\System32\ucrtbase.dll
0x73110000 - 0x73314000 	C:\WINDOWS\WinSxS\x86_microsoft.windows.common-controls_6595b64144ccf1df_6.0.17134.112_none_42ecccf244e44518\COMCTL32.dll
0x76530000 - 0x7678c000 	C:\WINDOWS\System32\combase.dll
0x76d70000 - 0x76d96000 	C:\WINDOWS\System32\IMM32.DLL
0x59310000 - 0x593cf000 	C:\Program Files (x86)\Java\jdk1.8.0_171\jre\bin\msvcr100.dll
0x58f30000 - 0x59301000 	C:\Program Files (x86)\Java\jdk1.8.0_171\jre\bin\client\jvm.dll
0x76520000 - 0x76526000 	C:\WINDOWS\System32\PSAPI.DLL
0x728c0000 - 0x728c8000 	C:\WINDOWS\SYSTEM32\WSOCK32.dll
0x71f70000 - 0x71f78000 	C:\WINDOWS\SYSTEM32\VERSION.dll
0x72c20000 - 0x72c44000 	C:\WINDOWS\SYSTEM32\WINMM.dll
0x75b20000 - 0x75b87000 	C:\WINDOWS\System32\WS2_32.dll
0x72890000 - 0x728b3000 	C:\WINDOWS\SYSTEM32\WINMMBASE.dll
0x76790000 - 0x767c9000 	C:\WINDOWS\System32\cfgmgr32.dll
0x59c10000 - 0x59c1c000 	C:\Program Files (x86)\Java\jdk1.8.0_171\jre\bin\verify.dll
0x58f00000 - 0x58f22000 	C:\Program Files (x86)\Java\jdk1.8.0_171\jre\bin\java.dll
0x58ee0000 - 0x58ef4000 	C:\Program Files (x86)\Java\jdk1.8.0_171\jre\bin\zip.dll
0x73d50000 - 0x7509a000 	C:\WINDOWS\System32\SHELL32.dll
0x75960000 - 0x759e8000 	C:\WINDOWS\System32\shcore.dll
0x750a0000 - 0x7565a000 	C:\WINDOWS\System32\windows.storage.dll
0x758b0000 - 0x758f5000 	C:\WINDOWS\System32\shlwapi.dll
0x76b40000 - 0x76b4f000 	C:\WINDOWS\System32\kernel.appcore.dll
0x75aa0000 - 0x75ab8000 	C:\WINDOWS\System32\profapi.dll
0x764d0000 - 0x76515000 	C:\WINDOWS\System32\powrprof.dll
0x76e50000 - 0x76e58000 	C:\WINDOWS\System32\FLTLIB.DLL
0x58d70000 - 0x58eb5000 	C:\Program Files (x86)\Java\jdk1.8.0_171\jre\bin\awt.dll
0x759f0000 - 0x75a86000 	C:\WINDOWS\System32\OLEAUT32.dll
0x73090000 - 0x7310c000 	C:\WINDOWS\system32\uxtheme.dll
0x76e60000 - 0x76fa4000 	C:\WINDOWS\System32\MSCTF.dll
0x71b00000 - 0x71b23000 	C:\WINDOWS\system32\dwmapi.dll
0x76be0000 - 0x76cdc000 	C:\WINDOWS\System32\ole32.dll
0x58b50000 - 0x58b89000 	C:\Program Files (x86)\Java\jdk1.8.0_171\jre\bin\fontmanager.dll
0x58c60000 - 0x58d39000 	C:\WINDOWS\system32\opengl32.dll
0x58c20000 - 0x58c5f000 	C:\WINDOWS\SYSTEM32\GLU32.dll
0x57aa0000 - 0x57ac6000 	C:\Program Files (x86)\Java\jdk1.8.0_171\jre\bin\jpeg.dll
0x58ec0000 - 0x58ed5000 	C:\Program Files (x86)\Java\jdk1.8.0_171\jre\bin\net.dll
0x726e0000 - 0x72736000 	C:\WINDOWS\system32\mswsock.dll
0x59770000 - 0x5977f000 	C:\Program Files (x86)\Java\jdk1.8.0_171\jre\bin\nio.dll
0x58b10000 - 0x58b42000 	C:\Program Files (x86)\Java\jdk1.8.0_171\jre\bin\t2k.dll
0x16e80000 - 0x1a642000 	C:\Users\PAUL\Desktop\proyecto\facewithRaspberry\appDesktop\facesdk.dll
0x73ae0000 - 0x73b10000 	C:\WINDOWS\SYSTEM32\IPHLPAPI.DLL
0x72530000 - 0x72543000 	C:\WINDOWS\SYSTEM32\CRYPTSP.dll
0x72500000 - 0x7252f000 	C:\WINDOWS\system32\rsaenh.dll
0x727e0000 - 0x727f9000 	C:\WINDOWS\SYSTEM32\bcrypt.dll
0x73c20000 - 0x73c41000 	C:\WINDOWS\SYSTEM32\USERENV.dll
0x75a90000 - 0x75a97000 	C:\WINDOWS\System32\NSI.dll
0x72760000 - 0x72773000 	C:\WINDOWS\SYSTEM32\dhcpcsvc6.DLL
0x72740000 - 0x72754000 	C:\WINDOWS\SYSTEM32\dhcpcsvc.DLL
0x1ab90000 - 0x1abe5000 	C:\Users\PAUL\AppData\Local\Temp\jna5261190641650619939.dll
0x71d20000 - 0x71ea2000 	C:\WINDOWS\SYSTEM32\dbghelp.dll
0x6db70000 - 0x6dbee000 	C:\WINDOWS\System32\TextInputFramework.dll
0x6d880000 - 0x6dadd000 	C:\WINDOWS\System32\CoreUIComponents.dll
0x6dae0000 - 0x6db6b000 	C:\WINDOWS\System32\CoreMessaging.dll
0x723b0000 - 0x723d9000 	C:\WINDOWS\SYSTEM32\ntmarta.dll
0x71650000 - 0x71726000 	C:\WINDOWS\SYSTEM32\wintypes.dll
0x58ab0000 - 0x58ad4000 	C:\Program Files (x86)\Java\jdk1.8.0_171\jre\bin\dcpr.dll
0x76ce0000 - 0x76d63000 	C:\WINDOWS\System32\clbcatq.dll
0x6d160000 - 0x6d2d1000 	C:\WINDOWS\SYSTEM32\WindowsCodecs.dll
0x73b10000 - 0x73b9e000 	C:\WINDOWS\SYSTEM32\DNSAPI.dll
0x71f20000 - 0x71f28000 	C:\Windows\System32\rasadhlp.dll
0x65ba0000 - 0x65bef000 	C:\WINDOWS\System32\fwpuclnt.dll
0x58c00000 - 0x58c11000 	C:\WINDOWS\system32\napinsp.dll
0x58be0000 - 0x58bf6000 	C:\WINDOWS\system32\pnrpnsp.dll
0x58bc0000 - 0x58bd3000 	C:\WINDOWS\system32\NLAapi.dll
0x58bb0000 - 0x58bbc000 	C:\WINDOWS\System32\winrnr.dll
0x58b90000 - 0x58ba1000 	C:\WINDOWS\System32\wshbth.dll
0x581b0000 - 0x581d0000 	C:\Program Files (x86)\Java\jdk1.8.0_171\jre\bin\sunec.dll
0x581a0000 - 0x581a9000 	C:\Program Files (x86)\Java\jdk1.8.0_171\jre\bin\sunmscapi.dll
0x76330000 - 0x764c6000 	C:\WINDOWS\System32\CRYPT32.dll
0x76b00000 - 0x76b0e000 	C:\WINDOWS\System32\MSASN1.dll

VM Arguments:
jvm_args: -Dfile.encoding=UTF-8 
java_command: liverecognition.AppFace
java_class_path (initial): C:\Users\PAUL\Desktop\proyecto\facewithRaspberry\appDesktop\FaceSDK.jar;C:\Users\PAUL\Desktop\proyecto\facewithRaspberry\appDesktop\jna.jar;C:\Users\PAUL\Desktop\proyecto\facewithRaspberry\appDesktop\lib\mail.jar;C:\Users\PAUL\Desktop\proyecto\facewithRaspberry\appDesktop\lib\swingx-1.6.1.jar;C:\Users\PAUL\Desktop\proyecto\facewithRaspberry\appDesktop\lib\jfoenix-8.0.4.jar;C:\Users\PAUL\Desktop\proyecto\facewithRaspberry\appDesktop\lib\twilio-java-sdk-6.3.0.jar;C:\Users\PAUL\Desktop\proyecto\facewithRaspberry\appDesktop\lib\Java-WebSocket-1.3.8.jar;C:\Users\PAUL\Desktop\proyecto\facewithRaspberry\appDesktop\build\classes
Launcher Type: SUN_STANDARD

Environment Variables:
JAVA_HOME=C:\Program Files\Java\jdk1.8.0_171
PATH=C:\Program Files (x86)\Common Files\Oracle\Java\javapath;C:\WINDOWS\system32;C:\WINDOWS;C:\WINDOWS\System32\Wbem;C:\WINDOWS\System32\WindowsPowerShell\v1.0\;C:\Program Files\Java\jdk1.8.0_171\bin;C:\WINDOWS\System32\OpenSSH\;C:\Program Files (x86)\PuTTY\;C:\Users\PAUL\AppData\Local\Microsoft\WindowsApps;C:\Users\PAUL\AppData\Local\Programs\MiKTeX 2.9\miktex\bin\x64\;;C:\Program Files (x86)\SSH Communications Security\SSH Secure Shell
USERNAME=PAUL
OS=Windows_NT
PROCESSOR_IDENTIFIER=Intel64 Family 6 Model 60 Stepping 3, GenuineIntel



---------------  S Y S T E M  ---------------

OS: Windows 10.0 , 64 bit Build 17134 (10.0.17134.1)

CPU:total 8 (initial active 8) (4 cores per cpu, 2 threads per core) family 6 model 60 stepping 3, cmov, cx8, fxsr, mmx, sse, sse2, sse3, ssse3, sse4.1, sse4.2, popcnt, avx, avx2, aes, clmul, erms, lzcnt, ht, tsc, tscinvbit, bmi1, bmi2

Memory: 4k page, physical 16696464k(12296772k free), swap 19711120k(15281252k free)

vm_info: Java HotSpot(TM) Client VM (25.171-b11) for windows-x86 JRE (1.8.0_171-b11), built on Mar 28 2018 14:51:22 by "java_re" with MS VC++ 10.0 (VS2010)

time: Wed Jun 27 12:34:40 2018
elapsed time: 138 seconds (0d 0h 2m 18s)

