#
# A fatal error has been detected by the Java Runtime Environment:
#
#  EXCEPTION_ACCESS_VIOLATION (0xc0000005) at pc=0x72b47739, pid=13400, tid=0x00000340
#
# JRE version: Java(TM) SE Runtime Environment (8.0_171-b11) (build 1.8.0_171-b11)
# Java VM: Java HotSpot(TM) Client VM (25.171-b11 mixed mode, sharing windows-x86 )
# Problematic frame:
# V  [jvm.dll+0xd7739]
#
# Failed to write core dump. Minidumps are not enabled by default on client versions of Windows
#
# If you would like to submit a bug report, please visit:
#   http://bugreport.java.com/bugreport/crash.jsp
#

---------------  T H R E A D  ---------------

Current thread (0x16906c00):  JavaThread "Thread-304" [_thread_in_vm, id=832, stack(0x20370000,0x203c0000)]

siginfo: ExceptionCode=0xc0000005, reading address 0x00000000

Registers:
EAX=0x00000000, EBX=0x1690a601, ECX=0x00000000, EDX=0x00000000
ESP=0x203bf22c, EBP=0x203bf238, ESI=0x1690a6b8, EDI=0x16906c00
EIP=0x72b47739, EFLAGS=0x00010206

Top of Stack: (sp=0x203bf22c)
0x203bf22c:   203bf2e0 00000000 1690a6b8 203bf4d8
0x203bf23c:   16324228 16906d40 1690a6b8 00000000
0x203bf24c:   72d30faa 279a5a6e fffffffe 00000020
0x203bf25c:   163241b7 16906c00 203bf850 203bf288
0x203bf26c:   72baabac 16906c00 00000006 00000020
0x203bf27c:   163241a3 203bf2b4 72a77333 16906c00
0x203bf28c:   757aece2 00000004 16906c00 152a48b0
0x203bf29c:   203bf28c 16906c00 203bf8bc 72d30faa 

Instructions: (pc=0x72b47739)
0x72b47719:   1a 0a 00 33 ff eb 02 8b f9 6a 06 57 e8 b6 fc f2
0x72b47729:   ff 8b 75 0c 83 c4 08 b3 01 85 f6 74 39 8b 45 10
0x72b47739:   8b 00 50 32 db e8 1d b0 f6 ff 83 c4 04 85 c0 74
0x72b47749:   25 8b 0e 8b 49 04 8b 50 08 39 04 0a 75 04 b0 01 


Register to memory mapping:

EAX=0x00000000 is an unknown value
EBX=0x1690a601 is an unknown value
ECX=0x00000000 is an unknown value
EDX=0x00000000 is an unknown value
ESP=0x203bf22c is pointing into the stack for thread: 0x16906c00
EBP=0x203bf238 is pointing into the stack for thread: 0x16906c00
ESI=0x1690a6b8 is an unknown value
EDI=0x16906c00 is a thread


Stack: [0x20370000,0x203c0000],  sp=0x203bf22c,  free space=316k
Native frames: (J=compiled Java code, j=interpreted, Vv=VM code, C=native code)
V  [jvm.dll+0xd7739]
C  [jna3710140670961452213.dll+0x4228]
C  [jna3710140670961452213.dll+0x4d0e]
j  com.sun.jna.Native.invokeInt(JI[Ljava/lang/Object;)I+0
j  com.sun.jna.Function.invoke([Ljava/lang/Object;Ljava/lang/Class;Z)Ljava/lang/Object;+333
J 496 C1 com.sun.jna.Function.invoke(Ljava/lang/Class;[Ljava/lang/Object;Ljava/util/Map;)Ljava/lang/Object; (526 bytes) @ 0x0296a2d8 [0x02969e50+0x488]
j  com.sun.jna.Library$Handler.invoke(Ljava/lang/Object;Ljava/lang/reflect/Method;[Ljava/lang/Object;)Ljava/lang/Object;+341
j  Luxand.$Proxy0.FSDK_GetTrackerFacePosition(IJJLLuxand/FSDK$TFacePosition$ByReference;)I+39
j  Luxand.FSDK.GetTrackerFacePosition(LLuxand/FSDK$HTracker;JJLLuxand/FSDK$TFacePosition$ByReference;)I+11
j  liverecognition.AppFace$13.run()V+184
v  ~StubRoutines::call_stub
V  [jvm.dll+0x15b985]
V  [jvm.dll+0x22262e]
V  [jvm.dll+0x15ba1e]
V  [jvm.dll+0x15bba6]
V  [jvm.dll+0x15bc17]
V  [jvm.dll+0xffb3f]
V  [jvm.dll+0x17eb50]
V  [jvm.dll+0x17f3ca]
V  [jvm.dll+0x1c3fe6]
C  [msvcr100.dll+0x5c556]
C  [msvcr100.dll+0x5c600]
C  [KERNEL32.DLL+0x18484]
C  [ntdll.dll+0x62fea]
C  [ntdll.dll+0x62fba]
C  0x00000000

Java frames: (J=compiled Java code, j=interpreted, Vv=VM code)
j  com.sun.jna.Native.invokeInt(JI[Ljava/lang/Object;)I+0
j  com.sun.jna.Function.invoke([Ljava/lang/Object;Ljava/lang/Class;Z)Ljava/lang/Object;+333
J 496 C1 com.sun.jna.Function.invoke(Ljava/lang/Class;[Ljava/lang/Object;Ljava/util/Map;)Ljava/lang/Object; (526 bytes) @ 0x0296a2d8 [0x02969e50+0x488]
j  com.sun.jna.Library$Handler.invoke(Ljava/lang/Object;Ljava/lang/reflect/Method;[Ljava/lang/Object;)Ljava/lang/Object;+341
j  Luxand.$Proxy0.FSDK_GetTrackerFacePosition(IJJLLuxand/FSDK$TFacePosition$ByReference;)I+39
j  Luxand.FSDK.GetTrackerFacePosition(LLuxand/FSDK$HTracker;JJLLuxand/FSDK$TFacePosition$ByReference;)I+11
j  liverecognition.AppFace$13.run()V+184
v  ~StubRoutines::call_stub

---------------  P R O C E S S  ---------------

Java Threads: ( => current thread )
  0x16905c00 JavaThread "Thread-306" [_thread_in_Java, id=5008, stack(0x20680000,0x206d0000)]
  0x16907800 JavaThread "Thread-0" daemon [_thread_in_native, id=1560, stack(0x20ce0000,0x20d30000)]
=>0x16906c00 JavaThread "Thread-304" [_thread_in_vm, id=832, stack(0x20370000,0x203c0000)]
  0x16906800 JavaThread "Thread-45" [_thread_in_native, id=6304, stack(0x202e0000,0x20330000)]
  0x15cbd000 JavaThread "WebSocketTimer" [_thread_blocked, id=3044, stack(0x20080000,0x200d0000)]
  0x168e6c00 JavaThread "WebSocketWriteThread-19" [_thread_blocked, id=1284, stack(0x1f6f0000,0x1f740000)]
  0x168edc00 JavaThread "WebSocketConnectReadThread-18" [_thread_in_native, id=13360, stack(0x1f5e0000,0x1f630000)]
  0x168d8000 JavaThread "Thread-3" [_thread_in_native, id=12784, stack(0x1f550000,0x1f5a0000)]
  0x00a5d400 JavaThread "DestroyJavaVM" [_thread_blocked, id=4712, stack(0x00e80000,0x00ed0000)]
  0x15c7e800 JavaThread "AWT-EventQueue-0" [_thread_blocked, id=9336, stack(0x16140000,0x16190000)]
  0x15c6b400 JavaThread "AWT-Shutdown" [_thread_blocked, id=3172, stack(0x15f50000,0x15fa0000)]
  0x15c6ac00 JavaThread "Java2D Disposer" daemon [_thread_blocked, id=14020, stack(0x15ec0000,0x15f10000)]
  0x01043000 JavaThread "Service Thread" daemon [_thread_blocked, id=7488, stack(0x15500000,0x15550000)]
  0x01022000 JavaThread "C1 CompilerThread0" daemon [_thread_blocked, id=2404, stack(0x15470000,0x154c0000)]
  0x01021000 JavaThread "Attach Listener" daemon [_thread_blocked, id=12908, stack(0x04970000,0x049c0000)]
  0x0101f000 JavaThread "Signal Dispatcher" daemon [_thread_blocked, id=7476, stack(0x01370000,0x013c0000)]
  0x01015c00 JavaThread "Finalizer" daemon [_thread_blocked, id=10524, stack(0x012e0000,0x01330000)]
  0x00fb7c00 JavaThread "Reference Handler" daemon [_thread_blocked, id=15268, stack(0x01250000,0x012a0000)]

Other Threads:
  0x00fb4800 VMThread [stack: 0x011c0000,0x01210000] [id=6896]
  0x01058c00 WatcherThread [stack: 0x15590000,0x155e0000] [id=3764]

VM state:not at safepoint (normal execution)

VM Mutex/Monitor currently owned by a thread: None

Heap:
 def new generation   total 11840K, used 5313K [0x04a00000, 0x056d0000, 0x09f50000)
  eden space 10560K,  50% used [0x04a00000, 0x04f307a0, 0x05450000)
  from space 1280K,   0% used [0x05450000, 0x05450000, 0x05590000)
  to   space 1280K,   0% used [0x05590000, 0x05590000, 0x056d0000)
 tenured generation   total 26052K, used 10869K [0x09f50000, 0x0b8c1000, 0x14a00000)
   the space 26052K,  41% used [0x09f50000, 0x0a9ed778, 0x0a9ed800, 0x0b8c1000)
 Metaspace       used 2698K, capacity 3318K, committed 3392K, reserved 4480K

Card table byte_map: [0x01090000,0x01120000] byte_map_base: 0x0106b000

Polling page: 0x00a40000

CodeCache: size=32768Kb used=1572Kb max_used=1572Kb free=31195Kb
 bounds [0x02810000, 0x029a0000, 0x04810000]
 total_blobs=845 nmethods=588 adapters=188
 compilation: enabled

Compilation events (10 events):
Event: 11.073 Thread 0x01022000  588  s          java.util.Stack::peek (25 bytes)
Event: 11.073 Thread 0x01022000 nmethod 588 0x02996b08 code [0x02996c20, 0x02996fb8]
Event: 11.195 Thread 0x01022000  589  s          sun.security.provider.SecureRandom::engineNextBytes (242 bytes)
Event: 11.196 Thread 0x01022000 nmethod 589 0x02997108 code [0x02997280, 0x02997838]
Event: 11.315 Thread 0x01022000  590             java.util.Stack::push (7 bytes)
Event: 11.316 Thread 0x01022000 nmethod 590 0x02997e48 code [0x02997f40, 0x02997fdc]
Event: 11.316 Thread 0x01022000  591  s          java.util.Stack::pop (19 bytes)
Event: 11.316 Thread 0x01022000 nmethod 591 0x02998048 code [0x02998190, 0x02998844]
Event: 11.446 Thread 0x01022000  592             java.awt.image.ComponentSampleModel::getNumDataElements (5 bytes)
Event: 11.446 Thread 0x01022000 nmethod 592 0x02998b88 code [0x02998c80, 0x02998d00]

GC Heap History (10 events):
Event: 11.246 GC heap before
{Heap before GC invocations=143 (full 25):
 def new generation   total 11840K, used 11095K [0x04a00000, 0x056d0000, 0x09f50000)
  eden space 10560K,  95% used [0x04a00000, 0x053e3340, 0x05450000)
  from space 1280K,  75% used [0x05590000, 0x05682ae0, 0x056d0000)
  to   space 1280K,   0% used [0x05450000, 0x05450000, 0x05590000)
 tenured generation   total 26052K, used 15914K [0x09f50000, 0x0b8c1000, 0x14a00000)
   the space 26052K,  61% used [0x09f50000, 0x0aeda898, 0x0aedaa00, 0x0b8c1000)
 Metaspace       used 2674K, capacity 3318K, committed 3392K, reserved 4480K
Event: 11.247 GC heap after
Heap after GC invocations=144 (full 25):
 def new generation   total 11840K, used 58K [0x04a00000, 0x056d0000, 0x09f50000)
  eden space 10560K,   0% used [0x04a00000, 0x04a00000, 0x05450000)
  from space 1280K,   4% used [0x05450000, 0x0545e8e8, 0x05590000)
  to   space 1280K,   0% used [0x05590000, 0x05590000, 0x056d0000)
 tenured generation   total 26052K, used 15951K [0x09f50000, 0x0b8c1000, 0x14a00000)
   the space 26052K,  61% used [0x09f50000, 0x0aee3ff0, 0x0aee4000, 0x0b8c1000)
 Metaspace       used 2674K, capacity 3318K, committed 3392K, reserved 4480K
}
Event: 11.333 GC heap before
{Heap before GC invocations=144 (full 25):
 def new generation   total 11840K, used 10618K [0x04a00000, 0x056d0000, 0x09f50000)
  eden space 10560K, 100% used [0x04a00000, 0x05450000, 0x05450000)
  from space 1280K,   4% used [0x05450000, 0x0545e8e8, 0x05590000)
  to   space 1280K,   0% used [0x05590000, 0x05590000, 0x056d0000)
 tenured generation   total 26052K, used 15951K [0x09f50000, 0x0b8c1000, 0x14a00000)
   the space 26052K,  61% used [0x09f50000, 0x0aee3ff0, 0x0aee4000, 0x0b8c1000)
 Metaspace       used 2674K, capacity 3318K, committed 3392K, reserved 4480K
Event: 11.335 GC heap after
Heap after GC invocations=145 (full 25):
 def new generation   total 11840K, used 1262K [0x04a00000, 0x056d0000, 0x09f50000)
  eden space 10560K,   0% used [0x04a00000, 0x04a00000, 0x05450000)
  from space 1280K,  98% used [0x05590000, 0x056cb8f8, 0x056d0000)
  to   space 1280K,   0% used [0x05450000, 0x05450000, 0x05590000)
 tenured generation   total 26052K, used 20452K [0x09f50000, 0x0b8c1000, 0x14a00000)
   the space 26052K,  78% used [0x09f50000, 0x0b349030, 0x0b349200, 0x0b8c1000)
 Metaspace       used 2674K, capacity 3318K, committed 3392K, reserved 4480K
}
Event: 11.440 GC heap before
{Heap before GC invocations=145 (full 25):
 def new generation   total 11840K, used 11379K [0x04a00000, 0x056d0000, 0x09f50000)
  eden space 10560K,  95% used [0x04a00000, 0x053e13f8, 0x05450000)
  from space 1280K,  98% used [0x05590000, 0x056cb8f8, 0x056d0000)
  to   space 1280K,   0% used [0x05450000, 0x05450000, 0x05590000)
 tenured generation   total 26052K, used 20452K [0x09f50000, 0x0b8c1000, 0x14a00000)
   the space 26052K,  78% used [0x09f50000, 0x0b349030, 0x0b349200, 0x0b8c1000)
 Metaspace       used 2674K, capacity 3318K, committed 3392K, reserved 4480K
Event: 11.441 GC heap after
Heap after GC invocations=146 (full 25):
 def new generation   total 11840K, used 1261K [0x04a00000, 0x056d0000, 0x09f50000)
  eden space 10560K,   0% used [0x04a00000, 0x04a00000, 0x05450000)
  from space 1280K,  98% used [0x05450000, 0x0558b7f0, 0x05590000)
  to   space 1280K,   0% used [0x05590000, 0x05590000, 0x056d0000)
 tenured generation   total 26052K, used 20491K [0x09f50000, 0x0b8c1000, 0x14a00000)
   the space 26052K,  78% used [0x09f50000, 0x0b352c88, 0x0b352e00, 0x0b8c1000)
 Metaspace       used 2674K, capacity 3318K, committed 3392K, reserved 4480K
}
Event: 11.469 GC heap before
{Heap before GC invocations=146 (full 25):
 def new generation   total 11840K, used 11821K [0x04a00000, 0x056d0000, 0x09f50000)
  eden space 10560K, 100% used [0x04a00000, 0x05450000, 0x05450000)
  from space 1280K,  98% used [0x05450000, 0x0558b7f0, 0x05590000)
  to   space 1280K,   0% used [0x05590000, 0x05590000, 0x056d0000)
 tenured generation   total 26052K, used 20491K [0x09f50000, 0x0b8c1000, 0x14a00000)
   the space 26052K,  78% used [0x09f50000, 0x0b352c88, 0x0b352e00, 0x0b8c1000)
 Metaspace       used 2674K, capacity 3318K, committed 3392K, reserved 4480K
Event: 11.471 GC heap after
Heap after GC invocations=147 (full 25):
 def new generation   total 11840K, used 980K [0x04a00000, 0x056d0000, 0x09f50000)
  eden space 10560K,   0% used [0x04a00000, 0x04a00000, 0x05450000)
  from space 1280K,  76% used [0x05590000, 0x05685338, 0x056d0000)
  to   space 1280K,   0% used [0x05450000, 0x05450000, 0x05590000)
 tenured generation   total 26052K, used 25292K [0x09f50000, 0x0b8c1000, 0x14a00000)
   the space 26052K,  97% used [0x09f50000, 0x0b8033e8, 0x0b803400, 0x0b8c1000)
 Metaspace       used 2674K, capacity 3318K, committed 3392K, reserved 4480K
}
Event: 11.598 GC heap before
{Heap before GC invocations=147 (full 25):
 def new generation   total 11840K, used 11263K [0x04a00000, 0x056d0000, 0x09f50000)
  eden space 10560K,  97% used [0x04a00000, 0x0540a9c0, 0x05450000)
  from space 1280K,  76% used [0x05590000, 0x05685338, 0x056d0000)
  to   space 1280K,   0% used [0x05450000, 0x05450000, 0x05590000)
 tenured generation   total 26052K, used 25292K [0x09f50000, 0x0b8c1000, 0x14a00000)
   the space 26052K,  97% used [0x09f50000, 0x0b8033e8, 0x0b803400, 0x0b8c1000)
 Metaspace       used 2698K, capacity 3318K, committed 3392K, reserved 4480K
Event: 11.616 GC heap after
Heap after GC invocations=148 (full 26):
 def new generation   total 11840K, used 0K [0x04a00000, 0x056d0000, 0x09f50000)
  eden space 10560K,   0% used [0x04a00000, 0x04a00000, 0x05450000)
  from space 1280K,   0% used [0x05450000, 0x05450000, 0x05590000)
  to   space 1280K,   0% used [0x05590000, 0x05590000, 0x056d0000)
 tenured generation   total 26052K, used 10869K [0x09f50000, 0x0b8c1000, 0x14a00000)
   the space 26052K,  41% used [0x09f50000, 0x0a9ed778, 0x0a9ed800, 0x0b8c1000)
 Metaspace       used 2698K, capacity 3318K, committed 3392K, reserved 4480K
}

Deoptimization events (0 events):
No events

Classes redefined (0 events):
No events

Internal exceptions (10 events):
Event: 0.186 Thread 0x00a5d400 Exception <a 'java/lang/ClassNotFoundException': javax/swing/JToolBarSeparator> (0x04d10db8) thrown at [C:\re\workspace\8-2-build-windows-i586-cygwin\jdk8u171\10807\hotspot\src\share\vm\classfile\systemDictionary.cpp, line 210]
Event: 0.186 Thread 0x00a5d400 Exception <a 'java/lang/ClassNotFoundException': ToolBarSeparator> (0x04d11210) thrown at [C:\re\workspace\8-2-build-windows-i586-cygwin\jdk8u171\10807\hotspot\src\share\vm\classfile\systemDictionary.cpp, line 210]
Event: 0.186 Thread 0x00a5d400 Exception <a 'java/lang/ClassNotFoundException': ToolTip> (0x04d118e0) thrown at [C:\re\workspace\8-2-build-windows-i586-cygwin\jdk8u171\10807\hotspot\src\share\vm\classfile\systemDictionary.cpp, line 210]
Event: 0.186 Thread 0x00a5d400 Exception <a 'java/lang/ClassNotFoundException': Tree> (0x04d123c8) thrown at [C:\re\workspace\8-2-build-windows-i586-cygwin\jdk8u171\10807\hotspot\src\share\vm\classfile\systemDictionary.cpp, line 210]
Event: 0.186 Thread 0x00a5d400 Exception <a 'java/lang/ClassNotFoundException': Tree> (0x04d12a68) thrown at [C:\re\workspace\8-2-build-windows-i586-cygwin\jdk8u171\10807\hotspot\src\share\vm\classfile\systemDictionary.cpp, line 210]
Event: 0.186 Thread 0x00a5d400 Exception <a 'java/lang/ClassNotFoundException': javax/swing/JTreeCell> (0x04d12da0) thrown at [C:\re\workspace\8-2-build-windows-i586-cygwin\jdk8u171\10807\hotspot\src\share\vm\classfile\systemDictionary.cpp, line 210]
Event: 0.186 Thread 0x00a5d400 Exception <a 'java/lang/ClassNotFoundException': TreeCell> (0x04d131e8) thrown at [C:\re\workspace\8-2-build-windows-i586-cygwin\jdk8u171\10807\hotspot\src\share\vm\classfile\systemDictionary.cpp, line 210]
Event: 0.187 Thread 0x00a5d400 Exception <a 'java/lang/ClassNotFoundException': RootPane> (0x04d13b60) thrown at [C:\re\workspace\8-2-build-windows-i586-cygwin\jdk8u171\10807\hotspot\src\share\vm\classfile\systemDictionary.cpp, line 210]
Event: 2.623 Thread 0x16906800 Exception <a 'java/io/FileNotFoundException'> (0x04dd4450) thrown at [C:\re\workspace\8-2-build-windows-i586-cygwin\jdk8u171\10807\hotspot\src\share\vm\prims\jni.cpp, line 709]
Event: 2.631 Thread 0x16906800 Exception <a 'java/io/FileNotFoundException'> (0x04df6048) thrown at [C:\re\workspace\8-2-build-windows-i586-cygwin\jdk8u171\10807\hotspot\src\share\vm\prims\jni.cpp, line 709]

Events (10 events):
Event: 11.568 loading class java/lang/Process done
Event: 11.568 loading class java/lang/ProcessImpl done
Event: 11.571 Thread 0x15c6bc00 Thread exited: 0x15c6bc00
Event: 11.581 Thread 0x16908800 Thread exited: 0x16908800
Event: 11.588 loading class java/lang/ProcessImpl$2
Event: 11.589 loading class java/lang/ProcessImpl$2 done
Event: 11.589 Thread 0x16907400 Thread exited: 0x16907400
Event: 11.594 Thread 0x16905c00 Thread added: 0x16905c00
Event: 11.598 Executing VM operation: GenCollectForAllocation
Event: 11.616 Executing VM operation: GenCollectForAllocation done


Dynamic libraries:
0x013c0000 - 0x013f3000 	C:\Program Files (x86)\Java\jdk1.8.0_171\jre\bin\java.exe
0x77880000 - 0x77a10000 	C:\WINDOWS\SYSTEM32\ntdll.dll
0x770c0000 - 0x771a0000 	C:\WINDOWS\System32\KERNEL32.DLL
0x76ea0000 - 0x77084000 	C:\WINDOWS\System32\KERNELBASE.dll
0x72fa0000 - 0x7303d000 	C:\WINDOWS\SYSTEM32\apphelp.dll
0x76ac0000 - 0x76b38000 	C:\WINDOWS\System32\ADVAPI32.dll
0x76c10000 - 0x76ccf000 	C:\WINDOWS\System32\msvcrt.dll
0x74340000 - 0x74384000 	C:\WINDOWS\System32\sechost.dll
0x74270000 - 0x74330000 	C:\WINDOWS\System32\RPCRT4.dll
0x74140000 - 0x74160000 	C:\WINDOWS\System32\SspiCli.dll
0x74130000 - 0x7413a000 	C:\WINDOWS\System32\CRYPTBASE.dll
0x74200000 - 0x74258000 	C:\WINDOWS\System32\bcryptPrimitives.dll
0x77450000 - 0x775dd000 	C:\WINDOWS\System32\USER32.dll
0x74600000 - 0x74617000 	C:\WINDOWS\System32\win32u.dll
0x77090000 - 0x770b2000 	C:\WINDOWS\System32\GDI32.dll
0x76d30000 - 0x76e94000 	C:\WINDOWS\System32\gdi32full.dll
0x75bd0000 - 0x75c4d000 	C:\WINDOWS\System32\msvcp_win.dll
0x76560000 - 0x7667e000 	C:\WINDOWS\System32\ucrtbase.dll
0x738d0000 - 0x73ad4000 	C:\WINDOWS\WinSxS\x86_microsoft.windows.common-controls_6595b64144ccf1df_6.0.17134.112_none_42ecccf244e44518\COMCTL32.dll
0x75970000 - 0x75bcc000 	C:\WINDOWS\System32\combase.dll
0x76530000 - 0x76556000 	C:\WINDOWS\System32\IMM32.DLL
0x72e50000 - 0x72f0f000 	C:\Program Files (x86)\Java\jdk1.8.0_171\jre\bin\msvcr100.dll
0x72a70000 - 0x72e41000 	C:\Program Files (x86)\Java\jdk1.8.0_171\jre\bin\client\jvm.dll
0x74330000 - 0x74336000 	C:\WINDOWS\System32\PSAPI.DLL
0x72a40000 - 0x72a64000 	C:\WINDOWS\SYSTEM32\WINMM.dll
0x73b40000 - 0x73b48000 	C:\WINDOWS\SYSTEM32\VERSION.dll
0x73420000 - 0x73428000 	C:\WINDOWS\SYSTEM32\WSOCK32.dll
0x76b40000 - 0x76ba7000 	C:\WINDOWS\System32\WS2_32.dll
0x72a10000 - 0x72a33000 	C:\WINDOWS\SYSTEM32\winmmbase.dll
0x76bb0000 - 0x76be9000 	C:\WINDOWS\System32\cfgmgr32.dll
0x72a00000 - 0x72a0c000 	C:\Program Files (x86)\Java\jdk1.8.0_171\jre\bin\verify.dll
0x729d0000 - 0x729f2000 	C:\Program Files (x86)\Java\jdk1.8.0_171\jre\bin\java.dll
0x729b0000 - 0x729c4000 	C:\Program Files (x86)\Java\jdk1.8.0_171\jre\bin\zip.dll
0x74620000 - 0x7596a000 	C:\WINDOWS\System32\SHELL32.dll
0x77670000 - 0x776f8000 	C:\WINDOWS\System32\shcore.dll
0x75f70000 - 0x7652a000 	C:\WINDOWS\System32\windows.storage.dll
0x75f20000 - 0x75f65000 	C:\WINDOWS\System32\shlwapi.dll
0x74390000 - 0x7439f000 	C:\WINDOWS\System32\kernel.appcore.dll
0x771a0000 - 0x771b8000 	C:\WINDOWS\System32\profapi.dll
0x75d30000 - 0x75d75000 	C:\WINDOWS\System32\powrprof.dll
0x76680000 - 0x76688000 	C:\WINDOWS\System32\FLTLIB.DLL
0x727f0000 - 0x72935000 	C:\Program Files (x86)\Java\jdk1.8.0_171\jre\bin\awt.dll
0x74160000 - 0x741f6000 	C:\WINDOWS\System32\OLEAUT32.dll
0x73840000 - 0x738bc000 	C:\WINDOWS\system32\uxtheme.dll
0x744b0000 - 0x745f4000 	C:\WINDOWS\System32\MSCTF.dll
0x72770000 - 0x72793000 	C:\WINDOWS\system32\dwmapi.dll
0x743a0000 - 0x7449c000 	C:\WINDOWS\System32\ole32.dll
0x72550000 - 0x72589000 	C:\Program Files (x86)\Java\jdk1.8.0_171\jre\bin\fontmanager.dll
0x725d0000 - 0x726a9000 	C:\WINDOWS\system32\opengl32.dll
0x72590000 - 0x725cf000 	C:\WINDOWS\SYSTEM32\GLU32.dll
0x6eda0000 - 0x6edc6000 	C:\Program Files (x86)\Java\jdk1.8.0_171\jre\bin\jpeg.dll
0x72990000 - 0x729a5000 	C:\Program Files (x86)\Java\jdk1.8.0_171\jre\bin\net.dll
0x733b0000 - 0x73406000 	C:\WINDOWS\system32\mswsock.dll
0x72980000 - 0x7298f000 	C:\Program Files (x86)\Java\jdk1.8.0_171\jre\bin\nio.dll
0x720c0000 - 0x720f2000 	C:\Program Files (x86)\Java\jdk1.8.0_171\jre\bin\t2k.dll
0x16c20000 - 0x1a3e2000 	C:\Users\Alex\Desktop\facereconigtionWithRaspberry-master\appDesktop\facesdk.dll
0x73f40000 - 0x73f70000 	C:\WINDOWS\SYSTEM32\IPHLPAPI.DLL
0x727d0000 - 0x727e3000 	C:\WINDOWS\SYSTEM32\CRYPTSP.dll
0x727a0000 - 0x727cf000 	C:\WINDOWS\system32\rsaenh.dll
0x73510000 - 0x73529000 	C:\WINDOWS\SYSTEM32\bcrypt.dll
0x73b10000 - 0x73b31000 	C:\WINDOWS\SYSTEM32\USERENV.dll
0x74260000 - 0x74267000 	C:\WINDOWS\System32\NSI.dll
0x72960000 - 0x72973000 	C:\WINDOWS\SYSTEM32\dhcpcsvc6.DLL
0x72940000 - 0x72954000 	C:\WINDOWS\SYSTEM32\dhcpcsvc.DLL
0x16320000 - 0x16375000 	C:\Users\Alex\AppData\Local\Temp\jna3710140670961452213.dll
0x73070000 - 0x731f2000 	C:\WINDOWS\SYSTEM32\dbghelp.dll
0x724d0000 - 0x7254e000 	C:\WINDOWS\System32\TextInputFramework.dll
0x721e0000 - 0x7243d000 	C:\WINDOWS\System32\CoreUIComponents.dll
0x72440000 - 0x724cb000 	C:\WINDOWS\System32\CoreMessaging.dll
0x73200000 - 0x73229000 	C:\WINDOWS\SYSTEM32\ntmarta.dll
0x72100000 - 0x721d6000 	C:\WINDOWS\SYSTEM32\wintypes.dll
0x161f0000 - 0x161f7000 	C:\Program Files (x86)\Internet Download Manager\idmmkb.dll
0x70690000 - 0x706b4000 	C:\Program Files (x86)\Java\jdk1.8.0_171\jre\bin\dcpr.dll
0x73320000 - 0x733ae000 	C:\WINDOWS\SYSTEM32\DNSAPI.dll
0x73310000 - 0x73318000 	C:\Windows\System32\rasadhlp.dll
0x732c0000 - 0x7330f000 	C:\WINDOWS\System32\fwpuclnt.dll
0x72750000 - 0x72761000 	C:\WINDOWS\system32\napinsp.dll
0x72730000 - 0x72746000 	C:\WINDOWS\system32\pnrpnsp.dll
0x72710000 - 0x72723000 	C:\WINDOWS\system32\NLAapi.dll
0x72700000 - 0x7270c000 	C:\WINDOWS\System32\winrnr.dll
0x726e0000 - 0x726f1000 	C:\WINDOWS\System32\wshbth.dll

VM Arguments:
jvm_args: -Dfile.encoding=UTF-8 
java_command: liverecognition.AppFace
java_class_path (initial): C:\Users\Alex\Desktop\facereconigtionWithRaspberry-master\appDesktop\FaceSDK.jar;C:\Users\Alex\Desktop\facereconigtionWithRaspberry-master\appDesktop\jna.jar;C:\Users\Alex\Desktop\facereconigtionWithRaspberry-master\appDesktop\lib\mail.jar;C:\Users\Alex\Desktop\facereconigtionWithRaspberry-master\appDesktop\lib\swingx-1.6.1.jar;C:\Users\Alex\Desktop\facereconigtionWithRaspberry-master\appDesktop\lib\jfoenix-8.0.4.jar;C:\Users\Alex\Desktop\facereconigtionWithRaspberry-master\appDesktop\lib\twilio-java-sdk-6.3.0.jar;C:\Users\Alex\Desktop\facereconigtionWithRaspberry-master\appDesktop\lib\Java-WebSocket-1.3.8.jar;C:\Users\Alex\Desktop\facereconigtionWithRaspberry-master\appDesktop\build\classes
Launcher Type: SUN_STANDARD

Environment Variables:
PATH=C:\Program Files (x86)\Common Files\Oracle\Java\javapath;C:\Python27\;C:\Python27\Scripts;C:\WINDOWS\system32;C:\WINDOWS;C:\WINDOWS\System32\Wbem;C:\WINDOWS\System32\WindowsPowerShell\v1.0\;C:\Program Files\Git\cmd;C:\Program Files\dotnet\;C:\Program Files\Microsoft SQL Server\130\Tools\Binn\;C:\Program Files\Microsoft SQL Server\Client SDK\ODBC\130\Tools\Binn\;C:\Program Files (x86)\Microsoft SQL Server\130\Tools\Binn\;C:\Program Files\Microsoft SQL Server\130\DTS\Binn\;C:\Program Files (x86)\Microsoft SQL Server\Client SDK\ODBC\130\Tools\Binn\;C:\Program Files (x86)\Microsoft SQL Server\140\Tools\Binn\;C:\Program Files (x86)\Microsoft SQL Server\140\DTS\Binn\;C:\Program Files (x86)\Microsoft SQL Server\140\Tools\Binn\ManagementStudio\;C:\xampp\php;C:\ProgramData\ComposerSetup\bin;C:\Program Files\SlikSvn\bin;C:\Program Files\Java\apache-maven-3.5.3\bin;C:\Program Files (x86)\Java\jdk1.8.0_171;C:\Program Files (x86)\Java\jdk1.8.0_171\bin;C:\Program Files (x86)\Java\jdk1.8.0_171\lib;C:\Program Files (x86)\Java\jdk1.8.0_171\jre;C:\Program Files (x86)\Java\jdk1.8.0_171\jre\bin;C:\Program Files (x86)\Java\jdk1.8.0_171\jre\lib;C:\WINDOWS\System32\OpenSSH\;C:\Program Files (x86)\CMake\bin;C:\Program Files\nodejs\;C:\Users\Alex\AppData\Local\Microsoft\WindowsApps;C:\Users\Alex\AppData\Roaming\Composer\vendor\bin;C:\Program Files\Java\apache-maven-3.5.3\bin;;C:\Program Files\Microsoft VS Code\bin;C:\Users\Alex\AppData\Roaming\npm
USERNAME=Alex
OS=Windows_NT
PROCESSOR_IDENTIFIER=Intel64 Family 6 Model 42 Stepping 7, GenuineIntel



---------------  S Y S T E M  ---------------

OS: Windows 10.0 , 64 bit Build 17134 (10.0.17134.1)

CPU:total 4 (initial active 4) (2 cores per cpu, 2 threads per core) family 6 model 42 stepping 7, cmov, cx8, fxsr, mmx, sse, sse2, sse3, ssse3, sse4.1, sse4.2, popcnt, avx, aes, clmul, ht, tsc, tscinvbit

Memory: 4k page, physical 8294284k(3361364k free), swap 12488588k(6533308k free)

vm_info: Java HotSpot(TM) Client VM (25.171-b11) for windows-x86 JRE (1.8.0_171-b11), built on Mar 28 2018 14:51:22 by "java_re" with MS VC++ 10.0 (VS2010)

time: Thu Jun 28 08:20:59 2018
elapsed time: 11 seconds (0d 0h 0m 11s)

