#
# A fatal error has been detected by the Java Runtime Environment:
#
#  EXCEPTION_ACCESS_VIOLATION (0xc0000005) at pc=0x72657739, pid=5104, tid=0x00002c5c
#
# JRE version: Java(TM) SE Runtime Environment (8.0_171-b11) (build 1.8.0_171-b11)
# Java VM: Java HotSpot(TM) Client VM (25.171-b11 mixed mode, sharing windows-x86 )
# Problematic frame:
# V  [jvm.dll+0xd7739]
#
# Failed to write core dump. Minidumps are not enabled by default on client versions of Windows
#
# If you would like to submit a bug report, please visit:
#   http://bugreport.java.com/bugreport/crash.jsp
#

---------------  T H R E A D  ---------------

Current thread (0x00ebbc00):  JavaThread "Thread-12223" [_thread_in_vm, id=11356, stack(0x00560000,0x005b0000)]

siginfo: ExceptionCode=0xc0000005, reading address 0x00000000

Registers:
EAX=0x00000000, EBX=0x15c1ad01, ECX=0x00000000, EDX=0x00000000
ESP=0x005aedcc, EBP=0x005aedd8, ESI=0x15c1ad28, EDI=0x00ebbc00
EIP=0x72657739, EFLAGS=0x00010206

Top of Stack: (sp=0x005aedcc)
0x005aedcc:   005aeec0 00000000 15c1ad28 005af0c8
0x005aeddc:   161a4228 00ebbd40 15c1ad28 00000000
0x005aedec:   005aee04 7264d468 00000001 00000001
0x005aedfc:   725fd1d8 005af1e8 005aee18 00000030
0x005aee0c:   161a41b7 00ebbc00 005af1e8 005aee2c
0x005aee1c:   005aee2c 005af1e8 726cfc89 15642bf8
0x005aee2c:   005aee44 726d01c2 15642bf8 00000030
0x005aee3c:   161a41a3 15642bf8 005aee5c 72602ea1 

Instructions: (pc=0x72657739)
0x72657719:   1a 0a 00 33 ff eb 02 8b f9 6a 06 57 e8 b6 fc f2
0x72657729:   ff 8b 75 0c 83 c4 08 b3 01 85 f6 74 39 8b 45 10
0x72657739:   8b 00 50 32 db e8 1d b0 f6 ff 83 c4 04 85 c0 74
0x72657749:   25 8b 0e 8b 49 04 8b 50 08 39 04 0a 75 04 b0 01 


Register to memory mapping:

EAX=0x00000000 is an unknown value
EBX=0x15c1ad01 is an unknown value
ECX=0x00000000 is an unknown value
EDX=0x00000000 is an unknown value
ESP=0x005aedcc is pointing into the stack for thread: 0x00ebbc00
EBP=0x005aedd8 is pointing into the stack for thread: 0x00ebbc00
ESI=0x15c1ad28 is an unknown value
EDI=0x00ebbc00 is a thread


Stack: [0x00560000,0x005b0000],  sp=0x005aedcc,  free space=315k
Native frames: (J=compiled Java code, j=interpreted, Vv=VM code, C=native code)
V  [jvm.dll+0xd7739]
C  [jna8057277311796000240.dll+0x4228]
C  [jna8057277311796000240.dll+0x4d0e]
J 1092  com.sun.jna.Native.invokeInt(JI[Ljava/lang/Object;)I (0 bytes) @ 0x0264ba86 [0x0264b9e0+0xa6]
J 1068 C1 com.sun.jna.Function.invoke([Ljava/lang/Object;Ljava/lang/Class;Z)Ljava/lang/Object; (1154 bytes) @ 0x0263b744 [0x02639b70+0x1bd4]
J 387 C1 com.sun.jna.Function.invoke(Ljava/lang/Class;[Ljava/lang/Object;Ljava/util/Map;)Ljava/lang/Object; (526 bytes) @ 0x02534e18 [0x02534990+0x488]
J 1067 C1 com.sun.jna.Library$Handler.invoke(Ljava/lang/Object;Ljava/lang/reflect/Method;[Ljava/lang/Object;)Ljava/lang/Object; (345 bytes) @ 0x02637d0c [0x026374d0+0x83c]
j  Luxand.$Proxy0.FSDK_LoadImageFromBuffer(Lcom/sun/jna/ptr/IntByReference;[BIIII)I+52
J 282 C1 Luxand.FSDK.LoadImageFromAWTImage(LLuxand/FSDK$HImage;Ljava/awt/Image;I)I (456 bytes) @ 0x025143cc [0x02513a80+0x94c]
J 2035 C1 liverecognition.AppFace$12.run()V (720 bytes) @ 0x02547778 [0x025476b0+0xc8]
v  ~StubRoutines::call_stub
V  [jvm.dll+0x15b985]
V  [jvm.dll+0x22262e]
V  [jvm.dll+0x15ba1e]
V  [jvm.dll+0x15bba6]
V  [jvm.dll+0x15bc17]
V  [jvm.dll+0xffb3f]
V  [jvm.dll+0x17eb50]
V  [jvm.dll+0x17f3ca]
V  [jvm.dll+0x1c3fe6]
C  [msvcr100.dll+0x5c556]
C  [msvcr100.dll+0x5c600]
C  [KERNEL32.DLL+0x18484]
C  [ntdll.dll+0x62fea]
C  [ntdll.dll+0x62fba]
C  0x00000000

Java frames: (J=compiled Java code, j=interpreted, Vv=VM code)
J 1092  com.sun.jna.Native.invokeInt(JI[Ljava/lang/Object;)I (0 bytes) @ 0x0264ba42 [0x0264b9e0+0x62]
J 1068 C1 com.sun.jna.Function.invoke([Ljava/lang/Object;Ljava/lang/Class;Z)Ljava/lang/Object; (1154 bytes) @ 0x0263b744 [0x02639b70+0x1bd4]
J 387 C1 com.sun.jna.Function.invoke(Ljava/lang/Class;[Ljava/lang/Object;Ljava/util/Map;)Ljava/lang/Object; (526 bytes) @ 0x02534e18 [0x02534990+0x488]
J 1067 C1 com.sun.jna.Library$Handler.invoke(Ljava/lang/Object;Ljava/lang/reflect/Method;[Ljava/lang/Object;)Ljava/lang/Object; (345 bytes) @ 0x02637d0c [0x026374d0+0x83c]
j  Luxand.$Proxy0.FSDK_LoadImageFromBuffer(Lcom/sun/jna/ptr/IntByReference;[BIIII)I+52
J 282 C1 Luxand.FSDK.LoadImageFromAWTImage(LLuxand/FSDK$HImage;Ljava/awt/Image;I)I (456 bytes) @ 0x025143cc [0x02513a80+0x94c]
J 2035 C1 liverecognition.AppFace$12.run()V (720 bytes) @ 0x02547778 [0x025476b0+0xc8]
v  ~StubRoutines::call_stub

---------------  P R O C E S S  ---------------

Java Threads: ( => current thread )
=>0x00ebbc00 JavaThread "Thread-12223" [_thread_in_vm, id=11356, stack(0x00560000,0x005b0000)]
  0x00ebb000 JavaThread "Thread-0" daemon [_thread_in_native, id=2916, stack(0x16000000,0x16050000)]
  0x169aa000 JavaThread "TimerQueue" daemon [_thread_blocked, id=1088, stack(0x165e0000,0x16630000)]
  0x16871c00 JavaThread "Thread-3" [_thread_in_native, id=1440, stack(0x1ee20000,0x1ee70000)]
  0x00c5d400 JavaThread "DestroyJavaVM" [_thread_blocked, id=10976, stack(0x00ca0000,0x00cf0000)]
  0x15c62800 JavaThread "AWT-EventQueue-0" [_thread_blocked, id=1084, stack(0x15fb0000,0x16000000)]
  0x15c49400 JavaThread "AWT-Shutdown" [_thread_blocked, id=3140, stack(0x15db0000,0x15e00000)]
  0x15c48800 JavaThread "Java2D Disposer" daemon [_thread_blocked, id=13060, stack(0x155a0000,0x155f0000)]
  0x00ec1000 JavaThread "Service Thread" daemon [_thread_blocked, id=10024, stack(0x15370000,0x153c0000)]
  0x00ea2000 JavaThread "C1 CompilerThread0" daemon [_thread_blocked, id=9748, stack(0x152e0000,0x15330000)]
  0x00ea0c00 JavaThread "Attach Listener" daemon [_thread_blocked, id=12332, stack(0x15250000,0x152a0000)]
  0x00e9f000 JavaThread "Signal Dispatcher" daemon [_thread_blocked, id=9780, stack(0x151c0000,0x15210000)]
  0x00e95800 JavaThread "Finalizer" daemon [_thread_blocked, id=9132, stack(0x15010000,0x15060000)]
  0x00e37c00 JavaThread "Reference Handler" daemon [_thread_blocked, id=12208, stack(0x14950000,0x149a0000)]

Other Threads:
  0x00e34400 VMThread [stack: 0x148c0000,0x14910000] [id=11380]
  0x00ed7400 WatcherThread [stack: 0x15400000,0x15450000] [id=12904]

VM state:not at safepoint (normal execution)

VM Mutex/Monitor currently owned by a thread: None

Heap:
 def new generation   total 6912K, used 2310K [0x04400000, 0x04b80000, 0x09950000)
  eden space 6144K,  32% used [0x04400000, 0x045f92a8, 0x04a00000)
  from space 768K,  37% used [0x04a00000, 0x04a48918, 0x04ac0000)
  to   space 768K,   0% used [0x04ac0000, 0x04ac0000, 0x04b80000)
 tenured generation   total 15320K, used 12722K [0x09950000, 0x0a846000, 0x14400000)
   the space 15320K,  83% used [0x09950000, 0x0a5bc8f0, 0x0a5bca00, 0x0a846000)
 Metaspace       used 4277K, capacity 4486K, committed 4608K, reserved 5504K

Card table byte_map: [0x00f10000,0x00fa0000] byte_map_base: 0x00eee000

Polling page: 0x00cf0000

CodeCache: size=32768Kb used=1708Kb max_used=2385Kb free=31059Kb
 bounds [0x02400000, 0x02660000, 0x04400000]
 total_blobs=827 nmethods=566 adapters=191
 compilation: enabled

Compilation events (10 events):
Event: 872.807 Thread 0x00ea2000 3670             java.io.WinNTFileSystem::normalize (143 bytes)
Event: 872.808 Thread 0x00ea2000 nmethod 3670 0x025502c8 code [0x02550410, 0x025506ac]
Event: 873.386 Thread 0x00ea2000 3671             java.lang.String::hashCode (55 bytes)
Event: 873.387 Thread 0x00ea2000 nmethod 3671 0x0259b188 code [0x0259b280, 0x0259b350]
Event: 873.423 Thread 0x00ea2000 3672             sun.security.provider.SHA::implCompress (491 bytes)
Event: 873.423 Thread 0x00ea2000 nmethod 3672 0x02532d08 code [0x02532e30, 0x0253327c]
Event: 873.735 Thread 0x00ea2000 3673             java.util.ArrayList$Itr::<init> (26 bytes)
Event: 873.735 Thread 0x00ea2000 nmethod 3673 0x02502fc8 code [0x025030c0, 0x02503160]
Event: 873.735 Thread 0x00ea2000 3674             java.util.ArrayList::iterator (9 bytes)
Event: 873.735 Thread 0x00ea2000 nmethod 3674 0x0259af48 code [0x0259b040, 0x0259b120]

GC Heap History (10 events):
Event: 873.099 GC heap before
{Heap before GC invocations=7175 (full 17):
 def new generation   total 6912K, used 5935K [0x04400000, 0x04b80000, 0x09950000)
  eden space 6144K,  95% used [0x04400000, 0x049bfdf8, 0x04a00000)
  from space 768K,   6% used [0x04ac0000, 0x04acc178, 0x04b80000)
  to   space 768K,   0% used [0x04a00000, 0x04a00000, 0x04ac0000)
 tenured generation   total 15320K, used 12700K [0x09950000, 0x0a846000, 0x14400000)
   the space 15320K,  82% used [0x09950000, 0x0a5b7278, 0x0a5b7400, 0x0a846000)
 Metaspace       used 4253K, capacity 4454K, committed 4608K, reserved 5504K
Event: 873.100 GC heap after
Heap after GC invocations=7176 (full 17):
 def new generation   total 6912K, used 323K [0x04400000, 0x04b80000, 0x09950000)
  eden space 6144K,   0% used [0x04400000, 0x04400000, 0x04a00000)
  from space 768K,  42% used [0x04a00000, 0x04a50c88, 0x04ac0000)
  to   space 768K,   0% used [0x04ac0000, 0x04ac0000, 0x04b80000)
 tenured generation   total 15320K, used 12700K [0x09950000, 0x0a846000, 0x14400000)
   the space 15320K,  82% used [0x09950000, 0x0a5b7278, 0x0a5b7400, 0x0a846000)
 Metaspace       used 4253K, capacity 4454K, committed 4608K, reserved 5504K
}
Event: 873.331 GC heap before
{Heap before GC invocations=7176 (full 17):
 def new generation   total 6912K, used 6391K [0x04400000, 0x04b80000, 0x09950000)
  eden space 6144K,  98% used [0x04400000, 0x049ecfc8, 0x04a00000)
  from space 768K,  42% used [0x04a00000, 0x04a50c88, 0x04ac0000)
  to   space 768K,   0% used [0x04ac0000, 0x04ac0000, 0x04b80000)
 tenured generation   total 15320K, used 12700K [0x09950000, 0x0a846000, 0x14400000)
   the space 15320K,  82% used [0x09950000, 0x0a5b7278, 0x0a5b7400, 0x0a846000)
 Metaspace       used 4253K, capacity 4454K, committed 4608K, reserved 5504K
Event: 873.332 GC heap after
Heap after GC invocations=7177 (full 17):
 def new generation   total 6912K, used 334K [0x04400000, 0x04b80000, 0x09950000)
  eden space 6144K,   0% used [0x04400000, 0x04400000, 0x04a00000)
  from space 768K,  43% used [0x04ac0000, 0x04b138b8, 0x04b80000)
  to   space 768K,   0% used [0x04a00000, 0x04a00000, 0x04ac0000)
 tenured generation   total 15320K, used 12700K [0x09950000, 0x0a846000, 0x14400000)
   the space 15320K,  82% used [0x09950000, 0x0a5b7278, 0x0a5b7400, 0x0a846000)
 Metaspace       used 4253K, capacity 4454K, committed 4608K, reserved 5504K
}
Event: 873.435 GC heap before
{Heap before GC invocations=7177 (full 17):
 def new generation   total 6912K, used 6478K [0x04400000, 0x04b80000, 0x09950000)
  eden space 6144K, 100% used [0x04400000, 0x04a00000, 0x04a00000)
  from space 768K,  43% used [0x04ac0000, 0x04b138b8, 0x04b80000)
  to   space 768K,   0% used [0x04a00000, 0x04a00000, 0x04ac0000)
 tenured generation   total 15320K, used 12700K [0x09950000, 0x0a846000, 0x14400000)
   the space 15320K,  82% used [0x09950000, 0x0a5b7278, 0x0a5b7400, 0x0a846000)
 Metaspace       used 4253K, capacity 4454K, committed 4608K, reserved 5504K
Event: 873.436 GC heap after
Heap after GC invocations=7178 (full 17):
 def new generation   total 6912K, used 563K [0x04400000, 0x04b80000, 0x09950000)
  eden space 6144K,   0% used [0x04400000, 0x04400000, 0x04a00000)
  from space 768K,  73% used [0x04a00000, 0x04a8cec0, 0x04ac0000)
  to   space 768K,   0% used [0x04ac0000, 0x04ac0000, 0x04b80000)
 tenured generation   total 15320K, used 12700K [0x09950000, 0x0a846000, 0x14400000)
   the space 15320K,  82% used [0x09950000, 0x0a5b7278, 0x0a5b7400, 0x0a846000)
 Metaspace       used 4253K, capacity 4454K, committed 4608K, reserved 5504K
}
Event: 873.656 GC heap before
{Heap before GC invocations=7178 (full 17):
 def new generation   total 6912K, used 6707K [0x04400000, 0x04b80000, 0x09950000)
  eden space 6144K, 100% used [0x04400000, 0x04a00000, 0x04a00000)
  from space 768K,  73% used [0x04a00000, 0x04a8cec0, 0x04ac0000)
  to   space 768K,   0% used [0x04ac0000, 0x04ac0000, 0x04b80000)
 tenured generation   total 15320K, used 12700K [0x09950000, 0x0a846000, 0x14400000)
   the space 15320K,  82% used [0x09950000, 0x0a5b7278, 0x0a5b7400, 0x0a846000)
 Metaspace       used 4253K, capacity 4454K, committed 4608K, reserved 5504K
Event: 873.657 GC heap after
Heap after GC invocations=7179 (full 17):
 def new generation   total 6912K, used 553K [0x04400000, 0x04b80000, 0x09950000)
  eden space 6144K,   0% used [0x04400000, 0x04400000, 0x04a00000)
  from space 768K,  72% used [0x04ac0000, 0x04b4a498, 0x04b80000)
  to   space 768K,   0% used [0x04a00000, 0x04a00000, 0x04ac0000)
 tenured generation   total 15320K, used 12711K [0x09950000, 0x0a846000, 0x14400000)
   the space 15320K,  82% used [0x09950000, 0x0a5b9d98, 0x0a5b9e00, 0x0a846000)
 Metaspace       used 4253K, capacity 4454K, committed 4608K, reserved 5504K
}
Event: 873.768 GC heap before
{Heap before GC invocations=7179 (full 17):
 def new generation   total 6912K, used 6697K [0x04400000, 0x04b80000, 0x09950000)
  eden space 6144K, 100% used [0x04400000, 0x04a00000, 0x04a00000)
  from space 768K,  72% used [0x04ac0000, 0x04b4a498, 0x04b80000)
  to   space 768K,   0% used [0x04a00000, 0x04a00000, 0x04ac0000)
 tenured generation   total 15320K, used 12711K [0x09950000, 0x0a846000, 0x14400000)
   the space 15320K,  82% used [0x09950000, 0x0a5b9d98, 0x0a5b9e00, 0x0a846000)
 Metaspace       used 4277K, capacity 4486K, committed 4608K, reserved 5504K
Event: 873.770 GC heap after
Heap after GC invocations=7180 (full 17):
 def new generation   total 6912K, used 290K [0x04400000, 0x04b80000, 0x09950000)
  eden space 6144K,   0% used [0x04400000, 0x04400000, 0x04a00000)
  from space 768K,  37% used [0x04a00000, 0x04a48918, 0x04ac0000)
  to   space 768K,   0% used [0x04ac0000, 0x04ac0000, 0x04b80000)
 tenured generation   total 15320K, used 12722K [0x09950000, 0x0a846000, 0x14400000)
   the space 15320K,  83% used [0x09950000, 0x0a5bc8f0, 0x0a5bca00, 0x0a846000)
 Metaspace       used 4277K, capacity 4486K, committed 4608K, reserved 5504K
}

Deoptimization events (0 events):
No events

Classes redefined (0 events):
No events

Internal exceptions (10 events):
Event: 0.174 Thread 0x00c5d400 Exception <a 'java/lang/ClassNotFoundException': Tree> (0x046d37b8) thrown at [C:\re\workspace\8-2-build-windows-i586-cygwin\jdk8u171\10807\hotspot\src\share\vm\classfile\systemDictionary.cpp, line 210]
Event: 0.174 Thread 0x00c5d400 Exception <a 'java/lang/ClassNotFoundException': javax/swing/JTreeCell> (0x046d3af0) thrown at [C:\re\workspace\8-2-build-windows-i586-cygwin\jdk8u171\10807\hotspot\src\share\vm\classfile\systemDictionary.cpp, line 210]
Event: 0.174 Thread 0x00c5d400 Exception <a 'java/lang/ClassNotFoundException': TreeCell> (0x046d3f38) thrown at [C:\re\workspace\8-2-build-windows-i586-cygwin\jdk8u171\10807\hotspot\src\share\vm\classfile\systemDictionary.cpp, line 210]
Event: 0.175 Thread 0x00c5d400 Exception <a 'java/lang/ClassNotFoundException': RootPane> (0x046d48b0) thrown at [C:\re\workspace\8-2-build-windows-i586-cygwin\jdk8u171\10807\hotspot\src\share\vm\classfile\systemDictionary.cpp, line 210]
Event: 2.162 Thread 0x168df000 Exception <a 'java/io/FileNotFoundException'> (0x047aa7a8) thrown at [C:\re\workspace\8-2-build-windows-i586-cygwin\jdk8u171\10807\hotspot\src\share\vm\prims\jni.cpp, line 709]
Event: 2.170 Thread 0x168df000 Exception <a 'java/io/FileNotFoundException'> (0x0484dbb8) thrown at [C:\re\workspace\8-2-build-windows-i586-cygwin\jdk8u171\10807\hotspot\src\share\vm\prims\jni.cpp, line 709]
Event: 14.222 Thread 0x168df000 Exception <a 'java/io/FileNotFoundException'> (0x048adc88) thrown at [C:\re\workspace\8-2-build-windows-i586-cygwin\jdk8u171\10807\hotspot\src\share\vm\prims\jni.cpp, line 709]
Event: 14.223 Thread 0x168df000 Exception <a 'java/io/FileNotFoundException'> (0x048ae710) thrown at [C:\re\workspace\8-2-build-windows-i586-cygwin\jdk8u171\10807\hotspot\src\share\vm\prims\jni.cpp, line 709]
Event: 14.234 Thread 0x168df000 Exception <a 'java/io/FileNotFoundException'> (0x0442b490) thrown at [C:\re\workspace\8-2-build-windows-i586-cygwin\jdk8u171\10807\hotspot\src\share\vm\prims\jni.cpp, line 709]
Event: 14.234 Thread 0x168df000 Exception <a 'java/io/FileNotFoundException'> (0x0442bf40) thrown at [C:\re\workspace\8-2-build-windows-i586-cygwin\jdk8u171\10807\hotspot\src\share\vm\prims\jni.cpp, line 709]

Events (10 events):
Event: 873.764 Thread 0x00ebbc00 Thread added: 0x00ebbc00
Event: 873.768 Executing VM operation: GenCollectForAllocation
Event: 873.770 Executing VM operation: GenCollectForAllocation done
Event: 873.770 Executing VM operation: RevokeBias
Event: 873.770 Executing VM operation: RevokeBias done
Event: 873.770 Executing VM operation: RevokeBias
Event: 873.770 Executing VM operation: RevokeBias done
Event: 873.770 Executing VM operation: RevokeBias
Event: 873.770 Executing VM operation: RevokeBias done
Event: 873.782 Thread 0x15c4b000 Thread exited: 0x15c4b000


Dynamic libraries:
0x00fb0000 - 0x00fe3000 	C:\Program Files (x86)\Java\jdk1.8.0_171\jre\bin\java.exe
0x76f80000 - 0x77110000 	C:\WINDOWS\SYSTEM32\ntdll.dll
0x73860000 - 0x73940000 	C:\WINDOWS\System32\KERNEL32.DLL
0x757e0000 - 0x759c4000 	C:\WINDOWS\System32\KERNELBASE.dll
0x73050000 - 0x730ed000 	C:\WINDOWS\SYSTEM32\apphelp.dll
0x75ac0000 - 0x75b38000 	C:\WINDOWS\System32\ADVAPI32.dll
0x73d70000 - 0x73e2f000 	C:\WINDOWS\System32\msvcrt.dll
0x76450000 - 0x76494000 	C:\WINDOWS\System32\sechost.dll
0x75da0000 - 0x75e60000 	C:\WINDOWS\System32\RPCRT4.dll
0x73840000 - 0x73860000 	C:\WINDOWS\System32\SspiCli.dll
0x73830000 - 0x7383a000 	C:\WINDOWS\System32\CRYPTBASE.dll
0x764a0000 - 0x764f8000 	C:\WINDOWS\System32\bcryptPrimitives.dll
0x75ed0000 - 0x7605d000 	C:\WINDOWS\System32\USER32.dll
0x73c70000 - 0x73c87000 	C:\WINDOWS\System32\win32u.dll
0x76590000 - 0x765b2000 	C:\WINDOWS\System32\GDI32.dll
0x739b0000 - 0x73b14000 	C:\WINDOWS\System32\gdi32full.dll
0x76c70000 - 0x76ced000 	C:\WINDOWS\System32\msvcp_win.dll
0x76060000 - 0x7617e000 	C:\WINDOWS\System32\ucrtbase.dll
0x72d60000 - 0x72f64000 	C:\WINDOWS\WinSxS\x86_microsoft.windows.common-controls_6595b64144ccf1df_6.0.17134.112_none_42ecccf244e44518\COMCTL32.dll
0x75b40000 - 0x75d9c000 	C:\WINDOWS\System32\combase.dll
0x757b0000 - 0x757d6000 	C:\WINDOWS\System32\IMM32.DLL
0x732d0000 - 0x7338f000 	C:\Program Files (x86)\Java\jdk1.8.0_171\jre\bin\msvcr100.dll
0x72580000 - 0x72951000 	C:\Program Files (x86)\Java\jdk1.8.0_171\jre\bin\client\jvm.dll
0x759e0000 - 0x759e6000 	C:\WINDOWS\System32\PSAPI.DLL
0x73740000 - 0x73748000 	C:\WINDOWS\SYSTEM32\WSOCK32.dll
0x733e0000 - 0x73404000 	C:\WINDOWS\SYSTEM32\WINMM.dll
0x733c0000 - 0x733c8000 	C:\WINDOWS\SYSTEM32\VERSION.dll
0x75e60000 - 0x75ec7000 	C:\WINDOWS\System32\WS2_32.dll
0x732a0000 - 0x732c3000 	C:\WINDOWS\SYSTEM32\winmmbase.dll
0x76b90000 - 0x76bc9000 	C:\WINDOWS\System32\cfgmgr32.dll
0x733d0000 - 0x733dc000 	C:\Program Files (x86)\Java\jdk1.8.0_171\jre\bin\verify.dll
0x73270000 - 0x73292000 	C:\Program Files (x86)\Java\jdk1.8.0_171\jre\bin\java.dll
0x73110000 - 0x73124000 	C:\Program Files (x86)\Java\jdk1.8.0_171\jre\bin\zip.dll
0x74450000 - 0x7579a000 	C:\WINDOWS\System32\SHELL32.dll
0x73e90000 - 0x73f18000 	C:\WINDOWS\System32\shcore.dll
0x765c0000 - 0x76b7a000 	C:\WINDOWS\System32\windows.storage.dll
0x73f20000 - 0x73f65000 	C:\WINDOWS\System32\shlwapi.dll
0x76b80000 - 0x76b8f000 	C:\WINDOWS\System32\kernel.appcore.dll
0x743a0000 - 0x743b8000 	C:\WINDOWS\System32\profapi.dll
0x73e30000 - 0x73e75000 	C:\WINDOWS\System32\powrprof.dll
0x73e80000 - 0x73e88000 	C:\WINDOWS\System32\FLTLIB.DLL
0x72b20000 - 0x72c65000 	C:\Program Files (x86)\Java\jdk1.8.0_171\jre\bin\awt.dll
0x76bd0000 - 0x76c66000 	C:\WINDOWS\System32\OLEAUT32.dll
0x72cd0000 - 0x72d4c000 	C:\WINDOWS\system32\uxtheme.dll
0x73b20000 - 0x73c64000 	C:\WINDOWS\System32\MSCTF.dll
0x70d40000 - 0x70d63000 	C:\WINDOWS\system32\dwmapi.dll
0x76350000 - 0x7644c000 	C:\WINDOWS\System32\ole32.dll
0x72a00000 - 0x72a39000 	C:\Program Files (x86)\Java\jdk1.8.0_171\jre\bin\fontmanager.dll
0x72a40000 - 0x72b19000 	C:\WINDOWS\system32\opengl32.dll
0x72f70000 - 0x72faf000 	C:\WINDOWS\SYSTEM32\GLU32.dll
0x730f0000 - 0x73105000 	C:\Program Files (x86)\Java\jdk1.8.0_171\jre\bin\net.dll
0x736d0000 - 0x73726000 	C:\WINDOWS\system32\mswsock.dll
0x73260000 - 0x7326f000 	C:\Program Files (x86)\Java\jdk1.8.0_171\jre\bin\nio.dll
0x72540000 - 0x72572000 	C:\Program Files (x86)\Java\jdk1.8.0_171\jre\bin\t2k.dll
0x16c20000 - 0x1a3e2000 	D:\development\App Java\face\facewithRaspberry\appDesktop\facesdk.dll
0x73610000 - 0x73640000 	C:\WINDOWS\SYSTEM32\IPHLPAPI.DLL
0x73030000 - 0x73043000 	C:\WINDOWS\SYSTEM32\CRYPTSP.dll
0x73000000 - 0x7302f000 	C:\WINDOWS\system32\rsaenh.dll
0x73590000 - 0x735a9000 	C:\WINDOWS\SYSTEM32\bcrypt.dll
0x73390000 - 0x733b1000 	C:\WINDOWS\SYSTEM32\USERENV.dll
0x73940000 - 0x73947000 	C:\WINDOWS\System32\NSI.dll
0x710b0000 - 0x710c3000 	C:\WINDOWS\SYSTEM32\dhcpcsvc6.DLL
0x71090000 - 0x710a4000 	C:\WINDOWS\SYSTEM32\dhcpcsvc.DLL
0x161a0000 - 0x161f5000 	C:\Users\Alex\AppData\Local\Temp\jna8057277311796000240.dll
0x70bb0000 - 0x70d32000 	C:\WINDOWS\SYSTEM32\dbghelp.dll
0x70b30000 - 0x70bae000 	C:\WINDOWS\System32\TextInputFramework.dll
0x70840000 - 0x708cb000 	C:\WINDOWS\System32\CoreMessaging.dll
0x708d0000 - 0x70b2d000 	C:\WINDOWS\System32\CoreUIComponents.dll
0x70810000 - 0x70839000 	C:\WINDOWS\SYSTEM32\ntmarta.dll
0x70730000 - 0x70806000 	C:\WINDOWS\SYSTEM32\wintypes.dll
0x72480000 - 0x724a4000 	C:\Program Files (x86)\Java\jdk1.8.0_171\jre\bin\dcpr.dll
0x163e0000 - 0x163e7000 	C:\Program Files (x86)\Internet Download Manager\idmmkb.dll
0x704f0000 - 0x70516000 	C:\Program Files (x86)\Java\jdk1.8.0_171\jre\bin\jpeg.dll
0x73640000 - 0x736ce000 	C:\WINDOWS\SYSTEM32\DNSAPI.dll
0x73600000 - 0x73608000 	C:\Windows\System32\rasadhlp.dll
0x735b0000 - 0x735ff000 	C:\WINDOWS\System32\fwpuclnt.dll
0x70f80000 - 0x70f91000 	C:\WINDOWS\system32\napinsp.dll
0x706d0000 - 0x706e6000 	C:\WINDOWS\system32\pnrpnsp.dll
0x706b0000 - 0x706c3000 	C:\WINDOWS\system32\NLAapi.dll
0x706a0000 - 0x706ac000 	C:\WINDOWS\System32\winrnr.dll
0x70680000 - 0x70691000 	C:\WINDOWS\System32\wshbth.dll
0x743c0000 - 0x74443000 	C:\WINDOWS\System32\clbcatq.dll
0x72180000 - 0x722f1000 	C:\WINDOWS\SYSTEM32\WindowsCodecs.dll
0x706f0000 - 0x70710000 	C:\Program Files (x86)\Java\jdk1.8.0_171\jre\bin\sunec.dll
0x70d70000 - 0x70d79000 	C:\Program Files (x86)\Java\jdk1.8.0_171\jre\bin\sunmscapi.dll
0x76cf0000 - 0x76e86000 	C:\WINDOWS\System32\CRYPT32.dll
0x759d0000 - 0x759de000 	C:\WINDOWS\System32\MSASN1.dll

VM Arguments:
jvm_args: -Dfile.encoding=UTF-8 
java_command: liverecognition.AppFace
java_class_path (initial): D:\development\App Java\face\facewithRaspberry\appDesktop\FaceSDK.jar;D:\development\App Java\face\facewithRaspberry\appDesktop\jna.jar;D:\development\App Java\face\facewithRaspberry\appDesktop\lib\mail.jar;D:\development\App Java\face\facewithRaspberry\appDesktop\lib\swingx-1.6.1.jar;D:\development\App Java\face\facewithRaspberry\appDesktop\lib\jfoenix-8.0.4.jar;D:\development\App Java\face\facewithRaspberry\appDesktop\build\classes
Launcher Type: SUN_STANDARD

Environment Variables:
PATH=C:\Program Files (x86)\Common Files\Oracle\Java\javapath;C:\Python27\;C:\Python27\Scripts;C:\WINDOWS\system32;C:\WINDOWS;C:\WINDOWS\System32\Wbem;C:\WINDOWS\System32\WindowsPowerShell\v1.0\;C:\Program Files\Git\cmd;C:\Program Files\dotnet\;C:\Program Files\Microsoft SQL Server\130\Tools\Binn\;C:\Program Files\Microsoft SQL Server\Client SDK\ODBC\130\Tools\Binn\;C:\Program Files (x86)\Microsoft SQL Server\130\Tools\Binn\;C:\Program Files\Microsoft SQL Server\130\DTS\Binn\;C:\Program Files (x86)\Microsoft SQL Server\Client SDK\ODBC\130\Tools\Binn\;C:\Program Files (x86)\Microsoft SQL Server\140\Tools\Binn\;C:\Program Files (x86)\Microsoft SQL Server\140\DTS\Binn\;C:\Program Files (x86)\Microsoft SQL Server\140\Tools\Binn\ManagementStudio\;C:\xampp\php;C:\ProgramData\ComposerSetup\bin;C:\Program Files\SlikSvn\bin;C:\Program Files\Java\apache-maven-3.5.3\bin;C:\Program Files (x86)\Java\jdk1.8.0_171;C:\Program Files (x86)\Java\jdk1.8.0_171\bin;C:\Program Files (x86)\Java\jdk1.8.0_171\lib;C:\Program Files (x86)\Java\jdk1.8.0_171\jre;C:\Program Files (x86)\Java\jdk1.8.0_171\jre\bin;C:\Program Files (x86)\Java\jdk1.8.0_171\jre\lib;C:\WINDOWS\System32\OpenSSH\;C:\Program Files (x86)\CMake\bin;C:\Program Files\nodejs\;C:\Users\Alex\AppData\Local\Microsoft\WindowsApps;C:\Users\Alex\AppData\Roaming\Composer\vendor\bin;C:\Program Files\Java\apache-maven-3.5.3\bin;;C:\Program Files\Microsoft VS Code\bin;C:\Users\Alex\AppData\Roaming\npm
USERNAME=Alex
OS=Windows_NT
PROCESSOR_IDENTIFIER=Intel64 Family 6 Model 42 Stepping 7, GenuineIntel



---------------  S Y S T E M  ---------------

OS: Windows 10.0 , 64 bit Build 17134 (10.0.17134.1)

CPU:total 4 (initial active 4) (2 cores per cpu, 2 threads per core) family 6 model 42 stepping 7, cmov, cx8, fxsr, mmx, sse, sse2, sse3, ssse3, sse4.1, sse4.2, popcnt, avx, aes, clmul, ht, tsc, tscinvbit

Memory: 4k page, physical 8294284k(3649620k free), swap 12750732k(3223992k free)

vm_info: Java HotSpot(TM) Client VM (25.171-b11) for windows-x86 JRE (1.8.0_171-b11), built on Mar 28 2018 14:51:22 by "java_re" with MS VC++ 10.0 (VS2010)

time: Tue Jun 26 16:05:35 2018
elapsed time: 873 seconds (0d 0h 14m 33s)

