#
# A fatal error has been detected by the Java Runtime Environment:
#
#  EXCEPTION_ACCESS_VIOLATION (0xc0000005) at pc=0x722c7739, pid=7564, tid=0x00000e44
#
# JRE version: Java(TM) SE Runtime Environment (8.0_171-b11) (build 1.8.0_171-b11)
# Java VM: Java HotSpot(TM) Client VM (25.171-b11 mixed mode windows-x86 )
# Problematic frame:
# V  [jvm.dll+0xd7739]
#
# Failed to write core dump. Minidumps are not enabled by default on client versions of Windows
#
# If you would like to submit a bug report, please visit:
#   http://bugreport.java.com/bugreport/crash.jsp
#

---------------  T H R E A D  ---------------

Current thread (0x16724400):  JavaThread "Thread-116" [_thread_in_vm, id=3652, stack(0x15cc0000,0x15d10000)]

siginfo: ExceptionCode=0xc0000005, reading address 0x00000000

Registers:
EAX=0x00000000, EBX=0x154b6301, ECX=0x00000000, EDX=0x00000000
ESP=0x15d0eddc, EBP=0x15d0ede8, ESI=0x154b6380, EDI=0x16724400
EIP=0x722c7739, EFLAGS=0x00010202

Top of Stack: (sp=0x15d0eddc)
0x15d0eddc:   15d0eed0 00000000 154b6380 15d0f0d8
0x15d0edec:   1ab14228 16724540 154b6380 00000000
0x15d0edfc:   02d5daf1 16724540 0506fdd0 02d5ddc1
0x15d0ee0c:   0000027f 00000000 0000ffff 00000030
0x15d0ee1c:   1ab141b7 15d0ee4c 14f0fa48 00000000
0x15d0ee2c:   14ea4b78 00000000 15d0ee48 15d0ee78
0x15d0ee3c:   02d547c4 0506fdd0 02d5a1e6 00000030
0x15d0ee4c:   1ab141a3 00000005 00000000 15d0ee50 

Instructions: (pc=0x722c7739)
0x722c7719:   1a 0a 00 33 ff eb 02 8b f9 6a 06 57 e8 b6 fc f2
0x722c7729:   ff 8b 75 0c 83 c4 08 b3 01 85 f6 74 39 8b 45 10
0x722c7739:   8b 00 50 32 db e8 1d b0 f6 ff 83 c4 04 85 c0 74
0x722c7749:   25 8b 0e 8b 49 04 8b 50 08 39 04 0a 75 04 b0 01 


Register to memory mapping:

EAX=0x00000000 is an unknown value
EBX=0x154b6301 is an unknown value
ECX=0x00000000 is an unknown value
EDX=0x00000000 is an unknown value
ESP=0x15d0eddc is pointing into the stack for thread: 0x16724400
EBP=0x15d0ede8 is pointing into the stack for thread: 0x16724400
ESI=0x154b6380 is an unknown value
EDI=0x16724400 is a thread


Stack: [0x15cc0000,0x15d10000],  sp=0x15d0eddc,  free space=315k
Native frames: (J=compiled Java code, j=interpreted, Vv=VM code, C=native code)
V  [jvm.dll+0xd7739]
C  [jna146481527855632285.dll+0x4228]
C  [jna146481527855632285.dll+0x4d0e]
j  com.sun.jna.Native.invokeInt(JI[Ljava/lang/Object;)I+0
j  com.sun.jna.Function.invoke([Ljava/lang/Object;Ljava/lang/Class;Z)Ljava/lang/Object;+333
J 369 C1 com.sun.jna.Function.invoke(Ljava/lang/Class;[Ljava/lang/Object;Ljava/util/Map;)Ljava/lang/Object; (526 bytes) @ 0x02e7d798 [0x02e7d310+0x488]
j  com.sun.jna.Library$Handler.invoke(Ljava/lang/Object;Ljava/lang/reflect/Method;[Ljava/lang/Object;)Ljava/lang/Object;+341
j  Luxand.$Proxy0.FSDK_LoadImageFromBuffer(Lcom/sun/jna/ptr/IntByReference;[BIIII)I+52
J 304 C1 Luxand.FSDK.LoadImageFromAWTImage(LLuxand/FSDK$HImage;Ljava/awt/Image;I)I (456 bytes) @ 0x02e70acc [0x02e70180+0x94c]
j  liverecognition.AppFace$12.run()V+28
v  ~StubRoutines::call_stub
V  [jvm.dll+0x15b985]
V  [jvm.dll+0x22262e]
V  [jvm.dll+0x15ba1e]
V  [jvm.dll+0x15bba6]
V  [jvm.dll+0x15bc17]
V  [jvm.dll+0xffb3f]
V  [jvm.dll+0x17eb50]
V  [jvm.dll+0x17f3ca]
V  [jvm.dll+0x1c3fe6]
C  [msvcr100.dll+0x5c556]
C  [msvcr100.dll+0x5c600]
C  [KERNEL32.DLL+0x18484]
C  [ntdll.dll+0x62fea]
C  [ntdll.dll+0x62fba]
C  0x00000000

Java frames: (J=compiled Java code, j=interpreted, Vv=VM code)
j  com.sun.jna.Native.invokeInt(JI[Ljava/lang/Object;)I+0
j  com.sun.jna.Function.invoke([Ljava/lang/Object;Ljava/lang/Class;Z)Ljava/lang/Object;+333
J 369 C1 com.sun.jna.Function.invoke(Ljava/lang/Class;[Ljava/lang/Object;Ljava/util/Map;)Ljava/lang/Object; (526 bytes) @ 0x02e7d798 [0x02e7d310+0x488]
j  com.sun.jna.Library$Handler.invoke(Ljava/lang/Object;Ljava/lang/reflect/Method;[Ljava/lang/Object;)Ljava/lang/Object;+341
j  Luxand.$Proxy0.FSDK_LoadImageFromBuffer(Lcom/sun/jna/ptr/IntByReference;[BIIII)I+52
J 304 C1 Luxand.FSDK.LoadImageFromAWTImage(LLuxand/FSDK$HImage;Ljava/awt/Image;I)I (456 bytes) @ 0x02e70acc [0x02e70180+0x94c]
j  liverecognition.AppFace$12.run()V+28
v  ~StubRoutines::call_stub

---------------  P R O C E S S  ---------------

Java Threads: ( => current thread )
=>0x16724400 JavaThread "Thread-116" [_thread_in_vm, id=3652, stack(0x15cc0000,0x15d10000)]
  0x168df800 JavaThread "WebSocketTimer" [_thread_blocked, id=1928, stack(0x20060000,0x200b0000)]
  0x168ce000 JavaThread "WebSocketWriteThread-19" [_thread_blocked, id=13076, stack(0x1f6d0000,0x1f720000)]
  0x168bd000 JavaThread "WebSocketConnectReadThread-18" [_thread_in_native, id=2980, stack(0x1f400000,0x1f450000)]
  0x168bc800 JavaThread "Thread-3" [_thread_in_native, id=10484, stack(0x1f370000,0x1f3c0000)]
  0x02d4d400 JavaThread "DestroyJavaVM" [_thread_blocked, id=3156, stack(0x02ae0000,0x02b30000)]
  0x166b8000 JavaThread "AWT-EventQueue-0" [_thread_blocked, id=7364, stack(0x15e10000,0x15e60000)]
  0x154e5c00 JavaThread "AWT-Shutdown" [_thread_blocked, id=13184, stack(0x15c30000,0x15c80000)]
  0x154e5000 JavaThread "Java2D Disposer" daemon [_thread_blocked, id=7408, stack(0x15ba0000,0x15bf0000)]
  0x15326800 JavaThread "Service Thread" daemon [_thread_blocked, id=7652, stack(0x15970000,0x159c0000)]
  0x15320400 JavaThread "C1 CompilerThread0" daemon [_thread_blocked, id=11504, stack(0x158e0000,0x15930000)]
  0x1531f400 JavaThread "Attach Listener" daemon [_thread_blocked, id=11068, stack(0x15850000,0x158a0000)]
  0x1531d400 JavaThread "Signal Dispatcher" daemon [_thread_blocked, id=2184, stack(0x157c0000,0x15810000)]
  0x1530ac00 JavaThread "Finalizer" daemon [_thread_blocked, id=9020, stack(0x15610000,0x15660000)]
  0x152f6000 JavaThread "Reference Handler" daemon [_thread_blocked, id=4200, stack(0x15580000,0x155d0000)]

Other Threads:
  0x152f0400 VMThread [stack: 0x154f0000,0x15540000] [id=12704]
  0x1532d400 WatcherThread [stack: 0x15a00000,0x15a50000] [id=8420]

VM state:not at safepoint (normal execution)

VM Mutex/Monitor currently owned by a thread: None

Heap:
 def new generation   total 4992K, used 3236K [0x04e00000, 0x05360000, 0x0a350000)
  eden space 4480K,  63% used [0x04e00000, 0x050cb740, 0x05260000)
  from space 512K,  73% used [0x052e0000, 0x0533db70, 0x05360000)
  to   space 512K,   0% used [0x05260000, 0x05260000, 0x052e0000)
 tenured generation   total 10944K, used 6306K [0x0a350000, 0x0ae00000, 0x14e00000)
   the space 10944K,  57% used [0x0a350000, 0x0a978b00, 0x0a978c00, 0x0ae00000)
 Metaspace       used 8672K, capacity 8860K, committed 8960K, reserved 9600K

Card table byte_map: [0x14e00000,0x14e90000] byte_map_base: 0x14dd9000

Polling page: 0x012e0000

CodeCache: size=32768Kb used=1279Kb max_used=1279Kb free=31488Kb
 bounds [0x02d50000, 0x02e90000, 0x04d50000]
 total_blobs=640 nmethods=388 adapters=183
 compilation: enabled

Compilation events (10 events):
Event: 7.226 Thread 0x15320400  389   !         java.awt.Container::getMouseEventTargetImpl (255 bytes)
Event: 7.227 Thread 0x15320400 nmethod 389 0x02e8c188 code [0x02e8c330, 0x02e8c9f4]
Event: 7.379 Thread 0x15320400  390             java.util.concurrent.locks.AbstractOwnableSynchronizer::getExclusiveOwnerThread (5 bytes)
Event: 7.379 Thread 0x15320400 nmethod 390 0x02e8d048 code [0x02e8d140, 0x02e8d1c0]
Event: 7.460 Thread 0x15320400  391             java.lang.Integer::intValue (5 bytes)
Event: 7.460 Thread 0x15320400 nmethod 391 0x02e8d208 code [0x02e8d300, 0x02e8d380]
Event: 7.953 Thread 0x15320400  392             java.lang.ref.Reference::<init> (7 bytes)
Event: 7.954 Thread 0x15320400 nmethod 392 0x02e8d3c8 code [0x02e8d4c0, 0x02e8d580]
Event: 7.997 Thread 0x15320400  393             sun.awt.image.ByteComponentRaster::verify (566 bytes)
Event: 7.999 Thread 0x15320400 nmethod 393 0x02e8d608 code [0x02e8d9c0, 0x02e8ebdc]

GC Heap History (10 events):
Event: 7.505 GC heap before
{Heap before GC invocations=42 (full 1):
 def new generation   total 4992K, used 4854K [0x04e00000, 0x05360000, 0x0a350000)
  eden space 4480K, 100% used [0x04e00000, 0x05260000, 0x05260000)
  from space 512K,  73% used [0x05260000, 0x052bd968, 0x052e0000)
  to   space 512K,   0% used [0x052e0000, 0x052e0000, 0x05360000)
 tenured generation   total 10944K, used 5441K [0x0a350000, 0x0ae00000, 0x14e00000)
   the space 10944K,  49% used [0x0a350000, 0x0a8a0448, 0x0a8a0600, 0x0ae00000)
 Metaspace       used 8656K, capacity 8828K, committed 8960K, reserved 9600K
Event: 7.506 GC heap after
Heap after GC invocations=43 (full 1):
 def new generation   total 4992K, used 262K [0x04e00000, 0x05360000, 0x0a350000)
  eden space 4480K,   0% used [0x04e00000, 0x04e00000, 0x05260000)
  from space 512K,  51% used [0x052e0000, 0x05321968, 0x05360000)
  to   space 512K,   0% used [0x05260000, 0x05260000, 0x052e0000)
 tenured generation   total 10944K, used 5451K [0x0a350000, 0x0ae00000, 0x14e00000)
   the space 10944K,  49% used [0x0a350000, 0x0a8a2f78, 0x0a8a3000, 0x0ae00000)
 Metaspace       used 8656K, capacity 8828K, committed 8960K, reserved 9600K
}
Event: 7.644 GC heap before
{Heap before GC invocations=43 (full 1):
 def new generation   total 4992K, used 4742K [0x04e00000, 0x05360000, 0x0a350000)
  eden space 4480K, 100% used [0x04e00000, 0x05260000, 0x05260000)
  from space 512K,  51% used [0x052e0000, 0x05321968, 0x05360000)
  to   space 512K,   0% used [0x05260000, 0x05260000, 0x052e0000)
 tenured generation   total 10944K, used 5451K [0x0a350000, 0x0ae00000, 0x14e00000)
   the space 10944K,  49% used [0x0a350000, 0x0a8a2f78, 0x0a8a3000, 0x0ae00000)
 Metaspace       used 8656K, capacity 8828K, committed 8960K, reserved 9600K
Event: 7.645 GC heap after
Heap after GC invocations=44 (full 1):
 def new generation   total 4992K, used 240K [0x04e00000, 0x05360000, 0x0a350000)
  eden space 4480K,   0% used [0x04e00000, 0x04e00000, 0x05260000)
  from space 512K,  47% used [0x05260000, 0x0529c3f8, 0x052e0000)
  to   space 512K,   0% used [0x052e0000, 0x052e0000, 0x05360000)
 tenured generation   total 10944K, used 5761K [0x0a350000, 0x0ae00000, 0x14e00000)
   the space 10944K,  52% used [0x0a350000, 0x0a8f07e8, 0x0a8f0800, 0x0ae00000)
 Metaspace       used 8656K, capacity 8828K, committed 8960K, reserved 9600K
}
Event: 7.778 GC heap before
{Heap before GC invocations=44 (full 1):
 def new generation   total 4992K, used 4619K [0x04e00000, 0x05360000, 0x0a350000)
  eden space 4480K,  97% used [0x04e00000, 0x05246848, 0x05260000)
  from space 512K,  47% used [0x05260000, 0x0529c3f8, 0x052e0000)
  to   space 512K,   0% used [0x052e0000, 0x052e0000, 0x05360000)
 tenured generation   total 10944K, used 5761K [0x0a350000, 0x0ae00000, 0x14e00000)
   the space 10944K,  52% used [0x0a350000, 0x0a8f07e8, 0x0a8f0800, 0x0ae00000)
 Metaspace       used 8656K, capacity 8828K, committed 8960K, reserved 9600K
Event: 7.779 GC heap after
Heap after GC invocations=45 (full 1):
 def new generation   total 4992K, used 321K [0x04e00000, 0x05360000, 0x0a350000)
  eden space 4480K,   0% used [0x04e00000, 0x04e00000, 0x05260000)
  from space 512K,  62% used [0x052e0000, 0x05330650, 0x05360000)
  to   space 512K,   0% used [0x05260000, 0x05260000, 0x052e0000)
 tenured generation   total 10944K, used 5986K [0x0a350000, 0x0ae00000, 0x14e00000)
   the space 10944K,  54% used [0x0a350000, 0x0a928bf8, 0x0a928c00, 0x0ae00000)
 Metaspace       used 8656K, capacity 8828K, committed 8960K, reserved 9600K
}
Event: 7.890 GC heap before
{Heap before GC invocations=45 (full 1):
 def new generation   total 4992K, used 4576K [0x04e00000, 0x05360000, 0x0a350000)
  eden space 4480K,  94% used [0x04e00000, 0x05227c68, 0x05260000)
  from space 512K,  62% used [0x052e0000, 0x05330650, 0x05360000)
  to   space 512K,   0% used [0x05260000, 0x05260000, 0x052e0000)
 tenured generation   total 10944K, used 5986K [0x0a350000, 0x0ae00000, 0x14e00000)
   the space 10944K,  54% used [0x0a350000, 0x0a928bf8, 0x0a928c00, 0x0ae00000)
 Metaspace       used 8656K, capacity 8828K, committed 8960K, reserved 9600K
Event: 7.891 GC heap after
Heap after GC invocations=46 (full 1):
 def new generation   total 4992K, used 311K [0x04e00000, 0x05360000, 0x0a350000)
  eden space 4480K,   0% used [0x04e00000, 0x04e00000, 0x05260000)
  from space 512K,  60% used [0x05260000, 0x052adff0, 0x052e0000)
  to   space 512K,   0% used [0x052e0000, 0x052e0000, 0x05360000)
 tenured generation   total 10944K, used 5997K [0x0a350000, 0x0ae00000, 0x14e00000)
   the space 10944K,  54% used [0x0a350000, 0x0a92b448, 0x0a92b600, 0x0ae00000)
 Metaspace       used 8656K, capacity 8828K, committed 8960K, reserved 9600K
}
Event: 8.077 GC heap before
{Heap before GC invocations=46 (full 1):
 def new generation   total 4992K, used 4671K [0x04e00000, 0x05360000, 0x0a350000)
  eden space 4480K,  97% used [0x04e00000, 0x05241df8, 0x05260000)
  from space 512K,  60% used [0x05260000, 0x052adff0, 0x052e0000)
  to   space 512K,   0% used [0x052e0000, 0x052e0000, 0x05360000)
 tenured generation   total 10944K, used 5997K [0x0a350000, 0x0ae00000, 0x14e00000)
   the space 10944K,  54% used [0x0a350000, 0x0a92b448, 0x0a92b600, 0x0ae00000)
 Metaspace       used 8656K, capacity 8828K, committed 8960K, reserved 9600K
Event: 8.078 GC heap after
Heap after GC invocations=47 (full 1):
 def new generation   total 4992K, used 374K [0x04e00000, 0x05360000, 0x0a350000)
  eden space 4480K,   0% used [0x04e00000, 0x04e00000, 0x05260000)
  from space 512K,  73% used [0x052e0000, 0x0533db70, 0x05360000)
  to   space 512K,   0% used [0x05260000, 0x05260000, 0x052e0000)
 tenured generation   total 10944K, used 6306K [0x0a350000, 0x0ae00000, 0x14e00000)
   the space 10944K,  57% used [0x0a350000, 0x0a978b00, 0x0a978c00, 0x0ae00000)
 Metaspace       used 8656K, capacity 8828K, committed 8960K, reserved 9600K
}

Deoptimization events (0 events):
No events

Classes redefined (0 events):
No events

Internal exceptions (10 events):
Event: 0.318 Thread 0x02d4d400 Exception <a 'java/lang/ClassNotFoundException': ToolBar> (0x051101c0) thrown at [C:\re\workspace\8-2-build-windows-i586-cygwin\jdk8u171\10807\hotspot\src\share\vm\classfile\systemDictionary.cpp, line 210]
Event: 0.318 Thread 0x02d4d400 Exception <a 'java/lang/ClassNotFoundException': ToggleButton> (0x05110708) thrown at [C:\re\workspace\8-2-build-windows-i586-cygwin\jdk8u171\10807\hotspot\src\share\vm\classfile\systemDictionary.cpp, line 210]
Event: 0.318 Thread 0x02d4d400 Exception <a 'java/lang/ClassNotFoundException': javax/swing/JToolBarSeparator> (0x05110b10) thrown at [C:\re\workspace\8-2-build-windows-i586-cygwin\jdk8u171\10807\hotspot\src\share\vm\classfile\systemDictionary.cpp, line 210]
Event: 0.318 Thread 0x02d4d400 Exception <a 'java/lang/ClassNotFoundException': ToolBarSeparator> (0x05110f68) thrown at [C:\re\workspace\8-2-build-windows-i586-cygwin\jdk8u171\10807\hotspot\src\share\vm\classfile\systemDictionary.cpp, line 210]
Event: 0.318 Thread 0x02d4d400 Exception <a 'java/lang/ClassNotFoundException': ToolTip> (0x05111610) thrown at [C:\re\workspace\8-2-build-windows-i586-cygwin\jdk8u171\10807\hotspot\src\share\vm\classfile\systemDictionary.cpp, line 210]
Event: 0.319 Thread 0x02d4d400 Exception <a 'java/lang/ClassNotFoundException': Tree> (0x051120f8) thrown at [C:\re\workspace\8-2-build-windows-i586-cygwin\jdk8u171\10807\hotspot\src\share\vm\classfile\systemDictionary.cpp, line 210]
Event: 0.320 Thread 0x02d4d400 Exception <a 'java/lang/ClassNotFoundException': Tree> (0x05112798) thrown at [C:\re\workspace\8-2-build-windows-i586-cygwin\jdk8u171\10807\hotspot\src\share\vm\classfile\systemDictionary.cpp, line 210]
Event: 0.320 Thread 0x02d4d400 Exception <a 'java/lang/ClassNotFoundException': javax/swing/JTreeCell> (0x05112ad0) thrown at [C:\re\workspace\8-2-build-windows-i586-cygwin\jdk8u171\10807\hotspot\src\share\vm\classfile\systemDictionary.cpp, line 210]
Event: 0.320 Thread 0x02d4d400 Exception <a 'java/lang/ClassNotFoundException': TreeCell> (0x05112f18) thrown at [C:\re\workspace\8-2-build-windows-i586-cygwin\jdk8u171\10807\hotspot\src\share\vm\classfile\systemDictionary.cpp, line 210]
Event: 0.320 Thread 0x02d4d400 Exception <a 'java/lang/ClassNotFoundException': RootPane> (0x05113890) thrown at [C:\re\workspace\8-2-build-windows-i586-cygwin\jdk8u171\10807\hotspot\src\share\vm\classfile\systemDictionary.cpp, line 210]

Events (10 events):
Event: 8.106 loading class java/lang/ProcessImpl done
Event: 8.125 Thread 0x154e6800 Thread exited: 0x154e6800
Event: 8.130 loading class java/lang/ProcessImpl$2
Event: 8.131 loading class java/lang/ProcessImpl$2 done
Event: 8.131 Thread 0x16725c00 Thread exited: 0x16725c00
Event: 8.164 Thread 0x16724400 Thread added: 0x16724400
Event: 8.164 Thread 0x16725800 Thread added: 0x16725800
Event: 8.165 Executing VM operation: RevokeBias
Event: 8.165 Executing VM operation: RevokeBias done
Event: 8.165 Thread 0x16725800 Thread exited: 0x16725800


Dynamic libraries:
0x000f0000 - 0x00123000 	C:\Program Files (x86)\Java\jdk1.8.0_171\jre\bin\java.exe
0x76f80000 - 0x77110000 	C:\WINDOWS\SYSTEM32\ntdll.dll
0x73860000 - 0x73940000 	C:\WINDOWS\System32\KERNEL32.DLL
0x757e0000 - 0x759c4000 	C:\WINDOWS\System32\KERNELBASE.dll
0x72720000 - 0x727bd000 	C:\WINDOWS\SYSTEM32\apphelp.dll
0x75ac0000 - 0x75b38000 	C:\WINDOWS\System32\ADVAPI32.dll
0x73d70000 - 0x73e2f000 	C:\WINDOWS\System32\msvcrt.dll
0x76450000 - 0x76494000 	C:\WINDOWS\System32\sechost.dll
0x75da0000 - 0x75e60000 	C:\WINDOWS\System32\RPCRT4.dll
0x73840000 - 0x73860000 	C:\WINDOWS\System32\SspiCli.dll
0x73830000 - 0x7383a000 	C:\WINDOWS\System32\CRYPTBASE.dll
0x764a0000 - 0x764f8000 	C:\WINDOWS\System32\bcryptPrimitives.dll
0x75ed0000 - 0x7605d000 	C:\WINDOWS\System32\USER32.dll
0x73c70000 - 0x73c87000 	C:\WINDOWS\System32\win32u.dll
0x76590000 - 0x765b2000 	C:\WINDOWS\System32\GDI32.dll
0x739b0000 - 0x73b14000 	C:\WINDOWS\System32\gdi32full.dll
0x76c70000 - 0x76ced000 	C:\WINDOWS\System32\msvcp_win.dll
0x76060000 - 0x7617e000 	C:\WINDOWS\System32\ucrtbase.dll
0x72d80000 - 0x72f84000 	C:\WINDOWS\WinSxS\x86_microsoft.windows.common-controls_6595b64144ccf1df_6.0.17134.112_none_42ecccf244e44518\COMCTL32.dll
0x75b40000 - 0x75d9c000 	C:\WINDOWS\System32\combase.dll
0x757b0000 - 0x757d6000 	C:\WINDOWS\System32\IMM32.DLL
0x725d0000 - 0x7268f000 	C:\Program Files (x86)\Java\jdk1.8.0_171\jre\bin\msvcr100.dll
0x721f0000 - 0x725c1000 	C:\Program Files (x86)\Java\jdk1.8.0_171\jre\bin\client\jvm.dll
0x759e0000 - 0x759e6000 	C:\WINDOWS\System32\PSAPI.DLL
0x73740000 - 0x73748000 	C:\WINDOWS\SYSTEM32\WSOCK32.dll
0x721c0000 - 0x721e4000 	C:\WINDOWS\SYSTEM32\WINMM.dll
0x733c0000 - 0x733c8000 	C:\WINDOWS\SYSTEM32\VERSION.dll
0x75e60000 - 0x75ec7000 	C:\WINDOWS\System32\WS2_32.dll
0x72190000 - 0x721b3000 	C:\WINDOWS\SYSTEM32\winmmbase.dll
0x76b90000 - 0x76bc9000 	C:\WINDOWS\System32\cfgmgr32.dll
0x72180000 - 0x7218c000 	C:\Program Files (x86)\Java\jdk1.8.0_171\jre\bin\verify.dll
0x72150000 - 0x72172000 	C:\Program Files (x86)\Java\jdk1.8.0_171\jre\bin\java.dll
0x72130000 - 0x72144000 	C:\Program Files (x86)\Java\jdk1.8.0_171\jre\bin\zip.dll
0x74450000 - 0x7579a000 	C:\WINDOWS\System32\SHELL32.dll
0x73e90000 - 0x73f18000 	C:\WINDOWS\System32\shcore.dll
0x765c0000 - 0x76b7a000 	C:\WINDOWS\System32\windows.storage.dll
0x73f20000 - 0x73f65000 	C:\WINDOWS\System32\shlwapi.dll
0x76b80000 - 0x76b8f000 	C:\WINDOWS\System32\kernel.appcore.dll
0x743a0000 - 0x743b8000 	C:\WINDOWS\System32\profapi.dll
0x73e30000 - 0x73e75000 	C:\WINDOWS\System32\powrprof.dll
0x73e80000 - 0x73e88000 	C:\WINDOWS\System32\FLTLIB.DLL
0x71f70000 - 0x720b5000 	C:\Program Files (x86)\Java\jdk1.8.0_171\jre\bin\awt.dll
0x76bd0000 - 0x76c66000 	C:\WINDOWS\System32\OLEAUT32.dll
0x72cf0000 - 0x72d6c000 	C:\WINDOWS\system32\uxtheme.dll
0x73b20000 - 0x73c64000 	C:\WINDOWS\System32\MSCTF.dll
0x71ea0000 - 0x71ec3000 	C:\WINDOWS\system32\dwmapi.dll
0x76350000 - 0x7644c000 	C:\WINDOWS\System32\ole32.dll
0x71c80000 - 0x71cb9000 	C:\Program Files (x86)\Java\jdk1.8.0_171\jre\bin\fontmanager.dll
0x71d90000 - 0x71e69000 	C:\WINDOWS\system32\opengl32.dll
0x71d50000 - 0x71d8f000 	C:\WINDOWS\SYSTEM32\GLU32.dll
0x72110000 - 0x72125000 	C:\Program Files (x86)\Java\jdk1.8.0_171\jre\bin\net.dll
0x736d0000 - 0x73726000 	C:\WINDOWS\system32\mswsock.dll
0x72100000 - 0x7210f000 	C:\Program Files (x86)\Java\jdk1.8.0_171\jre\bin\nio.dll
0x71660000 - 0x71692000 	C:\Program Files (x86)\Java\jdk1.8.0_171\jre\bin\t2k.dll
0x16e00000 - 0x1a5c2000 	D:\development\App Java\face\facewithRaspberry\appDesktop\facesdk.dll
0x73610000 - 0x73640000 	C:\WINDOWS\SYSTEM32\IPHLPAPI.DLL
0x71f00000 - 0x71f13000 	C:\WINDOWS\SYSTEM32\CRYPTSP.dll
0x71ed0000 - 0x71eff000 	C:\WINDOWS\system32\rsaenh.dll
0x73590000 - 0x735a9000 	C:\WINDOWS\SYSTEM32\bcrypt.dll
0x73390000 - 0x733b1000 	C:\WINDOWS\SYSTEM32\USERENV.dll
0x73940000 - 0x73947000 	C:\WINDOWS\System32\NSI.dll
0x720e0000 - 0x720f3000 	C:\WINDOWS\SYSTEM32\dhcpcsvc6.DLL
0x720c0000 - 0x720d4000 	C:\WINDOWS\SYSTEM32\dhcpcsvc.DLL
0x1ab10000 - 0x1ab65000 	C:\Users\Alex\AppData\Local\Temp\jna146481527855632285.dll
0x73200000 - 0x73382000 	C:\WINDOWS\SYSTEM32\dbghelp.dll
0x71a70000 - 0x71aee000 	C:\WINDOWS\System32\TextInputFramework.dll
0x71810000 - 0x71a6d000 	C:\WINDOWS\System32\CoreUIComponents.dll
0x71780000 - 0x7180b000 	C:\WINDOWS\System32\CoreMessaging.dll
0x72980000 - 0x729a9000 	C:\WINDOWS\SYSTEM32\ntmarta.dll
0x716a0000 - 0x71776000 	C:\WINDOWS\SYSTEM32\wintypes.dll
0x1b450000 - 0x1b457000 	C:\Program Files (x86)\Internet Download Manager\idmmkb.dll
0x714b0000 - 0x714d4000 	C:\Program Files (x86)\Java\jdk1.8.0_171\jre\bin\dcpr.dll
0x727e0000 - 0x72806000 	C:\Program Files (x86)\Java\jdk1.8.0_171\jre\bin\jpeg.dll

VM Arguments:
jvm_args: -Dfile.encoding=UTF-8 
java_command: liverecognition.AppFace
java_class_path (initial): D:\development\App Java\face\facewithRaspberry\appDesktop\FaceSDK.jar;D:\development\App Java\face\facewithRaspberry\appDesktop\jna.jar;D:\development\App Java\face\facewithRaspberry\appDesktop\lib\mail.jar;D:\development\App Java\face\facewithRaspberry\appDesktop\lib\swingx-1.6.1.jar;D:\development\App Java\face\facewithRaspberry\appDesktop\lib\jfoenix-8.0.4.jar;D:\development\App Java\face\facewithRaspberry\appDesktop\lib\twilio-java-sdk-6.3.0.jar;D:\development\App Java\face\facewithRaspberry\appDesktop\lib\Java-WebSocket-1.3.8.jar;D:\development\App Java\face\facewithRaspberry\appDesktop\build\classes
Launcher Type: SUN_STANDARD

Environment Variables:
PATH=C:\Program Files (x86)\Common Files\Oracle\Java\javapath;C:\Python27\;C:\Python27\Scripts;C:\WINDOWS\system32;C:\WINDOWS;C:\WINDOWS\System32\Wbem;C:\WINDOWS\System32\WindowsPowerShell\v1.0\;C:\Program Files\Git\cmd;C:\Program Files\dotnet\;C:\Program Files\Microsoft SQL Server\130\Tools\Binn\;C:\Program Files\Microsoft SQL Server\Client SDK\ODBC\130\Tools\Binn\;C:\Program Files (x86)\Microsoft SQL Server\130\Tools\Binn\;C:\Program Files\Microsoft SQL Server\130\DTS\Binn\;C:\Program Files (x86)\Microsoft SQL Server\Client SDK\ODBC\130\Tools\Binn\;C:\Program Files (x86)\Microsoft SQL Server\140\Tools\Binn\;C:\Program Files (x86)\Microsoft SQL Server\140\DTS\Binn\;C:\Program Files (x86)\Microsoft SQL Server\140\Tools\Binn\ManagementStudio\;C:\xampp\php;C:\ProgramData\ComposerSetup\bin;C:\Program Files\SlikSvn\bin;C:\Program Files\Java\apache-maven-3.5.3\bin;C:\Program Files (x86)\Java\jdk1.8.0_171;C:\Program Files (x86)\Java\jdk1.8.0_171\bin;C:\Program Files (x86)\Java\jdk1.8.0_171\lib;C:\Program Files (x86)\Java\jdk1.8.0_171\jre;C:\Program Files (x86)\Java\jdk1.8.0_171\jre\bin;C:\Program Files (x86)\Java\jdk1.8.0_171\jre\lib;C:\WINDOWS\System32\OpenSSH\;C:\Program Files (x86)\CMake\bin;C:\Program Files\nodejs\;C:\Users\Alex\AppData\Local\Microsoft\WindowsApps;C:\Users\Alex\AppData\Roaming\Composer\vendor\bin;C:\Program Files\Java\apache-maven-3.5.3\bin;;C:\Program Files\Microsoft VS Code\bin;C:\Users\Alex\AppData\Roaming\npm
USERNAME=Alex
OS=Windows_NT
PROCESSOR_IDENTIFIER=Intel64 Family 6 Model 42 Stepping 7, GenuineIntel



---------------  S Y S T E M  ---------------

OS: Windows 10.0 , 64 bit Build 17134 (10.0.17134.1)

CPU:total 4 (initial active 4) (2 cores per cpu, 2 threads per core) family 6 model 42 stepping 7, cmov, cx8, fxsr, mmx, sse, sse2, sse3, ssse3, sse4.1, sse4.2, popcnt, avx, aes, clmul, ht, tsc, tscinvbit

Memory: 4k page, physical 8294284k(2972776k free), swap 12750732k(5612056k free)

vm_info: Java HotSpot(TM) Client VM (25.171-b11) for windows-x86 JRE (1.8.0_171-b11), built on Mar 28 2018 14:51:22 by "java_re" with MS VC++ 10.0 (VS2010)

time: Tue Jun 26 23:47:09 2018
elapsed time: 8 seconds (0d 0h 0m 8s)

