#
# A fatal error has been detected by the Java Runtime Environment:
#
#  EXCEPTION_ACCESS_VIOLATION (0xc0000005) at pc=0x59007739, pid=11112, tid=0x000025f0
#
# JRE version: Java(TM) SE Runtime Environment (8.0_171-b11) (build 1.8.0_171-b11)
# Java VM: Java HotSpot(TM) Client VM (25.171-b11 mixed mode windows-x86 )
# Problematic frame:
# V  [jvm.dll+0xd7739]
#
# Failed to write core dump. Minidumps are not enabled by default on client versions of Windows
#
# If you would like to submit a bug report, please visit:
#   http://bugreport.java.com/bugreport/crash.jsp
#

---------------  T H R E A D  ---------------

Current thread (0x153c9000):  JavaThread "Thread-35088" [_thread_in_vm, id=9712, stack(0x00e00000,0x00e50000)]

siginfo: ExceptionCode=0xc0000005, reading address 0x00000000

Registers:
EAX=0x00000000, EBX=0x1676bb01, ECX=0x00000000, EDX=0x00000000
ESP=0x00e4e8ec, EBP=0x00e4e8f8, ESI=0x1676bb20, EDI=0x153c9000
EIP=0x59007739, EFLAGS=0x00010202

Top of Stack: (sp=0x00e4e8ec)
0x00e4e8ec:   00e4e9e0 00000000 1676bb20 00e4ebe8
0x00e4e8fc:   1aa64228 153c9140 1676bb20 00000000
0x00e4e90c:   00e4e924 58ffd468 00000001 00000001
0x00e4e91c:   58fad1d8 00e4ed08 00e4e938 00000030
0x00e4e92c:   1aa641b7 153c9000 00e4ed08 00e4e94c
0x00e4e93c:   00e4e94c 00e4ed08 5907fc89 14e7f470
0x00e4e94c:   00e4e964 590801c2 14e7f470 00000030
0x00e4e95c:   1aa641a3 14e7f470 00e4e97c 58fb2ea1 

Instructions: (pc=0x59007739)
0x59007719:   1a 0a 00 33 ff eb 02 8b f9 6a 06 57 e8 b6 fc f2
0x59007729:   ff 8b 75 0c 83 c4 08 b3 01 85 f6 74 39 8b 45 10
0x59007739:   8b 00 50 32 db e8 1d b0 f6 ff 83 c4 04 85 c0 74
0x59007749:   25 8b 0e 8b 49 04 8b 50 08 39 04 0a 75 04 b0 01 


Register to memory mapping:

EAX=0x00000000 is an unknown value
EBX=0x1676bb01 is an unknown value
ECX=0x00000000 is an unknown value
EDX=0x00000000 is an unknown value
ESP=0x00e4e8ec is pointing into the stack for thread: 0x153c9000
EBP=0x00e4e8f8 is pointing into the stack for thread: 0x153c9000
ESI=0x1676bb20 is an unknown value
EDI=0x153c9000 is a thread


Stack: [0x00e00000,0x00e50000],  sp=0x00e4e8ec,  free space=314k
Native frames: (J=compiled Java code, j=interpreted, Vv=VM code, C=native code)
V  [jvm.dll+0xd7739]
C  [jna4512032597134491455.dll+0x4228]
C  [jna4512032597134491455.dll+0x4d0e]
J 465  com.sun.jna.Native.invokeInt(JI[Ljava/lang/Object;)I (0 bytes) @ 0x02e01286 [0x02e011e0+0xa6]
J 476 C1 com.sun.jna.Function.invoke([Ljava/lang/Object;Ljava/lang/Class;Z)Ljava/lang/Object; (1154 bytes) @ 0x02e08444 [0x02e06870+0x1bd4]
J 335 C1 com.sun.jna.Function.invoke(Ljava/lang/Class;[Ljava/lang/Object;Ljava/util/Map;)Ljava/lang/Object; (526 bytes) @ 0x02dc8318 [0x02dc7e90+0x488]
J 467 C1 com.sun.jna.Library$Handler.invoke(Ljava/lang/Object;Ljava/lang/reflect/Method;[Ljava/lang/Object;)Ljava/lang/Object; (345 bytes) @ 0x02e022cc [0x02e01a90+0x83c]
j  Luxand.$Proxy0.FSDK_LoadImageFromBuffer(Lcom/sun/jna/ptr/IntByReference;[BIIII)I+52
J 275 C1 Luxand.FSDK.LoadImageFromAWTImage(LLuxand/FSDK$HImage;Ljava/awt/Image;I)I (456 bytes) @ 0x02db340c [0x02db2ac0+0x94c]
J 2427 C1 liverecognition.AppFace$12.run()V (728 bytes) @ 0x02eb6158 [0x02eb6090+0xc8]
v  ~StubRoutines::call_stub
V  [jvm.dll+0x15b985]
V  [jvm.dll+0x22262e]
V  [jvm.dll+0x15ba1e]
V  [jvm.dll+0x15bba6]
V  [jvm.dll+0x15bc17]
V  [jvm.dll+0xffb3f]
V  [jvm.dll+0x17eb50]
V  [jvm.dll+0x17f3ca]
V  [jvm.dll+0x1c3fe6]
C  [msvcr100.dll+0x5c556]
C  [msvcr100.dll+0x5c600]
C  [KERNEL32.DLL+0x18484]
C  [ntdll.dll+0x62fea]
C  [ntdll.dll+0x62fba]
C  0x00000000

Java frames: (J=compiled Java code, j=interpreted, Vv=VM code)
J 465  com.sun.jna.Native.invokeInt(JI[Ljava/lang/Object;)I (0 bytes) @ 0x02e01242 [0x02e011e0+0x62]
J 476 C1 com.sun.jna.Function.invoke([Ljava/lang/Object;Ljava/lang/Class;Z)Ljava/lang/Object; (1154 bytes) @ 0x02e08444 [0x02e06870+0x1bd4]
J 335 C1 com.sun.jna.Function.invoke(Ljava/lang/Class;[Ljava/lang/Object;Ljava/util/Map;)Ljava/lang/Object; (526 bytes) @ 0x02dc8318 [0x02dc7e90+0x488]
J 467 C1 com.sun.jna.Library$Handler.invoke(Ljava/lang/Object;Ljava/lang/reflect/Method;[Ljava/lang/Object;)Ljava/lang/Object; (345 bytes) @ 0x02e022cc [0x02e01a90+0x83c]
j  Luxand.$Proxy0.FSDK_LoadImageFromBuffer(Lcom/sun/jna/ptr/IntByReference;[BIIII)I+52
J 275 C1 Luxand.FSDK.LoadImageFromAWTImage(LLuxand/FSDK$HImage;Ljava/awt/Image;I)I (456 bytes) @ 0x02db340c [0x02db2ac0+0x94c]
J 2427 C1 liverecognition.AppFace$12.run()V (728 bytes) @ 0x02eb6158 [0x02eb6090+0xc8]
v  ~StubRoutines::call_stub

---------------  P R O C E S S  ---------------

Java Threads: ( => current thread )
=>0x153c9000 JavaThread "Thread-35088" [_thread_in_vm, id=9712, stack(0x00e00000,0x00e50000)]
  0x167ee800 JavaThread "Thread-0" daemon [_thread_in_native, id=13840, stack(0x15e10000,0x15e60000)]
  0x165cb400 JavaThread "WebSocketTimer" [_thread_blocked, id=12084, stack(0x205f0000,0x20640000)]
  0x16797400 JavaThread "WebSocketWriteThread-19" [_thread_blocked, id=13968, stack(0x1f6a0000,0x1f6f0000)]
  0x16796800 JavaThread "WebSocketConnectReadThread-18" [_thread_in_native, id=13792, stack(0x1f590000,0x1f5e0000)]
  0x16782800 JavaThread "Thread-3" [_thread_in_native, id=1196, stack(0x1f500000,0x1f550000)]
  0x02b9d000 JavaThread "DestroyJavaVM" [_thread_blocked, id=13588, stack(0x02a40000,0x02a90000)]
  0x16567400 JavaThread "AWT-EventQueue-0" [_thread_blocked, id=11676, stack(0x16b60000,0x16bb0000)]
  0x15450800 JavaThread "AWT-Shutdown" [_thread_blocked, id=9284, stack(0x15b50000,0x15ba0000)]
  0x1544fc00 JavaThread "Java2D Disposer" daemon [_thread_blocked, id=12700, stack(0x15ac0000,0x15b10000)]
  0x152af800 JavaThread "Service Thread" daemon [_thread_blocked, id=7984, stack(0x15890000,0x158e0000)]
  0x1529ac00 JavaThread "C1 CompilerThread0" daemon [_thread_blocked, id=1260, stack(0x15800000,0x15850000)]
  0x15299400 JavaThread "Attach Listener" daemon [_thread_blocked, id=12644, stack(0x15770000,0x157c0000)]
  0x15297400 JavaThread "Signal Dispatcher" daemon [_thread_blocked, id=4828, stack(0x156e0000,0x15730000)]
  0x1527a400 JavaThread "Finalizer" daemon [_thread_blocked, id=6288, stack(0x15530000,0x15580000)]
  0x15264800 JavaThread "Reference Handler" daemon [_thread_blocked, id=6520, stack(0x154a0000,0x154f0000)]

Other Threads:
  0x02c9dc00 VMThread [stack: 0x04d90000,0x04de0000] [id=9736]
  0x152b3000 WatcherThread [stack: 0x15920000,0x15970000] [id=13848]

VM state:not at safepoint (normal execution)

VM Mutex/Monitor currently owned by a thread: None

Heap:
 def new generation   total 16384K, used 6217K [0x04e00000, 0x05fc0000, 0x0a350000)
  eden space 14592K,  35% used [0x04e00000, 0x05321028, 0x05c40000)
  from space 1792K,  53% used [0x05e00000, 0x05ef14e8, 0x05fc0000)
  to   space 1792K,   0% used [0x05c40000, 0x05c40000, 0x05e00000)
 tenured generation   total 36236K, used 25895K [0x0a350000, 0x0c6b3000, 0x14e00000)
   the space 36236K,  71% used [0x0a350000, 0x0bc99dc0, 0x0bc99e00, 0x0c6b3000)
 Metaspace       used 11685K, capacity 11881K, committed 12032K, reserved 12672K

Card table byte_map: [0x04ca0000,0x04d30000] byte_map_base: 0x04c79000

Polling page: 0x011f0000

CodeCache: size=32768Kb used=1816Kb max_used=2412Kb free=30952Kb
 bounds [0x02ca0000, 0x02f08000, 0x04ca0000]
 total_blobs=852 nmethods=593 adapters=188
 compilation: enabled

Compilation events (10 events):
Event: 780.762 Thread 0x1529ac00 4522             java.awt.EventQueue::getNextEventPrivate (76 bytes)
Event: 780.762 Thread 0x1529ac00 nmethod 4522 0x02da4708 code [0x02da4810, 0x02da493c]
Event: 780.898 Thread 0x1529ac00 4523             java.awt.EventQueue::noEvents (29 bytes)
Event: 780.898 Thread 0x1529ac00 nmethod 4523 0x02e0ff88 code [0x02e10080, 0x02e10160]
Event: 780.938 Thread 0x1529ac00 4524             java.awt.AWTEvent::getID (5 bytes)
Event: 780.938 Thread 0x1529ac00 nmethod 4524 0x02e2cc48 code [0x02e2cd40, 0x02e2cdc0]
Event: 781.329 Thread 0x1529ac00 4525             java.util.EventObject::getSource (5 bytes)
Event: 781.330 Thread 0x1529ac00 nmethod 4525 0x02df7a08 code [0x02df7b00, 0x02df7b80]
Event: 781.346 Thread 0x1529ac00 4526   !         sun.awt.PostEventQueue::flush (168 bytes)
Event: 781.347 Thread 0x1529ac00 nmethod 4526 0x02dc46c8 code [0x02dc4860, 0x02dc5004]

GC Heap History (10 events):
Event: 781.435 GC heap before
{Heap before GC invocations=8917 (full 1026):
 def new generation   total 16384K, used 15914K [0x04e00000, 0x05fc0000, 0x0a350000)
  eden space 14592K, 100% used [0x04e00000, 0x05c40000, 0x05c40000)
  from space 1792K,  73% used [0x05c40000, 0x05d8a910, 0x05e00000)
  to   space 1792K,   0% used [0x05e00000, 0x05e00000, 0x05fc0000)
 tenured generation   total 36236K, used 33249K [0x0a350000, 0x0c6b3000, 0x14e00000)
   the space 36236K,  91% used [0x0a350000, 0x0c3c8638, 0x0c3c8800, 0x0c6b3000)
 Metaspace       used 11661K, capacity 11881K, committed 12032K, reserved 12672K
Event: 781.437 GC heap after
Heap after GC invocations=8918 (full 1026):
 def new generation   total 16384K, used 1034K [0x04e00000, 0x05fc0000, 0x0a350000)
  eden space 14592K,   0% used [0x04e00000, 0x04e00000, 0x05c40000)
  from space 1792K,  57% used [0x05e00000, 0x05f02b48, 0x05fc0000)
  to   space 1792K,   0% used [0x05c40000, 0x05c40000, 0x05e00000)
 tenured generation   total 36236K, used 35650K [0x0a350000, 0x0c6b3000, 0x14e00000)
   the space 36236K,  98% used [0x0a350000, 0x0c620878, 0x0c620a00, 0x0c6b3000)
 Metaspace       used 11661K, capacity 11881K, committed 12032K, reserved 12672K
}
Event: 781.488 GC heap before
{Heap before GC invocations=8918 (full 1026):
 def new generation   total 16384K, used 14514K [0x04e00000, 0x05fc0000, 0x0a350000)
  eden space 14592K,  92% used [0x04e00000, 0x05b29e88, 0x05c40000)
  from space 1792K,  57% used [0x05e00000, 0x05f02b48, 0x05fc0000)
  to   space 1792K,   0% used [0x05c40000, 0x05c40000, 0x05e00000)
 tenured generation   total 36236K, used 35650K [0x0a350000, 0x0c6b3000, 0x14e00000)
   the space 36236K,  98% used [0x0a350000, 0x0c620878, 0x0c620a00, 0x0c6b3000)
 Metaspace       used 11661K, capacity 11881K, committed 12032K, reserved 12672K
Event: 781.504 GC heap after
Heap after GC invocations=8919 (full 1027):
 def new generation   total 16384K, used 0K [0x04e00000, 0x05fc0000, 0x0a350000)
  eden space 14592K,   0% used [0x04e00000, 0x04e00000, 0x05c40000)
  from space 1792K,   0% used [0x05c40000, 0x05c40000, 0x05e00000)
  to   space 1792K,   0% used [0x05e00000, 0x05e00000, 0x05fc0000)
 tenured generation   total 36236K, used 12938K [0x0a350000, 0x0c6b3000, 0x14e00000)
   the space 36236K,  35% used [0x0a350000, 0x0aff29b0, 0x0aff2a00, 0x0c6b3000)
 Metaspace       used 11661K, capacity 11881K, committed 12032K, reserved 12672K
}
Event: 781.566 GC heap before
{Heap before GC invocations=8919 (full 1027):
 def new generation   total 16384K, used 14592K [0x04e00000, 0x05fc0000, 0x0a350000)
  eden space 14592K, 100% used [0x04e00000, 0x05c40000, 0x05c40000)
  from space 1792K,   0% used [0x05c40000, 0x05c40000, 0x05e00000)
  to   space 1792K,   0% used [0x05e00000, 0x05e00000, 0x05fc0000)
 tenured generation   total 36236K, used 12938K [0x0a350000, 0x0c6b3000, 0x14e00000)
   the space 36236K,  35% used [0x0a350000, 0x0aff29b0, 0x0aff2a00, 0x0c6b3000)
 Metaspace       used 11661K, capacity 11881K, committed 12032K, reserved 12672K
Event: 781.568 GC heap after
Heap after GC invocations=8920 (full 1027):
 def new generation   total 16384K, used 1239K [0x04e00000, 0x05fc0000, 0x0a350000)
  eden space 14592K,   0% used [0x04e00000, 0x04e00000, 0x05c40000)
  from space 1792K,  69% used [0x05e00000, 0x05f35fc8, 0x05fc0000)
  to   space 1792K,   0% used [0x05c40000, 0x05c40000, 0x05e00000)
 tenured generation   total 36236K, used 17438K [0x0a350000, 0x0c6b3000, 0x14e00000)
   the space 36236K,  48% used [0x0a350000, 0x0b4579f0, 0x0b457a00, 0x0c6b3000)
 Metaspace       used 11661K, capacity 11881K, committed 12032K, reserved 12672K
}
Event: 781.634 GC heap before
{Heap before GC invocations=8920 (full 1027):
 def new generation   total 16384K, used 15831K [0x04e00000, 0x05fc0000, 0x0a350000)
  eden space 14592K, 100% used [0x04e00000, 0x05c40000, 0x05c40000)
  from space 1792K,  69% used [0x05e00000, 0x05f35fc8, 0x05fc0000)
  to   space 1792K,   0% used [0x05c40000, 0x05c40000, 0x05e00000)
 tenured generation   total 36236K, used 17438K [0x0a350000, 0x0c6b3000, 0x14e00000)
   the space 36236K,  48% used [0x0a350000, 0x0b4579f0, 0x0b457a00, 0x0c6b3000)
 Metaspace       used 11661K, capacity 11881K, committed 12032K, reserved 12672K
Event: 781.636 GC heap after
Heap after GC invocations=8921 (full 1027):
 def new generation   total 16384K, used 939K [0x04e00000, 0x05fc0000, 0x0a350000)
  eden space 14592K,   0% used [0x04e00000, 0x04e00000, 0x05c40000)
  from space 1792K,  52% used [0x05c40000, 0x05d2afb8, 0x05e00000)
  to   space 1792K,   0% used [0x05e00000, 0x05e00000, 0x05fc0000)
 tenured generation   total 36236K, used 22266K [0x0a350000, 0x0c6b3000, 0x14e00000)
   the space 36236K,  61% used [0x0a350000, 0x0b90ebf8, 0x0b90ec00, 0x0c6b3000)
 Metaspace       used 11661K, capacity 11881K, committed 12032K, reserved 12672K
}
Event: 781.810 GC heap before
{Heap before GC invocations=8921 (full 1027):
 def new generation   total 16384K, used 15531K [0x04e00000, 0x05fc0000, 0x0a350000)
  eden space 14592K, 100% used [0x04e00000, 0x05c40000, 0x05c40000)
  from space 1792K,  52% used [0x05c40000, 0x05d2afb8, 0x05e00000)
  to   space 1792K,   0% used [0x05e00000, 0x05e00000, 0x05fc0000)
 tenured generation   total 36236K, used 22266K [0x0a350000, 0x0c6b3000, 0x14e00000)
   the space 36236K,  61% used [0x0a350000, 0x0b90ebf8, 0x0b90ec00, 0x0c6b3000)
 Metaspace       used 11685K, capacity 11881K, committed 12032K, reserved 12672K
Event: 781.812 GC heap after
Heap after GC invocations=8922 (full 1027):
 def new generation   total 16384K, used 965K [0x04e00000, 0x05fc0000, 0x0a350000)
  eden space 14592K,   0% used [0x04e00000, 0x04e00000, 0x05c40000)
  from space 1792K,  53% used [0x05e00000, 0x05ef14e8, 0x05fc0000)
  to   space 1792K,   0% used [0x05c40000, 0x05c40000, 0x05e00000)
 tenured generation   total 36236K, used 25895K [0x0a350000, 0x0c6b3000, 0x14e00000)
   the space 36236K,  71% used [0x0a350000, 0x0bc99dc0, 0x0bc99e00, 0x0c6b3000)
 Metaspace       used 11685K, capacity 11881K, committed 12032K, reserved 12672K
}

Deoptimization events (0 events):
No events

Classes redefined (0 events):
No events

Internal exceptions (10 events):
Event: 0.204 Thread 0x02b9d000 Exception <a 'java/lang/ClassNotFoundException': Tree> (0x0510c3c0) thrown at [C:\re\workspace\8-2-build-windows-i586-cygwin\jdk8u171\10807\hotspot\src\share\vm\classfile\systemDictionary.cpp, line 210]
Event: 0.204 Thread 0x02b9d000 Exception <a 'java/lang/ClassNotFoundException': javax/swing/JTreeCell> (0x0510c6f8) thrown at [C:\re\workspace\8-2-build-windows-i586-cygwin\jdk8u171\10807\hotspot\src\share\vm\classfile\systemDictionary.cpp, line 210]
Event: 0.204 Thread 0x02b9d000 Exception <a 'java/lang/ClassNotFoundException': TreeCell> (0x0510cb40) thrown at [C:\re\workspace\8-2-build-windows-i586-cygwin\jdk8u171\10807\hotspot\src\share\vm\classfile\systemDictionary.cpp, line 210]
Event: 0.204 Thread 0x02b9d000 Exception <a 'java/lang/ClassNotFoundException': RootPane> (0x0510d4b8) thrown at [C:\re\workspace\8-2-build-windows-i586-cygwin\jdk8u171\10807\hotspot\src\share\vm\classfile\systemDictionary.cpp, line 210]
Event: 135.383 Thread 0x166b3400 Exception <a 'java/io/FileNotFoundException'> (0x058d8948) thrown at [C:\re\workspace\8-2-build-windows-i586-cygwin\jdk8u171\10807\hotspot\src\share\vm\prims\jni.cpp, line 709]
Event: 135.388 Thread 0x166b3400 Exception <a 'java/io/FileNotFoundException'> (0x05afd340) thrown at [C:\re\workspace\8-2-build-windows-i586-cygwin\jdk8u171\10807\hotspot\src\share\vm\prims\jni.cpp, line 709]
Event: 137.365 Thread 0x166b3400 Exception <a 'java/io/FileNotFoundException'> (0x057e14f0) thrown at [C:\re\workspace\8-2-build-windows-i586-cygwin\jdk8u171\10807\hotspot\src\share\vm\prims\jni.cpp, line 709]
Event: 137.366 Thread 0x166b3400 Exception <a 'java/io/FileNotFoundException'> (0x057e1f78) thrown at [C:\re\workspace\8-2-build-windows-i586-cygwin\jdk8u171\10807\hotspot\src\share\vm\prims\jni.cpp, line 709]
Event: 137.376 Thread 0x166b3400 Exception <a 'java/io/FileNotFoundException'> (0x0580e330) thrown at [C:\re\workspace\8-2-build-windows-i586-cygwin\jdk8u171\10807\hotspot\src\share\vm\prims\jni.cpp, line 709]
Event: 137.376 Thread 0x166b3400 Exception <a 'java/io/FileNotFoundException'> (0x0580ede0) thrown at [C:\re\workspace\8-2-build-windows-i586-cygwin\jdk8u171\10807\hotspot\src\share\vm\prims\jni.cpp, line 709]

Events (10 events):
Event: 781.773 Thread 0x167ee400 Thread exited: 0x167ee400
Event: 781.786 Thread 0x153c9000 Thread added: 0x153c9000
Event: 781.810 Executing VM operation: GenCollectForAllocation
Event: 781.813 Executing VM operation: GenCollectForAllocation done
Event: 781.813 Executing VM operation: RevokeBias
Event: 781.813 Executing VM operation: RevokeBias done
Event: 781.813 Executing VM operation: RevokeBias
Event: 781.813 Executing VM operation: RevokeBias done
Event: 781.813 Executing VM operation: RevokeBias
Event: 781.813 Executing VM operation: RevokeBias done


Dynamic libraries:
0x00ce0000 - 0x00d13000 	C:\Program Files (x86)\Java\jdk1.8.0_171\jre\bin\java.exe
0x77470000 - 0x77600000 	C:\WINDOWS\SYSTEM32\ntdll.dll
0x76a20000 - 0x76b00000 	C:\WINDOWS\System32\KERNEL32.DLL
0x76fb0000 - 0x77194000 	C:\WINDOWS\System32\KERNELBASE.dll
0x73c80000 - 0x73d1d000 	C:\WINDOWS\SYSTEM32\apphelp.dll
0x756c0000 - 0x75738000 	C:\WINDOWS\System32\ADVAPI32.dll
0x75d80000 - 0x75e3f000 	C:\WINDOWS\System32\msvcrt.dll
0x77330000 - 0x77374000 	C:\WINDOWS\System32\sechost.dll
0x75e40000 - 0x75f00000 	C:\WINDOWS\System32\RPCRT4.dll
0x73d30000 - 0x73d50000 	C:\WINDOWS\System32\SspiCli.dll
0x73d20000 - 0x73d2a000 	C:\WINDOWS\System32\CRYPTBASE.dll
0x75900000 - 0x75958000 	C:\WINDOWS\System32\bcryptPrimitives.dll
0x75bf0000 - 0x75d7d000 	C:\WINDOWS\System32\USER32.dll
0x76e30000 - 0x76e47000 	C:\WINDOWS\System32\win32u.dll
0x76b10000 - 0x76b32000 	C:\WINDOWS\System32\GDI32.dll
0x767d0000 - 0x76934000 	C:\WINDOWS\System32\gdi32full.dll
0x76db0000 - 0x76e2d000 	C:\WINDOWS\System32\msvcp_win.dll
0x75790000 - 0x758ae000 	C:\WINDOWS\System32\ucrtbase.dll
0x73110000 - 0x73314000 	C:\WINDOWS\WinSxS\x86_microsoft.windows.common-controls_6595b64144ccf1df_6.0.17134.112_none_42ecccf244e44518\COMCTL32.dll
0x76530000 - 0x7678c000 	C:\WINDOWS\System32\combase.dll
0x76d70000 - 0x76d96000 	C:\WINDOWS\System32\IMM32.DLL
0x59310000 - 0x593cf000 	C:\Program Files (x86)\Java\jdk1.8.0_171\jre\bin\msvcr100.dll
0x58f30000 - 0x59301000 	C:\Program Files (x86)\Java\jdk1.8.0_171\jre\bin\client\jvm.dll
0x76520000 - 0x76526000 	C:\WINDOWS\System32\PSAPI.DLL
0x728c0000 - 0x728c8000 	C:\WINDOWS\SYSTEM32\WSOCK32.dll
0x71f70000 - 0x71f78000 	C:\WINDOWS\SYSTEM32\VERSION.dll
0x75b20000 - 0x75b87000 	C:\WINDOWS\System32\WS2_32.dll
0x72c20000 - 0x72c44000 	C:\WINDOWS\SYSTEM32\WINMM.dll
0x72890000 - 0x728b3000 	C:\WINDOWS\SYSTEM32\WINMMBASE.dll
0x76790000 - 0x767c9000 	C:\WINDOWS\System32\cfgmgr32.dll
0x59c10000 - 0x59c1c000 	C:\Program Files (x86)\Java\jdk1.8.0_171\jre\bin\verify.dll
0x58f00000 - 0x58f22000 	C:\Program Files (x86)\Java\jdk1.8.0_171\jre\bin\java.dll
0x58ee0000 - 0x58ef4000 	C:\Program Files (x86)\Java\jdk1.8.0_171\jre\bin\zip.dll
0x73d50000 - 0x7509a000 	C:\WINDOWS\System32\SHELL32.dll
0x75960000 - 0x759e8000 	C:\WINDOWS\System32\shcore.dll
0x750a0000 - 0x7565a000 	C:\WINDOWS\System32\windows.storage.dll
0x758b0000 - 0x758f5000 	C:\WINDOWS\System32\shlwapi.dll
0x76b40000 - 0x76b4f000 	C:\WINDOWS\System32\kernel.appcore.dll
0x75aa0000 - 0x75ab8000 	C:\WINDOWS\System32\profapi.dll
0x764d0000 - 0x76515000 	C:\WINDOWS\System32\powrprof.dll
0x76e50000 - 0x76e58000 	C:\WINDOWS\System32\FLTLIB.DLL
0x58d70000 - 0x58eb5000 	C:\Program Files (x86)\Java\jdk1.8.0_171\jre\bin\awt.dll
0x759f0000 - 0x75a86000 	C:\WINDOWS\System32\OLEAUT32.dll
0x73090000 - 0x7310c000 	C:\WINDOWS\system32\uxtheme.dll
0x76e60000 - 0x76fa4000 	C:\WINDOWS\System32\MSCTF.dll
0x71b00000 - 0x71b23000 	C:\WINDOWS\system32\dwmapi.dll
0x76be0000 - 0x76cdc000 	C:\WINDOWS\System32\ole32.dll
0x58b50000 - 0x58b89000 	C:\Program Files (x86)\Java\jdk1.8.0_171\jre\bin\fontmanager.dll
0x58c60000 - 0x58d39000 	C:\WINDOWS\system32\opengl32.dll
0x58c20000 - 0x58c5f000 	C:\WINDOWS\SYSTEM32\GLU32.dll
0x57aa0000 - 0x57ac6000 	C:\Program Files (x86)\Java\jdk1.8.0_171\jre\bin\jpeg.dll
0x58ec0000 - 0x58ed5000 	C:\Program Files (x86)\Java\jdk1.8.0_171\jre\bin\net.dll
0x726e0000 - 0x72736000 	C:\WINDOWS\system32\mswsock.dll
0x59770000 - 0x5977f000 	C:\Program Files (x86)\Java\jdk1.8.0_171\jre\bin\nio.dll
0x58b10000 - 0x58b42000 	C:\Program Files (x86)\Java\jdk1.8.0_171\jre\bin\t2k.dll
0x16d40000 - 0x1a502000 	C:\Users\PAUL\Desktop\proyecto\facewithRaspberry\appDesktop\facesdk.dll
0x73ae0000 - 0x73b10000 	C:\WINDOWS\SYSTEM32\IPHLPAPI.DLL
0x72530000 - 0x72543000 	C:\WINDOWS\SYSTEM32\CRYPTSP.dll
0x72500000 - 0x7252f000 	C:\WINDOWS\system32\rsaenh.dll
0x727e0000 - 0x727f9000 	C:\WINDOWS\SYSTEM32\bcrypt.dll
0x73c20000 - 0x73c41000 	C:\WINDOWS\SYSTEM32\USERENV.dll
0x75a90000 - 0x75a97000 	C:\WINDOWS\System32\NSI.dll
0x72760000 - 0x72773000 	C:\WINDOWS\SYSTEM32\dhcpcsvc6.DLL
0x72740000 - 0x72754000 	C:\WINDOWS\SYSTEM32\dhcpcsvc.DLL
0x1aa60000 - 0x1aab5000 	C:\Users\PAUL\AppData\Local\Temp\jna4512032597134491455.dll
0x71d20000 - 0x71ea2000 	C:\WINDOWS\SYSTEM32\dbghelp.dll
0x6db70000 - 0x6dbee000 	C:\WINDOWS\System32\TextInputFramework.dll
0x6d880000 - 0x6dadd000 	C:\WINDOWS\System32\CoreUIComponents.dll
0x6dae0000 - 0x6db6b000 	C:\WINDOWS\System32\CoreMessaging.dll
0x723b0000 - 0x723d9000 	C:\WINDOWS\SYSTEM32\ntmarta.dll
0x71650000 - 0x71726000 	C:\WINDOWS\SYSTEM32\wintypes.dll
0x58ab0000 - 0x58ad4000 	C:\Program Files (x86)\Java\jdk1.8.0_171\jre\bin\dcpr.dll
0x73b10000 - 0x73b9e000 	C:\WINDOWS\SYSTEM32\DNSAPI.dll
0x71f20000 - 0x71f28000 	C:\Windows\System32\rasadhlp.dll
0x65ba0000 - 0x65bef000 	C:\WINDOWS\System32\fwpuclnt.dll
0x58c00000 - 0x58c11000 	C:\WINDOWS\system32\napinsp.dll
0x58be0000 - 0x58bf6000 	C:\WINDOWS\system32\pnrpnsp.dll
0x58bc0000 - 0x58bd3000 	C:\WINDOWS\system32\NLAapi.dll
0x58bb0000 - 0x58bbc000 	C:\WINDOWS\System32\winrnr.dll
0x58b90000 - 0x58ba1000 	C:\WINDOWS\System32\wshbth.dll
0x581b0000 - 0x581d0000 	C:\Program Files (x86)\Java\jdk1.8.0_171\jre\bin\sunec.dll
0x581a0000 - 0x581a9000 	C:\Program Files (x86)\Java\jdk1.8.0_171\jre\bin\sunmscapi.dll
0x76330000 - 0x764c6000 	C:\WINDOWS\System32\CRYPT32.dll
0x76b00000 - 0x76b0e000 	C:\WINDOWS\System32\MSASN1.dll

VM Arguments:
jvm_args: -Dfile.encoding=UTF-8 
java_command: liverecognition.AppFace
java_class_path (initial): C:\Users\PAUL\Desktop\proyecto\facewithRaspberry\appDesktop\FaceSDK.jar;C:\Users\PAUL\Desktop\proyecto\facewithRaspberry\appDesktop\jna.jar;C:\Users\PAUL\Desktop\proyecto\facewithRaspberry\appDesktop\lib\mail.jar;C:\Users\PAUL\Desktop\proyecto\facewithRaspberry\appDesktop\lib\swingx-1.6.1.jar;C:\Users\PAUL\Desktop\proyecto\facewithRaspberry\appDesktop\lib\jfoenix-8.0.4.jar;C:\Users\PAUL\Desktop\proyecto\facewithRaspberry\appDesktop\lib\twilio-java-sdk-6.3.0.jar;C:\Users\PAUL\Desktop\proyecto\facewithRaspberry\appDesktop\lib\Java-WebSocket-1.3.8.jar;C:\Users\PAUL\Desktop\proyecto\facewithRaspberry\appDesktop\build\classes
Launcher Type: SUN_STANDARD

Environment Variables:
JAVA_HOME=C:\Program Files\Java\jdk1.8.0_171
PATH=C:\Program Files (x86)\Common Files\Oracle\Java\javapath;C:\WINDOWS\system32;C:\WINDOWS;C:\WINDOWS\System32\Wbem;C:\WINDOWS\System32\WindowsPowerShell\v1.0\;C:\Program Files\Java\jdk1.8.0_171\bin;C:\WINDOWS\System32\OpenSSH\;C:\Program Files (x86)\PuTTY\;C:\Users\PAUL\AppData\Local\Microsoft\WindowsApps;C:\Users\PAUL\AppData\Local\Programs\MiKTeX 2.9\miktex\bin\x64\;;C:\Program Files (x86)\SSH Communications Security\SSH Secure Shell
USERNAME=PAUL
OS=Windows_NT
PROCESSOR_IDENTIFIER=Intel64 Family 6 Model 60 Stepping 3, GenuineIntel



---------------  S Y S T E M  ---------------

OS: Windows 10.0 , 64 bit Build 17134 (10.0.17134.1)

CPU:total 8 (initial active 8) (4 cores per cpu, 2 threads per core) family 6 model 60 stepping 3, cmov, cx8, fxsr, mmx, sse, sse2, sse3, ssse3, sse4.1, sse4.2, popcnt, avx, avx2, aes, clmul, erms, lzcnt, ht, tsc, tscinvbit, bmi1, bmi2

Memory: 4k page, physical 16696464k(12123272k free), swap 19711120k(15058136k free)

vm_info: Java HotSpot(TM) Client VM (25.171-b11) for windows-x86 JRE (1.8.0_171-b11), built on Mar 28 2018 14:51:22 by "java_re" with MS VC++ 10.0 (VS2010)

time: Wed Jun 27 13:04:26 2018
elapsed time: 781 seconds (0d 0h 13m 1s)

