#
# A fatal error has been detected by the Java Runtime Environment:
#
#  EXCEPTION_ACCESS_VIOLATION (0xc0000005) at pc=0x722c7739, pid=11012, tid=0x00002114
#
# JRE version: Java(TM) SE Runtime Environment (8.0_171-b11) (build 1.8.0_171-b11)
# Java VM: Java HotSpot(TM) Client VM (25.171-b11 mixed mode, sharing windows-x86 )
# Problematic frame:
# V  [jvm.dll+0xd7739]
#
# Failed to write core dump. Minidumps are not enabled by default on client versions of Windows
#
# If you would like to submit a bug report, please visit:
#   http://bugreport.java.com/bugreport/crash.jsp
#

---------------  T H R E A D  ---------------

Current thread (0x16cca400):  JavaThread "Thread-7756" [_thread_in_vm, id=8468, stack(0x00560000,0x005b0000)]

siginfo: ExceptionCode=0xc0000005, reading address 0x00000000

Registers:
EAX=0x00000000, EBX=0x15c6d801, ECX=0x00000000, EDX=0x00000000
ESP=0x005aec0c, EBP=0x005aec18, ESI=0x15c6d880, EDI=0x16cca400
EIP=0x722c7739, EFLAGS=0x00010202

Top of Stack: (sp=0x005aec0c)
0x005aec0c:   005aed00 00000000 15c6d880 005aef08
0x005aec1c:   16114228 16cca540 15c6d880 00000000
0x005aec2c:   005aec44 722bd468 00000001 00000001
0x005aec3c:   7226d1d8 005af028 005aec58 00000030
0x005aec4c:   161141b7 16cca400 005af028 005aec6c
0x005aec5c:   005aec6c 005af028 7233fc89 15642bf8
0x005aec6c:   005aec84 723401c2 15642bf8 00000030
0x005aec7c:   161141a3 15642bf8 005aec9c 72272ea1 

Instructions: (pc=0x722c7739)
0x722c7719:   1a 0a 00 33 ff eb 02 8b f9 6a 06 57 e8 b6 fc f2
0x722c7729:   ff 8b 75 0c 83 c4 08 b3 01 85 f6 74 39 8b 45 10
0x722c7739:   8b 00 50 32 db e8 1d b0 f6 ff 83 c4 04 85 c0 74
0x722c7749:   25 8b 0e 8b 49 04 8b 50 08 39 04 0a 75 04 b0 01 


Register to memory mapping:

EAX=0x00000000 is an unknown value
EBX=0x15c6d801 is an unknown value
ECX=0x00000000 is an unknown value
EDX=0x00000000 is an unknown value
ESP=0x005aec0c is pointing into the stack for thread: 0x16cca400
EBP=0x005aec18 is pointing into the stack for thread: 0x16cca400
ESI=0x15c6d880 is an unknown value
EDI=0x16cca400 is a thread


Stack: [0x00560000,0x005b0000],  sp=0x005aec0c,  free space=315k
Native frames: (J=compiled Java code, j=interpreted, Vv=VM code, C=native code)
V  [jvm.dll+0xd7739]
C  [jna3041720130463895854.dll+0x4228]
C  [jna3041720130463895854.dll+0x4d0e]
J 852  com.sun.jna.Native.invokeInt(JI[Ljava/lang/Object;)I (0 bytes) @ 0x025f8306 [0x025f8260+0xa6]
J 884 C1 com.sun.jna.Function.invoke([Ljava/lang/Object;Ljava/lang/Class;Z)Ljava/lang/Object; (1154 bytes) @ 0x0260be84 [0x0260a2b0+0x1bd4]
J 367 C1 com.sun.jna.Function.invoke(Ljava/lang/Class;[Ljava/lang/Object;Ljava/util/Map;)Ljava/lang/Object; (526 bytes) @ 0x0252dd58 [0x0252d8d0+0x488]
J 885 C1 com.sun.jna.Library$Handler.invoke(Ljava/lang/Object;Ljava/lang/reflect/Method;[Ljava/lang/Object;)Ljava/lang/Object; (345 bytes) @ 0x0261320c [0x026129d0+0x83c]
j  Luxand.$Proxy0.FSDK_LoadImageFromBuffer(Lcom/sun/jna/ptr/IntByReference;[BIIII)I+52
J 301 C1 Luxand.FSDK.LoadImageFromAWTImage(LLuxand/FSDK$HImage;Ljava/awt/Image;I)I (456 bytes) @ 0x0251b2cc [0x0251a980+0x94c]
j  liverecognition.AppFace$12.run()V+28
v  ~StubRoutines::call_stub
V  [jvm.dll+0x15b985]
V  [jvm.dll+0x22262e]
V  [jvm.dll+0x15ba1e]
V  [jvm.dll+0x15bba6]
V  [jvm.dll+0x15bc17]
V  [jvm.dll+0xffb3f]
V  [jvm.dll+0x17eb50]
V  [jvm.dll+0x17f3ca]
V  [jvm.dll+0x1c3fe6]
C  [msvcr100.dll+0x5c556]
C  [msvcr100.dll+0x5c600]
C  [KERNEL32.DLL+0x18484]
C  [ntdll.dll+0x62fea]
C  [ntdll.dll+0x62fba]
C  0x00000000

Java frames: (J=compiled Java code, j=interpreted, Vv=VM code)
J 852  com.sun.jna.Native.invokeInt(JI[Ljava/lang/Object;)I (0 bytes) @ 0x025f82c2 [0x025f8260+0x62]
J 884 C1 com.sun.jna.Function.invoke([Ljava/lang/Object;Ljava/lang/Class;Z)Ljava/lang/Object; (1154 bytes) @ 0x0260be84 [0x0260a2b0+0x1bd4]
J 367 C1 com.sun.jna.Function.invoke(Ljava/lang/Class;[Ljava/lang/Object;Ljava/util/Map;)Ljava/lang/Object; (526 bytes) @ 0x0252dd58 [0x0252d8d0+0x488]
J 885 C1 com.sun.jna.Library$Handler.invoke(Ljava/lang/Object;Ljava/lang/reflect/Method;[Ljava/lang/Object;)Ljava/lang/Object; (345 bytes) @ 0x0261320c [0x026129d0+0x83c]
j  Luxand.$Proxy0.FSDK_LoadImageFromBuffer(Lcom/sun/jna/ptr/IntByReference;[BIIII)I+52
J 301 C1 Luxand.FSDK.LoadImageFromAWTImage(LLuxand/FSDK$HImage;Ljava/awt/Image;I)I (456 bytes) @ 0x0251b2cc [0x0251a980+0x94c]
j  liverecognition.AppFace$12.run()V+28
v  ~StubRoutines::call_stub

---------------  P R O C E S S  ---------------

Java Threads: ( => current thread )
=>0x16cca400 JavaThread "Thread-7756" [_thread_in_vm, id=8468, stack(0x00560000,0x005b0000)]
  0x16ccc400 JavaThread "Thread-7389" [_thread_blocked, id=3092, stack(0x007c0000,0x00810000)]
  0x16ccd400 JavaThread "WebSocketTimer" [_thread_blocked, id=10716, stack(0x20000000,0x20050000)]
  0x16cae000 JavaThread "WebSocketWriteThread-19" [_thread_blocked, id=2748, stack(0x1f5e0000,0x1f630000)]
  0x16cba800 JavaThread "WebSocketConnectReadThread-18" [_thread_in_native, id=11396, stack(0x1f320000,0x1f370000)]
  0x16c9e400 JavaThread "Thread-3" [_thread_in_native, id=6596, stack(0x1f290000,0x1f2e0000)]
  0x008ad400 JavaThread "DestroyJavaVM" [_thread_blocked, id=2688, stack(0x02160000,0x021b0000)]
  0x15c8d000 JavaThread "AWT-EventQueue-0" [_thread_blocked, id=12180, stack(0x16020000,0x16070000)]
  0x15c7bc00 JavaThread "AWT-Shutdown" [_thread_blocked, id=5100, stack(0x15e00000,0x15e50000)]
  0x15c7b400 JavaThread "Java2D Disposer" daemon [_thread_blocked, id=2188, stack(0x15d70000,0x15dc0000)]
  0x023c0400 JavaThread "Service Thread" daemon [_thread_blocked, id=10588, stack(0x153c0000,0x15410000)]
  0x02392000 JavaThread "C1 CompilerThread0" daemon [_thread_blocked, id=4088, stack(0x15330000,0x15380000)]
  0x02391000 JavaThread "Attach Listener" daemon [_thread_blocked, id=11204, stack(0x152a0000,0x152f0000)]
  0x0238f000 JavaThread "Signal Dispatcher" daemon [_thread_blocked, id=1980, stack(0x15210000,0x15260000)]
  0x02385c00 JavaThread "Finalizer" daemon [_thread_blocked, id=1632, stack(0x15060000,0x150b0000)]
  0x02327c00 JavaThread "Reference Handler" daemon [_thread_blocked, id=6280, stack(0x15010000,0x15060000)]

Other Threads:
  0x02324800 VMThread [stack: 0x14930000,0x14980000] [id=10468]
  0x023c8400 WatcherThread [stack: 0x15450000,0x154a0000] [id=10496]

VM state:not at safepoint (normal execution)

VM Mutex/Monitor currently owned by a thread: None

Heap:
 def new generation   total 7360K, used 3353K [0x04400000, 0x04bf0000, 0x09950000)
  eden space 6592K,  45% used [0x04400000, 0x046e6628, 0x04a70000)
  from space 768K,  49% used [0x04a70000, 0x04acfec8, 0x04b30000)
  to   space 768K,   0% used [0x04b30000, 0x04b30000, 0x04bf0000)
 tenured generation   total 16124K, used 13976K [0x09950000, 0x0a90f000, 0x14400000)
   the space 16124K,  86% used [0x09950000, 0x0a6f6130, 0x0a6f6200, 0x0a90f000)
 Metaspace       used 4408K, capacity 4614K, committed 4736K, reserved 5504K

Card table byte_map: [0x14400000,0x14490000] byte_map_base: 0x143de000

Polling page: 0x021b0000

CodeCache: size=32768Kb used=1825Kb max_used=2389Kb free=30942Kb
 bounds [0x02400000, 0x02658000, 0x04400000]
 total_blobs=888 nmethods=628 adapters=190
 compilation: enabled

Compilation events (10 events):
Event: 493.929 Thread 0x02392000 1540             java.lang.Object::equals (11 bytes)
Event: 493.929 Thread 0x02392000 nmethod 1540 0x025263c8 code [0x025264c0, 0x02526550]
Event: 493.982 Thread 0x02392000 1541             java.util.HashMap::putVal (300 bytes)
Event: 493.983 Thread 0x02392000 nmethod 1541 0x024e1e88 code [0x024e2030, 0x024e24c8]
Event: 494.095 Thread 0x02392000 1542             java.util.HashMap::hash (20 bytes)
Event: 494.095 Thread 0x02392000 nmethod 1542 0x024e1c88 code [0x024e1d80, 0x024e1e1c]
Event: 494.157 Thread 0x02392000 1543             java.security.AccessController::getContext (23 bytes)
Event: 494.157 Thread 0x02392000 nmethod 1543 0x0252c048 code [0x0252c160, 0x0252c258]
Event: 494.322 Thread 0x02392000 1544             java.security.AccessControlContext::calculateFields (89 bytes)
Event: 494.322 Thread 0x02392000 nmethod 1544 0x024e0948 code [0x024e0a60, 0x024e0bb8]

GC Heap History (10 events):
Event: 494.334 GC heap before
{Heap before GC invocations=2261 (full 8):
 def new generation   total 7360K, used 6906K [0x04400000, 0x04bf0000, 0x09950000)
  eden space 6592K,  96% used [0x04400000, 0x04a34830, 0x04a70000)
  from space 768K,  71% used [0x04b30000, 0x04bb9ff8, 0x04bf0000)
  to   space 768K,   0% used [0x04a70000, 0x04a70000, 0x04b30000)
 tenured generation   total 16124K, used 13965K [0x09950000, 0x0a90f000, 0x14400000)
   the space 16124K,  86% used [0x09950000, 0x0a6f37d8, 0x0a6f3800, 0x0a90f000)
 Metaspace       used 4384K, capacity 4582K, committed 4736K, reserved 5504K
Event: 494.335 GC heap after
Heap after GC invocations=2262 (full 8):
 def new generation   total 7360K, used 251K [0x04400000, 0x04bf0000, 0x09950000)
  eden space 6592K,   0% used [0x04400000, 0x04400000, 0x04a70000)
  from space 768K,  32% used [0x04a70000, 0x04aaeed8, 0x04b30000)
  to   space 768K,   0% used [0x04b30000, 0x04b30000, 0x04bf0000)
 tenured generation   total 16124K, used 13976K [0x09950000, 0x0a90f000, 0x14400000)
   the space 16124K,  86% used [0x09950000, 0x0a6f6130, 0x0a6f6200, 0x0a90f000)
 Metaspace       used 4384K, capacity 4582K, committed 4736K, reserved 5504K
}
Event: 494.581 GC heap before
{Heap before GC invocations=2262 (full 8):
 def new generation   total 7360K, used 6843K [0x04400000, 0x04bf0000, 0x09950000)
  eden space 6592K, 100% used [0x04400000, 0x04a70000, 0x04a70000)
  from space 768K,  32% used [0x04a70000, 0x04aaeed8, 0x04b30000)
  to   space 768K,   0% used [0x04b30000, 0x04b30000, 0x04bf0000)
 tenured generation   total 16124K, used 13976K [0x09950000, 0x0a90f000, 0x14400000)
   the space 16124K,  86% used [0x09950000, 0x0a6f6130, 0x0a6f6200, 0x0a90f000)
 Metaspace       used 4384K, capacity 4582K, committed 4736K, reserved 5504K
Event: 494.582 GC heap after
Heap after GC invocations=2263 (full 8):
 def new generation   total 7360K, used 273K [0x04400000, 0x04bf0000, 0x09950000)
  eden space 6592K,   0% used [0x04400000, 0x04400000, 0x04a70000)
  from space 768K,  35% used [0x04b30000, 0x04b74498, 0x04bf0000)
  to   space 768K,   0% used [0x04a70000, 0x04a70000, 0x04b30000)
 tenured generation   total 16124K, used 13976K [0x09950000, 0x0a90f000, 0x14400000)
   the space 16124K,  86% used [0x09950000, 0x0a6f6130, 0x0a6f6200, 0x0a90f000)
 Metaspace       used 4384K, capacity 4582K, committed 4736K, reserved 5504K
}
Event: 494.818 GC heap before
{Heap before GC invocations=2263 (full 8):
 def new generation   total 7360K, used 6865K [0x04400000, 0x04bf0000, 0x09950000)
  eden space 6592K, 100% used [0x04400000, 0x04a70000, 0x04a70000)
  from space 768K,  35% used [0x04b30000, 0x04b74498, 0x04bf0000)
  to   space 768K,   0% used [0x04a70000, 0x04a70000, 0x04b30000)
 tenured generation   total 16124K, used 13976K [0x09950000, 0x0a90f000, 0x14400000)
   the space 16124K,  86% used [0x09950000, 0x0a6f6130, 0x0a6f6200, 0x0a90f000)
 Metaspace       used 4384K, capacity 4582K, committed 4736K, reserved 5504K
Event: 494.819 GC heap after
Heap after GC invocations=2264 (full 8):
 def new generation   total 7360K, used 273K [0x04400000, 0x04bf0000, 0x09950000)
  eden space 6592K,   0% used [0x04400000, 0x04400000, 0x04a70000)
  from space 768K,  35% used [0x04a70000, 0x04ab4570, 0x04b30000)
  to   space 768K,   0% used [0x04b30000, 0x04b30000, 0x04bf0000)
 tenured generation   total 16124K, used 13976K [0x09950000, 0x0a90f000, 0x14400000)
   the space 16124K,  86% used [0x09950000, 0x0a6f6130, 0x0a6f6200, 0x0a90f000)
 Metaspace       used 4384K, capacity 4582K, committed 4736K, reserved 5504K
}
Event: 495.079 GC heap before
{Heap before GC invocations=2264 (full 8):
 def new generation   total 7360K, used 6750K [0x04400000, 0x04bf0000, 0x09950000)
  eden space 6592K,  98% used [0x04400000, 0x04a53620, 0x04a70000)
  from space 768K,  35% used [0x04a70000, 0x04ab4570, 0x04b30000)
  to   space 768K,   0% used [0x04b30000, 0x04b30000, 0x04bf0000)
 tenured generation   total 16124K, used 13976K [0x09950000, 0x0a90f000, 0x14400000)
   the space 16124K,  86% used [0x09950000, 0x0a6f6130, 0x0a6f6200, 0x0a90f000)
 Metaspace       used 4384K, capacity 4582K, committed 4736K, reserved 5504K
Event: 495.080 GC heap after
Heap after GC invocations=2265 (full 8):
 def new generation   total 7360K, used 46K [0x04400000, 0x04bf0000, 0x09950000)
  eden space 6592K,   0% used [0x04400000, 0x04400000, 0x04a70000)
  from space 768K,   6% used [0x04b30000, 0x04b3bbf0, 0x04bf0000)
  to   space 768K,   0% used [0x04a70000, 0x04a70000, 0x04b30000)
 tenured generation   total 16124K, used 13976K [0x09950000, 0x0a90f000, 0x14400000)
   the space 16124K,  86% used [0x09950000, 0x0a6f6130, 0x0a6f6200, 0x0a90f000)
 Metaspace       used 4384K, capacity 4582K, committed 4736K, reserved 5504K
}
Event: 495.235 GC heap before
{Heap before GC invocations=2265 (full 8):
 def new generation   total 7360K, used 6349K [0x04400000, 0x04bf0000, 0x09950000)
  eden space 6592K,  95% used [0x04400000, 0x04a278e8, 0x04a70000)
  from space 768K,   6% used [0x04b30000, 0x04b3bbf0, 0x04bf0000)
  to   space 768K,   0% used [0x04a70000, 0x04a70000, 0x04b30000)
 tenured generation   total 16124K, used 13976K [0x09950000, 0x0a90f000, 0x14400000)
   the space 16124K,  86% used [0x09950000, 0x0a6f6130, 0x0a6f6200, 0x0a90f000)
 Metaspace       used 4384K, capacity 4582K, committed 4736K, reserved 5504K
Event: 495.236 GC heap after
Heap after GC invocations=2266 (full 8):
 def new generation   total 7360K, used 383K [0x04400000, 0x04bf0000, 0x09950000)
  eden space 6592K,   0% used [0x04400000, 0x04400000, 0x04a70000)
  from space 768K,  49% used [0x04a70000, 0x04acfec8, 0x04b30000)
  to   space 768K,   0% used [0x04b30000, 0x04b30000, 0x04bf0000)
 tenured generation   total 16124K, used 13976K [0x09950000, 0x0a90f000, 0x14400000)
   the space 16124K,  86% used [0x09950000, 0x0a6f6130, 0x0a6f6200, 0x0a90f000)
 Metaspace       used 4384K, capacity 4582K, committed 4736K, reserved 5504K
}

Deoptimization events (0 events):
No events

Classes redefined (0 events):
No events

Internal exceptions (10 events):
Event: 0.195 Thread 0x008ad400 Exception <a 'java/lang/ClassNotFoundException': Tree> (0x047131f8) thrown at [C:\re\workspace\8-2-build-windows-i586-cygwin\jdk8u171\10807\hotspot\src\share\vm\classfile\systemDictionary.cpp, line 210]
Event: 0.195 Thread 0x008ad400 Exception <a 'java/lang/ClassNotFoundException': javax/swing/JTreeCell> (0x04713530) thrown at [C:\re\workspace\8-2-build-windows-i586-cygwin\jdk8u171\10807\hotspot\src\share\vm\classfile\systemDictionary.cpp, line 210]
Event: 0.195 Thread 0x008ad400 Exception <a 'java/lang/ClassNotFoundException': TreeCell> (0x04713978) thrown at [C:\re\workspace\8-2-build-windows-i586-cygwin\jdk8u171\10807\hotspot\src\share\vm\classfile\systemDictionary.cpp, line 210]
Event: 0.195 Thread 0x008ad400 Exception <a 'java/lang/ClassNotFoundException': RootPane> (0x047142f0) thrown at [C:\re\workspace\8-2-build-windows-i586-cygwin\jdk8u171\10807\hotspot\src\share\vm\classfile\systemDictionary.cpp, line 210]
Event: 8.066 Thread 0x16ccc800 Exception <a 'java/io/FileNotFoundException'> (0x0459cf08) thrown at [C:\re\workspace\8-2-build-windows-i586-cygwin\jdk8u171\10807\hotspot\src\share\vm\prims\jni.cpp, line 709]
Event: 8.074 Thread 0x16ccc800 Exception <a 'java/io/FileNotFoundException'> (0x045bec68) thrown at [C:\re\workspace\8-2-build-windows-i586-cygwin\jdk8u171\10807\hotspot\src\share\vm\prims\jni.cpp, line 709]
Event: 25.324 Thread 0x16ccc800 Exception <a 'java/io/FileNotFoundException'> (0x044881d0) thrown at [C:\re\workspace\8-2-build-windows-i586-cygwin\jdk8u171\10807\hotspot\src\share\vm\prims\jni.cpp, line 709]
Event: 25.324 Thread 0x16ccc800 Exception <a 'java/io/FileNotFoundException'> (0x04488c58) thrown at [C:\re\workspace\8-2-build-windows-i586-cygwin\jdk8u171\10807\hotspot\src\share\vm\prims\jni.cpp, line 709]
Event: 25.333 Thread 0x16ccc800 Exception <a 'java/io/FileNotFoundException'> (0x044b5818) thrown at [C:\re\workspace\8-2-build-windows-i586-cygwin\jdk8u171\10807\hotspot\src\share\vm\prims\jni.cpp, line 709]
Event: 25.333 Thread 0x16ccc800 Exception <a 'java/io/FileNotFoundException'> (0x044c51a8) thrown at [C:\re\workspace\8-2-build-windows-i586-cygwin\jdk8u171\10807\hotspot\src\share\vm\prims\jni.cpp, line 709]

Events (10 events):
Event: 495.277 loading class java/lang/Process
Event: 495.277 loading class java/lang/Process done
Event: 495.277 loading class java/lang/ProcessImpl done
Event: 495.290 loading class java/lang/ProcessImpl$2
Event: 495.290 loading class java/lang/ProcessImpl$2 done
Event: 495.291 Thread 0x16ccbc00 Thread exited: 0x16ccbc00
Event: 495.306 Thread 0x15c7c400 Thread exited: 0x15c7c400
Event: 495.332 Thread 0x16cca400 Thread added: 0x16cca400
Event: 495.333 Thread 0x16ccc800 Thread added: 0x16ccc800
Event: 495.334 Thread 0x16ccc800 Thread exited: 0x16ccc800


Dynamic libraries:
0x000f0000 - 0x00123000 	C:\Program Files (x86)\Java\jdk1.8.0_171\jre\bin\java.exe
0x76f80000 - 0x77110000 	C:\WINDOWS\SYSTEM32\ntdll.dll
0x73860000 - 0x73940000 	C:\WINDOWS\System32\KERNEL32.DLL
0x757e0000 - 0x759c4000 	C:\WINDOWS\System32\KERNELBASE.dll
0x72720000 - 0x727bd000 	C:\WINDOWS\SYSTEM32\apphelp.dll
0x75ac0000 - 0x75b38000 	C:\WINDOWS\System32\ADVAPI32.dll
0x73d70000 - 0x73e2f000 	C:\WINDOWS\System32\msvcrt.dll
0x76450000 - 0x76494000 	C:\WINDOWS\System32\sechost.dll
0x75da0000 - 0x75e60000 	C:\WINDOWS\System32\RPCRT4.dll
0x73840000 - 0x73860000 	C:\WINDOWS\System32\SspiCli.dll
0x73830000 - 0x7383a000 	C:\WINDOWS\System32\CRYPTBASE.dll
0x764a0000 - 0x764f8000 	C:\WINDOWS\System32\bcryptPrimitives.dll
0x75ed0000 - 0x7605d000 	C:\WINDOWS\System32\USER32.dll
0x73c70000 - 0x73c87000 	C:\WINDOWS\System32\win32u.dll
0x76590000 - 0x765b2000 	C:\WINDOWS\System32\GDI32.dll
0x739b0000 - 0x73b14000 	C:\WINDOWS\System32\gdi32full.dll
0x76c70000 - 0x76ced000 	C:\WINDOWS\System32\msvcp_win.dll
0x76060000 - 0x7617e000 	C:\WINDOWS\System32\ucrtbase.dll
0x72d80000 - 0x72f84000 	C:\WINDOWS\WinSxS\x86_microsoft.windows.common-controls_6595b64144ccf1df_6.0.17134.112_none_42ecccf244e44518\COMCTL32.dll
0x75b40000 - 0x75d9c000 	C:\WINDOWS\System32\combase.dll
0x757b0000 - 0x757d6000 	C:\WINDOWS\System32\IMM32.DLL
0x725d0000 - 0x7268f000 	C:\Program Files (x86)\Java\jdk1.8.0_171\jre\bin\msvcr100.dll
0x721f0000 - 0x725c1000 	C:\Program Files (x86)\Java\jdk1.8.0_171\jre\bin\client\jvm.dll
0x759e0000 - 0x759e6000 	C:\WINDOWS\System32\PSAPI.DLL
0x721c0000 - 0x721e4000 	C:\WINDOWS\SYSTEM32\WINMM.dll
0x73740000 - 0x73748000 	C:\WINDOWS\SYSTEM32\WSOCK32.dll
0x733c0000 - 0x733c8000 	C:\WINDOWS\SYSTEM32\VERSION.dll
0x75e60000 - 0x75ec7000 	C:\WINDOWS\System32\WS2_32.dll
0x72190000 - 0x721b3000 	C:\WINDOWS\SYSTEM32\WINMMBASE.dll
0x76b90000 - 0x76bc9000 	C:\WINDOWS\System32\cfgmgr32.dll
0x72180000 - 0x7218c000 	C:\Program Files (x86)\Java\jdk1.8.0_171\jre\bin\verify.dll
0x72150000 - 0x72172000 	C:\Program Files (x86)\Java\jdk1.8.0_171\jre\bin\java.dll
0x72130000 - 0x72144000 	C:\Program Files (x86)\Java\jdk1.8.0_171\jre\bin\zip.dll
0x74450000 - 0x7579a000 	C:\WINDOWS\System32\SHELL32.dll
0x73e90000 - 0x73f18000 	C:\WINDOWS\System32\shcore.dll
0x765c0000 - 0x76b7a000 	C:\WINDOWS\System32\windows.storage.dll
0x73f20000 - 0x73f65000 	C:\WINDOWS\System32\shlwapi.dll
0x76b80000 - 0x76b8f000 	C:\WINDOWS\System32\kernel.appcore.dll
0x743a0000 - 0x743b8000 	C:\WINDOWS\System32\profapi.dll
0x73e30000 - 0x73e75000 	C:\WINDOWS\System32\powrprof.dll
0x73e80000 - 0x73e88000 	C:\WINDOWS\System32\FLTLIB.DLL
0x71f70000 - 0x720b5000 	C:\Program Files (x86)\Java\jdk1.8.0_171\jre\bin\awt.dll
0x76bd0000 - 0x76c66000 	C:\WINDOWS\System32\OLEAUT32.dll
0x72cf0000 - 0x72d6c000 	C:\WINDOWS\system32\uxtheme.dll
0x73b20000 - 0x73c64000 	C:\WINDOWS\System32\MSCTF.dll
0x71ea0000 - 0x71ec3000 	C:\WINDOWS\system32\dwmapi.dll
0x76350000 - 0x7644c000 	C:\WINDOWS\System32\ole32.dll
0x71c80000 - 0x71cb9000 	C:\Program Files (x86)\Java\jdk1.8.0_171\jre\bin\fontmanager.dll
0x71d90000 - 0x71e69000 	C:\WINDOWS\system32\opengl32.dll
0x71d50000 - 0x71d8f000 	C:\WINDOWS\SYSTEM32\GLU32.dll
0x72110000 - 0x72125000 	C:\Program Files (x86)\Java\jdk1.8.0_171\jre\bin\net.dll
0x736d0000 - 0x73726000 	C:\WINDOWS\system32\mswsock.dll
0x72100000 - 0x7210f000 	C:\Program Files (x86)\Java\jdk1.8.0_171\jre\bin\nio.dll
0x71660000 - 0x71692000 	C:\Program Files (x86)\Java\jdk1.8.0_171\jre\bin\t2k.dll
0x17000000 - 0x1a7c2000 	D:\development\App Java\face\facewithRaspberry\appDesktop\facesdk.dll
0x73610000 - 0x73640000 	C:\WINDOWS\SYSTEM32\IPHLPAPI.DLL
0x71f00000 - 0x71f13000 	C:\WINDOWS\SYSTEM32\CRYPTSP.dll
0x71ed0000 - 0x71eff000 	C:\WINDOWS\system32\rsaenh.dll
0x73590000 - 0x735a9000 	C:\WINDOWS\SYSTEM32\bcrypt.dll
0x73390000 - 0x733b1000 	C:\WINDOWS\SYSTEM32\USERENV.dll
0x73940000 - 0x73947000 	C:\WINDOWS\System32\NSI.dll
0x720e0000 - 0x720f3000 	C:\WINDOWS\SYSTEM32\dhcpcsvc6.DLL
0x720c0000 - 0x720d4000 	C:\WINDOWS\SYSTEM32\dhcpcsvc.DLL
0x16110000 - 0x16165000 	C:\Users\Alex\AppData\Local\Temp\jna3041720130463895854.dll
0x73200000 - 0x73382000 	C:\WINDOWS\SYSTEM32\dbghelp.dll
0x71a70000 - 0x71aee000 	C:\WINDOWS\System32\TextInputFramework.dll
0x71810000 - 0x71a6d000 	C:\WINDOWS\System32\CoreUIComponents.dll
0x71780000 - 0x7180b000 	C:\WINDOWS\System32\CoreMessaging.dll
0x72980000 - 0x729a9000 	C:\WINDOWS\SYSTEM32\ntmarta.dll
0x716a0000 - 0x71776000 	C:\WINDOWS\SYSTEM32\wintypes.dll
0x163e0000 - 0x163e7000 	C:\Program Files (x86)\Internet Download Manager\idmmkb.dll
0x714b0000 - 0x714d4000 	C:\Program Files (x86)\Java\jdk1.8.0_171\jre\bin\dcpr.dll
0x727e0000 - 0x72806000 	C:\Program Files (x86)\Java\jdk1.8.0_171\jre\bin\jpeg.dll
0x73640000 - 0x736ce000 	C:\WINDOWS\SYSTEM32\DNSAPI.dll
0x73600000 - 0x73608000 	C:\Windows\System32\rasadhlp.dll
0x735b0000 - 0x735ff000 	C:\WINDOWS\System32\fwpuclnt.dll
0x71d30000 - 0x71d41000 	C:\WINDOWS\system32\napinsp.dll
0x71d10000 - 0x71d26000 	C:\WINDOWS\system32\pnrpnsp.dll
0x71cf0000 - 0x71d03000 	C:\WINDOWS\system32\NLAapi.dll
0x71ce0000 - 0x71cec000 	C:\WINDOWS\System32\winrnr.dll
0x71cc0000 - 0x71cd1000 	C:\WINDOWS\System32\wshbth.dll
0x70ec0000 - 0x70ee0000 	C:\Program Files (x86)\Java\jdk1.8.0_171\jre\bin\sunec.dll
0x71f20000 - 0x71f29000 	C:\Program Files (x86)\Java\jdk1.8.0_171\jre\bin\sunmscapi.dll
0x76cf0000 - 0x76e86000 	C:\WINDOWS\System32\CRYPT32.dll
0x759d0000 - 0x759de000 	C:\WINDOWS\System32\MSASN1.dll

VM Arguments:
jvm_args: -Dfile.encoding=UTF-8 
java_command: liverecognition.AppFace
java_class_path (initial): D:\development\App Java\face\facewithRaspberry\appDesktop\FaceSDK.jar;D:\development\App Java\face\facewithRaspberry\appDesktop\jna.jar;D:\development\App Java\face\facewithRaspberry\appDesktop\lib\mail.jar;D:\development\App Java\face\facewithRaspberry\appDesktop\lib\swingx-1.6.1.jar;D:\development\App Java\face\facewithRaspberry\appDesktop\lib\jfoenix-8.0.4.jar;D:\development\App Java\face\facewithRaspberry\appDesktop\lib\twilio-java-sdk-6.3.0.jar;D:\development\App Java\face\facewithRaspberry\appDesktop\lib\Java-WebSocket-1.3.8.jar;D:\development\App Java\face\facewithRaspberry\appDesktop\build\classes
Launcher Type: SUN_STANDARD

Environment Variables:
PATH=C:\Program Files (x86)\Common Files\Oracle\Java\javapath;C:\Python27\;C:\Python27\Scripts;C:\WINDOWS\system32;C:\WINDOWS;C:\WINDOWS\System32\Wbem;C:\WINDOWS\System32\WindowsPowerShell\v1.0\;C:\Program Files\Git\cmd;C:\Program Files\dotnet\;C:\Program Files\Microsoft SQL Server\130\Tools\Binn\;C:\Program Files\Microsoft SQL Server\Client SDK\ODBC\130\Tools\Binn\;C:\Program Files (x86)\Microsoft SQL Server\130\Tools\Binn\;C:\Program Files\Microsoft SQL Server\130\DTS\Binn\;C:\Program Files (x86)\Microsoft SQL Server\Client SDK\ODBC\130\Tools\Binn\;C:\Program Files (x86)\Microsoft SQL Server\140\Tools\Binn\;C:\Program Files (x86)\Microsoft SQL Server\140\DTS\Binn\;C:\Program Files (x86)\Microsoft SQL Server\140\Tools\Binn\ManagementStudio\;C:\xampp\php;C:\ProgramData\ComposerSetup\bin;C:\Program Files\SlikSvn\bin;C:\Program Files\Java\apache-maven-3.5.3\bin;C:\Program Files (x86)\Java\jdk1.8.0_171;C:\Program Files (x86)\Java\jdk1.8.0_171\bin;C:\Program Files (x86)\Java\jdk1.8.0_171\lib;C:\Program Files (x86)\Java\jdk1.8.0_171\jre;C:\Program Files (x86)\Java\jdk1.8.0_171\jre\bin;C:\Program Files (x86)\Java\jdk1.8.0_171\jre\lib;C:\WINDOWS\System32\OpenSSH\;C:\Program Files (x86)\CMake\bin;C:\Program Files\nodejs\;C:\Users\Alex\AppData\Local\Microsoft\WindowsApps;C:\Users\Alex\AppData\Roaming\Composer\vendor\bin;C:\Program Files\Java\apache-maven-3.5.3\bin;;C:\Program Files\Microsoft VS Code\bin;C:\Users\Alex\AppData\Roaming\npm
USERNAME=Alex
OS=Windows_NT
PROCESSOR_IDENTIFIER=Intel64 Family 6 Model 42 Stepping 7, GenuineIntel



---------------  S Y S T E M  ---------------

OS: Windows 10.0 , 64 bit Build 17134 (10.0.17134.1)

CPU:total 4 (initial active 4) (2 cores per cpu, 2 threads per core) family 6 model 42 stepping 7, cmov, cx8, fxsr, mmx, sse, sse2, sse3, ssse3, sse4.1, sse4.2, popcnt, avx, aes, clmul, ht, tsc, tscinvbit

Memory: 4k page, physical 8294284k(3213008k free), swap 12750732k(5834456k free)

vm_info: Java HotSpot(TM) Client VM (25.171-b11) for windows-x86 JRE (1.8.0_171-b11), built on Mar 28 2018 14:51:22 by "java_re" with MS VC++ 10.0 (VS2010)

time: Tue Jun 26 23:45:48 2018
elapsed time: 495 seconds (0d 0h 8m 15s)

