#
# A fatal error has been detected by the Java Runtime Environment:
#
#  EXCEPTION_ACCESS_VIOLATION (0xc0000005) at pc=0x59007739, pid=1348, tid=0x000008c0
#
# JRE version: Java(TM) SE Runtime Environment (8.0_171-b11) (build 1.8.0_171-b11)
# Java VM: Java HotSpot(TM) Client VM (25.171-b11 mixed mode windows-x86 )
# Problematic frame:
# V  [jvm.dll+0xd7739]
#
# Failed to write core dump. Minidumps are not enabled by default on client versions of Windows
#
# If you would like to submit a bug report, please visit:
#   http://bugreport.java.com/bugreport/crash.jsp
#

---------------  T H R E A D  ---------------

Current thread (0x16a4a000):  JavaThread "Thread-2412" [_thread_in_vm, id=2240, stack(0x16000000,0x16050000)]

siginfo: ExceptionCode=0xc0000005, reading address 0x00000000

Registers:
EAX=0x00000000, EBX=0x16a14801, ECX=0x00000000, EDX=0x00000000
ESP=0x1604f17c, EBP=0x1604f188, ESI=0x16a14800, EDI=0x16a4a000
EIP=0x59007739, EFLAGS=0x00010206

Top of Stack: (sp=0x1604f17c)
0x1604f17c:   1604f210 00000000 16a14800 1604f3f8
0x1604f18c:   1ac54228 16a4a140 16a14800 00000000
0x1604f19c:   774b8cca 1604f1d4 58f37333 00000020
0x1604f1ac:   1ac541b7 00000001 16a4a000 00000000
0x1604f1bc:   1604f1ac 16a4a000 1604f94c 00000020
0x1604f1cc:   1ac541a3 fffffffe 1604f1e4 58f373a4
0x1604f1dc:   16a4a000 16a4a000 1604f208 00000000
0x1604f1ec:   1ac54185 00000006 00000004 16a4a000 

Instructions: (pc=0x59007739)
0x59007719:   1a 0a 00 33 ff eb 02 8b f9 6a 06 57 e8 b6 fc f2
0x59007729:   ff 8b 75 0c 83 c4 08 b3 01 85 f6 74 39 8b 45 10
0x59007739:   8b 00 50 32 db e8 1d b0 f6 ff 83 c4 04 85 c0 74
0x59007749:   25 8b 0e 8b 49 04 8b 50 08 39 04 0a 75 04 b0 01 


Register to memory mapping:

EAX=0x00000000 is an unknown value
EBX=0x16a14801 is an unknown value
ECX=0x00000000 is an unknown value
EDX=0x00000000 is an unknown value
ESP=0x1604f17c is pointing into the stack for thread: 0x16a4a000
EBP=0x1604f188 is pointing into the stack for thread: 0x16a4a000
ESI=0x16a14800 is an unknown value
EDI=0x16a4a000 is a thread


Stack: [0x16000000,0x16050000],  sp=0x1604f17c,  free space=316k
Native frames: (J=compiled Java code, j=interpreted, Vv=VM code, C=native code)
V  [jvm.dll+0xd7739]
C  [jna2658899587001008907.dll+0x4228]
C  [jna2658899587001008907.dll+0x4d0e]
J 503  com.sun.jna.Native.invokeInt(JI[Ljava/lang/Object;)I (0 bytes) @ 0x02f1a246 [0x02f1a1a0+0xa6]
J 513 C1 com.sun.jna.Function.invoke([Ljava/lang/Object;Ljava/lang/Class;Z)Ljava/lang/Object; (1154 bytes) @ 0x02f21e04 [0x02f20230+0x1bd4]
J 335 C1 com.sun.jna.Function.invoke(Ljava/lang/Class;[Ljava/lang/Object;Ljava/util/Map;)Ljava/lang/Object; (526 bytes) @ 0x02ed83d8 [0x02ed7f50+0x488]
J 506 C1 com.sun.jna.Library$Handler.invoke(Ljava/lang/Object;Ljava/lang/reflect/Method;[Ljava/lang/Object;)Ljava/lang/Object; (345 bytes) @ 0x02f1b44c [0x02f1ac10+0x83c]
j  Luxand.$Proxy0.FSDK_FreeImage(I)I+19
j  Luxand.FSDK.FreeImage(LLuxand/FSDK$HImage;)I+7
j  liverecognition.AppFace$12.run()V+723
v  ~StubRoutines::call_stub
V  [jvm.dll+0x15b985]
V  [jvm.dll+0x22262e]
V  [jvm.dll+0x15ba1e]
V  [jvm.dll+0x15bba6]
V  [jvm.dll+0x15bc17]
V  [jvm.dll+0xffb3f]
V  [jvm.dll+0x17eb50]
V  [jvm.dll+0x17f3ca]
V  [jvm.dll+0x1c3fe6]
C  [msvcr100.dll+0x5c556]
C  [msvcr100.dll+0x5c600]
C  [KERNEL32.DLL+0x18484]
C  [ntdll.dll+0x62fea]
C  [ntdll.dll+0x62fba]
C  0x00000000

Java frames: (J=compiled Java code, j=interpreted, Vv=VM code)
J 503  com.sun.jna.Native.invokeInt(JI[Ljava/lang/Object;)I (0 bytes) @ 0x02f1a202 [0x02f1a1a0+0x62]
J 513 C1 com.sun.jna.Function.invoke([Ljava/lang/Object;Ljava/lang/Class;Z)Ljava/lang/Object; (1154 bytes) @ 0x02f21e04 [0x02f20230+0x1bd4]
J 335 C1 com.sun.jna.Function.invoke(Ljava/lang/Class;[Ljava/lang/Object;Ljava/util/Map;)Ljava/lang/Object; (526 bytes) @ 0x02ed83d8 [0x02ed7f50+0x488]
J 506 C1 com.sun.jna.Library$Handler.invoke(Ljava/lang/Object;Ljava/lang/reflect/Method;[Ljava/lang/Object;)Ljava/lang/Object; (345 bytes) @ 0x02f1b44c [0x02f1ac10+0x83c]
j  Luxand.$Proxy0.FSDK_FreeImage(I)I+19
j  Luxand.FSDK.FreeImage(LLuxand/FSDK$HImage;)I+7
j  liverecognition.AppFace$12.run()V+723
v  ~StubRoutines::call_stub

---------------  P R O C E S S  ---------------

Java Threads: ( => current thread )
  0x16a4c800 JavaThread "Thread-2416" [_thread_in_native, id=9600, stack(0x15da0000,0x15df0000)]
  0x16a49400 JavaThread "Thread-0" daemon [_thread_in_native, id=13376, stack(0x165f0000,0x16640000)]
=>0x16a4a000 JavaThread "Thread-2412" [_thread_in_vm, id=2240, stack(0x16000000,0x16050000)]
  0x16a26000 JavaThread "Thread-3" [_thread_in_native, id=2332, stack(0x1fc90000,0x1fce0000)]
  0x02c7d000 JavaThread "DestroyJavaVM" [_thread_blocked, id=9920, stack(0x02bb0000,0x02c00000)]
  0x167f8800 JavaThread "AWT-EventQueue-0" [_thread_blocked, id=11160, stack(0x15f30000,0x15f80000)]
  0x15650800 JavaThread "AWT-Shutdown" [_thread_blocked, id=12244, stack(0x15d10000,0x15d60000)]
  0x1564fc00 JavaThread "Java2D Disposer" daemon [_thread_blocked, id=14216, stack(0x15c80000,0x15cd0000)]
  0x15495c00 JavaThread "Service Thread" daemon [_thread_blocked, id=13192, stack(0x15a50000,0x15aa0000)]
  0x1549ac00 JavaThread "C1 CompilerThread0" daemon [_thread_blocked, id=1080, stack(0x159c0000,0x15a10000)]
  0x15499400 JavaThread "Attach Listener" daemon [_thread_blocked, id=7376, stack(0x15930000,0x15980000)]
  0x15497400 JavaThread "Signal Dispatcher" daemon [_thread_blocked, id=11508, stack(0x158a0000,0x158f0000)]
  0x1547a800 JavaThread "Finalizer" daemon [_thread_blocked, id=6236, stack(0x156f0000,0x15740000)]
  0x15464800 JavaThread "Reference Handler" daemon [_thread_blocked, id=14112, stack(0x15660000,0x156b0000)]

Other Threads:
  0x02dadc00 VMThread [stack: 0x04f60000,0x04fb0000] [id=4064]
  0x15490400 WatcherThread [stack: 0x15ae0000,0x15b30000] [id=8140]

VM state:not at safepoint (normal execution)

VM Mutex/Monitor currently owned by a thread: None

Heap:
 def new generation   total 10368K, used 5120K [0x05000000, 0x05b40000, 0x0a550000)
  eden space 9216K,  54% used [0x05000000, 0x054f1720, 0x05900000)
  from space 1152K,   5% used [0x05a20000, 0x05a2e8e0, 0x05b40000)
  to   space 1152K,   0% used [0x05900000, 0x05900000, 0x05a20000)
 tenured generation   total 22936K, used 10902K [0x0a550000, 0x0bbb6000, 0x15000000)
   the space 22936K,  47% used [0x0a550000, 0x0aff59c0, 0x0aff5a00, 0x0bbb6000)
 Metaspace       used 8820K, capacity 9010K, committed 9088K, reserved 9600K

Card table byte_map: [0x04e30000,0x04ec0000] byte_map_base: 0x04e08000

Polling page: 0x02c00000

CodeCache: size=32768Kb used=1783Kb max_used=1783Kb free=30984Kb
 bounds [0x02db0000, 0x02f70000, 0x04db0000]
 total_blobs=901 nmethods=647 adapters=184
 compilation: enabled

Compilation events (10 events):
Event: 42.805 Thread 0x1549ac00  649             java.util.IdentityHashMap::isEmpty (13 bytes)
Event: 42.806 Thread 0x1549ac00 nmethod 649 0x02f6cb08 code [0x02f6cc00, 0x02f6cc90]
Event: 42.941 Thread 0x1549ac00  650   !         sun.awt.AWTAutoShutdown::setToolkitBusy (124 bytes)
Event: 42.941 Thread 0x1549ac00 nmethod 650 0x02f6ccc8 code [0x02f6ce10, 0x02f6d28c]
Event: 43.675 Thread 0x1549ac00  651             java.lang.reflect.Field::getFieldAccessor (35 bytes)
Event: 43.675 Thread 0x1549ac00 nmethod 651 0x02f6d608 code [0x02f6d700, 0x02f6d7bc]
Event: 43.721 Thread 0x1549ac00  652             java.awt.image.PixelInterleavedSampleModel::createCompatibleSampleModel (124 bytes)
Event: 43.722 Thread 0x1549ac00 nmethod 652 0x02f6d848 code [0x02f6d960, 0x02f6dbac]
Event: 44.176 Thread 0x1549ac00  653             sun.awt.image.ToolkitImage::getSource (22 bytes)
Event: 44.176 Thread 0x1549ac00 nmethod 653 0x02f6dd88 code [0x02f6de90, 0x02f6df4c]

GC Heap History (10 events):
Event: 44.395 GC heap before
{Heap before GC invocations=994 (full 161):
 def new generation   total 10368K, used 9618K [0x05000000, 0x05b40000, 0x0a550000)
  eden space 9216K,  94% used [0x05000000, 0x05879f80, 0x05900000)
  from space 1152K,  81% used [0x05900000, 0x059ea920, 0x05a20000)
  to   space 1152K,   0% used [0x05a20000, 0x05a20000, 0x05b40000)
 tenured generation   total 22936K, used 14500K [0x0a550000, 0x0bbb6000, 0x15000000)
   the space 22936K,  63% used [0x0a550000, 0x0b379120, 0x0b379200, 0x0bbb6000)
 Metaspace       used 8796K, capacity 8978K, committed 9088K, reserved 9600K
Event: 44.396 GC heap after
Heap after GC invocations=995 (full 161):
 def new generation   total 10368K, used 938K [0x05000000, 0x05b40000, 0x0a550000)
  eden space 9216K,   0% used [0x05000000, 0x05000000, 0x05900000)
  from space 1152K,  81% used [0x05a20000, 0x05b0a9b0, 0x05b40000)
  to   space 1152K,   0% used [0x05900000, 0x05900000, 0x05a20000)
 tenured generation   total 22936K, used 16927K [0x0a550000, 0x0bbb6000, 0x15000000)
   the space 22936K,  73% used [0x0a550000, 0x0b5d7d00, 0x0b5d7e00, 0x0bbb6000)
 Metaspace       used 8796K, capacity 8978K, committed 9088K, reserved 9600K
}
Event: 44.414 GC heap before
{Heap before GC invocations=995 (full 161):
 def new generation   total 10368K, used 9428K [0x05000000, 0x05b40000, 0x0a550000)
  eden space 9216K,  92% used [0x05000000, 0x0584a758, 0x05900000)
  from space 1152K,  81% used [0x05a20000, 0x05b0a9b0, 0x05b40000)
  to   space 1152K,   0% used [0x05900000, 0x05900000, 0x05a20000)
 tenured generation   total 22936K, used 16927K [0x0a550000, 0x0bbb6000, 0x15000000)
   the space 22936K,  73% used [0x0a550000, 0x0b5d7d00, 0x0b5d7e00, 0x0bbb6000)
 Metaspace       used 8796K, capacity 8978K, committed 9088K, reserved 9600K
Event: 44.415 GC heap after
Heap after GC invocations=996 (full 161):
 def new generation   total 10368K, used 58K [0x05000000, 0x05b40000, 0x0a550000)
  eden space 9216K,   0% used [0x05000000, 0x05000000, 0x05900000)
  from space 1152K,   5% used [0x05900000, 0x0590e8b8, 0x05a20000)
  to   space 1152K,   0% used [0x05a20000, 0x05a20000, 0x05b40000)
 tenured generation   total 22936K, used 18154K [0x0a550000, 0x0bbb6000, 0x15000000)
   the space 22936K,  79% used [0x0a550000, 0x0b70a968, 0x0b70aa00, 0x0bbb6000)
 Metaspace       used 8796K, capacity 8978K, committed 9088K, reserved 9600K
}
Event: 44.470 GC heap before
{Heap before GC invocations=996 (full 161):
 def new generation   total 10368K, used 9274K [0x05000000, 0x05b40000, 0x0a550000)
  eden space 9216K, 100% used [0x05000000, 0x05900000, 0x05900000)
  from space 1152K,   5% used [0x05900000, 0x0590e8b8, 0x05a20000)
  to   space 1152K,   0% used [0x05a20000, 0x05a20000, 0x05b40000)
 tenured generation   total 22936K, used 18154K [0x0a550000, 0x0bbb6000, 0x15000000)
   the space 22936K,  79% used [0x0a550000, 0x0b70a968, 0x0b70aa00, 0x0bbb6000)
 Metaspace       used 8796K, capacity 8978K, committed 9088K, reserved 9600K
Event: 44.471 GC heap after
Heap after GC invocations=997 (full 161):
 def new generation   total 10368K, used 938K [0x05000000, 0x05b40000, 0x0a550000)
  eden space 9216K,   0% used [0x05000000, 0x05000000, 0x05900000)
  from space 1152K,  81% used [0x05a20000, 0x05b0a8a8, 0x05b40000)
  to   space 1152K,   0% used [0x05900000, 0x05900000, 0x05a20000)
 tenured generation   total 22936K, used 21754K [0x0a550000, 0x0bbb6000, 0x15000000)
   the space 22936K,  94% used [0x0a550000, 0x0ba8e998, 0x0ba8ea00, 0x0bbb6000)
 Metaspace       used 8796K, capacity 8978K, committed 9088K, reserved 9600K
}
Event: 44.536 GC heap before
{Heap before GC invocations=997 (full 161):
 def new generation   total 10368K, used 9617K [0x05000000, 0x05b40000, 0x0a550000)
  eden space 9216K,  94% used [0x05000000, 0x05879f30, 0x05900000)
  from space 1152K,  81% used [0x05a20000, 0x05b0a8a8, 0x05b40000)
  to   space 1152K,   0% used [0x05900000, 0x05900000, 0x05a20000)
 tenured generation   total 22936K, used 21754K [0x0a550000, 0x0bbb6000, 0x15000000)
   the space 22936K,  94% used [0x0a550000, 0x0ba8e998, 0x0ba8ea00, 0x0bbb6000)
 Metaspace       used 8796K, capacity 8978K, committed 9088K, reserved 9600K
Event: 44.546 GC heap after
Heap after GC invocations=998 (full 162):
 def new generation   total 10368K, used 0K [0x05000000, 0x05b40000, 0x0a550000)
  eden space 9216K,   0% used [0x05000000, 0x05000000, 0x05900000)
  from space 1152K,   0% used [0x05900000, 0x05900000, 0x05a20000)
  to   space 1152K,   0% used [0x05a20000, 0x05a20000, 0x05b40000)
 tenured generation   total 22936K, used 8502K [0x0a550000, 0x0bbb6000, 0x15000000)
   the space 22936K,  37% used [0x0a550000, 0x0ad9d9a0, 0x0ad9da00, 0x0bbb6000)
 Metaspace       used 8796K, capacity 8978K, committed 9088K, reserved 9600K
}
Event: 44.572 GC heap before
{Heap before GC invocations=998 (full 162):
 def new generation   total 10368K, used 8489K [0x05000000, 0x05b40000, 0x0a550000)
  eden space 9216K,  92% used [0x05000000, 0x0584a758, 0x05900000)
  from space 1152K,   0% used [0x05900000, 0x05900000, 0x05a20000)
  to   space 1152K,   0% used [0x05a20000, 0x05a20000, 0x05b40000)
 tenured generation   total 22936K, used 8502K [0x0a550000, 0x0bbb6000, 0x15000000)
   the space 22936K,  37% used [0x0a550000, 0x0ad9d9a0, 0x0ad9da00, 0x0bbb6000)
 Metaspace       used 8796K, capacity 8978K, committed 9088K, reserved 9600K
Event: 44.572 GC heap after
Heap after GC invocations=999 (full 162):
 def new generation   total 10368K, used 58K [0x05000000, 0x05b40000, 0x0a550000)
  eden space 9216K,   0% used [0x05000000, 0x05000000, 0x05900000)
  from space 1152K,   5% used [0x05a20000, 0x05a2e8e0, 0x05b40000)
  to   space 1152K,   0% used [0x05900000, 0x05900000, 0x05a20000)
 tenured generation   total 22936K, used 10902K [0x0a550000, 0x0bbb6000, 0x15000000)
   the space 22936K,  47% used [0x0a550000, 0x0aff59c0, 0x0aff5a00, 0x0bbb6000)
 Metaspace       used 8796K, capacity 8978K, committed 9088K, reserved 9600K
}

Deoptimization events (0 events):
No events

Classes redefined (0 events):
No events

Internal exceptions (10 events):
Event: 0.221 Thread 0x02c7d000 Exception <a 'java/lang/ClassNotFoundException': ToolBar> (0x05309de8) thrown at [C:\re\workspace\8-2-build-windows-i586-cygwin\jdk8u171\10807\hotspot\src\share\vm\classfile\systemDictionary.cpp, line 210]
Event: 0.221 Thread 0x02c7d000 Exception <a 'java/lang/ClassNotFoundException': ToggleButton> (0x0530a330) thrown at [C:\re\workspace\8-2-build-windows-i586-cygwin\jdk8u171\10807\hotspot\src\share\vm\classfile\systemDictionary.cpp, line 210]
Event: 0.221 Thread 0x02c7d000 Exception <a 'java/lang/ClassNotFoundException': javax/swing/JToolBarSeparator> (0x0530a738) thrown at [C:\re\workspace\8-2-build-windows-i586-cygwin\jdk8u171\10807\hotspot\src\share\vm\classfile\systemDictionary.cpp, line 210]
Event: 0.221 Thread 0x02c7d000 Exception <a 'java/lang/ClassNotFoundException': ToolBarSeparator> (0x0530ab90) thrown at [C:\re\workspace\8-2-build-windows-i586-cygwin\jdk8u171\10807\hotspot\src\share\vm\classfile\systemDictionary.cpp, line 210]
Event: 0.221 Thread 0x02c7d000 Exception <a 'java/lang/ClassNotFoundException': ToolTip> (0x0530b238) thrown at [C:\re\workspace\8-2-build-windows-i586-cygwin\jdk8u171\10807\hotspot\src\share\vm\classfile\systemDictionary.cpp, line 210]
Event: 0.222 Thread 0x02c7d000 Exception <a 'java/lang/ClassNotFoundException': Tree> (0x0530bd20) thrown at [C:\re\workspace\8-2-build-windows-i586-cygwin\jdk8u171\10807\hotspot\src\share\vm\classfile\systemDictionary.cpp, line 210]
Event: 0.222 Thread 0x02c7d000 Exception <a 'java/lang/ClassNotFoundException': Tree> (0x0530c3c0) thrown at [C:\re\workspace\8-2-build-windows-i586-cygwin\jdk8u171\10807\hotspot\src\share\vm\classfile\systemDictionary.cpp, line 210]
Event: 0.222 Thread 0x02c7d000 Exception <a 'java/lang/ClassNotFoundException': javax/swing/JTreeCell> (0x0530c6f8) thrown at [C:\re\workspace\8-2-build-windows-i586-cygwin\jdk8u171\10807\hotspot\src\share\vm\classfile\systemDictionary.cpp, line 210]
Event: 0.222 Thread 0x02c7d000 Exception <a 'java/lang/ClassNotFoundException': TreeCell> (0x0530cb40) thrown at [C:\re\workspace\8-2-build-windows-i586-cygwin\jdk8u171\10807\hotspot\src\share\vm\classfile\systemDictionary.cpp, line 210]
Event: 0.223 Thread 0x02c7d000 Exception <a 'java/lang/ClassNotFoundException': RootPane> (0x0530d4b8) thrown at [C:\re\workspace\8-2-build-windows-i586-cygwin\jdk8u171\10807\hotspot\src\share\vm\classfile\systemDictionary.cpp, line 210]

Events (10 events):
Event: 44.581 Thread 0x16a4a800 Thread added: 0x16a4a800
Event: 44.582 Thread 0x16a49c00 Thread exited: 0x16a49c00
Event: 44.582 loading class java/util/WeakHashMap$KeyIterator
Event: 44.582 loading class java/util/WeakHashMap$HashIterator
Event: 44.586 loading class java/util/WeakHashMap$HashIterator done
Event: 44.587 loading class java/util/WeakHashMap$KeyIterator done
Event: 44.587 Thread 0x16a4a800 Thread exited: 0x16a4a800
Event: 44.587 Thread 0x15651800 Thread exited: 0x15651800
Event: 44.589 Thread 0x16a49c00 Thread added: 0x16a49c00
Event: 44.589 Thread 0x16a4a800 Thread added: 0x16a4a800


Dynamic libraries:
0x00ce0000 - 0x00d13000 	C:\Program Files (x86)\Java\jdk1.8.0_171\jre\bin\java.exe
0x77470000 - 0x77600000 	C:\WINDOWS\SYSTEM32\ntdll.dll
0x76a20000 - 0x76b00000 	C:\WINDOWS\System32\KERNEL32.DLL
0x76fb0000 - 0x77194000 	C:\WINDOWS\System32\KERNELBASE.dll
0x73c80000 - 0x73d1d000 	C:\WINDOWS\SYSTEM32\apphelp.dll
0x756c0000 - 0x75738000 	C:\WINDOWS\System32\ADVAPI32.dll
0x75d80000 - 0x75e3f000 	C:\WINDOWS\System32\msvcrt.dll
0x77330000 - 0x77374000 	C:\WINDOWS\System32\sechost.dll
0x75e40000 - 0x75f00000 	C:\WINDOWS\System32\RPCRT4.dll
0x73d30000 - 0x73d50000 	C:\WINDOWS\System32\SspiCli.dll
0x73d20000 - 0x73d2a000 	C:\WINDOWS\System32\CRYPTBASE.dll
0x75900000 - 0x75958000 	C:\WINDOWS\System32\bcryptPrimitives.dll
0x75bf0000 - 0x75d7d000 	C:\WINDOWS\System32\USER32.dll
0x76e30000 - 0x76e47000 	C:\WINDOWS\System32\win32u.dll
0x76b10000 - 0x76b32000 	C:\WINDOWS\System32\GDI32.dll
0x767d0000 - 0x76934000 	C:\WINDOWS\System32\gdi32full.dll
0x76db0000 - 0x76e2d000 	C:\WINDOWS\System32\msvcp_win.dll
0x75790000 - 0x758ae000 	C:\WINDOWS\System32\ucrtbase.dll
0x73110000 - 0x73314000 	C:\WINDOWS\WinSxS\x86_microsoft.windows.common-controls_6595b64144ccf1df_6.0.17134.112_none_42ecccf244e44518\COMCTL32.dll
0x76530000 - 0x7678c000 	C:\WINDOWS\System32\combase.dll
0x76d70000 - 0x76d96000 	C:\WINDOWS\System32\IMM32.DLL
0x59310000 - 0x593cf000 	C:\Program Files (x86)\Java\jdk1.8.0_171\jre\bin\msvcr100.dll
0x58f30000 - 0x59301000 	C:\Program Files (x86)\Java\jdk1.8.0_171\jre\bin\client\jvm.dll
0x76520000 - 0x76526000 	C:\WINDOWS\System32\PSAPI.DLL
0x728c0000 - 0x728c8000 	C:\WINDOWS\SYSTEM32\WSOCK32.dll
0x72c20000 - 0x72c44000 	C:\WINDOWS\SYSTEM32\WINMM.dll
0x71f70000 - 0x71f78000 	C:\WINDOWS\SYSTEM32\VERSION.dll
0x75b20000 - 0x75b87000 	C:\WINDOWS\System32\WS2_32.dll
0x72890000 - 0x728b3000 	C:\WINDOWS\SYSTEM32\winmmbase.dll
0x76790000 - 0x767c9000 	C:\WINDOWS\System32\cfgmgr32.dll
0x59c10000 - 0x59c1c000 	C:\Program Files (x86)\Java\jdk1.8.0_171\jre\bin\verify.dll
0x58f00000 - 0x58f22000 	C:\Program Files (x86)\Java\jdk1.8.0_171\jre\bin\java.dll
0x58ee0000 - 0x58ef4000 	C:\Program Files (x86)\Java\jdk1.8.0_171\jre\bin\zip.dll
0x73d50000 - 0x7509a000 	C:\WINDOWS\System32\SHELL32.dll
0x75960000 - 0x759e8000 	C:\WINDOWS\System32\shcore.dll
0x750a0000 - 0x7565a000 	C:\WINDOWS\System32\windows.storage.dll
0x758b0000 - 0x758f5000 	C:\WINDOWS\System32\shlwapi.dll
0x76b40000 - 0x76b4f000 	C:\WINDOWS\System32\kernel.appcore.dll
0x75aa0000 - 0x75ab8000 	C:\WINDOWS\System32\profapi.dll
0x764d0000 - 0x76515000 	C:\WINDOWS\System32\powrprof.dll
0x76e50000 - 0x76e58000 	C:\WINDOWS\System32\FLTLIB.DLL
0x58d70000 - 0x58eb5000 	C:\Program Files (x86)\Java\jdk1.8.0_171\jre\bin\awt.dll
0x759f0000 - 0x75a86000 	C:\WINDOWS\System32\OLEAUT32.dll
0x73090000 - 0x7310c000 	C:\WINDOWS\system32\uxtheme.dll
0x76e60000 - 0x76fa4000 	C:\WINDOWS\System32\MSCTF.dll
0x71b00000 - 0x71b23000 	C:\WINDOWS\system32\dwmapi.dll
0x76be0000 - 0x76cdc000 	C:\WINDOWS\System32\ole32.dll
0x58b50000 - 0x58b89000 	C:\Program Files (x86)\Java\jdk1.8.0_171\jre\bin\fontmanager.dll
0x58c60000 - 0x58d39000 	C:\WINDOWS\system32\opengl32.dll
0x58c20000 - 0x58c5f000 	C:\WINDOWS\SYSTEM32\GLU32.dll
0x57aa0000 - 0x57ac6000 	C:\Program Files (x86)\Java\jdk1.8.0_171\jre\bin\jpeg.dll
0x58ec0000 - 0x58ed5000 	C:\Program Files (x86)\Java\jdk1.8.0_171\jre\bin\net.dll
0x726e0000 - 0x72736000 	C:\WINDOWS\system32\mswsock.dll
0x59770000 - 0x5977f000 	C:\Program Files (x86)\Java\jdk1.8.0_171\jre\bin\nio.dll
0x58b10000 - 0x58b42000 	C:\Program Files (x86)\Java\jdk1.8.0_171\jre\bin\t2k.dll
0x16f40000 - 0x1a702000 	C:\Users\PAUL\Desktop\proyecto\facewithRaspberry\appDesktop\facesdk.dll
0x73ae0000 - 0x73b10000 	C:\WINDOWS\SYSTEM32\IPHLPAPI.DLL
0x72530000 - 0x72543000 	C:\WINDOWS\SYSTEM32\CRYPTSP.dll
0x72500000 - 0x7252f000 	C:\WINDOWS\system32\rsaenh.dll
0x727e0000 - 0x727f9000 	C:\WINDOWS\SYSTEM32\bcrypt.dll
0x73c20000 - 0x73c41000 	C:\WINDOWS\SYSTEM32\USERENV.dll
0x75a90000 - 0x75a97000 	C:\WINDOWS\System32\NSI.dll
0x72760000 - 0x72773000 	C:\WINDOWS\SYSTEM32\dhcpcsvc6.DLL
0x72740000 - 0x72754000 	C:\WINDOWS\SYSTEM32\dhcpcsvc.DLL
0x1ac50000 - 0x1aca5000 	C:\Users\PAUL\AppData\Local\Temp\jna2658899587001008907.dll
0x71d20000 - 0x71ea2000 	C:\WINDOWS\SYSTEM32\dbghelp.dll
0x6db70000 - 0x6dbee000 	C:\WINDOWS\System32\TextInputFramework.dll
0x6dae0000 - 0x6db6b000 	C:\WINDOWS\System32\CoreMessaging.dll
0x6d880000 - 0x6dadd000 	C:\WINDOWS\System32\CoreUIComponents.dll
0x723b0000 - 0x723d9000 	C:\WINDOWS\SYSTEM32\ntmarta.dll
0x71650000 - 0x71726000 	C:\WINDOWS\SYSTEM32\wintypes.dll
0x58ab0000 - 0x58ad4000 	C:\Program Files (x86)\Java\jdk1.8.0_171\jre\bin\dcpr.dll

VM Arguments:
jvm_args: -Dfile.encoding=UTF-8 
java_command: liverecognition.AppFace
java_class_path (initial): C:\Users\PAUL\Desktop\proyecto\facewithRaspberry\appDesktop\FaceSDK.jar;C:\Users\PAUL\Desktop\proyecto\facewithRaspberry\appDesktop\jna.jar;C:\Users\PAUL\Desktop\proyecto\facewithRaspberry\appDesktop\lib\mail.jar;C:\Users\PAUL\Desktop\proyecto\facewithRaspberry\appDesktop\lib\swingx-1.6.1.jar;C:\Users\PAUL\Desktop\proyecto\facewithRaspberry\appDesktop\lib\jfoenix-8.0.4.jar;C:\Users\PAUL\Desktop\proyecto\facewithRaspberry\appDesktop\lib\twilio-java-sdk-6.3.0.jar;C:\Users\PAUL\Desktop\proyecto\facewithRaspberry\appDesktop\lib\Java-WebSocket-1.3.8.jar;C:\Users\PAUL\Desktop\proyecto\facewithRaspberry\appDesktop\build\classes
Launcher Type: SUN_STANDARD

Environment Variables:
JAVA_HOME=C:\Program Files\Java\jdk1.8.0_171
PATH=C:\Program Files (x86)\Common Files\Oracle\Java\javapath;C:\WINDOWS\system32;C:\WINDOWS;C:\WINDOWS\System32\Wbem;C:\WINDOWS\System32\WindowsPowerShell\v1.0\;C:\Program Files\Java\jdk1.8.0_171\bin;C:\WINDOWS\System32\OpenSSH\;C:\Program Files (x86)\PuTTY\;C:\Users\PAUL\AppData\Local\Microsoft\WindowsApps;C:\Users\PAUL\AppData\Local\Programs\MiKTeX 2.9\miktex\bin\x64\;;C:\Program Files (x86)\SSH Communications Security\SSH Secure Shell
USERNAME=PAUL
OS=Windows_NT
PROCESSOR_IDENTIFIER=Intel64 Family 6 Model 60 Stepping 3, GenuineIntel



---------------  S Y S T E M  ---------------

OS: Windows 10.0 , 64 bit Build 17134 (10.0.17134.1)

CPU:total 8 (initial active 8) (4 cores per cpu, 2 threads per core) family 6 model 60 stepping 3, cmov, cx8, fxsr, mmx, sse, sse2, sse3, ssse3, sse4.1, sse4.2, popcnt, avx, avx2, aes, clmul, erms, lzcnt, ht, tsc, tscinvbit, bmi1, bmi2

Memory: 4k page, physical 16696464k(10984764k free), swap 19711120k(13606508k free)

vm_info: Java HotSpot(TM) Client VM (25.171-b11) for windows-x86 JRE (1.8.0_171-b11), built on Mar 28 2018 14:51:22 by "java_re" with MS VC++ 10.0 (VS2010)

time: Wed Jun 27 14:43:24 2018
elapsed time: 44 seconds (0d 0h 0m 44s)

