#
# A fatal error has been detected by the Java Runtime Environment:
#
#  EXCEPTION_ACCESS_VIOLATION (0xc0000005) at pc=0x72b47739, pid=716, tid=0x00000610
#
# JRE version: Java(TM) SE Runtime Environment (8.0_171-b11) (build 1.8.0_171-b11)
# Java VM: Java HotSpot(TM) Client VM (25.171-b11 mixed mode windows-x86 )
# Problematic frame:
# V  [jvm.dll+0xd7739]
#
# Failed to write core dump. Minidumps are not enabled by default on client versions of Windows
#
# If you would like to submit a bug report, please visit:
#   http://bugreport.java.com/bugreport/crash.jsp
#

---------------  T H R E A D  ---------------

Current thread (0x16544800):  JavaThread "Thread-252" [_thread_in_vm, id=1552, stack(0x168a0000,0x168f0000)]

siginfo: ExceptionCode=0xc0000005, reading address 0x00000000

Registers:
EAX=0x00000000, EBX=0x164f1401, ECX=0x00000000, EDX=0x00000000
ESP=0x168eef0c, EBP=0x168eef18, ESI=0x164f14a0, EDI=0x16544800
EIP=0x72b47739, EFLAGS=0x00010206

Top of Stack: (sp=0x168eef0c)
0x168eef0c:   168eefc0 00000000 164f14a0 168ef1b8
0x168eef1c:   1a714228 16544940 164f14a0 00000000
0x168eef2c:   72d30faa 64bbdccb fffffffe 00000020
0x168eef3c:   1a7141b7 16544800 168ef530 168eef68
0x168eef4c:   72baabac 16544800 00000006 00000020
0x168eef5c:   1a7141a3 168eef94 72a77333 16544800
0x168eef6c:   00ee7767 00000004 16544800 169a02b0
0x168eef7c:   168eef6c 16544800 168ef59c 72d30faa 

Instructions: (pc=0x72b47739)
0x72b47719:   1a 0a 00 33 ff eb 02 8b f9 6a 06 57 e8 b6 fc f2
0x72b47729:   ff 8b 75 0c 83 c4 08 b3 01 85 f6 74 39 8b 45 10
0x72b47739:   8b 00 50 32 db e8 1d b0 f6 ff 83 c4 04 85 c0 74
0x72b47749:   25 8b 0e 8b 49 04 8b 50 08 39 04 0a 75 04 b0 01 


Register to memory mapping:

EAX=0x00000000 is an unknown value
EBX=0x164f1401 is a weak global jni handle
ECX=0x00000000 is an unknown value
EDX=0x00000000 is an unknown value
ESP=0x168eef0c is pointing into the stack for thread: 0x16544800
EBP=0x168eef18 is pointing into the stack for thread: 0x16544800
ESI=0x164f14a0 is an unknown value
EDI=0x16544800 is a thread


Stack: [0x168a0000,0x168f0000],  sp=0x168eef0c,  free space=315k
Native frames: (J=compiled Java code, j=interpreted, Vv=VM code, C=native code)
V  [jvm.dll+0xd7739]
C  [jna679809135579269713.dll+0x4228]
C  [jna679809135579269713.dll+0x4d0e]
j  com.sun.jna.Native.invokeInt(JI[Ljava/lang/Object;)I+0
j  com.sun.jna.Function.invoke([Ljava/lang/Object;Ljava/lang/Class;Z)Ljava/lang/Object;+333
J 395 C1 com.sun.jna.Function.invoke(Ljava/lang/Class;[Ljava/lang/Object;Ljava/util/Map;)Ljava/lang/Object; (526 bytes) @ 0x02dfb998 [0x02dfb510+0x488]
j  com.sun.jna.Library$Handler.invoke(Ljava/lang/Object;Ljava/lang/reflect/Method;[Ljava/lang/Object;)Ljava/lang/Object;+341
j  Luxand.$Proxy0.FSDK_GetTrackerFacePosition(IJJLLuxand/FSDK$TFacePosition$ByReference;)I+39
j  Luxand.FSDK.GetTrackerFacePosition(LLuxand/FSDK$HTracker;JJLLuxand/FSDK$TFacePosition$ByReference;)I+11
j  liverecognition.AppFace$13.run()V+184
v  ~StubRoutines::call_stub
V  [jvm.dll+0x15b985]
V  [jvm.dll+0x22262e]
V  [jvm.dll+0x15ba1e]
V  [jvm.dll+0x15bba6]
V  [jvm.dll+0x15bc17]
V  [jvm.dll+0xffb3f]
V  [jvm.dll+0x17eb50]
V  [jvm.dll+0x17f3ca]
V  [jvm.dll+0x1c3fe6]
C  [msvcr100.dll+0x5c556]
C  [msvcr100.dll+0x5c600]
C  [KERNEL32.DLL+0x18484]
C  [ntdll.dll+0x62fea]
C  [ntdll.dll+0x62fba]
C  0x00000000

Java frames: (J=compiled Java code, j=interpreted, Vv=VM code)
j  com.sun.jna.Native.invokeInt(JI[Ljava/lang/Object;)I+0
j  com.sun.jna.Function.invoke([Ljava/lang/Object;Ljava/lang/Class;Z)Ljava/lang/Object;+333
J 395 C1 com.sun.jna.Function.invoke(Ljava/lang/Class;[Ljava/lang/Object;Ljava/util/Map;)Ljava/lang/Object; (526 bytes) @ 0x02dfb998 [0x02dfb510+0x488]
j  com.sun.jna.Library$Handler.invoke(Ljava/lang/Object;Ljava/lang/reflect/Method;[Ljava/lang/Object;)Ljava/lang/Object;+341
j  Luxand.$Proxy0.FSDK_GetTrackerFacePosition(IJJLLuxand/FSDK$TFacePosition$ByReference;)I+39
j  Luxand.FSDK.GetTrackerFacePosition(LLuxand/FSDK$HTracker;JJLLuxand/FSDK$TFacePosition$ByReference;)I+11
j  liverecognition.AppFace$13.run()V+184
v  ~StubRoutines::call_stub

---------------  P R O C E S S  ---------------

Java Threads: ( => current thread )
  0x16543c00 JavaThread "Thread-253" [_thread_in_native, id=14468, stack(0x15c90000,0x15ce0000)]
  0x16542400 JavaThread "Thread-0" daemon [_thread_in_native, id=14732, stack(0x20710000,0x20760000)]
=>0x16544800 JavaThread "Thread-252" [_thread_in_vm, id=1552, stack(0x168a0000,0x168f0000)]
  0x16509400 JavaThread "WebSocketTimer" [_thread_blocked, id=8028, stack(0x20050000,0x200a0000)]
  0x1652d000 JavaThread "WebSocketWriteThread-19" [_thread_blocked, id=7752, stack(0x1f6c0000,0x1f710000)]
  0x16531c00 JavaThread "WebSocketConnectReadThread-18" [_thread_in_native, id=8288, stack(0x1f5b0000,0x1f600000)]
  0x164f8800 JavaThread "Thread-3" [_thread_in_native, id=11056, stack(0x1f520000,0x1f570000)]
  0x0122d400 JavaThread "DestroyJavaVM" [_thread_blocked, id=10136, stack(0x012f0000,0x01340000)]
  0x162d3400 JavaThread "AWT-EventQueue-0" [_thread_blocked, id=2088, stack(0x15df0000,0x15e40000)]
  0x154bb800 JavaThread "AWT-Shutdown" [_thread_blocked, id=4044, stack(0x15c00000,0x15c50000)]
  0x154bac00 JavaThread "Java2D Disposer" daemon [_thread_blocked, id=2184, stack(0x15b70000,0x15bc0000)]
  0x1530f400 JavaThread "Service Thread" daemon [_thread_blocked, id=10944, stack(0x15940000,0x15990000)]
  0x152f0400 JavaThread "C1 CompilerThread0" daemon [_thread_blocked, id=7432, stack(0x158b0000,0x15900000)]
  0x152ef400 JavaThread "Attach Listener" daemon [_thread_blocked, id=400, stack(0x15820000,0x15870000)]
  0x152ed400 JavaThread "Signal Dispatcher" daemon [_thread_blocked, id=13564, stack(0x15790000,0x157e0000)]
  0x152dac00 JavaThread "Finalizer" daemon [_thread_blocked, id=10552, stack(0x155e0000,0x15630000)]
  0x152c6000 JavaThread "Reference Handler" daemon [_thread_blocked, id=2944, stack(0x15550000,0x155a0000)]

Other Threads:
  0x152c0400 VMThread [stack: 0x154c0000,0x15510000] [id=10184]
  0x15313000 WatcherThread [stack: 0x159d0000,0x15a20000] [id=10636]

VM state:not at safepoint (normal execution)

VM Mutex/Monitor currently owned by a thread: None

Heap:
 def new generation   total 12416K, used 6483K [0x04e00000, 0x05b70000, 0x0a350000)
  eden space 11072K,  57% used [0x04e00000, 0x05436ce0, 0x058d0000)
  from space 1344K,   8% used [0x058d0000, 0x058ee050, 0x05a20000)
  to   space 1344K,   0% used [0x05a20000, 0x05a20000, 0x05b70000)
 tenured generation   total 27452K, used 9407K [0x0a350000, 0x0be1f000, 0x14e00000)
   the space 27452K,  34% used [0x0a350000, 0x0ac7ffd8, 0x0ac80000, 0x0be1f000)
 Metaspace       used 8816K, capacity 8985K, committed 9088K, reserved 9600K

Card table byte_map: [0x04d40000,0x04dd0000] byte_map_base: 0x04d19000

Polling page: 0x01240000

CodeCache: size=32768Kb used=1398Kb max_used=1398Kb free=31369Kb
 bounds [0x02cc0000, 0x02e20000, 0x04cc0000]
 total_blobs=708 nmethods=455 adapters=184
 compilation: enabled

Compilation events (10 events):
Event: 10.336 Thread 0x152f0400  455             java.util.Vector::ensureCapacityHelper (16 bytes)
Event: 10.337 Thread 0x152f0400 nmethod 455 0x02e1c948 code [0x02e1ca50, 0x02e1cafc]
Event: 10.370 Thread 0x152f0400  456             java.lang.ref.ReferenceQueue::reallyPoll (66 bytes)
Event: 10.370 Thread 0x152f0400 nmethod 456 0x02e1cb88 code [0x02e1cc90, 0x02e1cdf0]
Event: 10.398 Thread 0x152f0400  458             java.lang.reflect.Modifier::isPublic (12 bytes)
Event: 10.398 Thread 0x152f0400 nmethod 458 0x02e1d0c8 code [0x02e1d1c0, 0x02e1d240]
Event: 10.527 Thread 0x152f0400  459  s          java.util.Vector::addElement (38 bytes)
Event: 10.527 Thread 0x152f0400 nmethod 459 0x02e1d288 code [0x02e1d3a0, 0x02e1d62c]
Event: 10.578 Thread 0x152f0400  460             java.util.WeakHashMap::getEntry (72 bytes)
Event: 10.578 Thread 0x152f0400 nmethod 460 0x02e1d7c8 code [0x02e1d8f0, 0x02e1da84]

GC Heap History (10 events):
Event: 10.207 GC heap before
{Heap before GC invocations=133 (full 23):
 def new generation   total 12416K, used 11183K [0x04e00000, 0x05b70000, 0x0a350000)
  eden space 11072K,  99% used [0x04e00000, 0x058cee60, 0x058d0000)
  from space 1344K,   8% used [0x05a20000, 0x05a3cdc8, 0x05b70000)
  to   space 1344K,   0% used [0x058d0000, 0x058d0000, 0x05a20000)
 tenured generation   total 27452K, used 17971K [0x0a350000, 0x0be1f000, 0x14e00000)
   the space 27452K,  65% used [0x0a350000, 0x0b4dcff0, 0x0b4dd000, 0x0be1f000)
 Metaspace       used 8792K, capacity 8953K, committed 9088K, reserved 9600K
Event: 10.209 GC heap after
Heap after GC invocations=134 (full 23):
 def new generation   total 12416K, used 1319K [0x04e00000, 0x05b70000, 0x0a350000)
  eden space 11072K,   0% used [0x04e00000, 0x04e00000, 0x058d0000)
  from space 1344K,  98% used [0x058d0000, 0x05a19e98, 0x05a20000)
  to   space 1344K,   0% used [0x05a20000, 0x05a20000, 0x05b70000)
 tenured generation   total 27452K, used 22472K [0x0a350000, 0x0be1f000, 0x14e00000)
   the space 27452K,  81% used [0x0a350000, 0x0b942030, 0x0b942200, 0x0be1f000)
 Metaspace       used 8792K, capacity 8953K, committed 9088K, reserved 9600K
}
Event: 10.313 GC heap before
{Heap before GC invocations=134 (full 23):
 def new generation   total 12416K, used 12159K [0x04e00000, 0x05b70000, 0x0a350000)
  eden space 11072K,  97% used [0x04e00000, 0x05895e10, 0x058d0000)
  from space 1344K,  98% used [0x058d0000, 0x05a19e98, 0x05a20000)
  to   space 1344K,   0% used [0x05a20000, 0x05a20000, 0x05b70000)
 tenured generation   total 27452K, used 22472K [0x0a350000, 0x0be1f000, 0x14e00000)
   the space 27452K,  81% used [0x0a350000, 0x0b942030, 0x0b942200, 0x0be1f000)
 Metaspace       used 8792K, capacity 8953K, committed 9088K, reserved 9600K
Event: 10.314 GC heap after
Heap after GC invocations=135 (full 23):
 def new generation   total 12416K, used 1205K [0x04e00000, 0x05b70000, 0x0a350000)
  eden space 11072K,   0% used [0x04e00000, 0x04e00000, 0x058d0000)
  from space 1344K,  89% used [0x05a20000, 0x05b4d740, 0x05b70000)
  to   space 1344K,   0% used [0x058d0000, 0x058d0000, 0x05a20000)
 tenured generation   total 27452K, used 23768K [0x0a350000, 0x0be1f000, 0x14e00000)
   the space 27452K,  86% used [0x0a350000, 0x0ba86370, 0x0ba86400, 0x0be1f000)
 Metaspace       used 8792K, capacity 8953K, committed 9088K, reserved 9600K
}
Event: 10.368 GC heap before
{Heap before GC invocations=135 (full 23):
 def new generation   total 12416K, used 12245K [0x04e00000, 0x05b70000, 0x0a350000)
  eden space 11072K,  99% used [0x04e00000, 0x058c7f90, 0x058d0000)
  from space 1344K,  89% used [0x05a20000, 0x05b4d740, 0x05b70000)
  to   space 1344K,   0% used [0x058d0000, 0x058d0000, 0x05a20000)
 tenured generation   total 27452K, used 23768K [0x0a350000, 0x0be1f000, 0x14e00000)
   the space 27452K,  86% used [0x0a350000, 0x0ba86370, 0x0ba86400, 0x0be1f000)
 Metaspace       used 8792K, capacity 8953K, committed 9088K, reserved 9600K
Event: 10.369 GC heap after
Heap after GC invocations=136 (full 23):
 def new generation   total 12416K, used 1248K [0x04e00000, 0x05b70000, 0x0a350000)
  eden space 11072K,   0% used [0x04e00000, 0x04e00000, 0x058d0000)
  from space 1344K,  92% used [0x058d0000, 0x05a08100, 0x05a20000)
  to   space 1344K,   0% used [0x05a20000, 0x05a20000, 0x05b70000)
 tenured generation   total 27452K, used 27071K [0x0a350000, 0x0be1f000, 0x14e00000)
   the space 27452K,  98% used [0x0a350000, 0x0bdbfd00, 0x0bdbfe00, 0x0be1f000)
 Metaspace       used 8792K, capacity 8953K, committed 9088K, reserved 9600K
}
Event: 10.470 GC heap before
{Heap before GC invocations=136 (full 23):
 def new generation   total 12416K, used 12320K [0x04e00000, 0x05b70000, 0x0a350000)
  eden space 11072K, 100% used [0x04e00000, 0x058d0000, 0x058d0000)
  from space 1344K,  92% used [0x058d0000, 0x05a08100, 0x05a20000)
  to   space 1344K,   0% used [0x05a20000, 0x05a20000, 0x05b70000)
 tenured generation   total 27452K, used 27071K [0x0a350000, 0x0be1f000, 0x14e00000)
   the space 27452K,  98% used [0x0a350000, 0x0bdbfd00, 0x0bdbfe00, 0x0be1f000)
 Metaspace       used 8792K, capacity 8953K, committed 9088K, reserved 9600K
Event: 10.482 GC heap after
Heap after GC invocations=137 (full 24):
 def new generation   total 12416K, used 0K [0x04e00000, 0x05b70000, 0x0a350000)
  eden space 11072K,   0% used [0x04e00000, 0x04e00000, 0x058d0000)
  from space 1344K,   0% used [0x05a20000, 0x05a20000, 0x05b70000)
  to   space 1344K,   0% used [0x058d0000, 0x058d0000, 0x05a20000)
 tenured generation   total 27452K, used 9407K [0x0a350000, 0x0be1f000, 0x14e00000)
   the space 27452K,  34% used [0x0a350000, 0x0ac7ffd8, 0x0ac80000, 0x0be1f000)
 Metaspace       used 8792K, capacity 8953K, committed 9088K, reserved 9600K
}
Event: 10.567 GC heap before
{Heap before GC invocations=137 (full 24):
 def new generation   total 12416K, used 10718K [0x04e00000, 0x05b70000, 0x0a350000)
  eden space 11072K,  96% used [0x04e00000, 0x058779d8, 0x058d0000)
  from space 1344K,   0% used [0x05a20000, 0x05a20000, 0x05b70000)
  to   space 1344K,   0% used [0x058d0000, 0x058d0000, 0x05a20000)
 tenured generation   total 27452K, used 9407K [0x0a350000, 0x0be1f000, 0x14e00000)
   the space 27452K,  34% used [0x0a350000, 0x0ac7ffd8, 0x0ac80000, 0x0be1f000)
 Metaspace       used 8792K, capacity 8953K, committed 9088K, reserved 9600K
Event: 10.567 GC heap after
Heap after GC invocations=138 (full 24):
 def new generation   total 12416K, used 120K [0x04e00000, 0x05b70000, 0x0a350000)
  eden space 11072K,   0% used [0x04e00000, 0x04e00000, 0x058d0000)
  from space 1344K,   8% used [0x058d0000, 0x058ee050, 0x05a20000)
  to   space 1344K,   0% used [0x05a20000, 0x05a20000, 0x05b70000)
 tenured generation   total 27452K, used 9407K [0x0a350000, 0x0be1f000, 0x14e00000)
   the space 27452K,  34% used [0x0a350000, 0x0ac7ffd8, 0x0ac80000, 0x0be1f000)
 Metaspace       used 8792K, capacity 8953K, committed 9088K, reserved 9600K
}

Deoptimization events (0 events):
No events

Classes redefined (0 events):
No events

Internal exceptions (10 events):
Event: 0.308 Thread 0x0122d400 Exception <a 'java/lang/ClassNotFoundException': ToolBar> (0x0510e418) thrown at [C:\re\workspace\8-2-build-windows-i586-cygwin\jdk8u171\10807\hotspot\src\share\vm\classfile\systemDictionary.cpp, line 210]
Event: 0.308 Thread 0x0122d400 Exception <a 'java/lang/ClassNotFoundException': ToggleButton> (0x0510e960) thrown at [C:\re\workspace\8-2-build-windows-i586-cygwin\jdk8u171\10807\hotspot\src\share\vm\classfile\systemDictionary.cpp, line 210]
Event: 0.308 Thread 0x0122d400 Exception <a 'java/lang/ClassNotFoundException': javax/swing/JToolBarSeparator> (0x0510ed68) thrown at [C:\re\workspace\8-2-build-windows-i586-cygwin\jdk8u171\10807\hotspot\src\share\vm\classfile\systemDictionary.cpp, line 210]
Event: 0.308 Thread 0x0122d400 Exception <a 'java/lang/ClassNotFoundException': ToolBarSeparator> (0x0510f1c0) thrown at [C:\re\workspace\8-2-build-windows-i586-cygwin\jdk8u171\10807\hotspot\src\share\vm\classfile\systemDictionary.cpp, line 210]
Event: 0.308 Thread 0x0122d400 Exception <a 'java/lang/ClassNotFoundException': ToolTip> (0x0510f868) thrown at [C:\re\workspace\8-2-build-windows-i586-cygwin\jdk8u171\10807\hotspot\src\share\vm\classfile\systemDictionary.cpp, line 210]
Event: 0.309 Thread 0x0122d400 Exception <a 'java/lang/ClassNotFoundException': Tree> (0x05110350) thrown at [C:\re\workspace\8-2-build-windows-i586-cygwin\jdk8u171\10807\hotspot\src\share\vm\classfile\systemDictionary.cpp, line 210]
Event: 0.310 Thread 0x0122d400 Exception <a 'java/lang/ClassNotFoundException': Tree> (0x051109f0) thrown at [C:\re\workspace\8-2-build-windows-i586-cygwin\jdk8u171\10807\hotspot\src\share\vm\classfile\systemDictionary.cpp, line 210]
Event: 0.310 Thread 0x0122d400 Exception <a 'java/lang/ClassNotFoundException': javax/swing/JTreeCell> (0x05110d28) thrown at [C:\re\workspace\8-2-build-windows-i586-cygwin\jdk8u171\10807\hotspot\src\share\vm\classfile\systemDictionary.cpp, line 210]
Event: 0.310 Thread 0x0122d400 Exception <a 'java/lang/ClassNotFoundException': TreeCell> (0x05111170) thrown at [C:\re\workspace\8-2-build-windows-i586-cygwin\jdk8u171\10807\hotspot\src\share\vm\classfile\systemDictionary.cpp, line 210]
Event: 0.310 Thread 0x0122d400 Exception <a 'java/lang/ClassNotFoundException': RootPane> (0x05111ae8) thrown at [C:\re\workspace\8-2-build-windows-i586-cygwin\jdk8u171\10807\hotspot\src\share\vm\classfile\systemDictionary.cpp, line 210]

Events (10 events):
Event: 10.647 loading class java/lang/ProcessImpl
Event: 10.647 loading class java/lang/Process
Event: 10.647 loading class java/lang/Process done
Event: 10.647 loading class java/lang/ProcessImpl done
Event: 10.656 loading class java/util/WeakHashMap$KeyIterator
Event: 10.656 loading class java/util/WeakHashMap$HashIterator
Event: 10.656 Thread 0x16542800 Thread exited: 0x16542800
Event: 10.657 loading class java/util/WeakHashMap$HashIterator done
Event: 10.657 loading class java/util/WeakHashMap$KeyIterator done
Event: 10.659 Thread 0x16545000 Thread exited: 0x16545000


Dynamic libraries:
0x013c0000 - 0x013f3000 	C:\Program Files (x86)\Java\jdk1.8.0_171\jre\bin\java.exe
0x77880000 - 0x77a10000 	C:\WINDOWS\SYSTEM32\ntdll.dll
0x770c0000 - 0x771a0000 	C:\WINDOWS\System32\KERNEL32.DLL
0x76ea0000 - 0x77084000 	C:\WINDOWS\System32\KERNELBASE.dll
0x72fa0000 - 0x7303d000 	C:\WINDOWS\SYSTEM32\apphelp.dll
0x76ac0000 - 0x76b38000 	C:\WINDOWS\System32\ADVAPI32.dll
0x76c10000 - 0x76ccf000 	C:\WINDOWS\System32\msvcrt.dll
0x74340000 - 0x74384000 	C:\WINDOWS\System32\sechost.dll
0x74270000 - 0x74330000 	C:\WINDOWS\System32\RPCRT4.dll
0x74140000 - 0x74160000 	C:\WINDOWS\System32\SspiCli.dll
0x74130000 - 0x7413a000 	C:\WINDOWS\System32\CRYPTBASE.dll
0x74200000 - 0x74258000 	C:\WINDOWS\System32\bcryptPrimitives.dll
0x77450000 - 0x775dd000 	C:\WINDOWS\System32\USER32.dll
0x74600000 - 0x74617000 	C:\WINDOWS\System32\win32u.dll
0x77090000 - 0x770b2000 	C:\WINDOWS\System32\GDI32.dll
0x76d30000 - 0x76e94000 	C:\WINDOWS\System32\gdi32full.dll
0x75bd0000 - 0x75c4d000 	C:\WINDOWS\System32\msvcp_win.dll
0x76560000 - 0x7667e000 	C:\WINDOWS\System32\ucrtbase.dll
0x738d0000 - 0x73ad4000 	C:\WINDOWS\WinSxS\x86_microsoft.windows.common-controls_6595b64144ccf1df_6.0.17134.112_none_42ecccf244e44518\COMCTL32.dll
0x75970000 - 0x75bcc000 	C:\WINDOWS\System32\combase.dll
0x76530000 - 0x76556000 	C:\WINDOWS\System32\IMM32.DLL
0x72e50000 - 0x72f0f000 	C:\Program Files (x86)\Java\jdk1.8.0_171\jre\bin\msvcr100.dll
0x72a70000 - 0x72e41000 	C:\Program Files (x86)\Java\jdk1.8.0_171\jre\bin\client\jvm.dll
0x74330000 - 0x74336000 	C:\WINDOWS\System32\PSAPI.DLL
0x73b40000 - 0x73b48000 	C:\WINDOWS\SYSTEM32\VERSION.dll
0x72a40000 - 0x72a64000 	C:\WINDOWS\SYSTEM32\WINMM.dll
0x73420000 - 0x73428000 	C:\WINDOWS\SYSTEM32\WSOCK32.dll
0x76b40000 - 0x76ba7000 	C:\WINDOWS\System32\WS2_32.dll
0x72a10000 - 0x72a33000 	C:\WINDOWS\SYSTEM32\winmmbase.dll
0x76bb0000 - 0x76be9000 	C:\WINDOWS\System32\cfgmgr32.dll
0x72a00000 - 0x72a0c000 	C:\Program Files (x86)\Java\jdk1.8.0_171\jre\bin\verify.dll
0x729d0000 - 0x729f2000 	C:\Program Files (x86)\Java\jdk1.8.0_171\jre\bin\java.dll
0x729b0000 - 0x729c4000 	C:\Program Files (x86)\Java\jdk1.8.0_171\jre\bin\zip.dll
0x74620000 - 0x7596a000 	C:\WINDOWS\System32\SHELL32.dll
0x77670000 - 0x776f8000 	C:\WINDOWS\System32\shcore.dll
0x75f70000 - 0x7652a000 	C:\WINDOWS\System32\windows.storage.dll
0x75f20000 - 0x75f65000 	C:\WINDOWS\System32\shlwapi.dll
0x74390000 - 0x7439f000 	C:\WINDOWS\System32\kernel.appcore.dll
0x771a0000 - 0x771b8000 	C:\WINDOWS\System32\profapi.dll
0x75d30000 - 0x75d75000 	C:\WINDOWS\System32\powrprof.dll
0x76680000 - 0x76688000 	C:\WINDOWS\System32\FLTLIB.DLL
0x727f0000 - 0x72935000 	C:\Program Files (x86)\Java\jdk1.8.0_171\jre\bin\awt.dll
0x74160000 - 0x741f6000 	C:\WINDOWS\System32\OLEAUT32.dll
0x73840000 - 0x738bc000 	C:\WINDOWS\system32\uxtheme.dll
0x744b0000 - 0x745f4000 	C:\WINDOWS\System32\MSCTF.dll
0x72770000 - 0x72793000 	C:\WINDOWS\system32\dwmapi.dll
0x743a0000 - 0x7449c000 	C:\WINDOWS\System32\ole32.dll
0x72550000 - 0x72589000 	C:\Program Files (x86)\Java\jdk1.8.0_171\jre\bin\fontmanager.dll
0x725d0000 - 0x726a9000 	C:\WINDOWS\system32\opengl32.dll
0x72590000 - 0x725cf000 	C:\WINDOWS\SYSTEM32\GLU32.dll
0x6eda0000 - 0x6edc6000 	C:\Program Files (x86)\Java\jdk1.8.0_171\jre\bin\jpeg.dll
0x72990000 - 0x729a5000 	C:\Program Files (x86)\Java\jdk1.8.0_171\jre\bin\net.dll
0x733b0000 - 0x73406000 	C:\WINDOWS\system32\mswsock.dll
0x72980000 - 0x7298f000 	C:\Program Files (x86)\Java\jdk1.8.0_171\jre\bin\nio.dll
0x720c0000 - 0x720f2000 	C:\Program Files (x86)\Java\jdk1.8.0_171\jre\bin\t2k.dll
0x169f0000 - 0x1a1b2000 	C:\Users\Alex\Desktop\facereconigtionWithRaspberry-master\appDesktop\facesdk.dll
0x73f40000 - 0x73f70000 	C:\WINDOWS\SYSTEM32\IPHLPAPI.DLL
0x727d0000 - 0x727e3000 	C:\WINDOWS\SYSTEM32\CRYPTSP.dll
0x727a0000 - 0x727cf000 	C:\WINDOWS\system32\rsaenh.dll
0x73510000 - 0x73529000 	C:\WINDOWS\SYSTEM32\bcrypt.dll
0x73b10000 - 0x73b31000 	C:\WINDOWS\SYSTEM32\USERENV.dll
0x74260000 - 0x74267000 	C:\WINDOWS\System32\NSI.dll
0x72960000 - 0x72973000 	C:\WINDOWS\SYSTEM32\dhcpcsvc6.DLL
0x72940000 - 0x72954000 	C:\WINDOWS\SYSTEM32\dhcpcsvc.DLL
0x1a710000 - 0x1a765000 	C:\Users\Alex\AppData\Local\Temp\jna679809135579269713.dll
0x73070000 - 0x731f2000 	C:\WINDOWS\SYSTEM32\dbghelp.dll
0x724d0000 - 0x7254e000 	C:\WINDOWS\System32\TextInputFramework.dll
0x721e0000 - 0x7243d000 	C:\WINDOWS\System32\CoreUIComponents.dll
0x72440000 - 0x724cb000 	C:\WINDOWS\System32\CoreMessaging.dll
0x72100000 - 0x721d6000 	C:\WINDOWS\SYSTEM32\wintypes.dll
0x73200000 - 0x73229000 	C:\WINDOWS\SYSTEM32\ntmarta.dll
0x1b050000 - 0x1b057000 	C:\Program Files (x86)\Internet Download Manager\idmmkb.dll
0x70690000 - 0x706b4000 	C:\Program Files (x86)\Java\jdk1.8.0_171\jre\bin\dcpr.dll

VM Arguments:
jvm_args: -Dfile.encoding=UTF-8 
java_command: liverecognition.AppFace
java_class_path (initial): C:\Users\Alex\Desktop\facereconigtionWithRaspberry-master\appDesktop\FaceSDK.jar;C:\Users\Alex\Desktop\facereconigtionWithRaspberry-master\appDesktop\jna.jar;C:\Users\Alex\Desktop\facereconigtionWithRaspberry-master\appDesktop\lib\mail.jar;C:\Users\Alex\Desktop\facereconigtionWithRaspberry-master\appDesktop\lib\swingx-1.6.1.jar;C:\Users\Alex\Desktop\facereconigtionWithRaspberry-master\appDesktop\lib\jfoenix-8.0.4.jar;C:\Users\Alex\Desktop\facereconigtionWithRaspberry-master\appDesktop\lib\twilio-java-sdk-6.3.0.jar;C:\Users\Alex\Desktop\facereconigtionWithRaspberry-master\appDesktop\lib\Java-WebSocket-1.3.8.jar;C:\Users\Alex\Desktop\facereconigtionWithRaspberry-master\appDesktop\build\classes
Launcher Type: SUN_STANDARD

Environment Variables:
PATH=C:\Program Files (x86)\Common Files\Oracle\Java\javapath;C:\Python27\;C:\Python27\Scripts;C:\WINDOWS\system32;C:\WINDOWS;C:\WINDOWS\System32\Wbem;C:\WINDOWS\System32\WindowsPowerShell\v1.0\;C:\Program Files\Git\cmd;C:\Program Files\dotnet\;C:\Program Files\Microsoft SQL Server\130\Tools\Binn\;C:\Program Files\Microsoft SQL Server\Client SDK\ODBC\130\Tools\Binn\;C:\Program Files (x86)\Microsoft SQL Server\130\Tools\Binn\;C:\Program Files\Microsoft SQL Server\130\DTS\Binn\;C:\Program Files (x86)\Microsoft SQL Server\Client SDK\ODBC\130\Tools\Binn\;C:\Program Files (x86)\Microsoft SQL Server\140\Tools\Binn\;C:\Program Files (x86)\Microsoft SQL Server\140\DTS\Binn\;C:\Program Files (x86)\Microsoft SQL Server\140\Tools\Binn\ManagementStudio\;C:\xampp\php;C:\ProgramData\ComposerSetup\bin;C:\Program Files\SlikSvn\bin;C:\Program Files\Java\apache-maven-3.5.3\bin;C:\Program Files (x86)\Java\jdk1.8.0_171;C:\Program Files (x86)\Java\jdk1.8.0_171\bin;C:\Program Files (x86)\Java\jdk1.8.0_171\lib;C:\Program Files (x86)\Java\jdk1.8.0_171\jre;C:\Program Files (x86)\Java\jdk1.8.0_171\jre\bin;C:\Program Files (x86)\Java\jdk1.8.0_171\jre\lib;C:\WINDOWS\System32\OpenSSH\;C:\Program Files (x86)\CMake\bin;C:\Program Files\nodejs\;C:\Users\Alex\AppData\Local\Microsoft\WindowsApps;C:\Users\Alex\AppData\Roaming\Composer\vendor\bin;C:\Program Files\Java\apache-maven-3.5.3\bin;;C:\Program Files\Microsoft VS Code\bin;C:\Users\Alex\AppData\Roaming\npm
USERNAME=Alex
OS=Windows_NT
PROCESSOR_IDENTIFIER=Intel64 Family 6 Model 42 Stepping 7, GenuineIntel



---------------  S Y S T E M  ---------------

OS: Windows 10.0 , 64 bit Build 17134 (10.0.17134.1)

CPU:total 4 (initial active 4) (2 cores per cpu, 2 threads per core) family 6 model 42 stepping 7, cmov, cx8, fxsr, mmx, sse, sse2, sse3, ssse3, sse4.1, sse4.2, popcnt, avx, aes, clmul, ht, tsc, tscinvbit

Memory: 4k page, physical 8294284k(3083752k free), swap 12488588k(6217612k free)

vm_info: Java HotSpot(TM) Client VM (25.171-b11) for windows-x86 JRE (1.8.0_171-b11), built on Mar 28 2018 14:51:22 by "java_re" with MS VC++ 10.0 (VS2010)

time: Thu Jun 28 08:26:00 2018
elapsed time: 10 seconds (0d 0h 0m 10s)

