#
# A fatal error has been detected by the Java Runtime Environment:
#
#  EXCEPTION_ACCESS_VIOLATION (0xc0000005) at pc=0x722c7739, pid=11832, tid=0x00001b3c
#
# JRE version: Java(TM) SE Runtime Environment (8.0_171-b11) (build 1.8.0_171-b11)
# Java VM: Java HotSpot(TM) Client VM (25.171-b11 mixed mode windows-x86 )
# Problematic frame:
# V  [jvm.dll+0xd7739]
#
# Failed to write core dump. Minidumps are not enabled by default on client versions of Windows
#
# If you would like to submit a bug report, please visit:
#   http://bugreport.java.com/bugreport/crash.jsp
#

---------------  T H R E A D  ---------------

Current thread (0x15982800):  JavaThread "Thread-922" [_thread_in_vm, id=6972, stack(0x00cd0000,0x00d20000)]

siginfo: ExceptionCode=0xc0000005, reading address 0x00000000

Registers:
EAX=0x00000000, EBX=0x1522f401, ECX=0x00000000, EDX=0x00000000
ESP=0x00d1ecfc, EBP=0x00d1ed08, ESI=0x1522f4a8, EDI=0x15982800
EIP=0x722c7739, EFLAGS=0x00010202

Top of Stack: (sp=0x00d1ecfc)
0x00d1ecfc:   00d1edb0 00000000 1522f4a8 00d1efa8
0x00d1ed0c:   1a714228 15982940 1522f4a8 00000000
0x00d1ed1c:   724b0faa e86f21f4 fffffffe 00000020
0x00d1ed2c:   1a7141b7 15982800 00d1f370 00d1ed58
0x00d1ed3c:   7232abac 15982800 00000006 00000020
0x00d1ed4c:   1a7141a3 00d1ed84 721f7333 15982800
0x00d1ed5c:   9aed8848 00000004 15982800 169aeb00
0x00d1ed6c:   00d1ed5c 15982800 00d1f3dc 724b0faa 

Instructions: (pc=0x722c7739)
0x722c7719:   1a 0a 00 33 ff eb 02 8b f9 6a 06 57 e8 b6 fc f2
0x722c7729:   ff 8b 75 0c 83 c4 08 b3 01 85 f6 74 39 8b 45 10
0x722c7739:   8b 00 50 32 db e8 1d b0 f6 ff 83 c4 04 85 c0 74
0x722c7749:   25 8b 0e 8b 49 04 8b 50 08 39 04 0a 75 04 b0 01 


Register to memory mapping:

EAX=0x00000000 is an unknown value
EBX=0x1522f401 is an unknown value
ECX=0x00000000 is an unknown value
EDX=0x00000000 is an unknown value
ESP=0x00d1ecfc is pointing into the stack for thread: 0x15982800
EBP=0x00d1ed08 is pointing into the stack for thread: 0x15982800
ESI=0x1522f4a8 is an unknown value
EDI=0x15982800 is a thread


Stack: [0x00cd0000,0x00d20000],  sp=0x00d1ecfc,  free space=315k
Native frames: (J=compiled Java code, j=interpreted, Vv=VM code, C=native code)
V  [jvm.dll+0xd7739]
C  [jna4590956363343160049.dll+0x4228]
C  [jna4590956363343160049.dll+0x4d0e]
j  com.sun.jna.Native.invokeInt(JI[Ljava/lang/Object;)I+0
j  com.sun.jna.Function.invoke([Ljava/lang/Object;Ljava/lang/Class;Z)Ljava/lang/Object;+333
J 420 C1 com.sun.jna.Function.invoke(Ljava/lang/Class;[Ljava/lang/Object;Ljava/util/Map;)Ljava/lang/Object; (526 bytes) @ 0x02b9a798 [0x02b9a310+0x488]
J 1099 C1 com.sun.jna.Library$Handler.invoke(Ljava/lang/Object;Ljava/lang/reflect/Method;[Ljava/lang/Object;)Ljava/lang/Object; (345 bytes) @ 0x02caf50c [0x02caecd0+0x83c]
j  Luxand.$Proxy0.FSDK_GetTrackerFacePosition(IJJLLuxand/FSDK$TFacePosition$ByReference;)I+39
j  Luxand.FSDK.GetTrackerFacePosition(LLuxand/FSDK$HTracker;JJLLuxand/FSDK$TFacePosition$ByReference;)I+11
j  liverecognition.AppFace$12.run()V+184
v  ~StubRoutines::call_stub
V  [jvm.dll+0x15b985]
V  [jvm.dll+0x22262e]
V  [jvm.dll+0x15ba1e]
V  [jvm.dll+0x15bba6]
V  [jvm.dll+0x15bc17]
V  [jvm.dll+0xffb3f]
V  [jvm.dll+0x17eb50]
V  [jvm.dll+0x17f3ca]
V  [jvm.dll+0x1c3fe6]
C  [msvcr100.dll+0x5c556]
C  [msvcr100.dll+0x5c600]
C  [KERNEL32.DLL+0x18484]
C  [ntdll.dll+0x62fea]
C  [ntdll.dll+0x62fba]
C  0x00000000

Java frames: (J=compiled Java code, j=interpreted, Vv=VM code)
j  com.sun.jna.Native.invokeInt(JI[Ljava/lang/Object;)I+0
j  com.sun.jna.Function.invoke([Ljava/lang/Object;Ljava/lang/Class;Z)Ljava/lang/Object;+333
J 420 C1 com.sun.jna.Function.invoke(Ljava/lang/Class;[Ljava/lang/Object;Ljava/util/Map;)Ljava/lang/Object; (526 bytes) @ 0x02b9a798 [0x02b9a310+0x488]
J 1099 C1 com.sun.jna.Library$Handler.invoke(Ljava/lang/Object;Ljava/lang/reflect/Method;[Ljava/lang/Object;)Ljava/lang/Object; (345 bytes) @ 0x02caf50c [0x02caecd0+0x83c]
j  Luxand.$Proxy0.FSDK_GetTrackerFacePosition(IJJLLuxand/FSDK$TFacePosition$ByReference;)I+39
j  Luxand.FSDK.GetTrackerFacePosition(LLuxand/FSDK$HTracker;JJLLuxand/FSDK$TFacePosition$ByReference;)I+11
j  liverecognition.AppFace$12.run()V+184
v  ~StubRoutines::call_stub

---------------  P R O C E S S  ---------------

Java Threads: ( => current thread )
  0x15982c00 JavaThread "Thread-923" [_thread_in_native, id=9388, stack(0x15cc0000,0x15d10000)]
=>0x15982800 JavaThread "Thread-922" [_thread_in_vm, id=6972, stack(0x00cd0000,0x00d20000)]
  0x15982000 JavaThread "TimerQueue" daemon [_thread_blocked, id=3944, stack(0x20200000,0x20250000)]
  0x15983800 JavaThread "Thread-349" [_thread_blocked, id=8332, stack(0x1fbb0000,0x1fc00000)]
  0x1589f800 JavaThread "WebSocketTimer" [_thread_blocked, id=8456, stack(0x1fa60000,0x1fab0000)]
  0x158c5400 JavaThread "WebSocketWriteThread-19" [_thread_blocked, id=12236, stack(0x1f0c0000,0x1f110000)]
  0x15886800 JavaThread "WebSocketConnectReadThread-18" [_thread_in_native, id=3148, stack(0x1efb0000,0x1f000000)]
  0x15916400 JavaThread "Thread-3" [_thread_in_native, id=7524, stack(0x1ef60000,0x1efb0000)]
  0x02a5d400 JavaThread "DestroyJavaVM" [_thread_blocked, id=12900, stack(0x00f10000,0x00f60000)]
  0x157cb400 JavaThread "AWT-EventQueue-0" [_thread_blocked, id=452, stack(0x16820000,0x16870000)]
  0x15257400 JavaThread "AWT-Shutdown" [_thread_blocked, id=9560, stack(0x15c30000,0x15c80000)]
  0x15256c00 JavaThread "Java2D Disposer" daemon [_thread_blocked, id=744, stack(0x15ba0000,0x15bf0000)]
  0x150b8c00 JavaThread "Service Thread" daemon [_thread_blocked, id=10232, stack(0x15570000,0x155c0000)]
  0x15092000 JavaThread "C1 CompilerThread0" daemon [_thread_blocked, id=1100, stack(0x154e0000,0x15530000)]
  0x15091000 JavaThread "Attach Listener" daemon [_thread_blocked, id=2072, stack(0x15450000,0x154a0000)]
  0x1508d400 JavaThread "Signal Dispatcher" daemon [_thread_blocked, id=12792, stack(0x153c0000,0x15410000)]
  0x1507ac00 JavaThread "Finalizer" daemon [_thread_blocked, id=8496, stack(0x04b80000,0x04bd0000)]
  0x15066000 JavaThread "Reference Handler" daemon [_thread_blocked, id=10428, stack(0x04af0000,0x04b40000)]

Other Threads:
  0x15060400 VMThread [stack: 0x04a60000,0x04ab0000] [id=7904]
  0x1509b000 WatcherThread [stack: 0x15600000,0x15650000] [id=10500]

VM state:not at safepoint (normal execution)

VM Mutex/Monitor currently owned by a thread: None

Heap:
 def new generation   total 7616K, used 5066K [0x04c00000, 0x05440000, 0x0a150000)
  eden space 6784K,  66% used [0x04c00000, 0x05060fa0, 0x052a0000)
  from space 832K,  70% used [0x052a0000, 0x05331c18, 0x05370000)
  to   space 832K,   0% used [0x05370000, 0x05370000, 0x05440000)
 tenured generation   total 16792K, used 15793K [0x0a150000, 0x0b1b6000, 0x14c00000)
   the space 16792K,  94% used [0x0a150000, 0x0b0bc648, 0x0b0bc800, 0x0b1b6000)
 Metaspace       used 12212K, capacity 12423K, committed 12544K, reserved 12672K

Card table byte_map: [0x02930000,0x029c0000] byte_map_base: 0x0290a000

Polling page: 0x00f60000

CodeCache: size=32768Kb used=2372Kb max_used=2372Kb free=30395Kb
 bounds [0x02a60000, 0x02cb8000, 0x04a60000]
 total_blobs=1350 nmethods=1091 adapters=189
 compilation: enabled

Compilation events (10 events):
Event: 94.967 Thread 0x15092000 1096   !         sun.java2d.SunGraphics2D::validateCompClip (224 bytes)
Event: 94.969 Thread 0x15092000 nmethod 1096 0x02cad248 code [0x02cad430, 0x02cadaf4]
Event: 95.020 Thread 0x15092000 1097             java.awt.image.PixelInterleavedSampleModel::<init> (137 bytes)
Event: 95.020 Thread 0x15092000 nmethod 1097 0x02cae188 code [0x02cae2c0, 0x02cae550]
Event: 95.346 Thread 0x15092000 1098             java.nio.ByteBuffer::<init> (45 bytes)
Event: 95.346 Thread 0x15092000 nmethod 1098 0x02cae7c8 code [0x02cae8c0, 0x02cae99c]
Event: 95.660 Thread 0x15092000 1099   !         com.sun.jna.Library$Handler::invoke (345 bytes)
Event: 95.662 Thread 0x15092000 nmethod 1099 0x02caea08 code [0x02caecd0, 0x02cafa94]
Event: 95.715 Thread 0x15092000 1100             java.lang.AbstractStringBuilder::append (62 bytes)
Event: 95.715 Thread 0x15092000 nmethod 1100 0x02cb0a48 code [0x02cb0b90, 0x02cb0e60]

GC Heap History (10 events):
Event: 95.035 GC heap before
{Heap before GC invocations=184 (full 26):
 def new generation   total 7616K, used 7168K [0x04c00000, 0x05440000, 0x0a150000)
  eden space 6784K,  97% used [0x04c00000, 0x0526e630, 0x052a0000)
  from space 832K,  70% used [0x05370000, 0x05401bd8, 0x05440000)
  to   space 832K,   0% used [0x052a0000, 0x052a0000, 0x05370000)
 tenured generation   total 16792K, used 10940K [0x0a150000, 0x0b1b6000, 0x14c00000)
   the space 16792K,  65% used [0x0a150000, 0x0abff1a0, 0x0abff200, 0x0b1b6000)
 Metaspace       used 12188K, capacity 12391K, committed 12544K, reserved 12672K
Event: 95.036 GC heap after
Heap after GC invocations=185 (full 26):
 def new generation   total 7616K, used 623K [0x04c00000, 0x05440000, 0x0a150000)
  eden space 6784K,   0% used [0x04c00000, 0x04c00000, 0x052a0000)
  from space 832K,  74% used [0x052a0000, 0x0533bde8, 0x05370000)
  to   space 832K,   0% used [0x05370000, 0x05370000, 0x05440000)
 tenured generation   total 16792K, used 11251K [0x0a150000, 0x0b1b6000, 0x14c00000)
   the space 16792K,  67% used [0x0a150000, 0x0ac4cd50, 0x0ac4ce00, 0x0b1b6000)
 Metaspace       used 12188K, capacity 12391K, committed 12544K, reserved 12672K
}
Event: 95.228 GC heap before
{Heap before GC invocations=185 (full 26):
 def new generation   total 7616K, used 7405K [0x04c00000, 0x05440000, 0x0a150000)
  eden space 6784K,  99% used [0x04c00000, 0x0529f7d8, 0x052a0000)
  from space 832K,  74% used [0x052a0000, 0x0533bde8, 0x05370000)
  to   space 832K,   0% used [0x05370000, 0x05370000, 0x05440000)
 tenured generation   total 16792K, used 11251K [0x0a150000, 0x0b1b6000, 0x14c00000)
   the space 16792K,  67% used [0x0a150000, 0x0ac4cd50, 0x0ac4ce00, 0x0b1b6000)
 Metaspace       used 12188K, capacity 12391K, committed 12544K, reserved 12672K
Event: 95.229 GC heap after
Heap after GC invocations=186 (full 26):
 def new generation   total 7616K, used 703K [0x04c00000, 0x05440000, 0x0a150000)
  eden space 6784K,   0% used [0x04c00000, 0x04c00000, 0x052a0000)
  from space 832K,  84% used [0x05370000, 0x0541fd88, 0x05440000)
  to   space 832K,   0% used [0x052a0000, 0x052a0000, 0x05370000)
 tenured generation   total 16792K, used 12461K [0x0a150000, 0x0b1b6000, 0x14c00000)
   the space 16792K,  74% used [0x0a150000, 0x0ad7b728, 0x0ad7b800, 0x0b1b6000)
 Metaspace       used 12188K, capacity 12391K, committed 12544K, reserved 12672K
}
Event: 95.403 GC heap before
{Heap before GC invocations=186 (full 26):
 def new generation   total 7616K, used 7487K [0x04c00000, 0x05440000, 0x0a150000)
  eden space 6784K, 100% used [0x04c00000, 0x052a0000, 0x052a0000)
  from space 832K,  84% used [0x05370000, 0x0541fd88, 0x05440000)
  to   space 832K,   0% used [0x052a0000, 0x052a0000, 0x05370000)
 tenured generation   total 16792K, used 12461K [0x0a150000, 0x0b1b6000, 0x14c00000)
   the space 16792K,  74% used [0x0a150000, 0x0ad7b728, 0x0ad7b800, 0x0b1b6000)
 Metaspace       used 12188K, capacity 12391K, committed 12544K, reserved 12672K
Event: 95.404 GC heap after
Heap after GC invocations=187 (full 26):
 def new generation   total 7616K, used 561K [0x04c00000, 0x05440000, 0x0a150000)
  eden space 6784K,   0% used [0x04c00000, 0x04c00000, 0x052a0000)
  from space 832K,  67% used [0x052a0000, 0x0532c6d8, 0x05370000)
  to   space 832K,   0% used [0x05370000, 0x05370000, 0x05440000)
 tenured generation   total 16792K, used 13371K [0x0a150000, 0x0b1b6000, 0x14c00000)
   the space 16792K,  79% used [0x0a150000, 0x0ae5ec60, 0x0ae5ee00, 0x0b1b6000)
 Metaspace       used 12188K, capacity 12391K, committed 12544K, reserved 12672K
}
Event: 95.587 GC heap before
{Heap before GC invocations=187 (full 26):
 def new generation   total 7616K, used 7102K [0x04c00000, 0x05440000, 0x0a150000)
  eden space 6784K,  96% used [0x04c00000, 0x05263330, 0x052a0000)
  from space 832K,  67% used [0x052a0000, 0x0532c6d8, 0x05370000)
  to   space 832K,   0% used [0x05370000, 0x05370000, 0x05440000)
 tenured generation   total 16792K, used 13371K [0x0a150000, 0x0b1b6000, 0x14c00000)
   the space 16792K,  79% used [0x0a150000, 0x0ae5ec60, 0x0ae5ee00, 0x0b1b6000)
 Metaspace       used 12188K, capacity 12391K, committed 12544K, reserved 12672K
Event: 95.588 GC heap after
Heap after GC invocations=188 (full 26):
 def new generation   total 7616K, used 685K [0x04c00000, 0x05440000, 0x0a150000)
  eden space 6784K,   0% used [0x04c00000, 0x04c00000, 0x052a0000)
  from space 832K,  82% used [0x05370000, 0x0541b468, 0x05440000)
  to   space 832K,   0% used [0x052a0000, 0x052a0000, 0x05370000)
 tenured generation   total 16792K, used 14281K [0x0a150000, 0x0b1b6000, 0x14c00000)
   the space 16792K,  85% used [0x0a150000, 0x0af42588, 0x0af42600, 0x0b1b6000)
 Metaspace       used 12188K, capacity 12391K, committed 12544K, reserved 12672K
}
Event: 95.775 GC heap before
{Heap before GC invocations=188 (full 26):
 def new generation   total 7616K, used 7468K [0x04c00000, 0x05440000, 0x0a150000)
  eden space 6784K,  99% used [0x04c00000, 0x0529fcd8, 0x052a0000)
  from space 832K,  82% used [0x05370000, 0x0541b468, 0x05440000)
  to   space 832K,   0% used [0x052a0000, 0x052a0000, 0x05370000)
 tenured generation   total 16792K, used 14281K [0x0a150000, 0x0b1b6000, 0x14c00000)
   the space 16792K,  85% used [0x0a150000, 0x0af42588, 0x0af42600, 0x0b1b6000)
 Metaspace       used 12188K, capacity 12391K, committed 12544K, reserved 12672K
Event: 95.776 GC heap after
Heap after GC invocations=189 (full 26):
 def new generation   total 7616K, used 583K [0x04c00000, 0x05440000, 0x0a150000)
  eden space 6784K,   0% used [0x04c00000, 0x04c00000, 0x052a0000)
  from space 832K,  70% used [0x052a0000, 0x05331c18, 0x05370000)
  to   space 832K,   0% used [0x05370000, 0x05370000, 0x05440000)
 tenured generation   total 16792K, used 15793K [0x0a150000, 0x0b1b6000, 0x14c00000)
   the space 16792K,  94% used [0x0a150000, 0x0b0bc648, 0x0b0bc800, 0x0b1b6000)
 Metaspace       used 12188K, capacity 12391K, committed 12544K, reserved 12672K
}

Deoptimization events (0 events):
No events

Classes redefined (0 events):
No events

Internal exceptions (10 events):
Event: 0.289 Thread 0x02a5d400 Exception <a 'java/lang/ClassNotFoundException': Tree> (0x04f12a50) thrown at [C:\re\workspace\8-2-build-windows-i586-cygwin\jdk8u171\10807\hotspot\src\share\vm\classfile\systemDictionary.cpp, line 210]
Event: 0.289 Thread 0x02a5d400 Exception <a 'java/lang/ClassNotFoundException': javax/swing/JTreeCell> (0x04f12d88) thrown at [C:\re\workspace\8-2-build-windows-i586-cygwin\jdk8u171\10807\hotspot\src\share\vm\classfile\systemDictionary.cpp, line 210]
Event: 0.289 Thread 0x02a5d400 Exception <a 'java/lang/ClassNotFoundException': TreeCell> (0x04f131d0) thrown at [C:\re\workspace\8-2-build-windows-i586-cygwin\jdk8u171\10807\hotspot\src\share\vm\classfile\systemDictionary.cpp, line 210]
Event: 0.290 Thread 0x02a5d400 Exception <a 'java/lang/ClassNotFoundException': RootPane> (0x04f13b48) thrown at [C:\re\workspace\8-2-build-windows-i586-cygwin\jdk8u171\10807\hotspot\src\share\vm\classfile\systemDictionary.cpp, line 210]
Event: 77.921 Thread 0x15983800 Exception <a 'java/io/FileNotFoundException'> (0x04fdc858) thrown at [C:\re\workspace\8-2-build-windows-i586-cygwin\jdk8u171\10807\hotspot\src\share\vm\prims\jni.cpp, line 709]
Event: 77.931 Thread 0x15983800 Exception <a 'java/io/FileNotFoundException'> (0x04cc3e78) thrown at [C:\re\workspace\8-2-build-windows-i586-cygwin\jdk8u171\10807\hotspot\src\share\vm\prims\jni.cpp, line 709]
Event: 81.355 Thread 0x15983800 Exception <a 'java/io/FileNotFoundException'> (0x04df9c68) thrown at [C:\re\workspace\8-2-build-windows-i586-cygwin\jdk8u171\10807\hotspot\src\share\vm\prims\jni.cpp, line 709]
Event: 81.355 Thread 0x15983800 Exception <a 'java/io/FileNotFoundException'> (0x04dfa6c8) thrown at [C:\re\workspace\8-2-build-windows-i586-cygwin\jdk8u171\10807\hotspot\src\share\vm\prims\jni.cpp, line 709]
Event: 81.361 Thread 0x15983800 Exception <a 'java/io/FileNotFoundException'> (0x04e37e90) thrown at [C:\re\workspace\8-2-build-windows-i586-cygwin\jdk8u171\10807\hotspot\src\share\vm\prims\jni.cpp, line 709]
Event: 81.361 Thread 0x15983800 Exception <a 'java/io/FileNotFoundException'> (0x04e38900) thrown at [C:\re\workspace\8-2-build-windows-i586-cygwin\jdk8u171\10807\hotspot\src\share\vm\prims\jni.cpp, line 709]

Events (10 events):
Event: 95.805 loading class java/lang/ProcessBuilder
Event: 95.806 loading class java/lang/ProcessBuilder done
Event: 95.807 loading class java/lang/ProcessImpl
Event: 95.808 loading class java/lang/Process
Event: 95.808 loading class java/lang/Process done
Event: 95.808 loading class java/lang/ProcessImpl done
Event: 95.838 loading class java/lang/ProcessImpl$2
Event: 95.838 loading class java/lang/ProcessImpl$2 done
Event: 95.838 Thread 0x15983400 Thread exited: 0x15983400
Event: 95.885 Thread 0x15766400 Thread exited: 0x15766400


Dynamic libraries:
0x000f0000 - 0x00123000 	C:\Program Files (x86)\Java\jdk1.8.0_171\jre\bin\java.exe
0x76f80000 - 0x77110000 	C:\WINDOWS\SYSTEM32\ntdll.dll
0x73860000 - 0x73940000 	C:\WINDOWS\System32\KERNEL32.DLL
0x757e0000 - 0x759c4000 	C:\WINDOWS\System32\KERNELBASE.dll
0x72720000 - 0x727bd000 	C:\WINDOWS\SYSTEM32\apphelp.dll
0x75ac0000 - 0x75b38000 	C:\WINDOWS\System32\ADVAPI32.dll
0x73d70000 - 0x73e2f000 	C:\WINDOWS\System32\msvcrt.dll
0x76450000 - 0x76494000 	C:\WINDOWS\System32\sechost.dll
0x75da0000 - 0x75e60000 	C:\WINDOWS\System32\RPCRT4.dll
0x73840000 - 0x73860000 	C:\WINDOWS\System32\SspiCli.dll
0x73830000 - 0x7383a000 	C:\WINDOWS\System32\CRYPTBASE.dll
0x764a0000 - 0x764f8000 	C:\WINDOWS\System32\bcryptPrimitives.dll
0x75ed0000 - 0x7605d000 	C:\WINDOWS\System32\USER32.dll
0x73c70000 - 0x73c87000 	C:\WINDOWS\System32\win32u.dll
0x76590000 - 0x765b2000 	C:\WINDOWS\System32\GDI32.dll
0x739b0000 - 0x73b14000 	C:\WINDOWS\System32\gdi32full.dll
0x76c70000 - 0x76ced000 	C:\WINDOWS\System32\msvcp_win.dll
0x76060000 - 0x7617e000 	C:\WINDOWS\System32\ucrtbase.dll
0x72d80000 - 0x72f84000 	C:\WINDOWS\WinSxS\x86_microsoft.windows.common-controls_6595b64144ccf1df_6.0.17134.112_none_42ecccf244e44518\COMCTL32.dll
0x75b40000 - 0x75d9c000 	C:\WINDOWS\System32\combase.dll
0x757b0000 - 0x757d6000 	C:\WINDOWS\System32\IMM32.DLL
0x725d0000 - 0x7268f000 	C:\Program Files (x86)\Java\jdk1.8.0_171\jre\bin\msvcr100.dll
0x721f0000 - 0x725c1000 	C:\Program Files (x86)\Java\jdk1.8.0_171\jre\bin\client\jvm.dll
0x759e0000 - 0x759e6000 	C:\WINDOWS\System32\PSAPI.DLL
0x721c0000 - 0x721e4000 	C:\WINDOWS\SYSTEM32\WINMM.dll
0x73740000 - 0x73748000 	C:\WINDOWS\SYSTEM32\WSOCK32.dll
0x733c0000 - 0x733c8000 	C:\WINDOWS\SYSTEM32\VERSION.dll
0x75e60000 - 0x75ec7000 	C:\WINDOWS\System32\WS2_32.dll
0x72190000 - 0x721b3000 	C:\WINDOWS\SYSTEM32\WINMMBASE.dll
0x76b90000 - 0x76bc9000 	C:\WINDOWS\System32\cfgmgr32.dll
0x72180000 - 0x7218c000 	C:\Program Files (x86)\Java\jdk1.8.0_171\jre\bin\verify.dll
0x72150000 - 0x72172000 	C:\Program Files (x86)\Java\jdk1.8.0_171\jre\bin\java.dll
0x72130000 - 0x72144000 	C:\Program Files (x86)\Java\jdk1.8.0_171\jre\bin\zip.dll
0x74450000 - 0x7579a000 	C:\WINDOWS\System32\SHELL32.dll
0x73e90000 - 0x73f18000 	C:\WINDOWS\System32\shcore.dll
0x765c0000 - 0x76b7a000 	C:\WINDOWS\System32\windows.storage.dll
0x73f20000 - 0x73f65000 	C:\WINDOWS\System32\shlwapi.dll
0x76b80000 - 0x76b8f000 	C:\WINDOWS\System32\kernel.appcore.dll
0x743a0000 - 0x743b8000 	C:\WINDOWS\System32\profapi.dll
0x73e30000 - 0x73e75000 	C:\WINDOWS\System32\powrprof.dll
0x73e80000 - 0x73e88000 	C:\WINDOWS\System32\FLTLIB.DLL
0x71f70000 - 0x720b5000 	C:\Program Files (x86)\Java\jdk1.8.0_171\jre\bin\awt.dll
0x76bd0000 - 0x76c66000 	C:\WINDOWS\System32\OLEAUT32.dll
0x72cf0000 - 0x72d6c000 	C:\WINDOWS\system32\uxtheme.dll
0x73b20000 - 0x73c64000 	C:\WINDOWS\System32\MSCTF.dll
0x71ea0000 - 0x71ec3000 	C:\WINDOWS\system32\dwmapi.dll
0x76350000 - 0x7644c000 	C:\WINDOWS\System32\ole32.dll
0x71c80000 - 0x71cb9000 	C:\Program Files (x86)\Java\jdk1.8.0_171\jre\bin\fontmanager.dll
0x71d90000 - 0x71e69000 	C:\WINDOWS\system32\opengl32.dll
0x71d50000 - 0x71d8f000 	C:\WINDOWS\SYSTEM32\GLU32.dll
0x65a60000 - 0x65a86000 	C:\Program Files (x86)\Java\jdk1.8.0_171\jre\bin\jpeg.dll
0x72110000 - 0x72125000 	C:\Program Files (x86)\Java\jdk1.8.0_171\jre\bin\net.dll
0x736d0000 - 0x73726000 	C:\WINDOWS\system32\mswsock.dll
0x72100000 - 0x7210f000 	C:\Program Files (x86)\Java\jdk1.8.0_171\jre\bin\nio.dll
0x71660000 - 0x71692000 	C:\Program Files (x86)\Java\jdk1.8.0_171\jre\bin\t2k.dll
0x16a00000 - 0x1a1c2000 	D:\development\App Java\face\facewithRaspberry\appDesktop\facesdk.dll
0x73610000 - 0x73640000 	C:\WINDOWS\SYSTEM32\IPHLPAPI.DLL
0x71f00000 - 0x71f13000 	C:\WINDOWS\SYSTEM32\CRYPTSP.dll
0x71ed0000 - 0x71eff000 	C:\WINDOWS\system32\rsaenh.dll
0x73590000 - 0x735a9000 	C:\WINDOWS\SYSTEM32\bcrypt.dll
0x73390000 - 0x733b1000 	C:\WINDOWS\SYSTEM32\USERENV.dll
0x73940000 - 0x73947000 	C:\WINDOWS\System32\NSI.dll
0x720e0000 - 0x720f3000 	C:\WINDOWS\SYSTEM32\dhcpcsvc6.DLL
0x720c0000 - 0x720d4000 	C:\WINDOWS\SYSTEM32\dhcpcsvc.DLL
0x1a710000 - 0x1a765000 	C:\Users\Alex\AppData\Local\Temp\jna4590956363343160049.dll
0x658d0000 - 0x65a52000 	C:\WINDOWS\SYSTEM32\dbghelp.dll
0x71a70000 - 0x71aee000 	C:\WINDOWS\System32\TextInputFramework.dll
0x71810000 - 0x71a6d000 	C:\WINDOWS\System32\CoreUIComponents.dll
0x71780000 - 0x7180b000 	C:\WINDOWS\System32\CoreMessaging.dll
0x72980000 - 0x729a9000 	C:\WINDOWS\SYSTEM32\ntmarta.dll
0x716a0000 - 0x71776000 	C:\WINDOWS\SYSTEM32\wintypes.dll
0x1f110000 - 0x1f117000 	C:\Program Files (x86)\Internet Download Manager\idmmkb.dll
0x714b0000 - 0x714d4000 	C:\Program Files (x86)\Java\jdk1.8.0_171\jre\bin\dcpr.dll
0x73640000 - 0x736ce000 	C:\WINDOWS\SYSTEM32\DNSAPI.dll
0x73600000 - 0x73608000 	C:\Windows\System32\rasadhlp.dll
0x735b0000 - 0x735ff000 	C:\WINDOWS\System32\fwpuclnt.dll
0x71d30000 - 0x71d41000 	C:\WINDOWS\system32\napinsp.dll
0x71d10000 - 0x71d26000 	C:\WINDOWS\system32\pnrpnsp.dll
0x71cf0000 - 0x71d03000 	C:\WINDOWS\system32\NLAapi.dll
0x71ce0000 - 0x71cec000 	C:\WINDOWS\System32\winrnr.dll
0x71cc0000 - 0x71cd1000 	C:\WINDOWS\System32\wshbth.dll
0x70ec0000 - 0x70ee0000 	C:\Program Files (x86)\Java\jdk1.8.0_171\jre\bin\sunec.dll
0x71f20000 - 0x71f29000 	C:\Program Files (x86)\Java\jdk1.8.0_171\jre\bin\sunmscapi.dll
0x76cf0000 - 0x76e86000 	C:\WINDOWS\System32\CRYPT32.dll
0x759d0000 - 0x759de000 	C:\WINDOWS\System32\MSASN1.dll
0x743c0000 - 0x74443000 	C:\WINDOWS\System32\clbcatq.dll
0x714e0000 - 0x71651000 	C:\WINDOWS\SYSTEM32\WindowsCodecs.dll

VM Arguments:
jvm_args: -Dfile.encoding=UTF-8 
java_command: liverecognition.AppFace
java_class_path (initial): D:\development\App Java\face\facewithRaspberry\appDesktop\FaceSDK.jar;D:\development\App Java\face\facewithRaspberry\appDesktop\jna.jar;D:\development\App Java\face\facewithRaspberry\appDesktop\lib\mail.jar;D:\development\App Java\face\facewithRaspberry\appDesktop\lib\swingx-1.6.1.jar;D:\development\App Java\face\facewithRaspberry\appDesktop\lib\jfoenix-8.0.4.jar;D:\development\App Java\face\facewithRaspberry\appDesktop\lib\twilio-java-sdk-6.3.0.jar;D:\development\App Java\face\facewithRaspberry\appDesktop\lib\Java-WebSocket-1.3.8.jar;D:\development\App Java\face\facewithRaspberry\appDesktop\build\classes
Launcher Type: SUN_STANDARD

Environment Variables:
PATH=C:\Program Files (x86)\Common Files\Oracle\Java\javapath;C:\Python27\;C:\Python27\Scripts;C:\WINDOWS\system32;C:\WINDOWS;C:\WINDOWS\System32\Wbem;C:\WINDOWS\System32\WindowsPowerShell\v1.0\;C:\Program Files\Git\cmd;C:\Program Files\dotnet\;C:\Program Files\Microsoft SQL Server\130\Tools\Binn\;C:\Program Files\Microsoft SQL Server\Client SDK\ODBC\130\Tools\Binn\;C:\Program Files (x86)\Microsoft SQL Server\130\Tools\Binn\;C:\Program Files\Microsoft SQL Server\130\DTS\Binn\;C:\Program Files (x86)\Microsoft SQL Server\Client SDK\ODBC\130\Tools\Binn\;C:\Program Files (x86)\Microsoft SQL Server\140\Tools\Binn\;C:\Program Files (x86)\Microsoft SQL Server\140\DTS\Binn\;C:\Program Files (x86)\Microsoft SQL Server\140\Tools\Binn\ManagementStudio\;C:\xampp\php;C:\ProgramData\ComposerSetup\bin;C:\Program Files\SlikSvn\bin;C:\Program Files\Java\apache-maven-3.5.3\bin;C:\Program Files (x86)\Java\jdk1.8.0_171;C:\Program Files (x86)\Java\jdk1.8.0_171\bin;C:\Program Files (x86)\Java\jdk1.8.0_171\lib;C:\Program Files (x86)\Java\jdk1.8.0_171\jre;C:\Program Files (x86)\Java\jdk1.8.0_171\jre\bin;C:\Program Files (x86)\Java\jdk1.8.0_171\jre\lib;C:\WINDOWS\System32\OpenSSH\;C:\Program Files (x86)\CMake\bin;C:\Program Files\nodejs\;C:\Users\Alex\AppData\Local\Microsoft\WindowsApps;C:\Users\Alex\AppData\Roaming\Composer\vendor\bin;C:\Program Files\Java\apache-maven-3.5.3\bin;;C:\Program Files\Microsoft VS Code\bin;C:\Users\Alex\AppData\Roaming\npm
USERNAME=Alex
OS=Windows_NT
PROCESSOR_IDENTIFIER=Intel64 Family 6 Model 42 Stepping 7, GenuineIntel



---------------  S Y S T E M  ---------------

OS: Windows 10.0 , 64 bit Build 17134 (10.0.17134.1)

CPU:total 4 (initial active 4) (2 cores per cpu, 2 threads per core) family 6 model 42 stepping 7, cmov, cx8, fxsr, mmx, sse, sse2, sse3, ssse3, sse4.1, sse4.2, popcnt, avx, aes, clmul, ht, tsc, tscinvbit

Memory: 4k page, physical 8294284k(2954472k free), swap 12750732k(4642088k free)

vm_info: Java HotSpot(TM) Client VM (25.171-b11) for windows-x86 JRE (1.8.0_171-b11), built on Mar 28 2018 14:51:22 by "java_re" with MS VC++ 10.0 (VS2010)

time: Wed Jun 27 02:44:48 2018
elapsed time: 95 seconds (0d 0h 1m 35s)

